2018-06-14 15:49:30.453039: I tensorflow/core/platform/cpu_feature_guard.cc:137] Your CPU supports instructions that this TensorFlow binary was not compiled to use: SSE4.1 SSE4.2 AVX AVX2 FMA
2018-06-14 15:49:30.717287: I tensorflow/core/common_runtime/gpu/gpu_device.cc:1030] Found device 0 with properties: 
name: GeForce GTX 1080 major: 6 minor: 1 memoryClockRate(GHz): 1.7335
pciBusID: 0000:01:00.0
totalMemory: 7.92GiB freeMemory: 7.81GiB
2018-06-14 15:49:30.717315: I tensorflow/core/common_runtime/gpu/gpu_device.cc:1120] Creating TensorFlow device (/device:GPU:0) -> (device: 0, name: GeForce GTX 1080, pci bus id: 0000:01:00.0, compute capability: 6.1)
step: 49700, v_ppl: 82.068865, tst_ppl: 75.351338, mean_rwd: -8.025177, exp_rwd_loss: 8.041041, update_loss: -6980.748535
step: 49800, v_ppl: 82.600439, tst_ppl: 75.999592, mean_rwd: -0.123874, exp_rwd_loss: 0.495130, update_loss: -117.008263
step: 49900, v_ppl: 82.679598, tst_ppl: 76.090085, mean_rwd: -0.000364, exp_rwd_loss: 0.171110, update_loss: -2.921689
step: 50000, v_ppl: 82.723804, tst_ppl: 76.140749, mean_rwd: -0.044362, exp_rwd_loss: 0.133486, update_loss: -25.824459
step: 50100, v_ppl: 82.753024, tst_ppl: 76.174658, mean_rwd: -0.027835, exp_rwd_loss: 0.072204, update_loss: -20.419029
step: 50200, v_ppl: 82.780925, tst_ppl: 76.205523, mean_rwd: -0.021635, exp_rwd_loss: 0.065088, update_loss: -11.112308
step: 50300, v_ppl: 82.807961, tst_ppl: 76.236924, mean_rwd: 0.026709, exp_rwd_loss: 0.074425, update_loss: 23.722538
step: 50400, v_ppl: 82.842066, tst_ppl: 76.275343, mean_rwd: 0.010624, exp_rwd_loss: 0.050415, update_loss: 7.933268
step: 50500, v_ppl: 82.877951, tst_ppl: 76.314434, mean_rwd: -0.022498, exp_rwd_loss: 0.074577, update_loss: -18.707432
step: 50600, v_ppl: 82.921656, tst_ppl: 76.363904, mean_rwd: -0.013081, exp_rwd_loss: 0.051310, update_loss: -10.026560
step: 50700, v_ppl: 82.959239, tst_ppl: 76.406555, mean_rwd: -0.002614, exp_rwd_loss: 0.044749, update_loss: -2.817339
step: 50800, v_ppl: 83.005208, tst_ppl: 76.458602, mean_rwd: -0.011442, exp_rwd_loss: 0.045131, update_loss: -8.797936
step: 50900, v_ppl: 83.039051, tst_ppl: 76.500946, mean_rwd: 0.002004, exp_rwd_loss: 0.054619, update_loss: 5.003962
step: 51000, v_ppl: 83.094497, tst_ppl: 76.559776, mean_rwd: -0.000069, exp_rwd_loss: 0.043949, update_loss: 0.225581
step: 51100, v_ppl: 83.146932, tst_ppl: 76.619231, mean_rwd: -0.013753, exp_rwd_loss: 0.058312, update_loss: -9.068458
step: 51200, v_ppl: 83.194496, tst_ppl: 76.673552, mean_rwd: 0.018127, exp_rwd_loss: 0.050879, update_loss: 12.710961
step: 51300, v_ppl: 83.264382, tst_ppl: 76.752280, mean_rwd: 0.011885, exp_rwd_loss: 0.033187, update_loss: 9.991375
step: 51400, v_ppl: 83.340736, tst_ppl: 76.832744, mean_rwd: 0.017175, exp_rwd_loss: 0.043401, update_loss: 12.757063
step: 51500, v_ppl: 83.419535, tst_ppl: 76.921830, mean_rwd: -0.030582, exp_rwd_loss: 0.043769, update_loss: -24.510380
step: 51600, v_ppl: 83.499285, tst_ppl: 77.011297, mean_rwd: -0.012188, exp_rwd_loss: 0.047066, update_loss: -9.713180
step: 51700, v_ppl: 83.588066, tst_ppl: 77.108841, mean_rwd: -0.007809, exp_rwd_loss: 0.036775, update_loss: -4.819111
step: 51800, v_ppl: 83.669223, tst_ppl: 77.197668, mean_rwd: -0.008395, exp_rwd_loss: 0.035219, update_loss: -5.017429
step: 51900, v_ppl: 83.745263, tst_ppl: 77.280950, mean_rwd: -0.012952, exp_rwd_loss: 0.039673, update_loss: -12.428362
step: 52000, v_ppl: 83.822313, tst_ppl: 77.363090, mean_rwd: -0.005250, exp_rwd_loss: 0.053059, update_loss: -0.130586
step: 52100, v_ppl: 83.918676, tst_ppl: 77.465600, mean_rwd: -0.016122, exp_rwd_loss: 0.049112, update_loss: -12.691157
step: 52200, v_ppl: 84.028370, tst_ppl: 77.581594, mean_rwd: 0.000426, exp_rwd_loss: 0.039403, update_loss: -0.743105
step: 52300, v_ppl: 84.127307, tst_ppl: 77.686768, mean_rwd: 0.008287, exp_rwd_loss: 0.050273, update_loss: 7.454395
step: 52400, v_ppl: 84.270066, tst_ppl: 77.842859, mean_rwd: -0.013575, exp_rwd_loss: 0.048802, update_loss: -10.336095
step: 52500, v_ppl: 84.399884, tst_ppl: 77.978321, mean_rwd: 0.006624, exp_rwd_loss: 0.033405, update_loss: 4.283182
step: 52600, v_ppl: 84.573040, tst_ppl: 78.161995, mean_rwd: -0.010777, exp_rwd_loss: 0.030673, update_loss: -9.684030
step: 52700, v_ppl: 84.729560, tst_ppl: 78.338666, mean_rwd: 0.010882, exp_rwd_loss: 0.042887, update_loss: 8.620248
step: 52800, v_ppl: 84.718374, tst_ppl: 78.327166, mean_rwd: -0.002547, exp_rwd_loss: 0.040658, update_loss: -3.477594
step: 52900, v_ppl: 84.714002, tst_ppl: 78.322435, mean_rwd: -0.005415, exp_rwd_loss: 0.039108, update_loss: -1.089579
step: 53000, v_ppl: 84.708797, tst_ppl: 78.316986, mean_rwd: 0.003279, exp_rwd_loss: 0.014977, update_loss: 2.274998
step: 53100, v_ppl: 84.705130, tst_ppl: 78.313199, mean_rwd: 0.004160, exp_rwd_loss: 0.018819, update_loss: 3.177177
step: 53200, v_ppl: 84.702127, tst_ppl: 78.310328, mean_rwd: 0.006287, exp_rwd_loss: 0.024910, update_loss: 5.293867
step: 53300, v_ppl: 84.699718, tst_ppl: 78.307601, mean_rwd: -0.000108, exp_rwd_loss: 0.013535, update_loss: 0.433565
step: 53400, v_ppl: 84.695634, tst_ppl: 78.304036, mean_rwd: 0.014663, exp_rwd_loss: 0.025703, update_loss: 12.773751
step: 53500, v_ppl: 84.691209, tst_ppl: 78.299715, mean_rwd: -0.017271, exp_rwd_loss: 0.025728, update_loss: -14.252243
step: 53600, v_ppl: 84.687122, tst_ppl: 78.295501, mean_rwd: 0.000337, exp_rwd_loss: 0.017935, update_loss: 0.118351
step: 53700, v_ppl: 84.680320, tst_ppl: 78.289054, mean_rwd: 0.004145, exp_rwd_loss: 0.014254, update_loss: 4.044212
step: 53800, v_ppl: 84.676190, tst_ppl: 78.284690, mean_rwd: -0.000623, exp_rwd_loss: 0.014910, update_loss: 0.070881
step: 53900, v_ppl: 84.672464, tst_ppl: 78.281087, mean_rwd: -0.001171, exp_rwd_loss: 0.016040, update_loss: -1.408370
step: 54000, v_ppl: 84.669171, tst_ppl: 78.277089, mean_rwd: 0.004537, exp_rwd_loss: 0.018598, update_loss: 4.076054
step: 54100, v_ppl: 84.665341, tst_ppl: 78.273121, mean_rwd: 0.020801, exp_rwd_loss: 0.028387, update_loss: 16.210691
step: 54200, v_ppl: 84.661107, tst_ppl: 78.268383, mean_rwd: -0.001120, exp_rwd_loss: 0.014089, update_loss: -1.101678
step: 54300, v_ppl: 84.661519, tst_ppl: 78.269097, mean_rwd: -0.008578, exp_rwd_loss: 0.018875, update_loss: -6.871563
step: 54400, v_ppl: 84.658689, tst_ppl: 78.265570, mean_rwd: -0.001029, exp_rwd_loss: 0.017708, update_loss: 0.137076
step: 54500, v_ppl: 84.656487, tst_ppl: 78.263465, mean_rwd: -0.005209, exp_rwd_loss: 0.012865, update_loss: -4.353312
step: 54600, v_ppl: 84.655631, tst_ppl: 78.262369, mean_rwd: 0.001616, exp_rwd_loss: 0.017079, update_loss: 1.590383
step: 54700, v_ppl: 84.653139, tst_ppl: 78.259552, mean_rwd: 0.005495, exp_rwd_loss: 0.011269, update_loss: 4.290118
step: 54800, v_ppl: 84.652000, tst_ppl: 78.259260, mean_rwd: 0.007560, exp_rwd_loss: 0.013890, update_loss: 6.003866
step: 54900, v_ppl: 84.653969, tst_ppl: 78.261121, mean_rwd: 0.000346, exp_rwd_loss: 0.011144, update_loss: 0.343702
step: 55000, v_ppl: 84.654567, tst_ppl: 78.262088, mean_rwd: 0.007872, exp_rwd_loss: 0.013106, update_loss: 5.358886
step: 55100, v_ppl: 84.649464, tst_ppl: 78.256499, mean_rwd: 0.003503, exp_rwd_loss: 0.011389, update_loss: 2.168929
step: 55200, v_ppl: 84.648833, tst_ppl: 78.256136, mean_rwd: 0.002715, exp_rwd_loss: 0.017398, update_loss: 1.801306
step: 55300, v_ppl: 84.647564, tst_ppl: 78.253819, mean_rwd: 0.001471, exp_rwd_loss: 0.014036, update_loss: 0.605800
step: 55400, v_ppl: 84.644998, tst_ppl: 78.251286, mean_rwd: 0.008025, exp_rwd_loss: 0.016742, update_loss: 6.304093
step: 55500, v_ppl: 84.645215, tst_ppl: 78.251746, mean_rwd: -0.002672, exp_rwd_loss: 0.012151, update_loss: -2.287268
step: 55600, v_ppl: 84.646449, tst_ppl: 78.253718, mean_rwd: 0.003896, exp_rwd_loss: 0.013919, update_loss: 3.303665
step: 55700, v_ppl: 84.646787, tst_ppl: 78.254762, mean_rwd: -0.001183, exp_rwd_loss: 0.008339, update_loss: -1.590247
step: 55800, v_ppl: 84.646630, tst_ppl: 78.254605, mean_rwd: 0.006113, exp_rwd_loss: 0.010597, update_loss: 5.516795
step: 55900, v_ppl: 84.646258, tst_ppl: 78.254179, mean_rwd: -0.004766, exp_rwd_loss: 0.011982, update_loss: -4.114230
step: 56000, v_ppl: 84.645677, tst_ppl: 78.253579, mean_rwd: 0.002184, exp_rwd_loss: 0.011912, update_loss: 2.265030
step: 56100, v_ppl: 84.645498, tst_ppl: 78.253419, mean_rwd: -0.011272, exp_rwd_loss: 0.017206, update_loss: -9.426031
step: 56200, v_ppl: 84.645480, tst_ppl: 78.253407, mean_rwd: -0.000696, exp_rwd_loss: 0.011034, update_loss: 0.122296
step: 56300, v_ppl: 84.645073, tst_ppl: 78.252930, mean_rwd: 0.001178, exp_rwd_loss: 0.010040, update_loss: 0.839408
step: 56400, v_ppl: 84.644508, tst_ppl: 78.252260, mean_rwd: 0.002608, exp_rwd_loss: 0.010782, update_loss: 2.000611
step: 56500, v_ppl: 84.644036, tst_ppl: 78.251736, mean_rwd: -0.007761, exp_rwd_loss: 0.010912, update_loss: -5.730505
step: 56600, v_ppl: 84.644071, tst_ppl: 78.251676, mean_rwd: 0.002294, exp_rwd_loss: 0.011090, update_loss: 2.190017
step: 56700, v_ppl: 84.645308, tst_ppl: 78.252891, mean_rwd: 0.003176, exp_rwd_loss: 0.011178, update_loss: 2.842538
step: 56800, v_ppl: 84.645431, tst_ppl: 78.253042, mean_rwd: -0.003871, exp_rwd_loss: 0.012266, update_loss: -2.735969
step: 56900, v_ppl: 84.645095, tst_ppl: 78.252714, mean_rwd: -0.001402, exp_rwd_loss: 0.008914, update_loss: -1.114614
step: 57000, v_ppl: 84.644498, tst_ppl: 78.251969, mean_rwd: 0.006033, exp_rwd_loss: 0.010859, update_loss: 5.180012
step: 57100, v_ppl: 84.643813, tst_ppl: 78.251229, mean_rwd: 0.004996, exp_rwd_loss: 0.009614, update_loss: 3.927184
step: 57200, v_ppl: 84.643841, tst_ppl: 78.251094, mean_rwd: 0.001562, exp_rwd_loss: 0.009022, update_loss: 1.427868
step: 57300, v_ppl: 84.642849, tst_ppl: 78.250225, mean_rwd: 0.000282, exp_rwd_loss: 0.009019, update_loss: 0.192714
step: 57400, v_ppl: 84.643090, tst_ppl: 78.250433, mean_rwd: -0.003993, exp_rwd_loss: 0.009593, update_loss: -2.780606
step: 57500, v_ppl: 84.643167, tst_ppl: 78.250442, mean_rwd: 0.002471, exp_rwd_loss: 0.007161, update_loss: 1.830777
step: 57600, v_ppl: 84.644356, tst_ppl: 78.251601, mean_rwd: -0.001834, exp_rwd_loss: 0.010722, update_loss: -1.030482
step: 57700, v_ppl: 84.643081, tst_ppl: 78.250290, mean_rwd: 0.000319, exp_rwd_loss: 0.008397, update_loss: 0.301755
step: 57800, v_ppl: 84.642214, tst_ppl: 78.249249, mean_rwd: -0.003584, exp_rwd_loss: 0.007973, update_loss: -2.727421
step: 57900, v_ppl: 84.642592, tst_ppl: 78.249681, mean_rwd: 0.002602, exp_rwd_loss: 0.005827, update_loss: 2.415802
step: 58000, v_ppl: 84.642268, tst_ppl: 78.249355, mean_rwd: 0.003460, exp_rwd_loss: 0.008107, update_loss: 2.900784
step: 58100, v_ppl: 84.641704, tst_ppl: 78.248787, mean_rwd: 0.011370, exp_rwd_loss: 0.013586, update_loss: 9.212686
step: 58200, v_ppl: 84.641427, tst_ppl: 78.248529, mean_rwd: 0.004499, exp_rwd_loss: 0.007461, update_loss: 3.611110
step: 58300, v_ppl: 84.641724, tst_ppl: 78.248824, mean_rwd: -0.005544, exp_rwd_loss: 0.008879, update_loss: -4.649290
step: 58400, v_ppl: 84.641617, tst_ppl: 78.248676, mean_rwd: -0.008270, exp_rwd_loss: 0.010333, update_loss: -6.976308
step: 58500, v_ppl: 84.643010, tst_ppl: 78.250228, mean_rwd: -0.013721, exp_rwd_loss: 0.015584, update_loss: -11.414646
step: 58600, v_ppl: 84.640973, tst_ppl: 78.248529, mean_rwd: -0.008476, exp_rwd_loss: 0.009289, update_loss: -6.817171
step: 58700, v_ppl: 84.640042, tst_ppl: 78.247491, mean_rwd: -0.012765, exp_rwd_loss: 0.013793, update_loss: -10.348837
step: 58800, v_ppl: 84.639852, tst_ppl: 78.247291, mean_rwd: 0.012074, exp_rwd_loss: 0.015819, update_loss: 9.094890
step: 58900, v_ppl: 84.639680, tst_ppl: 78.247113, mean_rwd: 0.000794, exp_rwd_loss: 0.006631, update_loss: 0.826078
step: 59000, v_ppl: 84.639651, tst_ppl: 78.247092, mean_rwd: 0.006283, exp_rwd_loss: 0.010902, update_loss: 5.074073
step: 59100, v_ppl: 84.639846, tst_ppl: 78.247282, mean_rwd: 0.001863, exp_rwd_loss: 0.006857, update_loss: 1.714413
step: 59200, v_ppl: 84.639585, tst_ppl: 78.246990, mean_rwd: 0.011639, exp_rwd_loss: 0.013958, update_loss: 9.375223
step: 59300, v_ppl: 84.639619, tst_ppl: 78.247025, mean_rwd: 0.002128, exp_rwd_loss: 0.007057, update_loss: 1.460304
step: 59400, v_ppl: 84.639647, tst_ppl: 78.247035, mean_rwd: -0.002220, exp_rwd_loss: 0.005996, update_loss: -1.756516
step: 59500, v_ppl: 84.639688, tst_ppl: 78.247064, mean_rwd: 0.006974, exp_rwd_loss: 0.009498, update_loss: 5.224093
step: 59600, v_ppl: 84.639640, tst_ppl: 78.247019, mean_rwd: -0.013204, exp_rwd_loss: 0.015374, update_loss: -10.416938
step: 59700, v_ppl: 84.639734, tst_ppl: 78.247110, mean_rwd: 0.001677, exp_rwd_loss: 0.004877, update_loss: 1.342136
step: 59800, v_ppl: 84.639796, tst_ppl: 78.247200, mean_rwd: -0.006292, exp_rwd_loss: 0.010972, update_loss: -5.415478
step: 59900, v_ppl: 84.639597, tst_ppl: 78.247019, mean_rwd: 0.006543, exp_rwd_loss: 0.008286, update_loss: 5.436382
step: 60000, v_ppl: 84.639522, tst_ppl: 78.246915, mean_rwd: -0.003373, exp_rwd_loss: 0.005945, update_loss: -2.450888
step: 60100, v_ppl: 84.639387, tst_ppl: 78.246776, mean_rwd: 0.000958, exp_rwd_loss: 0.006059, update_loss: 0.451257
step: 60200, v_ppl: 84.639373, tst_ppl: 78.246746, mean_rwd: 0.001012, exp_rwd_loss: 0.004395, update_loss: 0.774069
step: 60300, v_ppl: 84.639303, tst_ppl: 78.246699, mean_rwd: -0.006393, exp_rwd_loss: 0.008694, update_loss: -4.913275
step: 60400, v_ppl: 84.638930, tst_ppl: 78.246297, mean_rwd: 0.000910, exp_rwd_loss: 0.004865, update_loss: 0.657692
step: 60500, v_ppl: 84.638790, tst_ppl: 78.246149, mean_rwd: -0.011306, exp_rwd_loss: 0.012774, update_loss: -8.755363
step: 60600, v_ppl: 84.638502, tst_ppl: 78.245849, mean_rwd: -0.003504, exp_rwd_loss: 0.005430, update_loss: -2.498544
step: 60700, v_ppl: 84.638394, tst_ppl: 78.245762, mean_rwd: -0.003564, exp_rwd_loss: 0.006619, update_loss: -3.043776
step: 60800, v_ppl: 84.638102, tst_ppl: 78.245424, mean_rwd: 0.001984, exp_rwd_loss: 0.005811, update_loss: 1.606263
step: 60900, v_ppl: 84.638133, tst_ppl: 78.245481, mean_rwd: -0.001929, exp_rwd_loss: 0.005075, update_loss: -1.794923
step: 61000, v_ppl: 84.637725, tst_ppl: 78.245026, mean_rwd: -0.000038, exp_rwd_loss: 0.006355, update_loss: 0.276036
step: 61100, v_ppl: 84.637903, tst_ppl: 78.245206, mean_rwd: -0.006870, exp_rwd_loss: 0.008962, update_loss: -5.617881
step: 61200, v_ppl: 84.638123, tst_ppl: 78.245402, mean_rwd: 0.011055, exp_rwd_loss: 0.011829, update_loss: 8.634123
step: 61300, v_ppl: 84.638037, tst_ppl: 78.245262, mean_rwd: 0.008685, exp_rwd_loss: 0.011051, update_loss: 6.959757
step: 61400, v_ppl: 84.638215, tst_ppl: 78.245452, mean_rwd: -0.005959, exp_rwd_loss: 0.007407, update_loss: -4.588690
step: 61500, v_ppl: 84.638402, tst_ppl: 78.245666, mean_rwd: -0.000161, exp_rwd_loss: 0.005362, update_loss: -0.068751
step: 61600, v_ppl: 84.638477, tst_ppl: 78.245692, mean_rwd: -0.002866, exp_rwd_loss: 0.004747, update_loss: -2.058415
step: 61700, v_ppl: 84.638092, tst_ppl: 78.245278, mean_rwd: 0.001574, exp_rwd_loss: 0.005588, update_loss: 1.164834
step: 61800, v_ppl: 84.638123, tst_ppl: 78.245297, mean_rwd: -0.004455, exp_rwd_loss: 0.006718, update_loss: -2.921210
step: 61900, v_ppl: 84.638063, tst_ppl: 78.245235, mean_rwd: 0.003002, exp_rwd_loss: 0.005941, update_loss: 2.175843
step: 62000, v_ppl: 84.638041, tst_ppl: 78.245202, mean_rwd: 0.005188, exp_rwd_loss: 0.007018, update_loss: 3.848091
step: 62100, v_ppl: 84.638047, tst_ppl: 78.245210, mean_rwd: -0.003801, exp_rwd_loss: 0.005309, update_loss: -3.189903
step: 62200, v_ppl: 84.638022, tst_ppl: 78.245184, mean_rwd: -0.004884, exp_rwd_loss: 0.008003, update_loss: -3.684128
step: 62300, v_ppl: 84.637963, tst_ppl: 78.245127, mean_rwd: -0.004296, exp_rwd_loss: 0.007984, update_loss: -4.290098
step: 62400, v_ppl: 84.637935, tst_ppl: 78.245081, mean_rwd: 0.001629, exp_rwd_loss: 0.004933, update_loss: 1.314875
step: 62500, v_ppl: 84.637908, tst_ppl: 78.245061, mean_rwd: -0.001714, exp_rwd_loss: 0.006340, update_loss: -1.896067
step: 62600, v_ppl: 84.637947, tst_ppl: 78.245103, mean_rwd: -0.009662, exp_rwd_loss: 0.010772, update_loss: -7.740608
step: 62700, v_ppl: 84.637918, tst_ppl: 78.245071, mean_rwd: -0.004013, exp_rwd_loss: 0.008564, update_loss: -3.224869
step: 62800, v_ppl: 84.637876, tst_ppl: 78.245026, mean_rwd: -0.003347, exp_rwd_loss: 0.004965, update_loss: -2.712969
step: 62900, v_ppl: 84.637845, tst_ppl: 78.244998, mean_rwd: 0.010628, exp_rwd_loss: 0.012480, update_loss: 7.779439
step: 63000, v_ppl: 84.637803, tst_ppl: 78.244951, mean_rwd: 0.000071, exp_rwd_loss: 0.005070, update_loss: -0.021261
step: 63100, v_ppl: 84.637715, tst_ppl: 78.244875, mean_rwd: 0.003864, exp_rwd_loss: 0.006321, update_loss: 2.949891
step: 63200, v_ppl: 84.637681, tst_ppl: 78.244841, mean_rwd: -0.001402, exp_rwd_loss: 0.003938, update_loss: -1.425641
step: 63300, v_ppl: 84.637663, tst_ppl: 78.244828, mean_rwd: -0.003073, exp_rwd_loss: 0.004909, update_loss: -2.303104
step: 63400, v_ppl: 84.637648, tst_ppl: 78.244817, mean_rwd: 0.006294, exp_rwd_loss: 0.008458, update_loss: 5.259454
step: 63500, v_ppl: 84.637635, tst_ppl: 78.244808, mean_rwd: 0.000853, exp_rwd_loss: 0.004435, update_loss: 0.577496
step: 63600, v_ppl: 84.637616, tst_ppl: 78.244776, mean_rwd: 0.004847, exp_rwd_loss: 0.005560, update_loss: 3.847749
step: 63700, v_ppl: 84.637640, tst_ppl: 78.244799, mean_rwd: -0.008255, exp_rwd_loss: 0.009165, update_loss: -6.357053
step: 63800, v_ppl: 84.637567, tst_ppl: 78.244721, mean_rwd: 0.001251, exp_rwd_loss: 0.004117, update_loss: 1.098292
step: 63900, v_ppl: 84.637636, tst_ppl: 78.244799, mean_rwd: -0.010259, exp_rwd_loss: 0.010925, update_loss: -7.837611
step: 64000, v_ppl: 84.637625, tst_ppl: 78.244787, mean_rwd: -0.002487, exp_rwd_loss: 0.004004, update_loss: -1.807384
step: 64100, v_ppl: 84.637673, tst_ppl: 78.244838, mean_rwd: -0.007750, exp_rwd_loss: 0.009142, update_loss: -5.744451
step: 64200, v_ppl: 84.637652, tst_ppl: 78.244810, mean_rwd: 0.002415, exp_rwd_loss: 0.005050, update_loss: 1.711120
step: 64300, v_ppl: 84.637608, tst_ppl: 78.244761, mean_rwd: -0.004922, exp_rwd_loss: 0.006198, update_loss: -3.572248
step: 64400, v_ppl: 84.637584, tst_ppl: 78.244742, mean_rwd: 0.003552, exp_rwd_loss: 0.006455, update_loss: 2.617106
step: 64500, v_ppl: 84.637529, tst_ppl: 78.244678, mean_rwd: 0.003925, exp_rwd_loss: 0.005731, update_loss: 3.043290
step: 64600, v_ppl: 84.637550, tst_ppl: 78.244703, mean_rwd: -0.002127, exp_rwd_loss: 0.004392, update_loss: -1.800881
step: 64700, v_ppl: 84.637561, tst_ppl: 78.244719, mean_rwd: -0.002777, exp_rwd_loss: 0.004470, update_loss: -2.231325
step: 64800, v_ppl: 84.637555, tst_ppl: 78.244716, mean_rwd: -0.002284, exp_rwd_loss: 0.004130, update_loss: -1.791938
step: 64900, v_ppl: 84.637558, tst_ppl: 78.244714, mean_rwd: 0.002219, exp_rwd_loss: 0.004063, update_loss: 1.776055
step: 65000, v_ppl: 84.637563, tst_ppl: 78.244717, mean_rwd: -0.002485, exp_rwd_loss: 0.004595, update_loss: -1.955699
step: 65100, v_ppl: 84.637565, tst_ppl: 78.244717, mean_rwd: 0.000813, exp_rwd_loss: 0.005192, update_loss: 0.739411
step: 65200, v_ppl: 84.637560, tst_ppl: 78.244720, mean_rwd: -0.006854, exp_rwd_loss: 0.007896, update_loss: -5.552866
step: 65300, v_ppl: 84.637560, tst_ppl: 78.244714, mean_rwd: 0.003453, exp_rwd_loss: 0.004751, update_loss: 3.012068
step: 65400, v_ppl: 84.637560, tst_ppl: 78.244714, mean_rwd: -0.001386, exp_rwd_loss: 0.003755, update_loss: -0.866126
step: 65500, v_ppl: 84.637561, tst_ppl: 78.244720, mean_rwd: -0.009604, exp_rwd_loss: 0.010090, update_loss: -7.577772
step: 65600, v_ppl: 84.637558, tst_ppl: 78.244712, mean_rwd: -0.003303, exp_rwd_loss: 0.005409, update_loss: -2.481105
step: 65700, v_ppl: 84.637556, tst_ppl: 78.244712, mean_rwd: -0.002584, exp_rwd_loss: 0.003853, update_loss: -2.277576
step: 65800, v_ppl: 84.637547, tst_ppl: 78.244706, mean_rwd: 0.006813, exp_rwd_loss: 0.007635, update_loss: 5.090682
step: 65900, v_ppl: 84.637547, tst_ppl: 78.244708, mean_rwd: 0.002325, exp_rwd_loss: 0.004032, update_loss: 1.928085
step: 66000, v_ppl: 84.637549, tst_ppl: 78.244702, mean_rwd: 0.004681, exp_rwd_loss: 0.008174, update_loss: 3.836192
step: 66100, v_ppl: 84.637551, tst_ppl: 78.244703, mean_rwd: 0.002839, exp_rwd_loss: 0.003894, update_loss: 2.336710
step: 66200, v_ppl: 84.637545, tst_ppl: 78.244697, mean_rwd: -0.001452, exp_rwd_loss: 0.003280, update_loss: -1.115360
step: 66300, v_ppl: 84.637544, tst_ppl: 78.244700, mean_rwd: 0.003817, exp_rwd_loss: 0.006490, update_loss: 2.757493
step: 66400, v_ppl: 84.637544, tst_ppl: 78.244692, mean_rwd: -0.006108, exp_rwd_loss: 0.006713, update_loss: -5.161465
step: 66500, v_ppl: 84.637540, tst_ppl: 78.244696, mean_rwd: -0.007859, exp_rwd_loss: 0.009404, update_loss: -5.444633
step: 66600, v_ppl: 84.637540, tst_ppl: 78.244694, mean_rwd: 0.004881, exp_rwd_loss: 0.006215, update_loss: 3.635239
step: 66700, v_ppl: 84.637546, tst_ppl: 78.244698, mean_rwd: 0.005348, exp_rwd_loss: 0.006321, update_loss: 4.409649
step: 66800, v_ppl: 84.637546, tst_ppl: 78.244705, mean_rwd: 0.006038, exp_rwd_loss: 0.006722, update_loss: 4.815188
step: 66900, v_ppl: 84.637547, tst_ppl: 78.244701, mean_rwd: 0.003570, exp_rwd_loss: 0.005567, update_loss: 2.349180
step: 67000, v_ppl: 84.637542, tst_ppl: 78.244696, mean_rwd: 0.006059, exp_rwd_loss: 0.008863, update_loss: 4.855292
step: 67100, v_ppl: 84.637541, tst_ppl: 78.244687, mean_rwd: 0.000276, exp_rwd_loss: 0.002825, update_loss: 0.250073
step: 67200, v_ppl: 84.637544, tst_ppl: 78.244702, mean_rwd: 0.009546, exp_rwd_loss: 0.010717, update_loss: 8.146363
step: 67300, v_ppl: 84.637541, tst_ppl: 78.244695, mean_rwd: 0.001924, exp_rwd_loss: 0.003772, update_loss: 1.489797
step: 67400, v_ppl: 84.637546, tst_ppl: 78.244701, mean_rwd: -0.005988, exp_rwd_loss: 0.008831, update_loss: -5.380724
step: 67500, v_ppl: 84.637538, tst_ppl: 78.244693, mean_rwd: 0.003023, exp_rwd_loss: 0.004182, update_loss: 2.336230
step: 67600, v_ppl: 84.637551, tst_ppl: 78.244704, mean_rwd: -0.005026, exp_rwd_loss: 0.006368, update_loss: -3.982145
step: 67700, v_ppl: 84.637546, tst_ppl: 78.244698, mean_rwd: -0.003622, exp_rwd_loss: 0.006534, update_loss: -2.610688
step: 67800, v_ppl: 84.637546, tst_ppl: 78.244697, mean_rwd: -0.002632, exp_rwd_loss: 0.004124, update_loss: -2.211384
step: 67900, v_ppl: 84.637544, tst_ppl: 78.244700, mean_rwd: 0.007894, exp_rwd_loss: 0.008120, update_loss: 5.731588
step: 68000, v_ppl: 84.637545, tst_ppl: 78.244700, mean_rwd: -0.007139, exp_rwd_loss: 0.008598, update_loss: -6.186669
step: 68100, v_ppl: 84.637545, tst_ppl: 78.244698, mean_rwd: 0.006831, exp_rwd_loss: 0.007575, update_loss: 5.236556
step: 68200, v_ppl: 84.637542, tst_ppl: 78.244697, mean_rwd: -0.001544, exp_rwd_loss: 0.004015, update_loss: -1.277520
step: 68300, v_ppl: 84.637545, tst_ppl: 78.244695, mean_rwd: 0.002380, exp_rwd_loss: 0.003768, update_loss: 1.906923
step: 68400, v_ppl: 84.637544, tst_ppl: 78.244700, mean_rwd: -0.005025, exp_rwd_loss: 0.006339, update_loss: -3.842435
step: 68500, v_ppl: 84.637546, tst_ppl: 78.244701, mean_rwd: -0.003449, exp_rwd_loss: 0.005383, update_loss: -2.679887
step: 68600, v_ppl: 84.637546, tst_ppl: 78.244701, mean_rwd: 0.003256, exp_rwd_loss: 0.004999, update_loss: 2.703970
step: 68700, v_ppl: 84.637544, tst_ppl: 78.244701, mean_rwd: -0.002769, exp_rwd_loss: 0.005504, update_loss: -1.985026
step: 68800, v_ppl: 84.637544, tst_ppl: 78.244698, mean_rwd: -0.000148, exp_rwd_loss: 0.002482, update_loss: -0.107503
step: 68900, v_ppl: 84.637540, tst_ppl: 78.244700, mean_rwd: 0.003757, exp_rwd_loss: 0.004764, update_loss: 2.879268
step: 69000, v_ppl: 84.637547, tst_ppl: 78.244698, mean_rwd: -0.001802, exp_rwd_loss: 0.003941, update_loss: -1.427450
step: 69100, v_ppl: 84.637544, tst_ppl: 78.244703, mean_rwd: 0.007325, exp_rwd_loss: 0.007885, update_loss: 5.761655
step: 69200, v_ppl: 84.637544, tst_ppl: 78.244702, mean_rwd: 0.007442, exp_rwd_loss: 0.008433, update_loss: 5.349026
step: 69300, v_ppl: 84.637542, tst_ppl: 78.244702, mean_rwd: 0.002036, exp_rwd_loss: 0.005066, update_loss: 1.701979
step: 69400, v_ppl: 84.637546, tst_ppl: 78.244697, mean_rwd: -0.005695, exp_rwd_loss: 0.006797, update_loss: -4.538098
step: 69500, v_ppl: 84.637542, tst_ppl: 78.244701, mean_rwd: 0.010628, exp_rwd_loss: 0.010795, update_loss: 7.899242
step: 69600, v_ppl: 84.637541, tst_ppl: 78.244701, mean_rwd: -0.000325, exp_rwd_loss: 0.003370, update_loss: -0.286825
step: 69700, v_ppl: 84.637547, tst_ppl: 78.244698, mean_rwd: -0.005191, exp_rwd_loss: 0.005849, update_loss: -4.046963
step: 69800, v_ppl: 84.637547, tst_ppl: 78.244701, mean_rwd: -0.005155, exp_rwd_loss: 0.006462, update_loss: -3.910709
step: 69900, v_ppl: 84.637545, tst_ppl: 78.244700, mean_rwd: -0.000630, exp_rwd_loss: 0.003041, update_loss: -0.553038
step: 70000, v_ppl: 84.637544, tst_ppl: 78.244700, mean_rwd: -0.002484, exp_rwd_loss: 0.003471, update_loss: -1.684906
step: 70100, v_ppl: 84.637544, tst_ppl: 78.244697, mean_rwd: -0.004392, exp_rwd_loss: 0.007034, update_loss: -3.132017
step: 70200, v_ppl: 84.637542, tst_ppl: 78.244698, mean_rwd: -0.000657, exp_rwd_loss: 0.003190, update_loss: -0.722569
step: 70300, v_ppl: 84.637545, tst_ppl: 78.244700, mean_rwd: 0.005666, exp_rwd_loss: 0.006252, update_loss: 4.111184
step: 70400, v_ppl: 84.637544, tst_ppl: 78.244703, mean_rwd: 0.002272, exp_rwd_loss: 0.004247, update_loss: 1.806587
step: 70500, v_ppl: 84.637542, tst_ppl: 78.244698, mean_rwd: -0.001376, exp_rwd_loss: 0.003698, update_loss: -1.009277
step: 70600, v_ppl: 84.637546, tst_ppl: 78.244701, mean_rwd: -0.000972, exp_rwd_loss: 0.003093, update_loss: -0.924749
step: 70700, v_ppl: 84.637545, tst_ppl: 78.244703, mean_rwd: -0.000740, exp_rwd_loss: 0.003737, update_loss: -0.715944
step: 70800, v_ppl: 84.637540, tst_ppl: 78.244702, mean_rwd: -0.004468, exp_rwd_loss: 0.005909, update_loss: -3.607768
step: 70900, v_ppl: 84.637545, tst_ppl: 78.244701, mean_rwd: -0.000953, exp_rwd_loss: 0.002844, update_loss: -1.006623
step: 71000, v_ppl: 84.637541, tst_ppl: 78.244704, mean_rwd: -0.003352, exp_rwd_loss: 0.004591, update_loss: -2.524048
step: 71100, v_ppl: 84.637547, tst_ppl: 78.244702, mean_rwd: -0.002965, exp_rwd_loss: 0.004394, update_loss: -2.466748
step: 71200, v_ppl: 84.637545, tst_ppl: 78.244702, mean_rwd: 0.004523, exp_rwd_loss: 0.005010, update_loss: 3.522535
step: 71300, v_ppl: 84.637542, tst_ppl: 78.244702, mean_rwd: 0.000418, exp_rwd_loss: 0.004149, update_loss: -0.010047
step: 71400, v_ppl: 84.637544, tst_ppl: 78.244704, mean_rwd: -0.001659, exp_rwd_loss: 0.003552, update_loss: -1.286454
step: 71500, v_ppl: 84.637542, tst_ppl: 78.244702, mean_rwd: 0.003468, exp_rwd_loss: 0.004440, update_loss: 2.651205
step: 71600, v_ppl: 84.637547, tst_ppl: 78.244703, mean_rwd: -0.005403, exp_rwd_loss: 0.006101, update_loss: -3.958169
step: 71700, v_ppl: 84.637542, tst_ppl: 78.244701, mean_rwd: 0.001622, exp_rwd_loss: 0.003707, update_loss: 1.418365
step: 71800, v_ppl: 84.637545, tst_ppl: 78.244701, mean_rwd: -0.008255, exp_rwd_loss: 0.009111, update_loss: -7.122027
step: 71900, v_ppl: 84.637545, tst_ppl: 78.244698, mean_rwd: 0.014106, exp_rwd_loss: 0.014414, update_loss: 10.551028
step: 72000, v_ppl: 84.637545, tst_ppl: 78.244698, mean_rwd: -0.000729, exp_rwd_loss: 0.002416, update_loss: -0.648839
step: 72100, v_ppl: 84.637544, tst_ppl: 78.244702, mean_rwd: 0.002913, exp_rwd_loss: 0.004019, update_loss: 2.389640
step: 72200, v_ppl: 84.637540, tst_ppl: 78.244702, mean_rwd: -0.005371, exp_rwd_loss: 0.005760, update_loss: -4.274188
step: 72300, v_ppl: 84.637541, tst_ppl: 78.244701, mean_rwd: -0.005692, exp_rwd_loss: 0.006214, update_loss: -4.292576
step: 72400, v_ppl: 84.637544, tst_ppl: 78.244702, mean_rwd: 0.006343, exp_rwd_loss: 0.007587, update_loss: 5.416437
step: 72500, v_ppl: 84.637540, tst_ppl: 78.244702, mean_rwd: -0.003555, exp_rwd_loss: 0.004489, update_loss: -2.469321
step: 72600, v_ppl: 84.637544, tst_ppl: 78.244700, mean_rwd: 0.001190, exp_rwd_loss: 0.003447, update_loss: 0.916596
step: 72700, v_ppl: 84.637542, tst_ppl: 78.244701, mean_rwd: 0.004592, exp_rwd_loss: 0.005632, update_loss: 3.729906
step: 72800, v_ppl: 84.637546, tst_ppl: 78.244703, mean_rwd: -0.007931, exp_rwd_loss: 0.008293, update_loss: -6.425317
step: 72900, v_ppl: 84.637540, tst_ppl: 78.244700, mean_rwd: 0.000963, exp_rwd_loss: 0.002909, update_loss: 0.883451
step: 73000, v_ppl: 84.637541, tst_ppl: 78.244701, mean_rwd: -0.002840, exp_rwd_loss: 0.003824, update_loss: -2.227683
step: 73100, v_ppl: 84.637547, tst_ppl: 78.244703, mean_rwd: 0.002507, exp_rwd_loss: 0.004084, update_loss: 1.964447
step: 73200, v_ppl: 84.637544, tst_ppl: 78.244700, mean_rwd: -0.006836, exp_rwd_loss: 0.007482, update_loss: -5.788400
step: 73300, v_ppl: 84.637541, tst_ppl: 78.244698, mean_rwd: 0.007986, exp_rwd_loss: 0.008731, update_loss: 6.058033
step: 73400, v_ppl: 84.637541, tst_ppl: 78.244702, mean_rwd: -0.004926, exp_rwd_loss: 0.005278, update_loss: -4.235980
step: 73500, v_ppl: 84.637547, tst_ppl: 78.244697, mean_rwd: 0.007116, exp_rwd_loss: 0.007190, update_loss: 5.703547
step: 73600, v_ppl: 84.637544, tst_ppl: 78.244700, mean_rwd: -0.004834, exp_rwd_loss: 0.005638, update_loss: -3.559117
step: 73700, v_ppl: 84.637541, tst_ppl: 78.244703, mean_rwd: 0.005093, exp_rwd_loss: 0.005747, update_loss: 3.929815
step: 73800, v_ppl: 84.637546, tst_ppl: 78.244704, mean_rwd: -0.000284, exp_rwd_loss: 0.003265, update_loss: -0.156903
step: 73900, v_ppl: 84.637541, tst_ppl: 78.244700, mean_rwd: -0.007289, exp_rwd_loss: 0.007553, update_loss: -6.038072
step: 74000, v_ppl: 84.637542, tst_ppl: 78.244697, mean_rwd: 0.000489, exp_rwd_loss: 0.003095, update_loss: 0.408828
step: 74100, v_ppl: 84.637545, tst_ppl: 78.244702, mean_rwd: 0.001572, exp_rwd_loss: 0.003456, update_loss: 1.200261
step: 74200, v_ppl: 84.637541, tst_ppl: 78.244702, mean_rwd: -0.000753, exp_rwd_loss: 0.004406, update_loss: -0.423521
step: 74300, v_ppl: 84.637540, tst_ppl: 78.244702, mean_rwd: -0.002064, exp_rwd_loss: 0.004024, update_loss: -1.443497
step: 74400, v_ppl: 84.637545, tst_ppl: 78.244703, mean_rwd: -0.002596, exp_rwd_loss: 0.003296, update_loss: -2.035823
step: 74500, v_ppl: 84.637546, tst_ppl: 78.244700, mean_rwd: -0.002311, exp_rwd_loss: 0.003567, update_loss: -1.825402
step: 74600, v_ppl: 84.637545, tst_ppl: 78.244702, mean_rwd: 0.005759, exp_rwd_loss: 0.006323, update_loss: 4.626618
step: 74700, v_ppl: 84.637542, tst_ppl: 78.244701, mean_rwd: -0.000977, exp_rwd_loss: 0.004370, update_loss: -0.479032
step: 74800, v_ppl: 84.637542, tst_ppl: 78.244700, mean_rwd: -0.005120, exp_rwd_loss: 0.006157, update_loss: -4.298625
step: 74900, v_ppl: 84.637546, tst_ppl: 78.244700, mean_rwd: -0.006001, exp_rwd_loss: 0.006155, update_loss: -4.944734
step: 75000, v_ppl: 84.637541, tst_ppl: 78.244703, mean_rwd: 0.002978, exp_rwd_loss: 0.003810, update_loss: 2.272508
step: 75100, v_ppl: 84.637545, tst_ppl: 78.244704, mean_rwd: -0.004837, exp_rwd_loss: 0.005355, update_loss: -3.804495
step: 75200, v_ppl: 84.637546, tst_ppl: 78.244701, mean_rwd: 0.007175, exp_rwd_loss: 0.007579, update_loss: 5.888345
step: 75300, v_ppl: 84.637541, tst_ppl: 78.244700, mean_rwd: -0.004646, exp_rwd_loss: 0.005192, update_loss: -3.535560
step: 75400, v_ppl: 84.637544, tst_ppl: 78.244702, mean_rwd: 0.003009, exp_rwd_loss: 0.003690, update_loss: 2.405338
step: 75500, v_ppl: 84.637546, tst_ppl: 78.244700, mean_rwd: 0.003115, exp_rwd_loss: 0.003460, update_loss: 2.331002
step: 75600, v_ppl: 84.637542, tst_ppl: 78.244700, mean_rwd: 0.000668, exp_rwd_loss: 0.004508, update_loss: 0.561500
step: 75700, v_ppl: 84.637541, tst_ppl: 78.244698, mean_rwd: -0.011656, exp_rwd_loss: 0.012120, update_loss: -9.457850
step: 75800, v_ppl: 84.637544, tst_ppl: 78.244701, mean_rwd: -0.000292, exp_rwd_loss: 0.001744, update_loss: -0.164155
step: 75900, v_ppl: 84.637545, tst_ppl: 78.244701, mean_rwd: 0.007865, exp_rwd_loss: 0.008461, update_loss: 6.162858
step: 76000, v_ppl: 84.637539, tst_ppl: 78.244701, mean_rwd: 0.002578, exp_rwd_loss: 0.004027, update_loss: 2.292393
step: 76100, v_ppl: 84.637541, tst_ppl: 78.244701, mean_rwd: -0.009373, exp_rwd_loss: 0.009761, update_loss: -7.501883
step: 76200, v_ppl: 84.637544, tst_ppl: 78.244702, mean_rwd: -0.004870, exp_rwd_loss: 0.005107, update_loss: -3.888318
step: 76300, v_ppl: 84.637541, tst_ppl: 78.244702, mean_rwd: 0.003436, exp_rwd_loss: 0.004255, update_loss: 2.623521
step: 76400, v_ppl: 84.637545, tst_ppl: 78.244701, mean_rwd: -0.003341, exp_rwd_loss: 0.004015, update_loss: -2.479517
step: 76500, v_ppl: 84.637547, tst_ppl: 78.244698, mean_rwd: 0.000001, exp_rwd_loss: 0.003249, update_loss: -0.243850
step: 76600, v_ppl: 84.637541, tst_ppl: 78.244701, mean_rwd: -0.005649, exp_rwd_loss: 0.005900, update_loss: -4.561445
step: 76700, v_ppl: 84.637540, tst_ppl: 78.244701, mean_rwd: -0.000199, exp_rwd_loss: 0.002478, update_loss: -0.090019
step: 76800, v_ppl: 84.637545, tst_ppl: 78.244701, mean_rwd: 0.001997, exp_rwd_loss: 0.002882, update_loss: 1.470419
step: 76900, v_ppl: 84.637542, tst_ppl: 78.244702, mean_rwd: 0.002670, exp_rwd_loss: 0.003688, update_loss: 2.022323
step: 77000, v_ppl: 84.637544, tst_ppl: 78.244701, mean_rwd: 0.002750, exp_rwd_loss: 0.004207, update_loss: 2.364012
step: 77100, v_ppl: 84.637542, tst_ppl: 78.244701, mean_rwd: 0.009053, exp_rwd_loss: 0.009679, update_loss: 7.280052
step: 77200, v_ppl: 84.637544, tst_ppl: 78.244703, mean_rwd: -0.008997, exp_rwd_loss: 0.009661, update_loss: -7.300653
step: 77300, v_ppl: 84.637542, tst_ppl: 78.244701, mean_rwd: 0.000669, exp_rwd_loss: 0.002894, update_loss: 0.420466
step: 77400, v_ppl: 84.637542, tst_ppl: 78.244702, mean_rwd: 0.001239, exp_rwd_loss: 0.002643, update_loss: 1.046055
step: 77500, v_ppl: 84.637541, tst_ppl: 78.244703, mean_rwd: -0.004895, exp_rwd_loss: 0.005510, update_loss: -4.090438
step: 77600, v_ppl: 84.637542, tst_ppl: 78.244701, mean_rwd: 0.000458, exp_rwd_loss: 0.002008, update_loss: 0.290267
step: 77700, v_ppl: 84.637541, tst_ppl: 78.244702, mean_rwd: -0.002522, exp_rwd_loss: 0.004080, update_loss: -2.137200
step: 77800, v_ppl: 84.637541, tst_ppl: 78.244704, mean_rwd: 0.003340, exp_rwd_loss: 0.004405, update_loss: 2.702647
step: 77900, v_ppl: 84.637544, tst_ppl: 78.244704, mean_rwd: 0.003990, exp_rwd_loss: 0.005526, update_loss: 2.957921
step: 78000, v_ppl: 84.637544, tst_ppl: 78.244702, mean_rwd: -0.008413, exp_rwd_loss: 0.008543, update_loss: -6.632956
step: 78100, v_ppl: 84.637541, tst_ppl: 78.244703, mean_rwd: -0.005014, exp_rwd_loss: 0.005205, update_loss: -3.984137
step: 78200, v_ppl: 84.637542, tst_ppl: 78.244704, mean_rwd: -0.004585, exp_rwd_loss: 0.005447, update_loss: -3.716435
step: 78300, v_ppl: 84.637541, tst_ppl: 78.244704, mean_rwd: 0.005128, exp_rwd_loss: 0.005862, update_loss: 3.908512
step: 78400, v_ppl: 84.637545, tst_ppl: 78.244703, mean_rwd: -0.002591, exp_rwd_loss: 0.003783, update_loss: -2.140076
step: 78500, v_ppl: 84.637544, tst_ppl: 78.244704, mean_rwd: 0.000430, exp_rwd_loss: 0.003310, update_loss: 0.318962
step: 78600, v_ppl: 84.637545, tst_ppl: 78.244702, mean_rwd: -0.001121, exp_rwd_loss: 0.002222, update_loss: -1.037563
step: 78700, v_ppl: 84.637544, tst_ppl: 78.244702, mean_rwd: 0.006617, exp_rwd_loss: 0.006942, update_loss: 5.276875
step: 78800, v_ppl: 84.637545, tst_ppl: 78.244705, mean_rwd: -0.008174, exp_rwd_loss: 0.008346, update_loss: -6.347764
step: 78900, v_ppl: 84.637545, tst_ppl: 78.244703, mean_rwd: 0.007377, exp_rwd_loss: 0.007791, update_loss: 5.969378
step: 79000, v_ppl: 84.637544, tst_ppl: 78.244703, mean_rwd: -0.012219, exp_rwd_loss: 0.012821, update_loss: -10.232696
step: 79100, v_ppl: 84.637542, tst_ppl: 78.244703, mean_rwd: -0.000559, exp_rwd_loss: 0.002462, update_loss: -0.714960
step: 79200, v_ppl: 84.637542, tst_ppl: 78.244703, mean_rwd: -0.000433, exp_rwd_loss: 0.002214, update_loss: -0.346534
step: 79300, v_ppl: 84.637544, tst_ppl: 78.244703, mean_rwd: 0.008127, exp_rwd_loss: 0.008596, update_loss: 6.543544
step: 79400, v_ppl: 84.637544, tst_ppl: 78.244704, mean_rwd: -0.001513, exp_rwd_loss: 0.002611, update_loss: -1.092558
step: 79500, v_ppl: 84.637544, tst_ppl: 78.244704, mean_rwd: 0.004060, exp_rwd_loss: 0.004416, update_loss: 3.056902
step: 79600, v_ppl: 84.637545, tst_ppl: 78.244705, mean_rwd: -0.002543, exp_rwd_loss: 0.003246, update_loss: -2.021562
step: 79700, v_ppl: 84.637542, tst_ppl: 78.244705, mean_rwd: -0.002829, exp_rwd_loss: 0.003551, update_loss: -2.210285
step: 79800, v_ppl: 84.637542, tst_ppl: 78.244704, mean_rwd: -0.002818, exp_rwd_loss: 0.003618, update_loss: -2.059662
step: 79900, v_ppl: 84.637544, tst_ppl: 78.244703, mean_rwd: 0.000196, exp_rwd_loss: 0.002416, update_loss: 0.122258
step: 80000, v_ppl: 84.637542, tst_ppl: 78.244705, mean_rwd: -0.010288, exp_rwd_loss: 0.010554, update_loss: -8.100858
step: 80100, v_ppl: 84.637544, tst_ppl: 78.244705, mean_rwd: -0.009385, exp_rwd_loss: 0.009862, update_loss: -7.214064
step: 80200, v_ppl: 84.637545, tst_ppl: 78.244705, mean_rwd: -0.002789, exp_rwd_loss: 0.004531, update_loss: -2.416334
step: 80300, v_ppl: 84.637544, tst_ppl: 78.244704, mean_rwd: 0.001077, exp_rwd_loss: 0.002299, update_loss: 0.680038
step: 80400, v_ppl: 84.637545, tst_ppl: 78.244703, mean_rwd: -0.009895, exp_rwd_loss: 0.010053, update_loss: -7.898375
step: 80500, v_ppl: 84.637542, tst_ppl: 78.244704, mean_rwd: -0.000191, exp_rwd_loss: 0.002135, update_loss: -0.186278
step: 80600, v_ppl: 84.637542, tst_ppl: 78.244704, mean_rwd: 0.008531, exp_rwd_loss: 0.009205, update_loss: 6.857316
step: 80700, v_ppl: 84.637544, tst_ppl: 78.244704, mean_rwd: 0.002999, exp_rwd_loss: 0.004205, update_loss: 2.561313
step: 80800, v_ppl: 84.637542, tst_ppl: 78.244705, mean_rwd: -0.004690, exp_rwd_loss: 0.005170, update_loss: -3.855900
step: 80900, v_ppl: 84.637545, tst_ppl: 78.244704, mean_rwd: 0.001473, exp_rwd_loss: 0.003815, update_loss: 1.411415
step: 81000, v_ppl: 84.637542, tst_ppl: 78.244703, mean_rwd: -0.015053, exp_rwd_loss: 0.015059, update_loss: -12.078514
step: 81100, v_ppl: 84.637545, tst_ppl: 78.244702, mean_rwd: -0.003217, exp_rwd_loss: 0.005008, update_loss: -2.228682
step: 81200, v_ppl: 84.637545, tst_ppl: 78.244705, mean_rwd: 0.005878, exp_rwd_loss: 0.006280, update_loss: 4.654297
step: 81300, v_ppl: 84.637545, tst_ppl: 78.244703, mean_rwd: -0.000149, exp_rwd_loss: 0.002424, update_loss: -0.011553
step: 81400, v_ppl: 84.637545, tst_ppl: 78.244704, mean_rwd: 0.001030, exp_rwd_loss: 0.002701, update_loss: 0.859407
step: 81500, v_ppl: 84.637545, tst_ppl: 78.244705, mean_rwd: -0.004015, exp_rwd_loss: 0.006352, update_loss: -3.563737
step: 81600, v_ppl: 84.637542, tst_ppl: 78.244704, mean_rwd: -0.005968, exp_rwd_loss: 0.006263, update_loss: -4.716415
step: 81700, v_ppl: 84.637542, tst_ppl: 78.244704, mean_rwd: -0.003050, exp_rwd_loss: 0.004579, update_loss: -2.553553
step: 81800, v_ppl: 84.637545, tst_ppl: 78.244704, mean_rwd: -0.001034, exp_rwd_loss: 0.002313, update_loss: -0.692704
step: 81900, v_ppl: 84.637542, tst_ppl: 78.244705, mean_rwd: -0.007536, exp_rwd_loss: 0.007767, update_loss: -5.899174
step: 82000, v_ppl: 84.637545, tst_ppl: 78.244704, mean_rwd: 0.008943, exp_rwd_loss: 0.009109, update_loss: 7.113957
step: 82100, v_ppl: 84.637544, tst_ppl: 78.244705, mean_rwd: 0.001712, exp_rwd_loss: 0.002502, update_loss: 1.405481
step: 82200, v_ppl: 84.637544, tst_ppl: 78.244704, mean_rwd: 0.000116, exp_rwd_loss: 0.002374, update_loss: 0.147534
step: 82300, v_ppl: 84.637545, tst_ppl: 78.244703, mean_rwd: -0.004035, exp_rwd_loss: 0.004785, update_loss: -3.055832
step: 82400, v_ppl: 84.637544, tst_ppl: 78.244705, mean_rwd: -0.000350, exp_rwd_loss: 0.002299, update_loss: -0.212764
step: 82500, v_ppl: 84.637544, tst_ppl: 78.244705, mean_rwd: 0.006394, exp_rwd_loss: 0.007328, update_loss: 5.532259
step: 82600, v_ppl: 84.637544, tst_ppl: 78.244705, mean_rwd: -0.003455, exp_rwd_loss: 0.003858, update_loss: -2.655717
step: 82700, v_ppl: 84.637542, tst_ppl: 78.244705, mean_rwd: -0.002617, exp_rwd_loss: 0.003728, update_loss: -2.004977
step: 82800, v_ppl: 84.637545, tst_ppl: 78.244705, mean_rwd: 0.000975, exp_rwd_loss: 0.001952, update_loss: 0.856198
step: 82900, v_ppl: 84.637544, tst_ppl: 78.244704, mean_rwd: 0.009162, exp_rwd_loss: 0.009501, update_loss: 7.642582
step: 83000, v_ppl: 84.637544, tst_ppl: 78.244704, mean_rwd: 0.010087, exp_rwd_loss: 0.010182, update_loss: 7.576761
step: 83100, v_ppl: 84.637544, tst_ppl: 78.244703, mean_rwd: -0.006258, exp_rwd_loss: 0.006486, update_loss: -4.911155
step: 83200, v_ppl: 84.637542, tst_ppl: 78.244704, mean_rwd: 0.001400, exp_rwd_loss: 0.003432, update_loss: 1.074287
step: 83300, v_ppl: 84.637542, tst_ppl: 78.244704, mean_rwd: 0.003101, exp_rwd_loss: 0.004465, update_loss: 2.940230
step: 83400, v_ppl: 84.637545, tst_ppl: 78.244704, mean_rwd: -0.004552, exp_rwd_loss: 0.004957, update_loss: -3.551769
step: 83500, v_ppl: 84.637542, tst_ppl: 78.244703, mean_rwd: 0.003995, exp_rwd_loss: 0.004173, update_loss: 3.115956
step: 83600, v_ppl: 84.637542, tst_ppl: 78.244705, mean_rwd: 0.009273, exp_rwd_loss: 0.009700, update_loss: 6.874638
step: 83700, v_ppl: 84.637541, tst_ppl: 78.244703, mean_rwd: -0.003976, exp_rwd_loss: 0.005015, update_loss: -3.131346
step: 83800, v_ppl: 84.637542, tst_ppl: 78.244704, mean_rwd: -0.004120, exp_rwd_loss: 0.004583, update_loss: -3.312568
step: 83900, v_ppl: 84.637541, tst_ppl: 78.244705, mean_rwd: 0.002070, exp_rwd_loss: 0.002851, update_loss: 1.695258
step: 84000, v_ppl: 84.637541, tst_ppl: 78.244703, mean_rwd: -0.004611, exp_rwd_loss: 0.004974, update_loss: -3.522271
step: 84100, v_ppl: 84.637544, tst_ppl: 78.244704, mean_rwd: 0.000982, exp_rwd_loss: 0.002579, update_loss: 0.645196
step: 84200, v_ppl: 84.637542, tst_ppl: 78.244704, mean_rwd: 0.007072, exp_rwd_loss: 0.007473, update_loss: 5.641778
step: 84300, v_ppl: 84.637544, tst_ppl: 78.244705, mean_rwd: -0.001957, exp_rwd_loss: 0.003828, update_loss: -1.549702
step: 84400, v_ppl: 84.637544, tst_ppl: 78.244703, mean_rwd: -0.002556, exp_rwd_loss: 0.003643, update_loss: -1.918535
step: 84500, v_ppl: 84.637542, tst_ppl: 78.244704, mean_rwd: -0.004614, exp_rwd_loss: 0.005041, update_loss: -3.636969
step: 84600, v_ppl: 84.637545, tst_ppl: 78.244705, mean_rwd: 0.007564, exp_rwd_loss: 0.007931, update_loss: 5.692595/home/syp/miniconda2/envs/newtf/lib/python3.6/importlib/_bootstrap.py:205: RuntimeWarning: compiletime version 3.5 of module 'tensorflow.python.framework.fast_tensor_util' does not match runtime version 3.6
  return f(*args, **kwds)
/home/syp/miniconda2/envs/newtf/lib/python3.6/site-packages/tensorflow/python/ops/gradients_impl.py:96: UserWarning: Converting sparse IndexedSlices to a dense Tensor of unknown shape. This may consume a large amount of memory.
  "Converting sparse IndexedSlices to a dense Tensor of unknown shape. "

step: 84700, v_ppl: 84.637544, tst_ppl: 78.244706, mean_rwd: 0.001137, exp_rwd_loss: 0.002495, update_loss: 0.881291
step: 84800, v_ppl: 84.637544, tst_ppl: 78.244703, mean_rwd: 0.004378, exp_rwd_loss: 0.006444, update_loss: 4.092535
step: 84900, v_ppl: 84.637544, tst_ppl: 78.244705, mean_rwd: -0.004557, exp_rwd_loss: 0.005285, update_loss: -3.461332
step: 85000, v_ppl: 84.637542, tst_ppl: 78.244704, mean_rwd: -0.005296, exp_rwd_loss: 0.006498, update_loss: -3.945048
step: 85100, v_ppl: 84.637544, tst_ppl: 78.244705, mean_rwd: -0.003266, exp_rwd_loss: 0.003916, update_loss: -2.365183
step: 85200, v_ppl: 84.637541, tst_ppl: 78.244704, mean_rwd: 0.007094, exp_rwd_loss: 0.007200, update_loss: 5.813979
step: 85300, v_ppl: 84.637545, tst_ppl: 78.244705, mean_rwd: -0.004097, exp_rwd_loss: 0.004386, update_loss: -3.249630
step: 85400, v_ppl: 84.637544, tst_ppl: 78.244704, mean_rwd: 0.000212, exp_rwd_loss: 0.002236, update_loss: 0.062404
step: 85500, v_ppl: 84.637542, tst_ppl: 78.244703, mean_rwd: -0.006372, exp_rwd_loss: 0.006641, update_loss: -5.108650
step: 85600, v_ppl: 84.637545, tst_ppl: 78.244705, mean_rwd: 0.007311, exp_rwd_loss: 0.007361, update_loss: 6.053251
step: 85700, v_ppl: 84.637541, tst_ppl: 78.244705, mean_rwd: 0.000650, exp_rwd_loss: 0.001990, update_loss: 0.479319
step: 85800, v_ppl: 84.637544, tst_ppl: 78.244703, mean_rwd: 0.007229, exp_rwd_loss: 0.007776, update_loss: 5.669395
step: 85900, v_ppl: 84.637542, tst_ppl: 78.244703, mean_rwd: -0.003589, exp_rwd_loss: 0.003836, update_loss: -3.050173
step: 86000, v_ppl: 84.637541, tst_ppl: 78.244702, mean_rwd: -0.001919, exp_rwd_loss: 0.003803, update_loss: -1.389261
step: 86100, v_ppl: 84.637544, tst_ppl: 78.244705, mean_rwd: -0.004251, exp_rwd_loss: 0.004944, update_loss: -3.423948
step: 86200, v_ppl: 84.637542, tst_ppl: 78.244703, mean_rwd: -0.004811, exp_rwd_loss: 0.005716, update_loss: -4.086184
step: 86300, v_ppl: 84.637545, tst_ppl: 78.244704, mean_rwd: -0.003981, exp_rwd_loss: 0.004505, update_loss: -3.213494
step: 86400, v_ppl: 84.637544, tst_ppl: 78.244704, mean_rwd: 0.006274, exp_rwd_loss: 0.006650, update_loss: 5.001424
step: 86500, v_ppl: 84.637542, tst_ppl: 78.244704, mean_rwd: 0.004286, exp_rwd_loss: 0.004944, update_loss: 3.525621
step: 86600, v_ppl: 84.637545, tst_ppl: 78.244703, mean_rwd: -0.002416, exp_rwd_loss: 0.002863, update_loss: -1.949352
step: 86700, v_ppl: 84.637545, tst_ppl: 78.244704, mean_rwd: -0.001467, exp_rwd_loss: 0.003241, update_loss: -1.389948
step: 86800, v_ppl: 84.637542, tst_ppl: 78.244704, mean_rwd: -0.000602, exp_rwd_loss: 0.002241, update_loss: -0.428047
step: 86900, v_ppl: 84.637542, tst_ppl: 78.244705, mean_rwd: -0.002416, exp_rwd_loss: 0.003617, update_loss: -1.822110
step: 87000, v_ppl: 84.637542, tst_ppl: 78.244704, mean_rwd: -0.012689, exp_rwd_loss: 0.013292, update_loss: -10.573180
step: 87100, v_ppl: 84.637545, tst_ppl: 78.244704, mean_rwd: 0.003043, exp_rwd_loss: 0.003726, update_loss: 2.428354
step: 87200, v_ppl: 84.637542, tst_ppl: 78.244704, mean_rwd: 0.001167, exp_rwd_loss: 0.002849, update_loss: 1.017826
step: 87300, v_ppl: 84.637544, tst_ppl: 78.244703, mean_rwd: 0.004164, exp_rwd_loss: 0.004712, update_loss: 3.369643
step: 87400, v_ppl: 84.637541, tst_ppl: 78.244704, mean_rwd: -0.000584, exp_rwd_loss: 0.002123, update_loss: -0.673360
step: 87500, v_ppl: 84.637540, tst_ppl: 78.244703, mean_rwd: 0.003684, exp_rwd_loss: 0.004037, update_loss: 2.845142
step: 87600, v_ppl: 84.637544, tst_ppl: 78.244704, mean_rwd: 0.003857, exp_rwd_loss: 0.004327, update_loss: 3.076283
step: 87700, v_ppl: 84.637544, tst_ppl: 78.244705, mean_rwd: -0.002133, exp_rwd_loss: 0.003391, update_loss: -1.959844
step: 87800, v_ppl: 84.637541, tst_ppl: 78.244704, mean_rwd: -0.005496, exp_rwd_loss: 0.005647, update_loss: -3.892050
step: 87900, v_ppl: 84.637542, tst_ppl: 78.244704, mean_rwd: 0.006065, exp_rwd_loss: 0.006376, update_loss: 5.054293
step: 88000, v_ppl: 84.637545, tst_ppl: 78.244704, mean_rwd: -0.007559, exp_rwd_loss: 0.007804, update_loss: -6.053041
step: 88100, v_ppl: 84.637544, tst_ppl: 78.244705, mean_rwd: 0.003171, exp_rwd_loss: 0.003674, update_loss: 2.504600
step: 88200, v_ppl: 84.637542, tst_ppl: 78.244705, mean_rwd: -0.000287, exp_rwd_loss: 0.002383, update_loss: -0.461514
step: 88300, v_ppl: 84.637542, tst_ppl: 78.244704, mean_rwd: -0.003792, exp_rwd_loss: 0.004371, update_loss: -3.243966
step: 88400, v_ppl: 84.637544, tst_ppl: 78.244704, mean_rwd: 0.004475, exp_rwd_loss: 0.005023, update_loss: 3.868807
step: 88500, v_ppl: 84.637544, tst_ppl: 78.244703, mean_rwd: 0.001762, exp_rwd_loss: 0.002401, update_loss: 1.394437
step: 88600, v_ppl: 84.637542, tst_ppl: 78.244704, mean_rwd: 0.001192, exp_rwd_loss: 0.003324, update_loss: 0.863248
step: 88700, v_ppl: 84.637542, tst_ppl: 78.244704, mean_rwd: -0.000641, exp_rwd_loss: 0.002105, update_loss: -0.557713
step: 88800, v_ppl: 84.637542, tst_ppl: 78.244704, mean_rwd: -0.005667, exp_rwd_loss: 0.005907, update_loss: -4.259824
step: 88900, v_ppl: 84.637542, tst_ppl: 78.244704, mean_rwd: -0.000810, exp_rwd_loss: 0.004089, update_loss: -0.494328
step: 89000, v_ppl: 84.637544, tst_ppl: 78.244705, mean_rwd: 0.003935, exp_rwd_loss: 0.004391, update_loss: 3.106578
step: 89100, v_ppl: 84.637545, tst_ppl: 78.244704, mean_rwd: -0.001347, exp_rwd_loss: 0.004439, update_loss: -1.001169
step: 89200, v_ppl: 84.637544, tst_ppl: 78.244703, mean_rwd: 0.004980, exp_rwd_loss: 0.005127, update_loss: 3.745706
step: 89300, v_ppl: 84.637544, tst_ppl: 78.244704, mean_rwd: 0.000635, exp_rwd_loss: 0.001754, update_loss: 0.345268
step: 89400, v_ppl: 84.637544, tst_ppl: 78.244704, mean_rwd: -0.000244, exp_rwd_loss: 0.002662, update_loss: -0.193165
step: 89500, v_ppl: 84.637544, tst_ppl: 78.244704, mean_rwd: 0.000729, exp_rwd_loss: 0.002426, update_loss: 0.655047
step: 89600, v_ppl: 84.637542, tst_ppl: 78.244705, mean_rwd: 0.003393, exp_rwd_loss: 0.004134, update_loss: 2.597911
step: 89700, v_ppl: 84.637544, tst_ppl: 78.244705, mean_rwd: -0.003327, exp_rwd_loss: 0.003948, update_loss: -2.597507
step: 89800, v_ppl: 84.637541, tst_ppl: 78.244704, mean_rwd: 0.003645, exp_rwd_loss: 0.003835, update_loss: 2.987520
step: 89900, v_ppl: 84.637545, tst_ppl: 78.244703, mean_rwd: 0.006429, exp_rwd_loss: 0.006771, update_loss: 5.275925
step: 90000, v_ppl: 84.637544, tst_ppl: 78.244703, mean_rwd: -0.001058, exp_rwd_loss: 0.002204, update_loss: -0.820766
step: 90100, v_ppl: 84.637546, tst_ppl: 78.244703, mean_rwd: -0.003919, exp_rwd_loss: 0.004229, update_loss: -3.145401
step: 90200, v_ppl: 84.637544, tst_ppl: 78.244704, mean_rwd: -0.001113, exp_rwd_loss: 0.002421, update_loss: -0.871789
step: 90300, v_ppl: 84.637540, tst_ppl: 78.244705, mean_rwd: -0.015087, exp_rwd_loss: 0.015109, update_loss: -11.753526
step: 90400, v_ppl: 84.637545, tst_ppl: 78.244704, mean_rwd: -0.008313, exp_rwd_loss: 0.008492, update_loss: -6.684937
step: 90500, v_ppl: 84.637542, tst_ppl: 78.244704, mean_rwd: -0.002724, exp_rwd_loss: 0.003090, update_loss: -2.240217
step: 90600, v_ppl: 84.637542, tst_ppl: 78.244704, mean_rwd: -0.001675, exp_rwd_loss: 0.003163, update_loss: -1.384178
step: 90700, v_ppl: 84.637544, tst_ppl: 78.244704, mean_rwd: -0.006777, exp_rwd_loss: 0.006888, update_loss: -5.396495
step: 90800, v_ppl: 84.637544, tst_ppl: 78.244705, mean_rwd: 0.006313, exp_rwd_loss: 0.006575, update_loss: 5.035224
step: 90900, v_ppl: 84.637542, tst_ppl: 78.244704, mean_rwd: -0.002587, exp_rwd_loss: 0.003249, update_loss: -2.194443
step: 91000, v_ppl: 84.637544, tst_ppl: 78.244705, mean_rwd: -0.005390, exp_rwd_loss: 0.005712, update_loss: -4.117309
