train_file:/home/syp/zwr/txtgen/examples/long_text/yahoo_data/yahoo.train.txt
valid_file:/home/syp/zwr/txtgen/examples/long_text/yahoo_data/yahoo.valid.txt
logdir:./log_dir/bsize64.epoch150.seqlen16.random.present0.2.partition2/
step:1 source:(64, 18) loss:6.61014
step:201 source:(64, 18) loss:5.83366
step:401 source:(64, 18) loss:5.19746
step:601 source:(64, 18) loss:4.82211
step:801 source:(64, 18) loss:4.55076
step:1001 source:(64, 18) loss:4.40185
step:1201 source:(64, 18) loss:4.28164
step:1401 source:(64, 18) loss:4.15897
epoch:0 eval_bleu:14.569304883480072 template_bleu:12.946182489395142
the 0 epoch, highest bleu 14.569305
step:1601 source:(64, 18) loss:4.08735
step:1801 source:(64, 18) loss:4.14551
step:2001 source:(64, 18) loss:4.11184
step:2201 source:(64, 18) loss:3.92535
step:2401 source:(64, 18) loss:3.96592
step:2601 source:(64, 18) loss:3.90742
step:2801 source:(64, 18) loss:3.97695
step:3001 source:(64, 18) loss:3.9097
epoch:1 eval_bleu:16.4288267493248 template_bleu:12.641455233097076
the 1 epoch, highest bleu 16.428827
step:3201 source:(64, 18) loss:3.78893
step:3401 source:(64, 18) loss:3.77182
step:3601 source:(64, 18) loss:3.96808
step:3801 source:(64, 18) loss:3.82217
step:4001 source:(64, 18) loss:3.82611
step:4201 source:(64, 18) loss:3.73253
step:4401 source:(64, 18) loss:3.80849
step:4601 source:(64, 18) loss:3.89168
epoch:2 eval_bleu:15.318560600280762 template_bleu:12.74474412202835
step:4801 source:(64, 18) loss:3.75032
step:5001 source:(64, 18) loss:3.74244
step:5201 source:(64, 18) loss:3.7978
step:5401 source:(64, 18) loss:3.72604
step:5601 source:(64, 18) loss:3.72424
step:5801 source:(64, 18) loss:3.58788
step:6001 source:(64, 18) loss:3.77001
step:6201 source:(64, 18) loss:3.74047
epoch:3 eval_bleu:14.33284878730774 template_bleu:11.435773968696594
step:6401 source:(64, 18) loss:3.74288
step:6601 source:(64, 18) loss:3.69298
step:6801 source:(64, 18) loss:3.69412
step:7001 source:(64, 18) loss:3.6428
step:7201 source:(64, 18) loss:3.67247
step:7401 source:(64, 18) loss:3.60625
step:7601 source:(64, 18) loss:3.60585
step:7801 source:(64, 18) loss:3.66058
epoch:4 eval_bleu:15.369796752929688 template_bleu:12.223836034536362
step:8001 source:(64, 18) loss:3.63158
step:8201 source:(64, 18) loss:3.65189
step:8401 source:(64, 18) loss:3.69117
step:8601 source:(64, 18) loss:3.62779
step:8801 source:(64, 18) loss:3.65929
step:9001 source:(64, 18) loss:3.65855
step:9201 source:(64, 18) loss:3.64534
epoch:5 eval_bleu:15.598775446414948 template_bleu:12.15185597538948
step:9401 source:(64, 18) loss:3.60649
step:9601 source:(64, 18) loss:3.62489
step:9801 source:(64, 18) loss:3.68843
step:10001 source:(64, 18) loss:3.62409
step:10201 source:(64, 18) loss:3.53706
step:10401 source:(64, 18) loss:3.67014
step:10601 source:(64, 18) loss:3.68255
step:10801 source:(64, 18) loss:3.60865
epoch:6 eval_bleu:16.431084275245667 template_bleu:12.588191032409668
the 6 epoch, highest bleu 16.431084
step:11001 source:(64, 18) loss:3.50734
step:11201 source:(64, 18) loss:3.59395
step:11401 source:(64, 18) loss:3.64292
step:11601 source:(64, 18) loss:3.55799
step:11801 source:(64, 18) loss:3.59536
step:12001 source:(64, 18) loss:3.66455
step:12201 source:(64, 18) loss:3.65928
step:12401 source:(64, 18) loss:3.5418
epoch:7 eval_bleu:17.800194025039673 template_bleu:12.931215763092041
the 7 epoch, highest bleu 17.800194
step:12601 source:(64, 18) loss:3.71473
step:12801 source:(64, 18) loss:3.60855
step:13001 source:(64, 18) loss:3.56445
step:13201 source:(64, 18) loss:3.53206
step:13401 source:(64, 18) loss:3.62882
step:13601 source:(64, 18) loss:3.65512
step:13801 source:(64, 18) loss:3.61297
step:14001 source:(64, 18) loss:3.61578
epoch:8 eval_bleu:16.349340975284576 template_bleu:12.331992387771606
step:14201 source:(64, 18) loss:3.60261
step:14401 source:(64, 18) loss:3.57832
step:14601 source:(64, 18) loss:3.55218
step:14801 source:(64, 18) loss:3.6098
step:15001 source:(64, 18) loss:3.60673
step:15201 source:(64, 18) loss:3.62721
step:15401 source:(64, 18) loss:3.58851
step:15601 source:(64, 18) loss:3.58046
epoch:9 eval_bleu:17.566613852977753 template_bleu:12.196909636259079
step:15801 source:(64, 18) loss:4.05698
step:16001 source:(64, 18) loss:3.55098
step:16201 source:(64, 18) loss:3.60628
step:16401 source:(64, 18) loss:3.658
step:16601 source:(64, 18) loss:3.59735
step:16801 source:(64, 18) loss:3.48991
step:17001 source:(64, 18) loss:3.60911
epoch:10 eval_bleu:17.255257070064545 template_bleu:12.79398500919342
step:17201 source:(64, 18) loss:3.54519
step:17401 source:(64, 18) loss:3.58123
step:17601 source:(64, 18) loss:3.5497
step:17801 source:(64, 18) loss:3.53273
step:18001 source:(64, 18) loss:3.70156
step:18201 source:(64, 18) loss:3.52366
step:18401 source:(64, 18) loss:3.53028
step:18601 source:(64, 18) loss:3.53357
epoch:11 eval_bleu:17.807693779468536 template_bleu:12.913720309734344
the 11 epoch, highest bleu 17.807694
step:18801 source:(64, 18) loss:3.54614
step:19001 source:(64, 18) loss:3.57743
step:19201 source:(64, 18) loss:3.56695
step:19401 source:(64, 18) loss:3.666
step:19601 source:(64, 18) loss:4.38852
step:19801 source:(64, 18) loss:3.68115
step:20001 source:(64, 18) loss:3.62763
step:20201 source:(64, 18) loss:3.53369
epoch:12 eval_bleu:16.82995706796646 template_bleu:12.535002827644348
step:20401 source:(64, 18) loss:3.61774
step:20601 source:(64, 18) loss:3.58551
step:20801 source:(64, 18) loss:3.60532
step:21001 source:(64, 18) loss:3.60734
step:21201 source:(64, 18) loss:3.565
step:21401 source:(64, 18) loss:3.54909
step:21601 source:(64, 18) loss:3.68757
step:21801 source:(64, 18) loss:3.62859
epoch:13 eval_bleu:17.13627278804779 template_bleu:12.409983575344086
step:22001 source:(64, 18) loss:3.65226
step:22201 source:(64, 18) loss:3.5348
step:22401 source:(64, 18) loss:3.59353
step:22601 source:(64, 18) loss:3.63811
step:22801 source:(64, 18) loss:3.57426
step:23001 source:(64, 18) loss:3.56405
step:23201 source:(64, 18) loss:3.58737
step:23401 source:(64, 18) loss:3.74624
epoch:14 eval_bleu:17.241065204143524 template_bleu:12.229292839765549
step:23601 source:(64, 18) loss:3.59951
step:23801 source:(64, 18) loss:3.64983
step:24001 source:(64, 18) loss:3.59731
step:24201 source:(64, 18) loss:3.5549
step:24401 source:(64, 18) loss:3.66103
step:24601 source:(64, 18) loss:3.74767
step:24801 source:(64, 18) loss:3.60341
step:25001 source:(64, 18) loss:3.60715
epoch:15 eval_bleu:17.52168834209442 template_bleu:13.159321248531342
step:25201 source:(64, 18) loss:3.63019
step:25401 source:(64, 18) loss:3.70215
step:25601 source:(64, 18) loss:4.0217
step:25801 source:(64, 18) loss:3.65337
step:26001 source:(64, 18) loss:3.64328
step:26201 source:(64, 18) loss:3.6963
step:26401 source:(64, 18) loss:3.58337
epoch:16 eval_bleu:17.463594675064087 template_bleu:12.866123020648956
step:26601 source:(64, 18) loss:3.66672
step:26801 source:(64, 18) loss:3.6348
step:27001 source:(64, 18) loss:3.71175
step:27201 source:(64, 18) loss:3.6232
step:27401 source:(64, 18) loss:3.62816
step:27601 source:(64, 18) loss:3.6171
step:27801 source:(64, 18) loss:3.6568
step:28001 source:(64, 18) loss:3.67702
epoch:17 eval_bleu:16.873793303966522 template_bleu:12.327741831541061
step:28201 source:(64, 18) loss:3.64272
step:28401 source:(64, 18) loss:3.5979
step:28601 source:(64, 18) loss:3.64523
step:28801 source:(64, 18) loss:3.5642
step:29001 source:(64, 18) loss:3.60971
step:29201 source:(64, 18) loss:3.56618
step:29401 source:(64, 18) loss:3.55927
step:29601 source:(64, 18) loss:4.51804
epoch:18 eval_bleu:9.266608953475952 template_bleu:12.893210351467133
step:29801 source:(64, 18) loss:4.44742
step:30001 source:(64, 18) loss:3.70318
step:30201 source:(64, 18) loss:3.75274
step:30401 source:(64, 18) loss:3.54566
step:30601 source:(64, 18) loss:3.66242
step:30801 source:(64, 18) loss:3.65735
step:31001 source:(64, 18) loss:3.66532
step:31201 source:(64, 18) loss:3.64162
epoch:19 eval_bleu:17.518140375614166 template_bleu:12.925420701503754
step:31401 source:(64, 18) loss:3.65726
step:31601 source:(64, 18) loss:3.6743
step:31801 source:(64, 18) loss:3.54675
step:32001 source:(64, 18) loss:3.64782
step:32201 source:(64, 18) loss:3.69526
step:32401 source:(64, 18) loss:3.6061
step:32601 source:(64, 18) loss:3.71698
step:32801 source:(64, 18) loss:3.65244
epoch:20 eval_bleu:16.52078479528427 template_bleu:12.044055014848709
step:33001 source:(64, 18) loss:3.67264
step:33201 source:(64, 18) loss:3.73564
step:33401 source:(64, 18) loss:3.66352
step:33601 source:(64, 18) loss:3.67569
step:33801 source:(64, 18) loss:3.58764
step:34001 source:(64, 18) loss:3.62422
step:34201 source:(64, 18) loss:3.68501
epoch:21 eval_bleu:17.680521309375763 template_bleu:12.367566674947739
step:34401 source:(64, 18) loss:3.69696
step:34601 source:(64, 18) loss:3.56215
step:34801 source:(64, 18) loss:3.67142
step:35001 source:(64, 18) loss:3.6576
step:35201 source:(64, 18) loss:3.85304
step:35401 source:(64, 18) loss:3.70358
step:35601 source:(64, 18) loss:3.63938
step:35801 source:(64, 18) loss:3.6212
epoch:22 eval_bleu:17.73090958595276 template_bleu:12.831123173236847
step:36001 source:(64, 18) loss:3.72182
step:36201 source:(64, 18) loss:3.65302
step:36401 source:(64, 18) loss:3.75667
step:36601 source:(64, 18) loss:3.63253
step:36801 source:(64, 18) loss:3.67187
step:37001 source:(64, 18) loss:3.61923
step:37201 source:(64, 18) loss:3.67166
step:37401 source:(64, 18) loss:3.64823
epoch:23 eval_bleu:13.145895302295685 template_bleu:12.378071993589401
step:37601 source:(64, 18) loss:4.27733
step:37801 source:(64, 18) loss:3.9299
step:38001 source:(64, 18) loss:3.80785
step:38201 source:(64, 18) loss:3.93492
step:38401 source:(64, 18) loss:4.25582
step:38601 source:(64, 18) loss:4.26086
step:38801 source:(64, 18) loss:4.14855
step:39001 source:(64, 18) loss:4.21622
epoch:24 eval_bleu:12.141641229391098 template_bleu:11.99958473443985
step:39201 source:(64, 18) loss:3.75065
step:39401 source:(64, 18) loss:3.73414
step:39601 source:(64, 18) loss:3.73204
step:39801 source:(64, 18) loss:3.68134
step:40001 source:(64, 18) loss:3.76198
step:40201 source:(64, 18) loss:3.69393
step:40401 source:(64, 18) loss:3.72167
step:40601 source:(64, 18) loss:3.72527
epoch:25 eval_bleu:17.77406632900238 template_bleu:12.991498410701752
step:40801 source:(64, 18) loss:3.69031
step:41001 source:(64, 18) loss:3.65288
step:41201 source:(64, 18) loss:3.70041
step:41401 source:(64, 18) loss:3.73989
step:41601 source:(64, 18) loss:3.79626
step:41801 source:(64, 18) loss:3.72967
step:42001 source:(64, 18) loss:3.74318
step:42201 source:(32, 18) loss:3.73579
epoch:26 eval_bleu:17.154310643672943 template_bleu:12.179593741893768
step:42401 source:(64, 18) loss:3.63384
step:42601 source:(64, 18) loss:3.67229
step:42801 source:(64, 18) loss:3.70229
step:43001 source:(64, 18) loss:3.72673
step:43201 source:(64, 18) loss:4.39164
step:43401 source:(64, 18) loss:3.77669
step:43601 source:(64, 18) loss:3.69472
epoch:27 eval_bleu:16.738715767860413 template_bleu:11.723677814006805
step:43801 source:(64, 18) loss:3.73179
step:44001 source:(64, 18) loss:3.70739
step:44201 source:(64, 18) loss:3.74996
step:44401 source:(64, 18) loss:3.75736
step:44601 source:(64, 18) loss:3.66632
step:44801 source:(64, 18) loss:3.70538
step:45001 source:(64, 18) loss:3.72558
step:45201 source:(64, 18) loss:3.6814
epoch:28 eval_bleu:18.46148669719696 template_bleu:12.655112147331238
the 28 epoch, highest bleu 18.461487
step:45401 source:(64, 18) loss:3.64458
step:45601 source:(64, 18) loss:3.66618
step:45801 source:(64, 18) loss:3.7391
step:46001 source:(64, 18) loss:3.62545
step:46201 source:(64, 18) loss:3.76402
step:46401 source:(64, 18) loss:3.7398
step:46601 source:(64, 18) loss:3.68647
step:46801 source:(64, 18) loss:3.64384
epoch:29 eval_bleu:10.310184210538864 template_bleu:12.775550782680511
step:47001 source:(64, 18) loss:3.70087
step:47201 source:(64, 18) loss:3.72579
step:47401 source:(64, 18) loss:3.63791
step:47601 source:(64, 18) loss:3.62807
step:47801 source:(64, 18) loss:3.8445
step:48001 source:(64, 18) loss:3.65564
step:48201 source:(64, 18) loss:3.65783
step:48401 source:(64, 18) loss:3.72812
epoch:30 eval_bleu:17.23496913909912 template_bleu:12.32982724905014
step:48601 source:(64, 18) loss:3.77163
step:48801 source:(64, 18) loss:3.75624
step:49001 source:(64, 18) loss:3.7562
step:49201 source:(64, 18) loss:3.63821
step:49401 source:(64, 18) loss:3.69905
step:49601 source:(64, 18) loss:3.74888
step:49801 source:(64, 18) loss:3.71623
step:50001 source:(64, 18) loss:3.65148
epoch:31 eval_bleu:17.469637095928192 template_bleu:12.24866509437561
step:50201 source:(64, 18) loss:3.63357
step:50401 source:(64, 18) loss:3.68838
step:50601 source:(64, 18) loss:3.71214
step:50801 source:(64, 18) loss:3.59759
step:51001 source:(64, 18) loss:3.69742
step:51201 source:(64, 18) loss:3.611
step:51401 source:(64, 18) loss:3.63458
epoch:32 eval_bleu:17.544972896575928 template_bleu:13.130107522010803
step:51601 source:(64, 18) loss:3.61455
step:51801 source:(64, 18) loss:3.65649
step:52001 source:(64, 18) loss:3.6062
step:52201 source:(64, 18) loss:3.66615
step:52401 source:(64, 18) loss:3.75593
step:52601 source:(64, 18) loss:3.73149
step:52801 source:(64, 18) loss:3.64795
step:53001 source:(64, 18) loss:3.62374
epoch:33 eval_bleu:18.341122567653656 template_bleu:12.856347858905792
step:53201 source:(64, 18) loss:3.76478
step:53401 source:(64, 18) loss:3.72719
step:53601 source:(64, 18) loss:3.72097
step:53801 source:(64, 18) loss:3.58121
step:54001 source:(64, 18) loss:3.67763
step:54201 source:(64, 18) loss:3.67055
step:54401 source:(64, 18) loss:3.64825
step:54601 source:(64, 18) loss:4.28868
epoch:34 eval_bleu:17.392143607139587 template_bleu:12.441299855709076
step:54801 source:(64, 18) loss:4.4003
step:55001 source:(64, 18) loss:3.81062
step:55201 source:(64, 18) loss:3.69927
step:55401 source:(64, 18) loss:3.79473
step:55601 source:(64, 18) loss:3.7449
step:55801 source:(64, 18) loss:3.64739
step:56001 source:(64, 18) loss:3.7241
step:56201 source:(64, 18) loss:3.62373
epoch:35 eval_bleu:16.70350730419159 template_bleu:12.525138258934021
step:56401 source:(64, 18) loss:3.67455
step:56601 source:(64, 18) loss:3.58414
step:56801 source:(64, 18) loss:3.63424
step:57001 source:(64, 18) loss:3.68946
step:57201 source:(64, 18) loss:3.67892
step:57401 source:(64, 18) loss:3.69279
step:57601 source:(64, 18) loss:3.63577
step:57801 source:(64, 18) loss:4.10964
epoch:36 eval_bleu:16.672687232494354 template_bleu:12.867072224617004
step:58001 source:(64, 18) loss:3.70039
step:58201 source:(64, 18) loss:3.63573
step:58401 source:(64, 18) loss:3.73601
step:58601 source:(64, 18) loss:3.65196
step:58801 source:(64, 18) loss:3.68649
step:59001 source:(64, 18) loss:3.58394
step:59201 source:(64, 18) loss:3.62392
epoch:37 eval_bleu:16.6972815990448 template_bleu:12.26734071969986
step:59401 source:(64, 18) loss:3.66871
step:59601 source:(64, 18) loss:3.70633
step:59801 source:(64, 18) loss:3.70414
step:60001 source:(64, 18) loss:3.52892
step:60201 source:(64, 18) loss:3.56718
step:60401 source:(64, 18) loss:3.61218
step:60601 source:(64, 18) loss:3.64082
step:60801 source:(64, 18) loss:3.55873
epoch:38 eval_bleu:17.111624777317047 template_bleu:12.484738230705261
step:61001 source:(64, 18) loss:3.63599
step:61201 source:(64, 18) loss:3.58493
step:61401 source:(64, 18) loss:3.65517
step:61601 source:(64, 18) loss:3.71032
step:61801 source:(64, 18) loss:3.64715
step:62001 source:(64, 18) loss:3.61807
step:62201 source:(64, 18) loss:3.65335
step:62401 source:(64, 18) loss:3.71
epoch:39 eval_bleu:18.34334135055542 template_bleu:12.737874686717987
step:62601 source:(64, 18) loss:3.574
step:62801 source:(64, 18) loss:3.60071
step:63001 source:(64, 18) loss:4.42006
step:63201 source:(64, 18) loss:3.61194
step:63401 source:(64, 18) loss:3.69931
step:63601 source:(64, 18) loss:3.55344
step:63801 source:(64, 18) loss:3.60409
step:64001 source:(64, 18) loss:3.60423
epoch:40 eval_bleu:17.81133860349655 template_bleu:12.620104849338531
step:64201 source:(64, 18) loss:3.70849
step:64401 source:(64, 18) loss:3.61795
step:64601 source:(64, 18) loss:3.643
step:64801 source:(64, 18) loss:3.64214
step:65001 source:(64, 18) loss:3.60991
step:65201 source:(64, 18) loss:3.63994
step:65401 source:(64, 18) loss:3.80433
step:65601 source:(64, 18) loss:4.05441
epoch:41 eval_bleu:16.68889820575714 template_bleu:12.671895325183868
step:65801 source:(64, 18) loss:3.70407
step:66001 source:(64, 18) loss:3.69858
step:66201 source:(64, 18) loss:3.64585
step:66401 source:(64, 18) loss:3.65761
step:66601 source:(64, 18) loss:3.70526
step:66801 source:(64, 18) loss:3.6792
step:67001 source:(64, 18) loss:3.74529
step:67201 source:(64, 18) loss:3.72607
epoch:42 eval_bleu:17.538996040821075 template_bleu:12.658204138278961
step:67401 source:(64, 18) loss:3.69873
step:67601 source:(64, 18) loss:3.69756
step:67801 source:(64, 18) loss:3.68838
step:68001 source:(64, 18) loss:3.69199
step:68201 source:(64, 18) loss:3.66701
step:68401 source:(64, 18) loss:3.7058
step:68601 source:(64, 18) loss:3.66509
epoch:43 eval_bleu:17.34561324119568 template_bleu:12.85482794046402
step:68801 source:(64, 18) loss:3.68906
step:69001 source:(64, 18) loss:3.67057
step:69201 source:(64, 18) loss:3.62564
step:69401 source:(64, 18) loss:3.57507
step:69601 source:(64, 18) loss:3.59756
step:69801 source:(64, 18) loss:3.74617
step:70001 source:(64, 18) loss:3.57853
step:70201 source:(64, 18) loss:3.59921
epoch:44 eval_bleu:17.31867343187332 template_bleu:13.18613886833191
step:70401 source:(64, 18) loss:3.58574
step:70601 source:(64, 18) loss:3.67399
step:70801 source:(64, 18) loss:3.60369
step:71001 source:(64, 18) loss:3.67597
step:71201 source:(64, 18) loss:3.63851
step:71401 source:(64, 18) loss:3.57042
step:71601 source:(64, 18) loss:3.56792
step:71801 source:(64, 18) loss:3.65468
epoch:45 eval_bleu:18.012522161006927 template_bleu:12.84913569688797
step:72001 source:(64, 18) loss:3.63173
step:72201 source:(64, 18) loss:3.5728
step:72401 source:(64, 18) loss:3.53471
step:72601 source:(64, 18) loss:3.60044
step:72801 source:(64, 18) loss:3.62119
step:73001 source:(64, 18) loss:3.66249
step:73201 source:(64, 18) loss:3.56533
step:73401 source:(64, 18) loss:3.60761
epoch:46 eval_bleu:15.726114809513092 template_bleu:12.858931720256805
step:73601 source:(64, 18) loss:3.78451
step:73801 source:(64, 18) loss:3.65623
step:74001 source:(64, 18) loss:3.6798
step:74201 source:(64, 18) loss:3.7251
step:74401 source:(64, 18) loss:3.64601
step:74601 source:(64, 18) loss:3.66946
step:74801 source:(64, 18) loss:3.89516
step:75001 source:(64, 18) loss:3.76563
epoch:47 eval_bleu:16.314776241779327 template_bleu:12.740989029407501
step:75201 source:(64, 18) loss:3.75366
step:75401 source:(64, 18) loss:3.61906
step:75601 source:(64, 18) loss:3.6521
step:75801 source:(64, 18) loss:3.67845
step:76001 source:(64, 18) loss:3.62199
step:76201 source:(64, 18) loss:3.63068
step:76401 source:(64, 18) loss:3.67283
epoch:48 eval_bleu:17.45755225419998 template_bleu:12.595883011817932
step:76601 source:(64, 18) loss:3.69898
step:76801 source:(64, 18) loss:3.621
step:77001 source:(64, 18) loss:3.66625
step:77201 source:(64, 18) loss:3.67241
step:77401 source:(64, 18) loss:3.60809
step:77601 source:(64, 18) loss:3.62969
step:77801 source:(64, 18) loss:3.66169
step:78001 source:(64, 18) loss:3.62193
epoch:49 eval_bleu:18.03489327430725 template_bleu:12.631171941757202
step:78201 source:(64, 18) loss:3.60506
step:78401 source:(64, 18) loss:3.6172
step:78601 source:(64, 18) loss:3.64716
step:78801 source:(64, 18) loss:3.67382
step:79001 source:(64, 18) loss:3.74649
step:79201 source:(64, 18) loss:3.56948
step:79401 source:(64, 18) loss:3.53636
step:79601 source:(64, 18) loss:3.50376
epoch:50 eval_bleu:19.155293703079224 template_bleu:13.455575704574585
the 50 epoch, highest bleu 19.155294
step:79801 source:(64, 18) loss:3.58039
step:80001 source:(64, 18) loss:3.63882
step:80201 source:(64, 18) loss:3.56025
step:80401 source:(64, 18) loss:3.57089
step:80601 source:(64, 18) loss:3.53926
step:80801 source:(64, 18) loss:3.68439
step:81001 source:(64, 18) loss:3.56426
step:81201 source:(64, 18) loss:3.66585
epoch:51 eval_bleu:17.146600782871246 template_bleu:12.531058490276337
step:81401 source:(64, 18) loss:3.56684
step:81601 source:(64, 18) loss:3.58828
step:81801 source:(64, 18) loss:3.64153
step:82001 source:(64, 18) loss:3.63997
step:82201 source:(64, 18) loss:3.57259
step:82401 source:(64, 18) loss:3.69388
step:82601 source:(64, 18) loss:3.6321
step:82801 source:(64, 18) loss:3.54354
epoch:52 eval_bleu:17.252089083194733 template_bleu:12.861673533916473
step:83001 source:(64, 18) loss:3.61785
step:83201 source:(64, 18) loss:3.54118
step:83401 source:(64, 18) loss:3.60293
step:83601 source:(64, 18) loss:3.6769
step:83801 source:(64, 18) loss:3.6356
step:84001 source:(64, 18) loss:3.57329
step:84201 source:(64, 18) loss:3.60118
step:84401 source:(64, 18) loss:3.62331
epoch:53 eval_bleu:18.14529597759247 template_bleu:12.921372056007385
step:84601 source:(64, 18) loss:3.61891
step:84801 source:(64, 18) loss:3.61179
step:85001 source:(64, 18) loss:3.72324
step:85201 source:(64, 18) loss:3.60366
step:85401 source:(64, 18) loss:3.56383
step:85601 source:(64, 18) loss:3.71945
step:85801 source:(64, 18) loss:3.61922
epoch:54 eval_bleu:17.11369901895523 template_bleu:12.395814061164856
step:86001 source:(64, 18) loss:3.59688
step:86201 source:(64, 18) loss:3.63031
step:86401 source:(64, 18) loss:3.6329
step:86601 source:(64, 18) loss:3.6191
step:86801 source:(64, 18) loss:3.63677
step:87001 source:(64, 18) loss:3.55631
step:87201 source:(64, 18) loss:3.61201
step:87401 source:(64, 18) loss:3.75287
epoch:55 eval_bleu:17.850953340530396 template_bleu:13.199928402900696
step:87601 source:(64, 18) loss:3.50348
step:87801 source:(64, 18) loss:3.56524
step:88001 source:(64, 18) loss:3.55061
step:88201 source:(64, 18) loss:3.6157
step:88401 source:(64, 18) loss:3.61302
step:88601 source:(64, 18) loss:3.56209
step:88801 source:(64, 18) loss:3.6854
step:89001 source:(64, 18) loss:3.55709
epoch:56 eval_bleu:17.783458530902863 template_bleu:12.76661604642868
step:89201 source:(64, 18) loss:3.63746
step:89401 source:(64, 18) loss:3.56811
step:89601 source:(64, 18) loss:3.57222
step:89801 source:(64, 18) loss:3.61334
step:90001 source:(64, 18) loss:3.59321
step:90201 source:(64, 18) loss:3.48897
step:90401 source:(64, 18) loss:3.55095
step:90601 source:(64, 18) loss:3.59723
epoch:57 eval_bleu:17.721909284591675 template_bleu:12.979955971240997
step:90801 source:(64, 18) loss:3.56611
step:91001 source:(64, 18) loss:3.68125
step:91201 source:(64, 18) loss:3.60552
step:91401 source:(64, 18) loss:3.60033
step:91601 source:(64, 18) loss:3.70159
step:91801 source:(64, 18) loss:3.63077
step:92001 source:(64, 18) loss:3.59378
step:92201 source:(64, 18) loss:3.64698
epoch:58 eval_bleu:16.66751205921173 template_bleu:12.401704490184784
step:92401 source:(64, 18) loss:3.53711
step:92601 source:(64, 18) loss:3.58682
step:92801 source:(64, 18) loss:3.58026
step:93001 source:(64, 18) loss:3.57842
step:93201 source:(64, 18) loss:3.54287
step:93401 source:(64, 18) loss:3.54719
step:93601 source:(64, 18) loss:3.54912
epoch:59 eval_bleu:18.095415830612183 template_bleu:12.745974957942963
step:93801 source:(64, 18) loss:3.62847
step:94001 source:(64, 18) loss:3.5706
step:94201 source:(64, 18) loss:3.60332
step:94401 source:(64, 18) loss:3.65063
step:94601 source:(64, 18) loss:3.61826
step:94801 source:(64, 18) loss:3.56236
step:95001 source:(64, 18) loss:3.5692
step:95201 source:(64, 18) loss:3.49872
epoch:60 eval_bleu:16.586364805698395 template_bleu:12.476523965597153
step:95401 source:(64, 18) loss:3.59139
step:95601 source:(64, 18) loss:3.56756
step:95801 source:(64, 18) loss:3.53851
step:96001 source:(64, 18) loss:3.48836
step:96201 source:(64, 18) loss:3.5842
step:96401 source:(64, 18) loss:3.59619
step:96601 source:(64, 18) loss:3.61142
step:96801 source:(64, 18) loss:3.75006
epoch:61 eval_bleu:17.09766685962677 template_bleu:12.624040246009827
step:97001 source:(64, 18) loss:3.60193
step:97201 source:(64, 18) loss:3.53995
step:97401 source:(64, 18) loss:3.56994
step:97601 source:(64, 18) loss:3.55753
step:97801 source:(64, 18) loss:3.64348
step:98001 source:(64, 18) loss:3.49868
step:98201 source:(64, 18) loss:3.57735
step:98401 source:(64, 18) loss:3.63086
epoch:62 eval_bleu:16.62765145301819 template_bleu:12.41878867149353
step:98601 source:(64, 18) loss:3.52626
step:98801 source:(64, 18) loss:3.57709
step:99001 source:(64, 18) loss:3.63683
step:99201 source:(64, 18) loss:3.59381
step:99401 source:(64, 18) loss:3.57416
step:99601 source:(64, 18) loss:3.5991
step:99801 source:(64, 18) loss:3.66708
step:100001 source:(64, 18) loss:3.64639
epoch:63 eval_bleu:17.678889632225037 template_bleu:12.73883581161499
step:100201 source:(64, 18) loss:3.59257
step:100401 source:(64, 18) loss:3.51485
step:100601 source:(64, 18) loss:3.59742
step:100801 source:(64, 18) loss:3.54745
step:101001 source:(64, 18) loss:3.52043
step:101201 source:(64, 18) loss:3.61666
step:101401 source:(64, 18) loss:3.6355
epoch:64 eval_bleu:16.50473326444626 template_bleu:12.399157881736755
step:101601 source:(64, 18) loss:3.55425
step:101801 source:(64, 18) loss:3.50173
step:102001 source:(64, 18) loss:3.57607
step:102201 source:(64, 18) loss:3.56928
step:102401 source:(64, 18) loss:3.52732
step:102601 source:(64, 18) loss:3.56747
step:102801 source:(64, 18) loss:3.43395
step:103001 source:(64, 18) loss:3.59293
epoch:65 eval_bleu:17.3203244805336 template_bleu:12.767858803272247
step:103201 source:(64, 18) loss:3.61392
step:103401 source:(64, 18) loss:3.54854
step:103601 source:(64, 18) loss:3.52295
step:103801 source:(64, 18) loss:3.66776
step:104001 source:(64, 18) loss:3.72029
step:104201 source:(64, 18) loss:3.707
step:104401 source:(64, 18) loss:3.61477
step:104601 source:(64, 18) loss:3.73549
epoch:66 eval_bleu:17.11852103471756 template_bleu:13.02107572555542
step:104801 source:(64, 18) loss:3.69606
step:105001 source:(64, 18) loss:3.63508
step:105201 source:(64, 18) loss:3.62112
step:105401 source:(64, 18) loss:3.60895
step:105601 source:(64, 18) loss:3.58514
step:105801 source:(64, 18) loss:3.65005
step:106001 source:(64, 18) loss:3.5804
step:106201 source:(64, 18) loss:3.55665
epoch:67 eval_bleu:15.577025711536407 template_bleu:12.381908297538757
step:106401 source:(64, 18) loss:3.80257
step:106601 source:(64, 18) loss:3.72059
step:106801 source:(64, 18) loss:3.69091
step:107001 source:(64, 18) loss:3.72756
step:107201 source:(64, 18) loss:3.65838
step:107401 source:(64, 18) loss:3.71272
step:107601 source:(64, 18) loss:3.6377
step:107801 source:(64, 18) loss:3.70704
epoch:68 eval_bleu:18.12703162431717 template_bleu:13.196556270122528
step:108001 source:(64, 18) loss:3.64416
step:108201 source:(64, 18) loss:3.60147
step:108401 source:(64, 18) loss:3.55368
step:108601 source:(64, 18) loss:3.70293
step:108801 source:(64, 18) loss:3.66858
step:109001 source:(64, 18) loss:3.56497
step:109201 source:(64, 18) loss:3.6052
step:109401 source:(64, 18) loss:3.61835
epoch:69 eval_bleu:18.559741973876953 template_bleu:12.809473276138306
step:109601 source:(64, 18) loss:3.58323
step:109801 source:(64, 18) loss:3.60451
step:110001 source:(64, 18) loss:3.67998
step:110201 source:(64, 18) loss:3.55851
step:110401 source:(64, 18) loss:3.62925
step:110601 source:(64, 18) loss:3.55959
step:110801 source:(64, 18) loss:3.50757
epoch:70 eval_bleu:18.30144375562668 template_bleu:12.992125749588013
step:111001 source:(64, 18) loss:3.63897
step:111201 source:(64, 18) loss:3.63412
step:111401 source:(64, 18) loss:3.6448
step:111601 source:(64, 18) loss:3.61192
step:111801 source:(64, 18) loss:3.63979
step:112001 source:(64, 18) loss:3.61379
step:112201 source:(64, 18) loss:3.53951
step:112401 source:(64, 18) loss:3.59332
epoch:71 eval_bleu:16.454756259918213 template_bleu:13.044939935207367
step:112601 source:(64, 18) loss:3.97294
step:112801 source:(64, 18) loss:3.66672
step:113001 source:(64, 18) loss:3.59758
step:113201 source:(64, 18) loss:3.69442
step:113401 source:(64, 18) loss:3.68947
step:113601 source:(64, 18) loss:3.64721
step:113801 source:(64, 18) loss:3.54267
step:114001 source:(64, 18) loss:3.59395
epoch:72 eval_bleu:16.874012351036072 template_bleu:11.949308216571808
step:114201 source:(64, 18) loss:3.60405
step:114401 source:(64, 18) loss:3.61655
step:114601 source:(64, 18) loss:3.63869
step:114801 source:(64, 18) loss:3.60139
step:115001 source:(64, 18) loss:3.58651
step:115201 source:(64, 18) loss:3.53468
step:115401 source:(64, 18) loss:3.49683
step:115601 source:(64, 18) loss:3.59411
epoch:73 eval_bleu:17.69147664308548 template_bleu:12.558111548423767
step:115801 source:(64, 18) loss:3.4978
step:116001 source:(64, 18) loss:3.63266
step:116201 source:(64, 18) loss:3.60736
step:116401 source:(64, 18) loss:3.58184
step:116601 source:(64, 18) loss:3.47903
step:116801 source:(64, 18) loss:3.56013
step:117001 source:(64, 18) loss:3.68058
step:117201 source:(64, 18) loss:3.61592
epoch:74 eval_bleu:16.827845573425293 template_bleu:12.232019007205963
step:117401 source:(64, 18) loss:3.54333
step:117601 source:(64, 18) loss:3.49895
step:117801 source:(64, 18) loss:3.55763
step:118001 source:(64, 18) loss:3.44261
step:118201 source:(64, 18) loss:3.55718
step:118401 source:(64, 18) loss:3.52599
step:118601 source:(64, 18) loss:3.57432
epoch:75 eval_bleu:18.120820820331573 template_bleu:12.925858795642853
step:118801 source:(64, 18) loss:3.67007
step:119001 source:(64, 18) loss:3.69628
step:119201 source:(64, 18) loss:3.76621
step:119401 source:(64, 18) loss:3.59288
step:119601 source:(64, 18) loss:3.66029
step:119801 source:(64, 18) loss:3.52471
step:120001 source:(64, 18) loss:3.52396
step:120201 source:(64, 18) loss:3.71369
epoch:76 eval_bleu:17.123767733573914 template_bleu:12.680266797542572
step:120401 source:(64, 18) loss:3.50569
step:120601 source:(64, 18) loss:3.64528
step:120801 source:(64, 18) loss:3.49666
step:121001 source:(64, 18) loss:3.55041
step:121201 source:(64, 18) loss:3.626
step:121401 source:(64, 18) loss:3.54734
step:121601 source:(64, 18) loss:3.50397
step:121801 source:(64, 18) loss:3.54879
epoch:77 eval_bleu:17.68243908882141 template_bleu:12.421606481075287
step:122001 source:(64, 18) loss:3.59636
step:122201 source:(64, 18) loss:3.51472
step:122401 source:(64, 18) loss:3.58034
step:122601 source:(64, 18) loss:3.5561
step:122801 source:(64, 18) loss:3.61345
step:123001 source:(64, 18) loss:3.56284
step:123201 source:(64, 18) loss:3.55669
step:123401 source:(64, 18) loss:3.61359
epoch:78 eval_bleu:17.416565120220184 template_bleu:12.420109659433365
step:123601 source:(64, 18) loss:3.60042
step:123801 source:(64, 18) loss:3.57763
step:124001 source:(64, 18) loss:3.55323
step:124201 source:(64, 18) loss:3.59487
step:124401 source:(64, 18) loss:3.67707
step:124601 source:(64, 18) loss:3.62132
step:124801 source:(64, 18) loss:3.57144
step:125001 source:(64, 18) loss:3.6524
epoch:79 eval_bleu:17.13155061006546 template_bleu:12.725228071212769
step:125201 source:(64, 18) loss:3.75617
step:125401 source:(64, 18) loss:3.51998
step:125601 source:(64, 18) loss:3.57418
step:125801 source:(64, 18) loss:3.49978
step:126001 source:(64, 18) loss:3.58014
step:126201 source:(64, 18) loss:3.59791
step:126401 source:(64, 18) loss:3.56125
step:126601 source:(64, 18) loss:3.62143
epoch:80 eval_bleu:17.82924383878708 template_bleu:12.801222503185272
step:126801 source:(64, 18) loss:3.71746
step:127001 source:(64, 18) loss:3.57116
step:127201 source:(64, 18) loss:3.57167
step:127401 source:(64, 18) loss:3.69434
step:127601 source:(64, 18) loss:3.62569
step:127801 source:(64, 18) loss:3.58672
step:128001 source:(64, 18) loss:3.55477
epoch:81 eval_bleu:17.238301038742065 template_bleu:12.715697288513184
step:128201 source:(64, 18) loss:3.51379
step:128401 source:(64, 18) loss:3.52993
step:128601 source:(64, 18) loss:3.58733
step:128801 source:(64, 18) loss:3.60101
step:129001 source:(64, 18) loss:3.61987
step:129201 source:(64, 18) loss:3.63304
step:129401 source:(64, 18) loss:3.55888
step:129601 source:(64, 18) loss:3.62245
epoch:82 eval_bleu:16.989563405513763 template_bleu:12.619726359844208
step:129801 source:(64, 18) loss:3.84854
step:130001 source:(64, 18) loss:3.594
step:130201 source:(64, 18) loss:3.74881
step:130401 source:(64, 18) loss:3.66712
step:130601 source:(64, 18) loss:3.65037
step:130801 source:(64, 18) loss:3.48018
step:131001 source:(64, 18) loss:3.59756
step:131201 source:(64, 18) loss:3.64052
epoch:83 eval_bleu:17.653830349445343 template_bleu:13.127267360687256
step:131401 source:(64, 18) loss:3.68073
step:131601 source:(64, 18) loss:3.57444
step:131801 source:(64, 18) loss:3.51099
step:132001 source:(64, 18) loss:3.60122
step:132201 source:(64, 18) loss:3.66037
step:132401 source:(64, 18) loss:3.62102
step:132601 source:(64, 18) loss:3.71612
step:132801 source:(64, 18) loss:3.57024
epoch:84 eval_bleu:18.482811748981476 template_bleu:13.082525134086609
step:133001 source:(64, 18) loss:3.71192
step:133201 source:(64, 18) loss:3.7009
step:133401 source:(64, 18) loss:3.64822
step:133601 source:(64, 18) loss:3.58033
step:133801 source:(64, 18) loss:3.55389
step:134001 source:(64, 18) loss:3.5662
step:134201 source:(64, 18) loss:3.7033
step:134401 source:(64, 18) loss:3.55009
epoch:85 eval_bleu:17.40475296974182 template_bleu:12.275495380163193
step:134601 source:(64, 18) loss:3.59023
step:134801 source:(64, 18) loss:3.64287
step:135001 source:(64, 18) loss:3.55306
step:135201 source:(64, 18) loss:3.51764
step:135401 source:(64, 18) loss:3.61998
step:135601 source:(64, 18) loss:3.65842
step:135801 source:(64, 18) loss:3.62761
epoch:86 eval_bleu:17.794427275657654 template_bleu:12.787383794784546
step:136001 source:(64, 18) loss:3.52616
step:136201 source:(64, 18) loss:3.4785
step:136401 source:(64, 18) loss:3.60615
step:136601 source:(64, 18) loss:3.48581
step:136801 source:(64, 18) loss:3.55997
step:137001 source:(64, 18) loss:3.66297
step:137201 source:(64, 18) loss:3.56279
step:137401 source:(64, 18) loss:3.52936
epoch:87 eval_bleu:17.331206798553467 template_bleu:12.647603452205658
step:137601 source:(64, 18) loss:3.5815
step:137801 source:(64, 18) loss:3.61979
step:138001 source:(64, 18) loss:3.63162
step:138201 source:(64, 18) loss:3.64522
step:138401 source:(64, 18) loss:3.60943
step:138601 source:(64, 18) loss:3.75903
step:138801 source:(64, 18) loss:3.54536
step:139001 source:(64, 18) loss:3.50659
epoch:88 eval_bleu:17.94602870941162 template_bleu:13.451208174228668
step:139201 source:(64, 18) loss:3.5426
step:139401 source:(64, 18) loss:3.5479
step:139601 source:(64, 18) loss:3.6037
step:139801 source:(64, 18) loss:3.54545
step:140001 source:(64, 18) loss:3.52509
step:140201 source:(64, 18) loss:3.54284
step:140401 source:(64, 18) loss:3.55479
step:140601 source:(64, 18) loss:3.54558
epoch:89 eval_bleu:15.59808999300003 template_bleu:12.765438854694366
step:140801 source:(64, 18) loss:3.59792
step:141001 source:(64, 18) loss:3.76654
step:141201 source:(64, 18) loss:3.67798
step:141401 source:(64, 18) loss:3.59175
step:141601 source:(64, 18) loss:3.50253
step:141801 source:(64, 18) loss:4.25354
step:142001 source:(64, 18) loss:3.74008
step:142201 source:(64, 18) loss:3.73876
epoch:90 eval_bleu:16.26272350549698 template_bleu:12.422637641429901
step:142401 source:(64, 18) loss:3.60031
step:142601 source:(64, 18) loss:3.65817
step:142801 source:(64, 18) loss:3.57702
step:143001 source:(64, 18) loss:3.56773
step:143201 source:(64, 18) loss:3.61537
step:143401 source:(64, 18) loss:3.6471
step:143601 source:(64, 18) loss:3.62728
epoch:91 eval_bleu:18.03070902824402 template_bleu:13.192111253738403
step:143801 source:(64, 18) loss:3.54556
step:144001 source:(64, 18) loss:3.64753
step:144201 source:(64, 18) loss:3.59264
step:144401 source:(64, 18) loss:3.68075
step:144601 source:(64, 18) loss:3.54619
step:144801 source:(64, 18) loss:3.52659
step:145001 source:(64, 18) loss:3.53774
step:145201 source:(64, 18) loss:3.59194
epoch:92 eval_bleu:17.59665757417679 template_bleu:12.30878233909607
step:145401 source:(64, 18) loss:3.64589
step:145601 source:(64, 18) loss:3.49588
step:145801 source:(64, 18) loss:3.58939
step:146001 source:(64, 18) loss:3.50874
step:146201 source:(64, 18) loss:3.54683
step:146401 source:(64, 18) loss:3.55844
step:146601 source:(64, 18) loss:3.46135
step:146801 source:(64, 18) loss:3.61499
epoch:93 eval_bleu:16.338349878787994 template_bleu:12.25133165717125
step:147001 source:(64, 18) loss:3.60629
step:147201 source:(64, 18) loss:3.54553
step:147401 source:(64, 18) loss:3.58727
step:147601 source:(64, 18) loss:3.6487
step:147801 source:(64, 18) loss:3.69942
step:148001 source:(64, 18) loss:3.57652
step:148201 source:(64, 18) loss:3.54831
step:148401 source:(64, 18) loss:3.52309
epoch:94 eval_bleu:17.1590194106102 template_bleu:12.547920644283295
step:148601 source:(64, 18) loss:3.61162
step:148801 source:(64, 18) loss:3.55535
step:149001 source:(64, 18) loss:3.45531
step:149201 source:(64, 18) loss:3.51934
step:149401 source:(64, 18) loss:3.55381
step:149601 source:(64, 18) loss:3.47101
step:149801 source:(64, 18) loss:3.61726
step:150001 source:(64, 18) loss:3.5408
epoch:95 eval_bleu:16.515719890594482 template_bleu:12.847192585468292
step:150201 source:(64, 18) loss:3.49749
step:150401 source:(64, 18) loss:3.70633
step:150601 source:(64, 18) loss:3.62339
step:150801 source:(64, 18) loss:3.56758
step:151001 source:(64, 18) loss:3.51715
step:151201 source:(64, 18) loss:3.61267
step:151401 source:(64, 18) loss:3.4998
step:151601 source:(64, 18) loss:3.77528
epoch:96 eval_bleu:15.761855244636536 template_bleu:12.543317675590515
step:151801 source:(64, 18) loss:3.73242
step:152001 source:(64, 18) loss:3.67231
step:152201 source:(64, 18) loss:3.70552
step:152401 source:(64, 18) loss:3.63627
step:152601 source:(64, 18) loss:3.57543
step:152801 source:(64, 18) loss:3.57771
step:153001 source:(64, 18) loss:3.69936
epoch:97 eval_bleu:17.30925589799881 template_bleu:12.683837115764618
step:153201 source:(64, 18) loss:3.58332
step:153401 source:(64, 18) loss:3.50084
step:153601 source:(64, 18) loss:3.52742
step:153801 source:(64, 18) loss:3.53591
step:154001 source:(64, 18) loss:3.62568
step:154201 source:(64, 18) loss:3.56396
step:154401 source:(64, 18) loss:3.61292
step:154601 source:(64, 18) loss:3.5496
epoch:98 eval_bleu:16.372589766979218 template_bleu:12.032350897789001
step:154801 source:(64, 18) loss:4.28862
step:155001 source:(64, 18) loss:3.67021
step:155201 source:(64, 18) loss:3.67996
step:155401 source:(64, 18) loss:3.62969
step:155601 source:(64, 18) loss:3.61496
step:155801 source:(64, 18) loss:3.55352
step:156001 source:(64, 18) loss:3.60078
step:156201 source:(64, 18) loss:3.64577
epoch:99 eval_bleu:18.555831909179688 template_bleu:12.73014098405838
step:156401 source:(64, 18) loss:3.60503
step:156601 source:(64, 18) loss:3.56181
step:156801 source:(64, 18) loss:3.54688
step:157001 source:(64, 18) loss:3.59872
step:157201 source:(64, 18) loss:3.53766
step:157401 source:(64, 18) loss:3.5699
step:157601 source:(64, 18) loss:3.58515
step:157801 source:(64, 18) loss:3.5381
epoch:100 eval_bleu:17.23029613494873 template_bleu:12.290573120117188
step:158001 source:(64, 18) loss:3.53022
step:158201 source:(64, 18) loss:3.52996
step:158401 source:(64, 18) loss:3.5074
step:158601 source:(64, 18) loss:3.58479
step:158801 source:(64, 18) loss:3.55568
step:159001 source:(64, 18) loss:3.58193
step:159201 source:(64, 18) loss:3.46121
step:159401 source:(64, 18) loss:3.59463
epoch:101 eval_bleu:17.379142343997955 template_bleu:12.491872906684875
step:159601 source:(64, 18) loss:3.57156
step:159801 source:(64, 18) loss:3.5523
step:160001 source:(64, 18) loss:3.50891
step:160201 source:(64, 18) loss:3.51794
step:160401 source:(64, 18) loss:3.55054
step:160601 source:(64, 18) loss:3.6311
step:160801 source:(64, 18) loss:3.91545
epoch:102 eval_bleu:18.08105856180191 template_bleu:12.618741393089294
step:161001 source:(64, 18) loss:3.66121
step:161201 source:(64, 18) loss:3.64749
step:161401 source:(64, 18) loss:3.6346
step:161601 source:(64, 18) loss:3.55124
step:161801 source:(64, 18) loss:3.70987
step:162001 source:(64, 18) loss:3.5113
step:162201 source:(64, 18) loss:3.67678
step:162401 source:(64, 18) loss:3.55909
epoch:103 eval_bleu:16.885463893413544 template_bleu:12.329824268817902
step:162601 source:(64, 18) loss:3.56537
step:162801 source:(64, 18) loss:3.54145
step:163001 source:(64, 18) loss:3.56714
step:163201 source:(64, 18) loss:3.55911
step:163401 source:(64, 18) loss:3.50051
step:163601 source:(64, 18) loss:3.45437
step:163801 source:(64, 18) loss:3.62312
step:164001 source:(64, 18) loss:3.62975
epoch:104 eval_bleu:18.372870981693268 template_bleu:12.875640392303467
step:164201 source:(64, 18) loss:3.66641
step:164401 source:(64, 18) loss:3.5191
step:164601 source:(64, 18) loss:3.60153
step:164801 source:(64, 18) loss:3.51462
step:165001 source:(64, 18) loss:3.54009
step:165201 source:(64, 18) loss:3.5853
step:165401 source:(64, 18) loss:3.66721
step:165601 source:(64, 18) loss:3.56439
epoch:105 eval_bleu:17.691907286643982 template_bleu:12.744641304016113
step:165801 source:(64, 18) loss:3.5842
step:166001 source:(64, 18) loss:3.56594
step:166201 source:(64, 18) loss:3.54423
step:166401 source:(64, 18) loss:3.57304
step:166601 source:(64, 18) loss:3.63654
step:166801 source:(64, 18) loss:3.77505
step:167001 source:(64, 18) loss:3.55712
step:167201 source:(64, 18) loss:3.66974
epoch:106 eval_bleu:17.008432745933533 template_bleu:12.028002738952637
step:167401 source:(64, 18) loss:3.46512
step:167601 source:(64, 18) loss:3.59908
step:167801 source:(64, 18) loss:3.47392
step:168001 source:(64, 18) loss:3.52014
step:168201 source:(64, 18) loss:3.59974
step:168401 source:(64, 18) loss:3.55117
step:168601 source:(64, 18) loss:3.55072
step:168801 source:(64, 18) loss:3.574
epoch:107 eval_bleu:16.394801437854767 template_bleu:12.383145093917847
step:169001 source:(64, 18) loss:3.46613
step:169201 source:(64, 18) loss:3.53796
step:169401 source:(64, 18) loss:3.59055
step:169601 source:(64, 18) loss:3.58372
step:169801 source:(64, 18) loss:3.5163
step:170001 source:(64, 18) loss:3.59718
step:170201 source:(64, 18) loss:3.52202
epoch:108 eval_bleu:17.56662130355835 template_bleu:12.997032701969147
step:170401 source:(64, 18) loss:3.61467
step:170601 source:(64, 18) loss:3.55296
step:170801 source:(64, 18) loss:3.56548
step:171001 source:(64, 18) loss:3.54926
step:171201 source:(64, 18) loss:3.72898
step:171401 source:(64, 18) loss:3.56702
step:171601 source:(64, 18) loss:3.5893
step:171801 source:(64, 18) loss:3.57857
epoch:109 eval_bleu:17.78823584318161 template_bleu:12.927819788455963
step:172001 source:(64, 18) loss:3.52223
step:172201 source:(64, 18) loss:3.49696
step:172401 source:(64, 18) loss:3.58213
step:172601 source:(64, 18) loss:3.55531
step:172801 source:(64, 18) loss:3.6456
step:173001 source:(64, 18) loss:3.58081
step:173201 source:(64, 18) loss:3.6091
step:173401 source:(64, 18) loss:3.56237
epoch:110 eval_bleu:17.62338876724243 template_bleu:12.893179059028625
step:173601 source:(64, 18) loss:3.83557
step:173801 source:(64, 18) loss:3.6843
step:174001 source:(64, 18) loss:3.68091
step:174201 source:(64, 18) loss:3.56909
step:174401 source:(64, 18) loss:3.49408
step:174601 source:(64, 18) loss:3.62135
step:174801 source:(64, 18) loss:3.54599
step:175001 source:(64, 18) loss:3.56345
epoch:111 eval_bleu:16.641120612621307 template_bleu:12.306979298591614
step:175201 source:(64, 18) loss:3.56299
step:175401 source:(64, 18) loss:3.62537
step:175601 source:(64, 18) loss:3.56196
step:175801 source:(64, 18) loss:3.58423
step:176001 source:(64, 18) loss:3.54133
step:176201 source:(64, 18) loss:3.53947
step:176401 source:(64, 18) loss:3.5364
step:176601 source:(64, 18) loss:3.55518
epoch:112 eval_bleu:17.752182483673096 template_bleu:12.694889307022095
step:176801 source:(64, 18) loss:3.64472
step:177001 source:(64, 18) loss:3.50184
step:177201 source:(64, 18) loss:3.59416
step:177401 source:(64, 18) loss:3.68533
step:177601 source:(64, 18) loss:3.57055
step:177801 source:(64, 18) loss:3.53729
step:178001 source:(64, 18) loss:3.58675
epoch:113 eval_bleu:17.001861333847046 template_bleu:12.998026609420776
step:178201 source:(64, 18) loss:3.59184
step:178401 source:(64, 18) loss:3.61973
step:178601 source:(64, 18) loss:4.06661
step:178801 source:(64, 18) loss:3.66424
step:179001 source:(64, 18) loss:3.62763
step:179201 source:(64, 18) loss:3.68901
step:179401 source:(64, 18) loss:3.54387
step:179601 source:(64, 18) loss:3.45919
epoch:114 eval_bleu:17.534512281417847 template_bleu:12.395574152469635
step:179801 source:(64, 18) loss:3.54729
step:180001 source:(64, 18) loss:3.5433
step:180201 source:(64, 18) loss:3.5483
step:180401 source:(64, 18) loss:3.53198
step:180601 source:(64, 18) loss:3.55582
step:180801 source:(64, 18) loss:3.53291
step:181001 source:(64, 18) loss:3.68257
step:181201 source:(64, 18) loss:3.57348
epoch:115 eval_bleu:16.548138856887817 template_bleu:12.700404226779938
step:181401 source:(64, 18) loss:3.5392
step:181601 source:(64, 18) loss:3.53886
step:181801 source:(64, 18) loss:3.51461
step:182001 source:(64, 18) loss:3.56873
step:182201 source:(64, 18) loss:3.53137
step:182401 source:(64, 18) loss:3.60272
step:182601 source:(64, 18) loss:3.5241
step:182801 source:(64, 18) loss:3.60076
epoch:116 eval_bleu:18.439897894859314 template_bleu:13.113197684288025
step:183001 source:(64, 18) loss:3.64297
step:183201 source:(64, 18) loss:3.55311
step:183401 source:(64, 18) loss:3.52573
step:183601 source:(64, 18) loss:3.6487
step:183801 source:(64, 18) loss:3.54511
step:184001 source:(64, 18) loss:4.60839
step:184201 source:(64, 18) loss:4.25832
step:184401 source:(64, 18) loss:3.64925
epoch:117 eval_bleu:16.94977879524231 template_bleu:12.785480916500092
step:184601 source:(64, 18) loss:3.63267
step:184801 source:(64, 18) loss:3.65332
step:185001 source:(64, 18) loss:3.699
step:185201 source:(64, 18) loss:3.4959
step:185401 source:(64, 18) loss:3.62979
step:185601 source:(64, 18) loss:3.57925
step:185801 source:(64, 18) loss:3.53146
epoch:118 eval_bleu:16.969770193099976 template_bleu:12.805801630020142
step:186001 source:(64, 18) loss:3.54452
step:186201 source:(64, 18) loss:3.50556
step:186401 source:(64, 18) loss:3.55336
step:186601 source:(64, 18) loss:3.59275
step:186801 source:(64, 18) loss:3.55663
step:187001 source:(64, 18) loss:3.49013
step:187201 source:(64, 18) loss:3.46278
step:187401 source:(64, 18) loss:3.62415
epoch:119 eval_bleu:18.064017593860626 template_bleu:12.81023621559143
step:187601 source:(64, 18) loss:3.66713
step:187801 source:(64, 18) loss:3.51655
step:188001 source:(64, 18) loss:3.50781
step:188201 source:(64, 18) loss:3.53158
step:188401 source:(64, 18) loss:3.49077
step:188601 source:(64, 18) loss:3.49554
step:188801 source:(64, 18) loss:3.61349
step:189001 source:(64, 18) loss:3.54967
epoch:120 eval_bleu:17.31412708759308 template_bleu:12.421862781047821
step:189201 source:(64, 18) loss:3.62289
step:189401 source:(64, 18) loss:3.57289
step:189601 source:(64, 18) loss:3.53985
step:189801 source:(64, 18) loss:3.62276
step:190001 source:(64, 18) loss:3.59383
step:190201 source:(64, 18) loss:3.47767
step:190401 source:(64, 18) loss:3.55958
step:190601 source:(64, 18) loss:3.62762
epoch:121 eval_bleu:17.752552032470703 template_bleu:12.535877525806427
step:190801 source:(64, 18) loss:3.67557
step:191001 source:(64, 18) loss:3.54761
step:191201 source:(64, 18) loss:3.51438
step:191401 source:(64, 18) loss:3.55219
step:191601 source:(64, 18) loss:3.55035
step:191801 source:(64, 18) loss:3.53447
step:192001 source:(64, 18) loss:3.60622
step:192201 source:(64, 18) loss:3.64608
epoch:122 eval_bleu:17.532634735107422 template_bleu:12.379143387079239
step:192401 source:(64, 18) loss:3.57683
step:192601 source:(64, 18) loss:3.55475
step:192801 source:(64, 18) loss:3.59075
step:193001 source:(64, 18) loss:3.52942
step:193201 source:(64, 18) loss:3.58857
step:193401 source:(64, 18) loss:3.60088
step:193601 source:(64, 18) loss:3.68189
step:193801 source:(64, 18) loss:3.53959
epoch:123 eval_bleu:17.000746726989746 template_bleu:12.791846692562103
step:194001 source:(64, 18) loss:3.64254
step:194201 source:(64, 18) loss:3.54462
step:194401 source:(64, 18) loss:3.64847
step:194601 source:(64, 18) loss:3.51295
step:194801 source:(64, 18) loss:3.6102
step:195001 source:(64, 18) loss:3.56364
step:195201 source:(64, 18) loss:3.56611
epoch:124 eval_bleu:17.782704532146454 template_bleu:13.240271806716919
step:195401 source:(64, 18) loss:3.61217
step:195601 source:(64, 18) loss:3.50107
step:195801 source:(64, 18) loss:4.01842
step:196001 source:(64, 18) loss:3.75836
step:196201 source:(64, 18) loss:3.75047
step:196401 source:(64, 18) loss:3.66049
step:196601 source:(64, 18) loss:3.66705
step:196801 source:(64, 18) loss:3.77498
epoch:125 eval_bleu:16.311675310134888 template_bleu:12.512291967868805
