train_file:/home/syp/zwr/txtgen/examples/long_text/yahoo_data/yahoo.train.txt
valid_file:/home/syp/zwr/txtgen/examples/long_text/yahoo_data/yahoo.valid.txt
logdir:./log_dir/yahoo.bsize64.epoch150.seqlen16.random.present0.5.partition2.hidden512/
epoch:0 test_present_rate:0.5 test_bleu:18.185408413410187 template_bleu:41.1191463470459
epoch:0 test_present_rate:0.5 train_bleu:18.265652656555176 template_bleu:41.295790672302246
step:1 source:(64, 18) loss:6.95691 lr:0.000035
step:201 source:(64, 18) loss:4.30399 lr:0.000035
step:401 source:(64, 18) loss:4.24258 lr:0.000035
step:601 source:(64, 18) loss:4.20274 lr:0.000035
step:801 source:(64, 18) loss:4.13705 lr:0.000035
step:1001 source:(64, 18) loss:4.10093 lr:0.000035
step:1201 source:(64, 18) loss:4.12429 lr:0.000035
step:1401 source:(64, 18) loss:4.13624 lr:0.000035
step:1601 source:(64, 18) loss:4.09716 lr:0.000035
step:1801 source:(64, 18) loss:4.17577 lr:0.000035
step:2001 source:(64, 18) loss:4.18764 lr:0.000035
step:2201 source:(64, 18) loss:3.9484 lr:0.000035
step:2401 source:(64, 18) loss:3.99463 lr:0.000035
step:2601 source:(64, 18) loss:3.95276 lr:0.000035
step:2801 source:(64, 18) loss:4.1043 lr:0.000035
step:3001 source:(64, 18) loss:3.96866 lr:0.000035
step:3201 source:(64, 18) loss:3.94533 lr:0.000035
step:3401 source:(64, 18) loss:3.85002 lr:0.000035
step:3601 source:(64, 18) loss:3.99545 lr:0.000035
step:3801 source:(64, 18) loss:4.00913 lr:0.000035
step:4001 source:(64, 18) loss:3.9752 lr:0.000035
step:4201 source:(64, 18) loss:3.80244 lr:0.000035
step:4401 source:(64, 18) loss:3.94694 lr:0.000035
step:4601 source:(64, 18) loss:4.05349 lr:0.000035
step:4801 source:(64, 18) loss:3.96278 lr:0.000035
step:5001 source:(64, 18) loss:3.96749 lr:0.000035
step:5201 source:(64, 18) loss:4.06027 lr:0.000035
step:5401 source:(64, 18) loss:3.90744 lr:0.000035
step:5601 source:(64, 18) loss:3.91881 lr:0.000035
step:5801 source:(64, 18) loss:3.81013 lr:0.000035
step:6001 source:(64, 18) loss:3.9551 lr:0.000035
step:6201 source:(64, 18) loss:3.99927 lr:0.000035
step:6401 source:(64, 18) loss:3.92155 lr:0.000035
step:6601 source:(64, 18) loss:3.7422 lr:0.000035
step:6801 source:(64, 18) loss:3.97613 lr:0.000035
step:7001 source:(64, 18) loss:3.81236 lr:0.000035
step:7201 source:(64, 18) loss:3.84168 lr:0.000035
step:7401 source:(64, 18) loss:3.88087 lr:0.000035
step:7601 source:(64, 18) loss:3.91327 lr:0.000035
step:7801 source:(64, 18) loss:3.83065 lr:0.000035
epoch:5 test_present_rate:0.5 test_bleu:41.13693833351135 template_bleu:41.37062132358551
epoch:5 test_present_rate:0.5 train_bleu:41.07438623905182 template_bleu:41.23861789703369
step:8001 source:(64, 18) loss:3.87469 lr:0.000035
step:8201 source:(64, 18) loss:3.85195 lr:0.000035
step:8401 source:(64, 18) loss:3.96095 lr:0.000035
step:8601 source:(64, 18) loss:3.84808 lr:0.000035
step:8801 source:(64, 18) loss:3.94869 lr:0.000035
step:9001 source:(64, 18) loss:3.89815 lr:0.000035
step:9201 source:(64, 18) loss:3.8824 lr:0.000035
step:9401 source:(64, 18) loss:3.78374 lr:0.000035
step:9601 source:(64, 18) loss:3.83029 lr:0.000035
step:9801 source:(64, 18) loss:3.97552 lr:0.000035
step:10001 source:(64, 18) loss:3.91018 lr:0.000035
step:10201 source:(64, 18) loss:3.80917 lr:0.000035
step:10401 source:(64, 18) loss:3.85775 lr:0.000035
step:10601 source:(64, 18) loss:3.90066 lr:0.000035
step:10801 source:(64, 18) loss:3.84732 lr:0.000035
step:11001 source:(64, 18) loss:3.81501 lr:0.000035
step:11201 source:(64, 18) loss:3.86981 lr:0.000035
step:11401 source:(64, 18) loss:3.86727 lr:0.000035
step:11601 source:(64, 18) loss:3.79994 lr:0.000035
step:11801 source:(64, 18) loss:3.7705 lr:0.000035
step:12001 source:(64, 18) loss:3.88469 lr:0.000035
step:12201 source:(64, 18) loss:3.86404 lr:0.000035
step:12401 source:(64, 18) loss:3.73743 lr:0.000035
step:12601 source:(64, 18) loss:3.95468 lr:0.000035
step:12801 source:(64, 18) loss:3.7822 lr:0.000035
step:13001 source:(64, 18) loss:3.76905 lr:0.000035
step:13201 source:(64, 18) loss:3.77698 lr:0.000035
step:13401 source:(64, 18) loss:3.85831 lr:0.000035
step:13601 source:(64, 18) loss:3.86577 lr:0.000035
step:13801 source:(64, 18) loss:3.8453 lr:0.000035
step:14001 source:(64, 18) loss:3.81701 lr:0.000035
step:14201 source:(64, 18) loss:3.85716 lr:0.000035
step:14401 source:(64, 18) loss:3.74079 lr:0.000035
step:14601 source:(64, 18) loss:3.67293 lr:0.000035
step:14801 source:(64, 18) loss:3.85594 lr:0.000035
step:15001 source:(64, 18) loss:3.78348 lr:0.000035
step:15201 source:(64, 18) loss:3.7626 lr:0.000035
step:15401 source:(64, 18) loss:3.88582 lr:0.000035
step:15601 source:(64, 18) loss:3.80889 lr:0.000035
epoch:10 test_present_rate:0.5 test_bleu:42.14315414428711 template_bleu:41.18554890155792
epoch:10 test_present_rate:0.5 train_bleu:42.61525273323059 template_bleu:41.208767890930176
step:15801 source:(64, 18) loss:3.78157 lr:0.000035
step:16001 source:(64, 18) loss:3.71983 lr:0.000035
step:16201 source:(64, 18) loss:3.79085 lr:0.000035
step:16401 source:(64, 18) loss:3.84198 lr:0.000035
step:16601 source:(64, 18) loss:3.74091 lr:0.000035
step:16801 source:(64, 18) loss:3.74416 lr:0.000035
step:17001 source:(64, 18) loss:3.78125 lr:0.000035
step:17201 source:(64, 18) loss:3.66848 lr:0.000035
step:17401 source:(64, 18) loss:3.71258 lr:0.000035
step:17601 source:(64, 18) loss:3.69064 lr:0.000035
step:17801 source:(64, 18) loss:3.85297 lr:0.000035
step:18001 source:(64, 18) loss:3.99582 lr:0.000035
step:18201 source:(64, 18) loss:3.74863 lr:0.000035
step:18401 source:(64, 18) loss:3.69503 lr:0.000035
step:18601 source:(64, 18) loss:3.69728 lr:0.000035
step:18801 source:(64, 18) loss:3.73822 lr:0.000035
step:19001 source:(64, 18) loss:3.81108 lr:0.000035
step:19201 source:(64, 18) loss:3.78569 lr:0.000035
step:19401 source:(64, 18) loss:3.79637 lr:0.000035
step:19601 source:(64, 18) loss:3.64127 lr:0.000035
step:19801 source:(64, 18) loss:3.66486 lr:0.000035
step:20001 source:(64, 18) loss:3.8158 lr:0.000035
step:20201 source:(64, 18) loss:3.75558 lr:0.000035
step:20401 source:(64, 18) loss:3.73512 lr:0.000035
step:20601 source:(64, 18) loss:3.7083 lr:0.000035
step:20801 source:(64, 18) loss:3.74853 lr:0.000035
step:21001 source:(64, 18) loss:3.73424 lr:0.000035
step:21201 source:(64, 18) loss:3.69136 lr:0.000035
step:21401 source:(64, 18) loss:3.70173 lr:0.000035
step:21601 source:(64, 18) loss:3.79616 lr:0.000035
step:21801 source:(64, 18) loss:3.68435 lr:0.000035
step:22001 source:(64, 18) loss:3.7622 lr:0.000035
step:22201 source:(64, 18) loss:3.70614 lr:0.000035
step:22401 source:(64, 18) loss:3.70093 lr:0.000035
step:22601 source:(64, 18) loss:3.78337 lr:0.000035
step:22801 source:(64, 18) loss:3.7102 lr:0.000035
step:23001 source:(64, 18) loss:3.74882 lr:0.000035
step:23201 source:(64, 18) loss:3.71953 lr:0.000035
step:23401 source:(64, 18) loss:3.7617 lr:0.000035
epoch:15 test_present_rate:0.5 test_bleu:43.38596165180206 template_bleu:41.489097476005554
epoch:15 test_present_rate:0.5 train_bleu:43.4318482875824 template_bleu:41.08782410621643
step:23601 source:(64, 18) loss:3.75389 lr:0.000035
step:23801 source:(64, 18) loss:3.78883 lr:0.000035
step:24001 source:(64, 18) loss:3.73251 lr:0.000035
step:24201 source:(64, 18) loss:3.67167 lr:0.000035
step:24401 source:(64, 18) loss:3.69294 lr:0.000035
step:24601 source:(64, 18) loss:3.78521 lr:0.000035
step:24801 source:(64, 18) loss:3.73472 lr:0.000035
step:25001 source:(64, 18) loss:3.78822 lr:0.000035
step:25201 source:(64, 18) loss:3.78068 lr:0.000035
step:25401 source:(64, 18) loss:3.81347 lr:0.000035
step:25601 source:(64, 18) loss:3.74746 lr:0.000035
step:25801 source:(64, 18) loss:3.72096 lr:0.000035
step:26001 source:(64, 18) loss:3.72404 lr:0.000035
step:26201 source:(64, 18) loss:3.7357 lr:0.000035
step:26401 source:(64, 18) loss:3.67075 lr:0.000035
step:26601 source:(64, 18) loss:3.54808 lr:0.000035
step:26801 source:(64, 18) loss:3.7988 lr:0.000035
step:27001 source:(64, 18) loss:3.82067 lr:0.000035
step:27201 source:(64, 18) loss:3.68833 lr:0.000035
step:27401 source:(64, 18) loss:3.68558 lr:0.000035
step:27601 source:(64, 18) loss:3.79101 lr:0.000035
step:27801 source:(64, 18) loss:3.78899 lr:0.000035
step:28001 source:(64, 18) loss:3.62413 lr:0.000035
step:28201 source:(64, 18) loss:3.63266 lr:0.000035
step:28401 source:(64, 18) loss:3.71796 lr:0.000035
step:28601 source:(64, 18) loss:3.73644 lr:0.000035
step:28801 source:(64, 18) loss:3.66118 lr:0.000035
step:29001 source:(64, 18) loss:3.67582 lr:0.000035
step:29201 source:(64, 18) loss:3.55756 lr:0.000035
step:29401 source:(64, 18) loss:3.76443 lr:0.000035
step:29601 source:(64, 18) loss:3.79596 lr:0.000035
step:29801 source:(64, 18) loss:3.83894 lr:0.000035
step:30001 source:(64, 18) loss:3.69809 lr:0.000035
step:30201 source:(64, 18) loss:3.73447 lr:0.000035
step:30401 source:(64, 18) loss:3.56523 lr:0.000035
step:30601 source:(64, 18) loss:3.71344 lr:0.000035
step:30801 source:(64, 18) loss:3.59363 lr:0.000035
step:31001 source:(64, 18) loss:3.7887 lr:0.000035
step:31201 source:(64, 18) loss:3.73744 lr:0.000035
epoch:20 test_present_rate:0.5 test_bleu:43.61770451068878 template_bleu:41.54230356216431
epoch:20 test_present_rate:0.5 train_bleu:43.446168303489685 template_bleu:41.09833538532257
step:31401 source:(64, 18) loss:3.6534 lr:0.000035
step:31601 source:(64, 18) loss:3.6958 lr:0.000035
step:31801 source:(64, 18) loss:3.64588 lr:0.000035
step:32001 source:(64, 18) loss:3.66123 lr:0.000035
step:32201 source:(64, 18) loss:3.72962 lr:0.000035
step:32401 source:(64, 18) loss:3.64455 lr:0.000035
step:32601 source:(64, 18) loss:3.78917 lr:0.000035
step:32801 source:(64, 18) loss:3.74885 lr:0.000035
step:33001 source:(64, 18) loss:3.72314 lr:0.000035
step:33201 source:(64, 18) loss:3.72258 lr:0.000035
step:33401 source:(64, 18) loss:3.75033 lr:0.000035
step:33601 source:(64, 18) loss:3.75527 lr:0.000035
step:33801 source:(64, 18) loss:3.74084 lr:0.000035
step:34001 source:(64, 18) loss:3.74154 lr:0.000035
step:34201 source:(64, 18) loss:3.80676 lr:0.000035
step:34401 source:(64, 18) loss:3.71491 lr:0.000035
step:34601 source:(64, 18) loss:3.56407 lr:0.000035
step:34801 source:(64, 18) loss:3.67722 lr:0.000035
step:35001 source:(64, 18) loss:3.67479 lr:0.000035
step:35201 source:(64, 18) loss:3.6958 lr:0.000035
step:35401 source:(64, 18) loss:3.76336 lr:0.000035
step:35601 source:(64, 18) loss:3.69781 lr:0.000035
step:35801 source:(64, 18) loss:3.66177 lr:0.000035
step:36001 source:(64, 18) loss:3.85282 lr:0.000035
step:36201 source:(64, 18) loss:3.71893 lr:0.000035
step:36401 source:(64, 18) loss:3.77974 lr:0.000035
step:36601 source:(64, 18) loss:3.60591 lr:0.000035
step:36801 source:(64, 18) loss:3.72437 lr:0.000035
step:37001 source:(64, 18) loss:3.67538 lr:0.000035
step:37201 source:(64, 18) loss:3.79078 lr:0.000035
step:37401 source:(64, 18) loss:3.66229 lr:0.000035
step:37601 source:(64, 18) loss:3.65846 lr:0.000035
step:37801 source:(64, 18) loss:3.71465 lr:0.000035
step:38001 source:(64, 18) loss:3.73684 lr:0.000035
step:38201 source:(64, 18) loss:3.65731 lr:0.000035
step:38401 source:(64, 18) loss:3.80823 lr:0.000035
step:38601 source:(64, 18) loss:3.66985 lr:0.000035
step:38801 source:(64, 18) loss:3.57113 lr:0.000035
step:39001 source:(64, 18) loss:3.71472 lr:0.000035
epoch:25 test_present_rate:0.5 test_bleu:43.73944103717804 template_bleu:41.091388463974
epoch:25 test_present_rate:0.5 train_bleu:43.979114294052124 template_bleu:41.20159149169922
step:39201 source:(64, 18) loss:3.76799 lr:0.000035
step:39401 source:(64, 18) loss:3.75052 lr:0.000035
step:39601 source:(64, 18) loss:3.72229 lr:0.000035
step:39801 source:(64, 18) loss:3.62017 lr:0.000035
step:40001 source:(64, 18) loss:3.73231 lr:0.000035
step:40201 source:(64, 18) loss:3.70943 lr:0.000035
step:40401 source:(64, 18) loss:3.72774 lr:0.000035
step:40601 source:(64, 18) loss:3.7474 lr:0.000035
step:40801 source:(64, 18) loss:3.6772 lr:0.000035
step:41001 source:(64, 18) loss:3.6749 lr:0.000035
step:41201 source:(64, 18) loss:3.61716 lr:0.000035
step:41401 source:(64, 18) loss:3.74845 lr:0.000035
step:41601 source:(64, 18) loss:3.71984 lr:0.000035
step:41801 source:(64, 18) loss:3.73282 lr:0.000035
step:42001 source:(64, 18) loss:3.83339 lr:0.000035
step:42201 source:(32, 18) loss:3.50036 lr:0.000035
step:42401 source:(64, 18) loss:3.58783 lr:0.000035
step:42601 source:(64, 18) loss:3.70576 lr:0.000035
step:42801 source:(64, 18) loss:3.78566 lr:0.000035
step:43001 source:(64, 18) loss:3.83862 lr:0.000035
step:43201 source:(64, 18) loss:3.69337 lr:0.000035
step:43401 source:(64, 18) loss:3.71081 lr:0.000035
step:43601 source:(64, 18) loss:3.68013 lr:0.000035
step:43801 source:(64, 18) loss:3.63217 lr:0.000035
step:44001 source:(64, 18) loss:3.73738 lr:0.000035
step:44201 source:(64, 18) loss:3.69093 lr:0.000035
step:44401 source:(64, 18) loss:3.79652 lr:0.000035
step:44601 source:(64, 18) loss:3.70422 lr:0.000035
step:44801 source:(64, 18) loss:3.71897 lr:0.000035
step:45001 source:(64, 18) loss:3.73829 lr:0.000035
step:45201 source:(64, 18) loss:3.59421 lr:0.000035
step:45401 source:(64, 18) loss:3.59101 lr:0.000035
step:45601 source:(64, 18) loss:3.71465 lr:0.000035
step:45801 source:(64, 18) loss:3.73514 lr:0.000035
step:46001 source:(64, 18) loss:3.58307 lr:0.000035
step:46201 source:(64, 18) loss:3.67587 lr:0.000035
step:46401 source:(64, 18) loss:3.73147 lr:0.000035
step:46601 source:(64, 18) loss:3.73159 lr:0.000035
step:46801 source:(64, 18) loss:3.61581 lr:0.000035
epoch:30 test_present_rate:0.5 test_bleu:43.93669366836548 template_bleu:41.34289026260376
epoch:30 test_present_rate:0.5 train_bleu:44.07269060611725 template_bleu:41.33050739765167
step:47001 source:(64, 18) loss:3.66255 lr:0.000035
step:47201 source:(64, 18) loss:3.81174 lr:0.000035
step:47401 source:(64, 18) loss:3.69938 lr:0.000035
step:47601 source:(64, 18) loss:3.58449 lr:0.000035
step:47801 source:(64, 18) loss:3.7513 lr:0.000035
step:48001 source:(64, 18) loss:3.69624 lr:0.000035
step:48201 source:(64, 18) loss:3.61535 lr:0.000035
step:48401 source:(64, 18) loss:3.71247 lr:0.000035
step:48601 source:(64, 18) loss:3.76791 lr:0.000035
step:48801 source:(64, 18) loss:3.70415 lr:0.000035
step:49001 source:(64, 18) loss:3.70118 lr:0.000035
step:49201 source:(64, 18) loss:3.66356 lr:0.000035
step:49401 source:(64, 18) loss:3.73956 lr:0.000035
step:49601 source:(64, 18) loss:3.74984 lr:0.000035
step:49801 source:(64, 18) loss:3.70431 lr:0.000035
step:50001 source:(64, 18) loss:3.66998 lr:0.000035
step:50201 source:(64, 18) loss:3.69575 lr:0.000035
step:50401 source:(64, 18) loss:3.70929 lr:0.000035
step:50601 source:(64, 18) loss:3.76457 lr:0.000035
step:50801 source:(64, 18) loss:3.64514 lr:0.000035
step:51001 source:(64, 18) loss:3.71002 lr:0.000035
step:51201 source:(64, 18) loss:3.59099 lr:0.000035
step:51401 source:(64, 18) loss:3.67042 lr:0.000035
step:51601 source:(64, 18) loss:3.70412 lr:0.000035
step:51801 source:(64, 18) loss:3.72037 lr:0.000035
step:52001 source:(64, 18) loss:3.63039 lr:0.000035
step:52201 source:(64, 18) loss:3.66861 lr:0.000035
step:52401 source:(64, 18) loss:3.76858 lr:0.000035
step:52601 source:(64, 18) loss:3.66156 lr:0.000035
step:52801 source:(64, 18) loss:3.62639 lr:0.000035
step:53001 source:(64, 18) loss:3.63635 lr:0.000035
step:53201 source:(64, 18) loss:3.85232 lr:0.000035
step:53401 source:(64, 18) loss:3.71502 lr:0.000035
step:53601 source:(64, 18) loss:3.84465 lr:0.000035
step:53801 source:(64, 18) loss:3.68474 lr:0.000035
step:54001 source:(64, 18) loss:3.71071 lr:0.000035
step:54201 source:(64, 18) loss:3.65605 lr:0.000035
step:54401 source:(64, 18) loss:3.68111 lr:0.000035
step:54601 source:(64, 18) loss:3.72545 lr:0.000035
epoch:35 test_present_rate:0.5 test_bleu:43.918922543525696 template_bleu:41.39014184474945
epoch:35 test_present_rate:0.5 train_bleu:44.06215250492096 template_bleu:41.20948314666748
step:54801 source:(64, 18) loss:3.7414 lr:0.000035
step:55001 source:(64, 18) loss:3.74188 lr:0.000035
step:55201 source:(64, 18) loss:3.71659 lr:0.000035
step:55401 source:(64, 18) loss:3.71165 lr:0.000035
step:55601 source:(64, 18) loss:3.78846 lr:0.000035
step:55801 source:(64, 18) loss:3.68145 lr:0.000035
step:56001 source:(64, 18) loss:3.76747 lr:0.000035
step:56201 source:(64, 18) loss:3.64994 lr:0.000035
step:56401 source:(64, 18) loss:3.7168 lr:0.000035
step:56601 source:(64, 18) loss:3.64348 lr:0.000035
step:56801 source:(64, 18) loss:3.55582 lr:0.000035
step:57001 source:(64, 18) loss:3.70203 lr:0.000035
step:57201 source:(64, 18) loss:3.63932 lr:0.000035
step:57401 source:(64, 18) loss:3.72845 lr:0.000035
step:57601 source:(64, 18) loss:3.64702 lr:0.000035
step:57801 source:(64, 18) loss:3.7878 lr:0.000035
step:58001 source:(64, 18) loss:3.72321 lr:0.000035
step:58201 source:(64, 18) loss:3.70441 lr:0.000035
step:58401 source:(64, 18) loss:3.84133 lr:0.000035
step:58601 source:(64, 18) loss:3.58384 lr:0.000035
step:58801 source:(64, 18) loss:3.73138 lr:0.000035
step:59001 source:(64, 18) loss:3.58341 lr:0.000035
step:59201 source:(64, 18) loss:3.58772 lr:0.000035
step:59401 source:(64, 18) loss:3.77632 lr:0.000035
step:59601 source:(64, 18) loss:3.64791 lr:0.000035
step:59801 source:(64, 18) loss:3.74986 lr:0.000035
step:60001 source:(64, 18) loss:3.66345 lr:0.000035
step:60201 source:(64, 18) loss:3.57882 lr:0.000035
step:60401 source:(64, 18) loss:3.76281 lr:0.000035
step:60601 source:(64, 18) loss:3.68662 lr:0.000035
step:60801 source:(64, 18) loss:3.6227 lr:0.000035
step:61001 source:(64, 18) loss:3.72506 lr:0.000035
step:61201 source:(64, 18) loss:3.679 lr:0.000035
step:61401 source:(64, 18) loss:3.74854 lr:0.000035
step:61601 source:(64, 18) loss:3.7496 lr:0.000035
step:61801 source:(64, 18) loss:3.69421 lr:0.000035
step:62001 source:(64, 18) loss:3.72388 lr:0.000035
step:62201 source:(64, 18) loss:3.78991 lr:0.000035
step:62401 source:(64, 18) loss:3.81551 lr:0.000035
epoch:40 test_present_rate:0.5 test_bleu:43.87074112892151 template_bleu:41.104355454444885
epoch:40 test_present_rate:0.5 train_bleu:44.653114676475525 template_bleu:41.21956825256348
step:62601 source:(64, 18) loss:3.69037 lr:0.000035
step:62801 source:(64, 18) loss:3.64265 lr:0.000035
step:63001 source:(64, 18) loss:3.73172 lr:0.000035
step:63201 source:(64, 18) loss:3.5885 lr:0.000035
step:63401 source:(64, 18) loss:3.75469 lr:0.000035
step:63601 source:(64, 18) loss:3.6229 lr:0.000035
step:63801 source:(64, 18) loss:3.63987 lr:0.000035
step:64001 source:(64, 18) loss:3.68748 lr:0.000035
step:64201 source:(64, 18) loss:3.69344 lr:0.000035
step:64401 source:(64, 18) loss:3.73922 lr:0.000035
step:64601 source:(64, 18) loss:3.70891 lr:0.000035
step:64801 source:(64, 18) loss:3.72585 lr:0.000035
step:65001 source:(64, 18) loss:3.73483 lr:0.000035
step:65201 source:(64, 18) loss:3.70322 lr:0.000035
step:65401 source:(64, 18) loss:3.63859 lr:0.000035
step:65601 source:(64, 18) loss:3.74255 lr:0.000035
step:65801 source:(64, 18) loss:3.66816 lr:0.000035
step:66001 source:(64, 18) loss:3.69251 lr:0.000035
step:66201 source:(64, 18) loss:3.70463 lr:0.000035
step:66401 source:(64, 18) loss:3.66392 lr:0.000035
step:66601 source:(64, 18) loss:3.7348 lr:0.000035
step:66801 source:(64, 18) loss:3.75489 lr:0.000035
step:67001 source:(64, 18) loss:3.68421 lr:0.000035
step:67201 source:(64, 18) loss:3.77134 lr:0.000035
step:67401 source:(64, 18) loss:3.82754 lr:0.000035
step:67601 source:(64, 18) loss:3.59888 lr:0.000035
step:67801 source:(64, 18) loss:3.70037 lr:0.000035
step:68001 source:(64, 18) loss:3.76311 lr:0.000035
step:68201 source:(64, 18) loss:3.66164 lr:0.000035
step:68401 source:(64, 18) loss:3.80071 lr:0.000035
step:68601 source:(64, 18) loss:3.68753 lr:0.000035
step:68801 source:(64, 18) loss:3.68781 lr:0.000035
step:69001 source:(64, 18) loss:3.75813 lr:0.000035
step:69201 source:(64, 18) loss:3.7376 lr:0.000035
step:69401 source:(64, 18) loss:3.72726 lr:0.000035
step:69601 source:(64, 18) loss:3.62288 lr:0.000035
step:69801 source:(64, 18) loss:3.82279 lr:0.000035
step:70001 source:(64, 18) loss:3.6784 lr:0.000035
step:70201 source:(64, 18) loss:3.66938 lr:0.000035
epoch:45 test_present_rate:0.5 test_bleu:43.785110116004944 template_bleu:41.359081864356995
epoch:45 test_present_rate:0.5 train_bleu:44.125112891197205 template_bleu:41.21784865856171
step:70401 source:(64, 18) loss:3.63478 lr:0.000035
step:70601 source:(64, 18) loss:3.85011 lr:0.000035
step:70801 source:(64, 18) loss:3.61801 lr:0.000035
step:71001 source:(64, 18) loss:3.72346 lr:0.000035
step:71201 source:(64, 18) loss:3.67221 lr:0.000035
step:71401 source:(64, 18) loss:3.66197 lr:0.000035
step:71601 source:(64, 18) loss:3.6456 lr:0.000035
step:71801 source:(64, 18) loss:3.77551 lr:0.000035
step:72001 source:(64, 18) loss:3.69828 lr:0.000035
step:72201 source:(64, 18) loss:3.66716 lr:0.000035
step:72401 source:(64, 18) loss:3.71264 lr:0.000035
step:72601 source:(64, 18) loss:3.6331 lr:0.000035
step:72801 source:(64, 18) loss:3.71777 lr:0.000035
step:73001 source:(64, 18) loss:3.82319 lr:0.000035
step:73201 source:(64, 18) loss:3.6174 lr:0.000035
step:73401 source:(64, 18) loss:3.78636 lr:0.000035
step:73601 source:(64, 18) loss:3.72734 lr:0.000035
step:73801 source:(64, 18) loss:3.60645 lr:0.000035
step:74001 source:(64, 18) loss:3.75743 lr:0.000035
step:74201 source:(64, 18) loss:3.78432 lr:0.000035
step:74401 source:(64, 18) loss:3.67813 lr:0.000035
step:74601 source:(64, 18) loss:3.65644 lr:0.000035
step:74801 source:(64, 18) loss:3.76472 lr:0.000035
step:75001 source:(64, 18) loss:3.62433 lr:0.000035
step:75201 source:(64, 18) loss:3.72394 lr:0.000035
step:75401 source:(64, 18) loss:3.62867 lr:0.000035
step:75601 source:(64, 18) loss:3.65105 lr:0.000035
step:75801 source:(64, 18) loss:3.73336 lr:0.000035
step:76001 source:(64, 18) loss:3.78108 lr:0.000035
step:76201 source:(64, 18) loss:3.77245 lr:0.000035
step:76401 source:(64, 18) loss:3.72908 lr:0.000035
step:76601 source:(64, 18) loss:3.78974 lr:0.000035
step:76801 source:(64, 18) loss:3.62874 lr:0.000035
step:77001 source:(64, 18) loss:3.79019 lr:0.000035
step:77201 source:(64, 18) loss:3.7148 lr:0.000035
step:77401 source:(64, 18) loss:3.73227 lr:0.000035
step:77601 source:(64, 18) loss:3.69161 lr:0.000035
step:77801 source:(64, 18) loss:3.84612 lr:0.000035
step:78001 source:(64, 18) loss:3.75515 lr:0.000035
epoch:50 test_present_rate:0.5 test_bleu:43.86647939682007 template_bleu:41.39849841594696
epoch:50 test_present_rate:0.5 train_bleu:44.23547089099884 template_bleu:41.29520654678345
step:78201 source:(64, 18) loss:3.68583 lr:0.000035
step:78401 source:(64, 18) loss:3.75322 lr:0.000035
step:78601 source:(64, 18) loss:3.71129 lr:0.000035
step:78801 source:(64, 18) loss:3.81909 lr:0.000035
step:79001 source:(64, 18) loss:3.84461 lr:0.000035
step:79201 source:(64, 18) loss:3.64578 lr:0.000035
step:79401 source:(64, 18) loss:3.7153 lr:0.000035
step:79601 source:(64, 18) loss:3.63209 lr:0.000035
step:79801 source:(64, 18) loss:3.70445 lr:0.000035
step:80001 source:(64, 18) loss:3.75816 lr:0.000035
step:80201 source:(64, 18) loss:3.6683 lr:0.000035
step:80401 source:(64, 18) loss:3.74715 lr:0.000035
step:80601 source:(64, 18) loss:3.71192 lr:0.000035
step:80801 source:(64, 18) loss:3.85472 lr:0.000035
step:81001 source:(64, 18) loss:3.71324 lr:0.000035
step:81201 source:(64, 18) loss:3.78208 lr:0.000035
step:81401 source:(64, 18) loss:3.68876 lr:0.000035
step:81601 source:(64, 18) loss:3.69362 lr:0.000035
step:81801 source:(64, 18) loss:3.73558 lr:0.000035
step:82001 source:(64, 18) loss:3.71807 lr:0.000035
step:82201 source:(64, 18) loss:3.70451 lr:0.000035
step:82401 source:(64, 18) loss:3.68928 lr:0.000035
step:82601 source:(64, 18) loss:3.69767 lr:0.000035
step:82801 source:(64, 18) loss:3.77461 lr:0.000035
step:83001 source:(64, 18) loss:3.72792 lr:0.000035
step:83201 source:(64, 18) loss:3.75523 lr:0.000035
step:83401 source:(64, 18) loss:3.77599 lr:0.000035
step:83601 source:(64, 18) loss:3.76246 lr:0.000035
step:83801 source:(64, 18) loss:3.74842 lr:0.000035
step:84001 source:(64, 18) loss:3.66193 lr:0.000035
step:84201 source:(64, 18) loss:3.76941 lr:0.000035
step:84401 source:(64, 18) loss:3.72222 lr:0.000035
step:84601 source:(64, 18) loss:3.64813 lr:0.000035
step:84801 source:(64, 18) loss:3.77253 lr:0.000035
step:85001 source:(64, 18) loss:3.78496 lr:0.000035
step:85201 source:(64, 18) loss:3.75487 lr:0.000035
step:85401 source:(64, 18) loss:3.72933 lr:0.000035
step:85601 source:(64, 18) loss:3.70465 lr:0.000035
step:85801 source:(64, 18) loss:3.68073 lr:0.000035
epoch:55 test_present_rate:0.5 test_bleu:44.33150589466095 template_bleu:41.46111011505127
epoch:55 test_present_rate:0.5 train_bleu:44.712263345718384 template_bleu:41.414815187454224
step:86001 source:(64, 18) loss:3.69912 lr:0.000035
step:86201 source:(64, 18) loss:3.67104 lr:0.000035
step:86401 source:(64, 18) loss:3.80714 lr:0.000035
step:86601 source:(64, 18) loss:3.81697 lr:0.000035
step:86801 source:(64, 18) loss:3.69984 lr:0.000035
step:87001 source:(64, 18) loss:3.61207 lr:0.000035
step:87201 source:(64, 18) loss:3.70502 lr:0.000035
step:87401 source:(64, 18) loss:3.81955 lr:0.000035
step:87601 source:(64, 18) loss:3.63701 lr:0.000035
step:87801 source:(64, 18) loss:3.62745 lr:0.000035
step:88001 source:(64, 18) loss:3.75462 lr:0.000035
step:88201 source:(64, 18) loss:3.76465 lr:0.000035
step:88401 source:(64, 18) loss:3.79319 lr:0.000035
step:88601 source:(64, 18) loss:3.64444 lr:0.000035
step:88801 source:(64, 18) loss:3.77625 lr:0.000035
step:89001 source:(64, 18) loss:3.67069 lr:0.000035
step:89201 source:(64, 18) loss:3.75891 lr:0.000035
step:89401 source:(64, 18) loss:3.76837 lr:0.000035
step:89601 source:(64, 18) loss:3.72032 lr:0.000035
step:89801 source:(64, 18) loss:3.79003 lr:0.000035
step:90001 source:(64, 18) loss:3.71315 lr:0.000035
step:90201 source:(64, 18) loss:3.55012 lr:0.000035
step:90401 source:(64, 18) loss:3.63487 lr:0.000035
step:90601 source:(64, 18) loss:3.6735 lr:0.000035
step:90801 source:(64, 18) loss:3.6817 lr:0.000035
step:91001 source:(64, 18) loss:3.7098 lr:0.000035
step:91201 source:(64, 18) loss:3.82776 lr:0.000035
step:91401 source:(64, 18) loss:3.69623 lr:0.000035
step:91601 source:(64, 18) loss:3.78245 lr:0.000035
step:91801 source:(64, 18) loss:3.70523 lr:0.000035
step:92001 source:(64, 18) loss:3.73147 lr:0.000035
step:92201 source:(64, 18) loss:3.75723 lr:0.000035
step:92401 source:(64, 18) loss:3.58967 lr:0.000035
step:92601 source:(64, 18) loss:3.69294 lr:0.000035
step:92801 source:(64, 18) loss:3.73321 lr:0.000035
step:93001 source:(64, 18) loss:3.73451 lr:0.000035
step:93201 source:(64, 18) loss:3.69742 lr:0.000035
step:93401 source:(64, 18) loss:3.65179 lr:0.000035
step:93601 source:(64, 18) loss:3.7095 lr:0.000035
epoch:60 test_present_rate:0.5 test_bleu:44.26685869693756 template_bleu:40.97514450550079
epoch:60 test_present_rate:0.5 train_bleu:44.63347792625427 template_bleu:41.25880300998688
step:93801 source:(64, 18) loss:3.803 lr:0.000035
step:94001 source:(64, 18) loss:3.80041 lr:0.000035
step:94201 source:(64, 18) loss:3.70072 lr:0.000035
step:94401 source:(64, 18) loss:3.81351 lr:0.000035
step:94601 source:(64, 18) loss:3.74484 lr:0.000035
step:94801 source:(64, 18) loss:3.75888 lr:0.000035
step:95001 source:(64, 18) loss:3.71788 lr:0.000035
step:95201 source:(64, 18) loss:3.64547 lr:0.000035
step:95401 source:(64, 18) loss:3.71796 lr:0.000035
step:95601 source:(64, 18) loss:3.71002 lr:0.000035
step:95801 source:(64, 18) loss:3.69666 lr:0.000035
step:96001 source:(64, 18) loss:3.70105 lr:0.000035
step:96201 source:(64, 18) loss:3.72539 lr:0.000035
step:96401 source:(64, 18) loss:3.71158 lr:0.000035
step:96601 source:(64, 18) loss:3.67906 lr:0.000035
step:96801 source:(64, 18) loss:3.914 lr:0.000035
step:97001 source:(64, 18) loss:3.73759 lr:0.000035
step:97201 source:(64, 18) loss:3.64341 lr:0.000035
step:97401 source:(64, 18) loss:3.72729 lr:0.000035
step:97601 source:(64, 18) loss:3.76448 lr:0.000035
step:97801 source:(64, 18) loss:3.77722 lr:0.000035
step:98001 source:(64, 18) loss:3.57808 lr:0.000035
step:98201 source:(64, 18) loss:3.78384 lr:0.000035
step:98401 source:(64, 18) loss:3.72779 lr:0.000035
step:98601 source:(64, 18) loss:3.67275 lr:0.000035
step:98801 source:(64, 18) loss:3.69731 lr:0.000035
step:99001 source:(64, 18) loss:3.7141 lr:0.000035
step:99201 source:(64, 18) loss:3.63325 lr:0.000035
step:99401 source:(64, 18) loss:3.70681 lr:0.000035
step:99601 source:(64, 18) loss:3.76298 lr:0.000035
step:99801 source:(64, 18) loss:3.78818 lr:0.000035
step:100001 source:(64, 18) loss:3.80122 lr:0.000035
step:100201 source:(64, 18) loss:3.83771 lr:0.000035
step:100401 source:(64, 18) loss:3.66381 lr:0.000035
step:100601 source:(64, 18) loss:3.80236 lr:0.000035
step:100801 source:(64, 18) loss:3.64447 lr:0.000035
step:101001 source:(64, 18) loss:3.74464 lr:0.000035
step:101201 source:(64, 18) loss:3.78376 lr:0.000035
step:101401 source:(64, 18) loss:3.83533 lr:0.000035
epoch:65 test_present_rate:0.5 test_bleu:44.339606165885925 template_bleu:41.64339900016785
epoch:65 test_present_rate:0.5 train_bleu:44.731488823890686 template_bleu:41.336724162101746
step:101601 source:(64, 18) loss:3.74263 lr:0.000035
step:101801 source:(64, 18) loss:3.67105 lr:0.000035
step:102001 source:(64, 18) loss:3.85617 lr:0.000035
step:102201 source:(64, 18) loss:3.74947 lr:0.000035
step:102401 source:(64, 18) loss:3.64068 lr:0.000035
step:102601 source:(64, 18) loss:3.65557 lr:0.000035
step:102801 source:(64, 18) loss:3.64066 lr:0.000035
step:103001 source:(64, 18) loss:3.76643 lr:0.000035
step:103201 source:(64, 18) loss:3.7837 lr:0.000035
step:103401 source:(64, 18) loss:3.77062 lr:0.000035
step:103601 source:(64, 18) loss:3.67588 lr:0.000035
step:103801 source:(64, 18) loss:3.62003 lr:0.000035
step:104001 source:(64, 18) loss:3.78012 lr:0.000035
step:104201 source:(64, 18) loss:3.7701 lr:0.000035
step:104401 source:(64, 18) loss:3.73559 lr:0.000035
step:104601 source:(64, 18) loss:3.75309 lr:0.000035
step:104801 source:(64, 18) loss:3.90423 lr:0.000035
step:105001 source:(64, 18) loss:3.72134 lr:0.000035
step:105201 source:(64, 18) loss:3.77515 lr:0.000035
step:105401 source:(64, 18) loss:3.80605 lr:0.000035
step:105601 source:(64, 18) loss:3.77368 lr:0.000035
step:105801 source:(64, 18) loss:3.7436 lr:0.000035
step:106001 source:(64, 18) loss:3.68278 lr:0.000035
step:106201 source:(64, 18) loss:3.65112 lr:0.000035
step:106401 source:(64, 18) loss:3.88974 lr:0.000035
step:106601 source:(64, 18) loss:3.8154 lr:0.000035
step:106801 source:(64, 18) loss:3.79287 lr:0.000035
step:107001 source:(64, 18) loss:3.82528 lr:0.000035
step:107201 source:(64, 18) loss:3.70481 lr:0.000035
step:107401 source:(64, 18) loss:3.83834 lr:0.000035
step:107601 source:(64, 18) loss:3.7361 lr:0.000035
step:107801 source:(64, 18) loss:3.75168 lr:0.000035
step:108001 source:(64, 18) loss:3.65348 lr:0.000035
step:108201 source:(64, 18) loss:3.75044 lr:0.000035
step:108401 source:(64, 18) loss:3.6239 lr:0.000035
step:108601 source:(64, 18) loss:3.8294 lr:0.000035
step:108801 source:(64, 18) loss:3.75217 lr:0.000035
step:109001 source:(64, 18) loss:3.80742 lr:0.000035
step:109201 source:(64, 18) loss:3.79145 lr:0.000035
step:109401 source:(64, 18) loss:3.67145 lr:0.000035
epoch:70 test_present_rate:0.5 test_bleu:43.79020035266876 template_bleu:40.89522659778595
epoch:70 test_present_rate:0.5 train_bleu:44.52252388000488 template_bleu:41.17816686630249
step:109601 source:(64, 18) loss:3.77133 lr:0.000035
step:109801 source:(64, 18) loss:3.79339 lr:0.000035
step:110001 source:(64, 18) loss:3.79979 lr:0.000035
step:110201 source:(64, 18) loss:3.67512 lr:0.000035
step:110401 source:(64, 18) loss:3.696 lr:0.000035
step:110601 source:(64, 18) loss:3.78999 lr:0.000035
step:110801 source:(64, 18) loss:3.64628 lr:0.000035
step:111001 source:(64, 18) loss:3.87308 lr:0.000035
step:111201 source:(64, 18) loss:3.74575 lr:0.000035
step:111401 source:(64, 18) loss:3.76422 lr:0.000035
step:111601 source:(64, 18) loss:3.80071 lr:0.000035
step:111801 source:(64, 18) loss:3.80643 lr:0.000035
step:112001 source:(64, 18) loss:3.68687 lr:0.000035
step:112201 source:(64, 18) loss:3.6831 lr:0.000035
step:112401 source:(64, 18) loss:3.85229 lr:0.000035
step:112601 source:(64, 18) loss:3.76649 lr:0.000035
step:112801 source:(64, 18) loss:3.75195 lr:0.000035
step:113001 source:(64, 18) loss:3.72277 lr:0.000035
step:113201 source:(64, 18) loss:3.77913 lr:0.000035
step:113401 source:(64, 18) loss:3.87665 lr:0.000035
step:113601 source:(64, 18) loss:3.69905 lr:0.000035
step:113801 source:(64, 18) loss:3.6515 lr:0.000035
step:114001 source:(64, 18) loss:3.72615 lr:0.000035
step:114201 source:(64, 18) loss:3.71059 lr:0.000035
step:114401 source:(64, 18) loss:3.73133 lr:0.000035
step:114601 source:(64, 18) loss:3.73193 lr:0.000035
step:114801 source:(64, 18) loss:3.73306 lr:0.000035
step:115001 source:(64, 18) loss:3.6731 lr:0.000035
step:115201 source:(64, 18) loss:3.69664 lr:0.000035
step:115401 source:(64, 18) loss:3.71041 lr:0.000035
step:115601 source:(64, 18) loss:3.79015 lr:0.000035
step:115801 source:(64, 18) loss:3.76606 lr:0.000035
step:116001 source:(64, 18) loss:3.69325 lr:0.000035
step:116201 source:(64, 18) loss:3.79359 lr:0.000035
step:116401 source:(64, 18) loss:3.77737 lr:0.000035
step:116601 source:(64, 18) loss:3.61403 lr:0.000035
step:116801 source:(64, 18) loss:3.71338 lr:0.000035
step:117001 source:(64, 18) loss:3.89127 lr:0.000035
step:117201 source:(64, 18) loss:3.76252 lr:0.000035
epoch:75 test_present_rate:0.5 test_bleu:44.36986744403839 template_bleu:41.410067677497864
epoch:75 test_present_rate:0.5 train_bleu:44.463056325912476 template_bleu:41.272297501564026
step:117401 source:(64, 18) loss:3.69884 lr:0.000035
step:117601 source:(64, 18) loss:3.72242 lr:0.000035
step:117801 source:(64, 18) loss:3.80747 lr:0.000035
step:118001 source:(64, 18) loss:3.56096 lr:0.000035
step:118201 source:(64, 18) loss:3.65936 lr:0.000035
step:118401 source:(64, 18) loss:3.76818 lr:0.000035
step:118601 source:(64, 18) loss:3.73497 lr:0.000035
step:118801 source:(64, 18) loss:3.84375 lr:0.000035
step:119001 source:(64, 18) loss:3.71472 lr:0.000035
step:119201 source:(64, 18) loss:3.79483 lr:0.000035
step:119401 source:(64, 18) loss:3.70337 lr:0.000035
step:119601 source:(64, 18) loss:3.80061 lr:0.000035
step:119801 source:(64, 18) loss:3.61515 lr:0.000035
step:120001 source:(64, 18) loss:3.68112 lr:0.000035
step:120201 source:(64, 18) loss:3.74969 lr:0.000035
step:120401 source:(64, 18) loss:3.59956 lr:0.000035
step:120601 source:(64, 18) loss:3.73711 lr:0.000035
step:120801 source:(64, 18) loss:3.6982 lr:0.000035
step:121001 source:(64, 18) loss:3.72011 lr:0.000035
step:121201 source:(64, 18) loss:3.82915 lr:0.000035
step:121401 source:(64, 18) loss:3.77051 lr:0.000035
step:121601 source:(64, 18) loss:3.73209 lr:0.000035
step:121801 source:(64, 18) loss:3.64013 lr:0.000035
step:122001 source:(64, 18) loss:3.80196 lr:0.000035
step:122201 source:(64, 18) loss:3.59929 lr:0.000035
step:122401 source:(64, 18) loss:3.77718 lr:0.000035
step:122601 source:(64, 18) loss:3.75471 lr:0.000035
step:122801 source:(64, 18) loss:3.73829 lr:0.000035
step:123001 source:(64, 18) loss:3.68123 lr:0.000035
step:123201 source:(64, 18) loss:3.68755 lr:0.000035
step:123401 source:(64, 18) loss:3.74124 lr:0.000035
step:123601 source:(64, 18) loss:3.73001 lr:0.000035
step:123801 source:(64, 18) loss:3.75975 lr:0.000035
step:124001 source:(64, 18) loss:3.65739 lr:0.000035
step:124201 source:(64, 18) loss:3.73021 lr:0.000035
step:124401 source:(64, 18) loss:3.73731 lr:0.000035
step:124601 source:(64, 18) loss:3.84324 lr:0.000035
step:124801 source:(64, 18) loss:3.68638 lr:0.000035
step:125001 source:(64, 18) loss:3.86526 lr:0.000035
epoch:80 test_present_rate:0.5 test_bleu:44.350236654281616 template_bleu:41.38432741165161
epoch:80 test_present_rate:0.5 train_bleu:44.461601972579956 template_bleu:41.161349415779114
step:125201 source:(64, 18) loss:3.86266 lr:0.000035
step:125401 source:(64, 18) loss:3.67199 lr:0.000035
step:125601 source:(64, 18) loss:3.76713 lr:0.000035
step:125801 source:(64, 18) loss:3.63682 lr:0.000035
step:126001 source:(64, 18) loss:3.76328 lr:0.000035
step:126201 source:(64, 18) loss:3.78025 lr:0.000035
step:126401 source:(64, 18) loss:3.78321 lr:0.000035
step:126601 source:(64, 18) loss:3.77823 lr:0.000035
step:126801 source:(64, 18) loss:3.7158 lr:0.000035
step:127001 source:(64, 18) loss:3.70321 lr:0.000035
step:127201 source:(64, 18) loss:3.69359 lr:0.000035
step:127401 source:(64, 18) loss:3.81974 lr:0.000035
step:127601 source:(64, 18) loss:3.83519 lr:0.000035
step:127801 source:(64, 18) loss:3.79993 lr:0.000035
step:128001 source:(64, 18) loss:3.75401 lr:0.000035
step:128201 source:(64, 18) loss:3.78241 lr:0.000035
step:128401 source:(64, 18) loss:3.72449 lr:0.000035
step:128601 source:(64, 18) loss:3.80049 lr:0.000035
step:128801 source:(64, 18) loss:3.84064 lr:0.000035
step:129001 source:(64, 18) loss:3.82156 lr:0.000035
step:129201 source:(64, 18) loss:3.86248 lr:0.000035
step:129401 source:(64, 18) loss:3.78841 lr:0.000035
step:129601 source:(64, 18) loss:3.83739 lr:0.000035
step:129801 source:(64, 18) loss:3.76808 lr:0.000035
step:130001 source:(64, 18) loss:3.68655 lr:0.000035
step:130201 source:(64, 18) loss:3.85182 lr:0.000035
step:130401 source:(64, 18) loss:3.83958 lr:0.000035
step:130601 source:(64, 18) loss:3.68169 lr:0.000035
step:130801 source:(64, 18) loss:3.69019 lr:0.000035
step:131001 source:(64, 18) loss:3.68609 lr:0.000035
step:131201 source:(64, 18) loss:3.79744 lr:0.000035
step:131401 source:(64, 18) loss:3.75692 lr:0.000035
step:131601 source:(64, 18) loss:3.77505 lr:0.000035
step:131801 source:(64, 18) loss:3.64958 lr:0.000035
step:132001 source:(64, 18) loss:3.79334 lr:0.000035
step:132201 source:(64, 18) loss:3.87822 lr:0.000035
step:132401 source:(64, 18) loss:3.85725 lr:0.000035
step:132601 source:(64, 18) loss:3.75499 lr:0.000035
step:132801 source:(64, 18) loss:3.66445 lr:0.000035
epoch:85 test_present_rate:0.5 test_bleu:44.51255202293396 template_bleu:41.57411456108093
epoch:85 test_present_rate:0.5 train_bleu:44.63409781455994 template_bleu:41.324663162231445
step:133001 source:(64, 18) loss:3.76573 lr:0.000035
step:133201 source:(64, 18) loss:3.7451 lr:0.000035
step:133401 source:(64, 18) loss:3.80246 lr:0.000035
step:133601 source:(64, 18) loss:3.7086 lr:0.000035
step:133801 source:(64, 18) loss:3.7009 lr:0.000035
step:134001 source:(64, 18) loss:3.72992 lr:0.000035
step:134201 source:(64, 18) loss:3.66152 lr:0.000035
step:134401 source:(64, 18) loss:3.69256 lr:0.000035
step:134601 source:(64, 18) loss:3.77511 lr:0.000035
step:134801 source:(64, 18) loss:3.9486 lr:0.000035
step:135001 source:(64, 18) loss:3.81538 lr:0.000035
step:135201 source:(64, 18) loss:3.69074 lr:0.000035
step:135401 source:(64, 18) loss:3.7161 lr:0.000035
step:135601 source:(64, 18) loss:3.81685 lr:0.000035
step:135801 source:(64, 18) loss:3.7414 lr:0.000035
step:136001 source:(64, 18) loss:3.63934 lr:0.000035
step:136201 source:(64, 18) loss:3.76837 lr:0.000035
step:136401 source:(64, 18) loss:3.69786 lr:0.000035
step:136601 source:(64, 18) loss:3.7366 lr:0.000035
step:136801 source:(64, 18) loss:3.69641 lr:0.000035
step:137001 source:(64, 18) loss:3.73382 lr:0.000035
step:137201 source:(64, 18) loss:3.70912 lr:0.000035
step:137401 source:(64, 18) loss:3.64299 lr:0.000035
step:137601 source:(64, 18) loss:3.73568 lr:0.000035
step:137801 source:(64, 18) loss:3.81738 lr:0.000035
step:138001 source:(64, 18) loss:3.6678 lr:0.000035
step:138201 source:(64, 18) loss:3.85956 lr:0.000035
step:138401 source:(64, 18) loss:3.70681 lr:0.000035
step:138601 source:(64, 18) loss:3.75062 lr:0.000035
step:138801 source:(64, 18) loss:3.66173 lr:0.000035
step:139001 source:(64, 18) loss:3.59235 lr:0.000035
step:139201 source:(64, 18) loss:3.74735 lr:0.000035
step:139401 source:(64, 18) loss:3.74175 lr:0.000035
step:139601 source:(64, 18) loss:3.72761 lr:0.000035
step:139801 source:(64, 18) loss:3.70939 lr:0.000035
step:140001 source:(64, 18) loss:3.73643 lr:0.000035
step:140201 source:(64, 18) loss:3.61568 lr:0.000035
step:140401 source:(64, 18) loss:3.71352 lr:0.000035
step:140601 source:(64, 18) loss:3.76552 lr:0.000035
epoch:90 test_present_rate:0.5 test_bleu:44.273266196250916 template_bleu:41.182565689086914
epoch:90 test_present_rate:0.5 train_bleu:44.822314381599426 template_bleu:41.16004705429077
step:140801 source:(64, 18) loss:3.70125 lr:0.000035
step:141001 source:(64, 18) loss:3.79104 lr:0.000035
step:141201 source:(64, 18) loss:3.87638 lr:0.000035
step:141401 source:(64, 18) loss:3.78716 lr:0.000035
step:141601 source:(64, 18) loss:3.69635 lr:0.000035
step:141801 source:(64, 18) loss:3.78588 lr:0.000035
step:142001 source:(64, 18) loss:3.76937 lr:0.000035
step:142201 source:(64, 18) loss:3.70129 lr:0.000035
step:142401 source:(64, 18) loss:3.58799 lr:0.000035
step:142601 source:(64, 18) loss:3.71997 lr:0.000035
step:142801 source:(64, 18) loss:3.73881 lr:0.000035
step:143001 source:(64, 18) loss:3.66454 lr:0.000035
step:143201 source:(64, 18) loss:3.76296 lr:0.000035
step:143401 source:(64, 18) loss:3.71686 lr:0.000035
step:143601 source:(64, 18) loss:3.78681 lr:0.000035
step:143801 source:(64, 18) loss:3.77453 lr:0.000035
step:144001 source:(64, 18) loss:3.75789 lr:0.000035
step:144201 source:(64, 18) loss:3.68576 lr:0.000035
step:144401 source:(64, 18) loss:3.76374 lr:0.000035
step:144601 source:(64, 18) loss:3.72902 lr:0.000035
step:144801 source:(64, 18) loss:3.74678 lr:0.000035
step:145001 source:(64, 18) loss:3.67449 lr:0.000035
step:145201 source:(64, 18) loss:3.76724 lr:0.000035
step:145401 source:(64, 18) loss:3.75423 lr:0.000035
step:145601 source:(64, 18) loss:3.60846 lr:0.000035
step:145801 source:(64, 18) loss:3.87495 lr:0.000035
step:146001 source:(64, 18) loss:3.6853 lr:0.000035
step:146201 source:(64, 18) loss:3.76241 lr:0.000035
step:146401 source:(64, 18) loss:3.6734 lr:0.000035
step:146601 source:(64, 18) loss:3.70125 lr:0.000035
step:146801 source:(64, 18) loss:3.81256 lr:0.000035
step:147001 source:(64, 18) loss:3.74039 lr:0.000035
step:147201 source:(64, 18) loss:3.7154 lr:0.000035
step:147401 source:(64, 18) loss:3.6953 lr:0.000035
step:147601 source:(64, 18) loss:3.83357 lr:0.000035
step:147801 source:(64, 18) loss:3.85982 lr:0.000035
step:148001 source:(64, 18) loss:3.74419 lr:0.000035
step:148201 source:(64, 18) loss:3.70753 lr:0.000035
step:148401 source:(64, 18) loss:3.75677 lr:0.000035
epoch:95 test_present_rate:0.5 test_bleu:44.542860984802246 template_bleu:41.49659276008606
epoch:95 test_present_rate:0.5 train_bleu:44.87624764442444 template_bleu:41.4089173078537
step:148601 source:(64, 18) loss:3.81483 lr:0.000035
step:148801 source:(64, 18) loss:3.7892 lr:0.000035
step:149001 source:(64, 18) loss:3.67237 lr:0.000035
step:149201 source:(64, 18) loss:3.70076 lr:0.000035
step:149401 source:(64, 18) loss:3.74902 lr:0.000035
step:149601 source:(64, 18) loss:3.7206 lr:0.000035
step:149801 source:(64, 18) loss:3.83056 lr:0.000035
step:150001 source:(64, 18) loss:3.77277 lr:0.000035
step:150201 source:(64, 18) loss:3.67757 lr:0.000035
step:150401 source:(64, 18) loss:3.74615 lr:0.000035
step:150601 source:(64, 18) loss:3.72967 lr:0.000035
step:150801 source:(64, 18) loss:3.7009 lr:0.000035
step:151001 source:(64, 18) loss:3.74597 lr:0.000035
step:151201 source:(64, 18) loss:3.7836 lr:0.000035
step:151401 source:(64, 18) loss:3.72591 lr:0.000035
step:151601 source:(64, 18) loss:3.77214 lr:0.000035
step:151801 source:(64, 18) loss:3.71191 lr:0.000035
step:152001 source:(64, 18) loss:3.7122 lr:0.000035
step:152201 source:(64, 18) loss:3.78823 lr:0.000035
step:152401 source:(64, 18) loss:3.74933 lr:0.000035
step:152601 source:(64, 18) loss:3.86933 lr:0.000035
step:152801 source:(64, 18) loss:3.75426 lr:0.000035
step:153001 source:(64, 18) loss:3.86329 lr:0.000035
step:153201 source:(64, 18) loss:3.76071 lr:0.000035
step:153401 source:(64, 18) loss:3.64953 lr:0.000035
step:153601 source:(64, 18) loss:3.78605 lr:0.000035
step:153801 source:(64, 18) loss:3.75392 lr:0.000035
step:154001 source:(64, 18) loss:3.83059 lr:0.000035
step:154201 source:(64, 18) loss:3.73989 lr:0.000035
step:154401 source:(64, 18) loss:3.73128 lr:0.000035
step:154601 source:(64, 18) loss:3.93003 lr:0.000035
step:154801 source:(64, 18) loss:3.82115 lr:0.000035
step:155001 source:(64, 18) loss:3.73901 lr:0.000035
step:155201 source:(64, 18) loss:3.86351 lr:0.000035
step:155401 source:(64, 18) loss:3.74229 lr:0.000035
step:155601 source:(64, 18) loss:3.78278 lr:0.000035
step:155801 source:(64, 18) loss:3.73977 lr:0.000035
step:156001 source:(64, 18) loss:3.76491 lr:0.000035
step:156201 source:(64, 18) loss:3.75335 lr:0.000035
epoch:100 test_present_rate:0.5 test_bleu:44.37480568885803 template_bleu:41.1145806312561
epoch:100 test_present_rate:0.5 train_bleu:44.69306468963623 template_bleu:41.20542109012604
step:156401 source:(64, 18) loss:3.84493 lr:0.000035
step:156601 source:(64, 18) loss:3.75926 lr:0.000035
step:156801 source:(64, 18) loss:3.71336 lr:0.000035
step:157001 source:(64, 18) loss:4.06212 lr:0.000035
step:157201 source:(64, 18) loss:3.82605 lr:0.000035
step:157401 source:(64, 18) loss:4.13306 lr:0.000035
step:157601 source:(64, 18) loss:3.78517 lr:0.000035
step:157801 source:(64, 18) loss:3.72352 lr:0.000035
step:158001 source:(64, 18) loss:3.76517 lr:0.000035
step:158201 source:(64, 18) loss:3.69986 lr:0.000035
step:158401 source:(64, 18) loss:3.73249 lr:0.000035
step:158601 source:(64, 18) loss:3.75837 lr:0.000035
step:158801 source:(64, 18) loss:3.73873 lr:0.000035
step:159001 source:(64, 18) loss:3.69568 lr:0.000035
step:159201 source:(64, 18) loss:3.68769 lr:0.000035
step:159401 source:(64, 18) loss:3.86138 lr:0.000035
step:159601 source:(64, 18) loss:3.80981 lr:0.000035
step:159801 source:(64, 18) loss:3.84864 lr:0.000035
step:160001 source:(64, 18) loss:3.58904 lr:0.000035
step:160201 source:(64, 18) loss:3.8638 lr:0.000035
step:160401 source:(64, 18) loss:3.80396 lr:0.000035
step:160601 source:(64, 18) loss:3.87179 lr:0.000035
step:160801 source:(64, 18) loss:3.78225 lr:0.000035
step:161001 source:(64, 18) loss:3.74308 lr:0.000035
step:161201 source:(64, 18) loss:3.77617 lr:0.000035
step:161401 source:(64, 18) loss:3.79477 lr:0.000035
step:161601 source:(64, 18) loss:3.70592 lr:0.000035
step:161801 source:(64, 18) loss:3.8465 lr:0.000035
step:162001 source:(64, 18) loss:3.78339 lr:0.000035
step:162201 source:(64, 18) loss:3.76869 lr:0.000035
step:162401 source:(64, 18) loss:3.76605 lr:0.000035
step:162601 source:(64, 18) loss:3.81509 lr:0.000035
step:162801 source:(64, 18) loss:3.73861 lr:0.000035
step:163001 source:(64, 18) loss:3.70802 lr:0.000035
step:163201 source:(64, 18) loss:3.64669 lr:0.000035
step:163401 source:(64, 18) loss:3.62941 lr:0.000035
step:163601 source:(64, 18) loss:3.67965 lr:0.000035
step:163801 source:(64, 18) loss:3.69759 lr:0.000035
step:164001 source:(64, 18) loss:3.75657 lr:0.000035
epoch:105 test_present_rate:0.5 test_bleu:43.394723534584045 template_bleu:41.22895300388336
epoch:105 test_present_rate:0.5 train_bleu:43.82064342498779 template_bleu:41.23650789260864
step:164201 source:(64, 18) loss:3.77938 lr:0.000035
step:164401 source:(64, 18) loss:3.64648 lr:0.000035
step:164601 source:(64, 18) loss:3.71134 lr:0.000035
step:164801 source:(64, 18) loss:3.73746 lr:0.000035
step:165001 source:(64, 18) loss:3.66766 lr:0.000035
step:165201 source:(64, 18) loss:3.70792 lr:0.000035
step:165401 source:(64, 18) loss:3.75367 lr:0.000035
step:165601 source:(64, 18) loss:3.8534 lr:0.000035
step:165801 source:(64, 18) loss:3.76804 lr:0.000035
step:166001 source:(64, 18) loss:3.76796 lr:0.000035
step:166201 source:(64, 18) loss:3.75373 lr:0.000035
step:166401 source:(64, 18) loss:3.78639 lr:0.000035
step:166601 source:(64, 18) loss:3.85044 lr:0.000035
step:166801 source:(64, 18) loss:3.77938 lr:0.000035
step:167001 source:(64, 18) loss:3.95084 lr:0.000035
step:167201 source:(64, 18) loss:3.87712 lr:0.000035
step:167401 source:(64, 18) loss:3.75561 lr:0.000035
step:167601 source:(64, 18) loss:3.92126 lr:0.000035
step:167801 source:(64, 18) loss:3.71751 lr:0.000035
step:168001 source:(64, 18) loss:3.69618 lr:0.000035
step:168201 source:(64, 18) loss:3.784 lr:0.000035
step:168401 source:(64, 18) loss:3.74779 lr:0.000035
step:168601 source:(64, 18) loss:3.78751 lr:0.000035
step:168801 source:(64, 18) loss:3.87231 lr:0.000035
step:169001 source:(64, 18) loss:3.61767 lr:0.000035
step:169201 source:(64, 18) loss:3.74843 lr:0.000035
step:169401 source:(64, 18) loss:3.66498 lr:0.000035
step:169601 source:(64, 18) loss:3.77174 lr:0.000035
step:169801 source:(64, 18) loss:3.85429 lr:0.000035
step:170001 source:(64, 18) loss:3.87639 lr:0.000035
step:170201 source:(64, 18) loss:3.73713 lr:0.000035
step:170401 source:(64, 18) loss:3.74863 lr:0.000035
step:170601 source:(64, 18) loss:3.80763 lr:0.000035
step:170801 source:(64, 18) loss:3.80376 lr:0.000035
step:171001 source:(64, 18) loss:3.76549 lr:0.000035
step:171201 source:(64, 18) loss:3.91848 lr:0.000035
step:171401 source:(64, 18) loss:3.92666 lr:0.000035
step:171601 source:(64, 18) loss:3.81196 lr:0.000035
step:171801 source:(64, 18) loss:3.81057 lr:0.000035
epoch:110 test_present_rate:0.5 test_bleu:44.143736362457275 template_bleu:41.2193238735199
epoch:110 test_present_rate:0.5 train_bleu:44.4915235042572 template_bleu:41.107869148254395
step:172001 source:(64, 18) loss:3.72656 lr:0.000035
step:172201 source:(64, 18) loss:3.71102 lr:0.000035
step:172401 source:(64, 18) loss:3.76294 lr:0.000035
step:172601 source:(64, 18) loss:3.76837 lr:0.000035
step:172801 source:(64, 18) loss:3.8175 lr:0.000035
step:173001 source:(64, 18) loss:3.66229 lr:0.000035
step:173201 source:(64, 18) loss:3.79356 lr:0.000035
step:173401 source:(64, 18) loss:3.77812 lr:0.000035
step:173601 source:(64, 18) loss:3.70954 lr:0.000035
step:173801 source:(64, 18) loss:3.74353 lr:0.000035
step:174001 source:(64, 18) loss:3.76684 lr:0.000035
step:174201 source:(64, 18) loss:3.6603 lr:0.000035
step:174401 source:(64, 18) loss:3.7288 lr:0.000035
step:174601 source:(64, 18) loss:3.76259 lr:0.000035
step:174801 source:(64, 18) loss:3.97534 lr:0.000035
step:175001 source:(64, 18) loss:3.82842 lr:0.000035
step:175201 source:(64, 18) loss:3.73747 lr:0.000035
step:175401 source:(64, 18) loss:3.79239 lr:0.000035
step:175601 source:(64, 18) loss:3.68779 lr:0.000035
step:175801 source:(64, 18) loss:3.74452 lr:0.000035
step:176001 source:(64, 18) loss:3.68662 lr:0.000035
step:176201 source:(64, 18) loss:3.72417 lr:0.000035
step:176401 source:(64, 18) loss:3.73731 lr:0.000035
step:176601 source:(64, 18) loss:3.65681 lr:0.000035
step:176801 source:(64, 18) loss:3.83721 lr:0.000035
step:177001 source:(64, 18) loss:3.77148 lr:0.000035
step:177201 source:(64, 18) loss:3.78626 lr:0.000035
step:177401 source:(64, 18) loss:3.77253 lr:0.000035
step:177601 source:(64, 18) loss:3.80728 lr:0.000035
step:177801 source:(64, 18) loss:3.76586 lr:0.000035
step:178001 source:(64, 18) loss:3.77686 lr:0.000035
step:178201 source:(64, 18) loss:3.76049 lr:0.000035
step:178401 source:(64, 18) loss:3.80244 lr:0.000035
step:178601 source:(64, 18) loss:3.71936 lr:0.000035
step:178801 source:(64, 18) loss:3.69794 lr:0.000035
step:179001 source:(64, 18) loss:3.80466 lr:0.000035
step:179201 source:(64, 18) loss:3.81493 lr:0.000035
step:179401 source:(64, 18) loss:3.91633 lr:0.000035
step:179601 source:(64, 18) loss:3.84814 lr:0.000035
epoch:115 test_present_rate:0.5 test_bleu:43.08515191078186 template_bleu:41.32058918476105
epoch:115 test_present_rate:0.5 train_bleu:43.34615767002106 template_bleu:41.2747323513031
step:179801 source:(64, 18) loss:3.84188 lr:0.000035
step:180001 source:(64, 18) loss:3.64993 lr:0.000035
step:180201 source:(64, 18) loss:3.70363 lr:0.000035
step:180401 source:(64, 18) loss:3.71511 lr:0.000035
step:180601 source:(64, 18) loss:3.77647 lr:0.000035
step:180801 source:(64, 18) loss:3.69825 lr:0.000035
step:181001 source:(64, 18) loss:3.82771 lr:0.000035
step:181201 source:(64, 18) loss:3.68438 lr:0.000035
step:181401 source:(64, 18) loss:3.65523 lr:0.000035
step:181601 source:(64, 18) loss:3.80481 lr:0.000035
step:181801 source:(64, 18) loss:3.71767 lr:0.000035
step:182001 source:(64, 18) loss:3.74372 lr:0.000035
step:182201 source:(64, 18) loss:3.75091 lr:0.000035
step:182401 source:(64, 18) loss:3.83583 lr:0.000035
step:182601 source:(64, 18) loss:3.65495 lr:0.000035
step:182801 source:(64, 18) loss:3.75476 lr:0.000035
step:183001 source:(64, 18) loss:3.82835 lr:0.000035
step:183201 source:(64, 18) loss:3.79038 lr:0.000035
step:183401 source:(64, 18) loss:3.69314 lr:0.000035
step:183601 source:(64, 18) loss:3.82082 lr:0.000035
step:183801 source:(64, 18) loss:3.73072 lr:0.000035
step:184001 source:(64, 18) loss:3.74814 lr:0.000035
step:184201 source:(64, 18) loss:3.72351 lr:0.000035
step:184401 source:(64, 18) loss:3.74322 lr:0.000035
step:184601 source:(64, 18) loss:3.69127 lr:0.000035
step:184801 source:(64, 18) loss:3.86073 lr:0.000035
step:185001 source:(64, 18) loss:3.81797 lr:0.000035
step:185201 source:(64, 18) loss:3.70973 lr:0.000035
step:185401 source:(64, 18) loss:3.79804 lr:0.000035
step:185601 source:(64, 18) loss:3.76057 lr:0.000035
step:185801 source:(64, 18) loss:3.67532 lr:0.000035
step:186001 source:(64, 18) loss:3.72615 lr:0.000035
step:186201 source:(64, 18) loss:3.68297 lr:0.000035
step:186401 source:(64, 18) loss:3.71467 lr:0.000035
step:186601 source:(64, 18) loss:3.79711 lr:0.000035
step:186801 source:(64, 18) loss:3.71959 lr:0.000035
step:187001 source:(64, 18) loss:3.66705 lr:0.000035
step:187201 source:(64, 18) loss:3.71584 lr:0.000035
step:187401 source:(64, 18) loss:3.76299 lr:0.000035
epoch:120 test_present_rate:0.5 test_bleu:44.31905448436737 template_bleu:41.299670934677124
epoch:120 test_present_rate:0.5 train_bleu:44.421517848968506 template_bleu:41.229432821273804
step:187601 source:(64, 18) loss:3.81404 lr:0.000035
step:187801 source:(64, 18) loss:3.71659 lr:0.000035
step:188001 source:(64, 18) loss:3.58414 lr:0.000035
step:188201 source:(64, 18) loss:3.66082 lr:0.000035
step:188401 source:(64, 18) loss:3.71682 lr:0.000035
step:188601 source:(64, 18) loss:3.64885 lr:0.000035
step:188801 source:(64, 18) loss:3.75462 lr:0.000035
step:189001 source:(64, 18) loss:3.65314 lr:0.000035
step:189201 source:(64, 18) loss:3.73593 lr:0.000035
step:189401 source:(64, 18) loss:3.6764 lr:0.000035
step:189601 source:(64, 18) loss:3.97672 lr:0.000035
step:189801 source:(64, 18) loss:3.84126 lr:0.000035
step:190001 source:(64, 18) loss:3.86764 lr:0.000035
step:190201 source:(64, 18) loss:3.59891 lr:0.000035
step:190401 source:(64, 18) loss:3.67787 lr:0.000035
step:190601 source:(64, 18) loss:3.79058 lr:0.000035
step:190801 source:(64, 18) loss:3.71111 lr:0.000035
step:191001 source:(64, 18) loss:3.73741 lr:0.000035
step:191201 source:(64, 18) loss:3.68344 lr:0.000035
step:191401 source:(64, 18) loss:3.75569 lr:0.000035
step:191601 source:(64, 18) loss:3.80664 lr:0.000035
step:191801 source:(64, 18) loss:3.70955 lr:0.000035
step:192001 source:(64, 18) loss:3.79922 lr:0.000035
step:192201 source:(64, 18) loss:3.71796 lr:0.000035
step:192401 source:(64, 18) loss:3.68879 lr:0.000035
step:192601 source:(64, 18) loss:3.74694 lr:0.000035
step:192801 source:(64, 18) loss:3.66532 lr:0.000035
step:193001 source:(64, 18) loss:3.72556 lr:0.000035
step:193201 source:(64, 18) loss:3.72958 lr:0.000035
step:193401 source:(64, 18) loss:3.75093 lr:0.000035
step:193601 source:(64, 18) loss:3.85371 lr:0.000035
step:193801 source:(64, 18) loss:3.69348 lr:0.000035
step:194001 source:(64, 18) loss:3.69325 lr:0.000035
step:194201 source:(64, 18) loss:3.74619 lr:0.000035
step:194401 source:(64, 18) loss:3.88026 lr:0.000035
step:194601 source:(64, 18) loss:3.66246 lr:0.000035
step:194801 source:(64, 18) loss:3.70261 lr:0.000035
step:195001 source:(64, 18) loss:3.73776 lr:0.000035
step:195201 source:(64, 18) loss:3.71421 lr:0.000035
epoch:125 test_present_rate:0.5 test_bleu:43.55587363243103 template_bleu:40.89052975177765
epoch:125 test_present_rate:0.5 train_bleu:44.33128535747528 template_bleu:41.100239753723145
step:195401 source:(64, 18) loss:3.72256 lr:0.000035
step:195601 source:(64, 18) loss:3.61239 lr:0.000035
step:195801 source:(64, 18) loss:3.75655 lr:0.000035
step:196001 source:(64, 18) loss:3.6639 lr:0.000035
step:196201 source:(64, 18) loss:4.46173 lr:0.000035
step:196401 source:(64, 18) loss:3.78442 lr:0.000035
step:196601 source:(64, 18) loss:3.76578 lr:0.000035
step:196801 source:(64, 18) loss:3.65353 lr:0.000035
step:197001 source:(64, 18) loss:3.71653 lr:0.000035
step:197201 source:(64, 18) loss:3.6836 lr:0.000035
step:197401 source:(64, 18) loss:3.67796 lr:0.000035
step:197601 source:(64, 18) loss:3.79255 lr:0.000035
step:197801 source:(64, 18) loss:3.75871 lr:0.000035
step:198001 source:(64, 18) loss:3.67168 lr:0.000035
step:198201 source:(64, 18) loss:3.68126 lr:0.000035
step:198401 source:(64, 18) loss:3.68287 lr:0.000035
step:198601 source:(64, 18) loss:3.60149 lr:0.000035
step:198801 source:(64, 18) loss:3.72732 lr:0.000035
step:199001 source:(64, 18) loss:3.68413 lr:0.000035
step:199201 source:(64, 18) loss:3.88707 lr:0.000035
step:199401 source:(64, 18) loss:3.68618 lr:0.000035
step:199601 source:(64, 18) loss:3.71532 lr:0.000035
step:199801 source:(64, 18) loss:3.76561 lr:0.000035
step:200001 source:(64, 18) loss:3.72118 lr:0.000035
step:200201 source:(64, 18) loss:3.75047 lr:0.000035
step:200401 source:(64, 18) loss:3.73592 lr:0.000035
step:200601 source:(64, 18) loss:3.68605 lr:0.000035
step:200801 source:(64, 18) loss:3.72342 lr:0.000035
step:201001 source:(64, 18) loss:3.64591 lr:0.000035
step:201201 source:(64, 18) loss:3.74634 lr:0.000035
step:201401 source:(64, 18) loss:3.77376 lr:0.000035
step:201601 source:(64, 18) loss:3.67495 lr:0.000035
step:201801 source:(64, 18) loss:3.67446 lr:0.000035
step:202001 source:(64, 18) loss:3.71106 lr:0.000035
step:202201 source:(64, 18) loss:3.66978 lr:0.000035
step:202401 source:(64, 18) loss:3.8122 lr:0.000035
step:202601 source:(64, 18) loss:3.78428 lr:0.000035
step:202801 source:(64, 18) loss:3.67411 lr:0.000035
step:203001 source:(64, 18) loss:3.742 lr:0.000035
epoch:130 test_present_rate:0.5 test_bleu:44.307541847229004 template_bleu:41.56540930271149
epoch:130 test_present_rate:0.5 train_bleu:44.60587203502655 template_bleu:41.462334990501404
step:203201 source:(64, 18) loss:3.67941 lr:0.000035
step:203401 source:(64, 18) loss:3.72493 lr:0.000035
step:203601 source:(64, 18) loss:3.77507 lr:0.000035
step:203801 source:(64, 18) loss:3.63756 lr:0.000035
step:204001 source:(64, 18) loss:3.70434 lr:0.000035
step:204201 source:(64, 18) loss:3.69451 lr:0.000035
step:204401 source:(64, 18) loss:3.71155 lr:0.000035
step:204601 source:(64, 18) loss:3.75609 lr:0.000035
step:204801 source:(64, 18) loss:3.89209 lr:0.000035
step:205001 source:(64, 18) loss:3.70669 lr:0.000035
step:205201 source:(64, 18) loss:3.67927 lr:0.000035
step:205401 source:(64, 18) loss:3.75346 lr:0.000035
step:205601 source:(64, 18) loss:3.77344 lr:0.000035
step:205801 source:(64, 18) loss:3.70145 lr:0.000035
step:206001 source:(64, 18) loss:3.63326 lr:0.000035
step:206201 source:(64, 18) loss:3.69623 lr:0.000035
step:206401 source:(64, 18) loss:3.57049 lr:0.000035
step:206601 source:(64, 18) loss:3.7385 lr:0.000035
step:206801 source:(64, 18) loss:3.65424 lr:0.000035
step:207001 source:(64, 18) loss:3.78664 lr:0.000035
step:207201 source:(64, 18) loss:3.71343 lr:0.000035
step:207401 source:(64, 18) loss:3.76392 lr:0.000035
step:207601 source:(64, 18) loss:3.7052 lr:0.000035
step:207801 source:(64, 18) loss:3.65778 lr:0.000035
step:208001 source:(64, 18) loss:3.72052 lr:0.000035
step:208201 source:(64, 18) loss:3.62637 lr:0.000035
step:208401 source:(64, 18) loss:3.61212 lr:0.000035
step:208601 source:(64, 18) loss:3.66847 lr:0.000035
step:208801 source:(64, 18) loss:3.68572 lr:0.000035
step:209001 source:(64, 18) loss:3.72366 lr:0.000035
step:209201 source:(64, 18) loss:3.68429 lr:0.000035
step:209401 source:(64, 18) loss:3.68389 lr:0.000035
step:209601 source:(64, 18) loss:3.74695 lr:0.000035
step:209801 source:(64, 18) loss:3.62926 lr:0.000035
step:210001 source:(64, 18) loss:3.61499 lr:0.000035
step:210201 source:(64, 18) loss:3.68413 lr:0.000035
step:210401 source:(64, 18) loss:3.85527 lr:0.000035
step:210601 source:(64, 18) loss:3.69925 lr:0.000035
step:210801 source:(64, 18) loss:3.67377 lr:0.000035
step:211001 source:(64, 18) loss:3.59636 lr:0.000035
epoch:135 test_present_rate:0.5 test_bleu:44.16722655296326 template_bleu:41.42793416976929
epoch:135 test_present_rate:0.5 train_bleu:44.465371966362 template_bleu:41.1586731672287
step:211201 source:(64, 18) loss:3.82095 lr:0.000035
step:211401 source:(64, 18) loss:3.77629 lr:0.000035
step:211601 source:(64, 18) loss:3.82362 lr:0.000035
step:211801 source:(64, 18) loss:3.68537 lr:0.000035
step:212001 source:(64, 18) loss:3.63972 lr:0.000035
step:212201 source:(64, 18) loss:3.61542 lr:0.000035
step:212401 source:(64, 18) loss:3.66253 lr:0.000035
step:212601 source:(64, 18) loss:3.65761 lr:0.000035
step:212801 source:(64, 18) loss:3.64758 lr:0.000035
step:213001 source:(64, 18) loss:3.73498 lr:0.000035
step:213201 source:(64, 18) loss:3.8203 lr:0.000035
step:213401 source:(64, 18) loss:3.72014 lr:0.000035
step:213601 source:(64, 18) loss:3.74154 lr:0.000035
step:213801 source:(64, 18) loss:3.63865 lr:0.000035
step:214001 source:(64, 18) loss:3.71929 lr:0.000035
step:214201 source:(64, 18) loss:3.65989 lr:0.000035
step:214401 source:(64, 18) loss:3.74168 lr:0.000035
step:214601 source:(64, 18) loss:3.65794 lr:0.000035
step:214801 source:(64, 18) loss:3.73572 lr:0.000035
step:215001 source:(64, 18) loss:3.73175 lr:0.000035
step:215201 source:(64, 18) loss:3.66785 lr:0.000035
step:215401 source:(64, 18) loss:3.79507 lr:0.000035
step:215601 source:(64, 18) loss:3.7569 lr:0.000035
step:215801 source:(64, 18) loss:3.66016 lr:0.000035
step:216001 source:(64, 18) loss:3.7685 lr:0.000035
step:216201 source:(64, 18) loss:3.7344 lr:0.000035
step:216401 source:(64, 18) loss:3.62514 lr:0.000035
step:216601 source:(64, 18) loss:3.72858 lr:0.000035
step:216801 source:(64, 18) loss:3.81076 lr:0.000035
step:217001 source:(64, 18) loss:3.63243 lr:0.000035
step:217201 source:(64, 18) loss:4.29202 lr:0.000035
step:217401 source:(64, 18) loss:3.80477 lr:0.000035
step:217601 source:(64, 18) loss:3.76619 lr:0.000035
step:217801 source:(64, 18) loss:3.74908 lr:0.000035
step:218001 source:(64, 18) loss:3.7016 lr:0.000035
step:218201 source:(64, 18) loss:3.63536 lr:0.000035
step:218401 source:(64, 18) loss:3.62691 lr:0.000035
step:218601 source:(64, 18) loss:3.60846 lr:0.000035
step:218801 source:(64, 18) loss:3.71001 lr:0.000035
epoch:140 test_present_rate:0.5 test_bleu:44.03426945209503 template_bleu:41.338202357292175
epoch:140 test_present_rate:0.5 train_bleu:44.41564381122589 template_bleu:41.11849367618561
step:219001 source:(64, 18) loss:3.64679 lr:0.000035
step:219201 source:(64, 18) loss:3.87085 lr:0.000035
step:219401 source:(64, 18) loss:3.75844 lr:0.000035
step:219601 source:(64, 18) loss:4.08428 lr:0.000035
step:219801 source:(64, 18) loss:3.87204 lr:0.000035
step:220001 source:(64, 18) loss:3.7593 lr:0.000035
step:220201 source:(64, 18) loss:3.74778 lr:0.000035
step:220401 source:(64, 18) loss:3.73942 lr:0.000035
step:220601 source:(64, 18) loss:3.63969 lr:0.000035
step:220801 source:(64, 18) loss:3.68567 lr:0.000035
step:221001 source:(64, 18) loss:3.67804 lr:0.000035
step:221201 source:(64, 18) loss:3.70596 lr:0.000035
step:221401 source:(64, 18) loss:3.81832 lr:0.000035
step:221601 source:(64, 18) loss:3.65497 lr:0.000035
step:221801 source:(64, 18) loss:3.61668 lr:0.000035
step:222001 source:(64, 18) loss:3.66085 lr:0.000035
step:222201 source:(64, 18) loss:3.73524 lr:0.000035
step:222401 source:(64, 18) loss:3.69338 lr:0.000035
step:222601 source:(64, 18) loss:3.76643 lr:0.000035
step:222801 source:(64, 18) loss:3.62513 lr:0.000035
step:223001 source:(64, 18) loss:3.62071 lr:0.000035
step:223201 source:(64, 18) loss:3.71592 lr:0.000035
step:223401 source:(64, 18) loss:3.74316 lr:0.000035
step:223601 source:(64, 18) loss:3.75302 lr:0.000035
step:223801 source:(64, 18) loss:3.72104 lr:0.000035
step:224001 source:(64, 18) loss:3.7213 lr:0.000035
step:224201 source:(64, 18) loss:3.70894 lr:0.000035
step:224401 source:(64, 18) loss:3.75515 lr:0.000035
step:224601 source:(64, 18) loss:3.72212 lr:0.000035
step:224801 source:(64, 18) loss:3.70033 lr:0.000035
step:225001 source:(64, 18) loss:3.75683 lr:0.000035
step:225201 source:(64, 18) loss:3.79946 lr:0.000035
step:225401 source:(64, 18) loss:3.6798 lr:0.000035
step:225601 source:(64, 18) loss:3.64611 lr:0.000035
step:225801 source:(64, 18) loss:3.78301 lr:0.000035
step:226001 source:(64, 18) loss:3.62608 lr:0.000035
step:226201 source:(64, 18) loss:3.7725 lr:0.000035
step:226401 source:(64, 18) loss:3.71997 lr:0.000035
step:226601 source:(64, 18) loss:3.7567 lr:0.000035
epoch:145 test_present_rate:0.5 test_bleu:43.848246335983276 template_bleu:41.03671610355377
epoch:145 test_present_rate:0.5 train_bleu:44.68262493610382 template_bleu:41.32457971572876
step:226801 source:(64, 18) loss:3.65289 lr:0.000035
step:227001 source:(64, 18) loss:3.78065 lr:0.000035
step:227201 source:(64, 18) loss:3.77253 lr:0.000035
step:227401 source:(64, 18) loss:3.7371 lr:0.000035
step:227601 source:(64, 18) loss:3.62512 lr:0.000035
step:227801 source:(64, 18) loss:3.74267 lr:0.000035
step:228001 source:(64, 18) loss:3.75796 lr:0.000035
step:228201 source:(64, 18) loss:3.60887 lr:0.000035
step:228401 source:(64, 18) loss:3.75038 lr:0.000035
step:228601 source:(64, 18) loss:3.74348 lr:0.000035
step:228801 source:(64, 18) loss:3.86905 lr:0.000035
step:229001 source:(64, 18) loss:3.60083 lr:0.000035
step:229201 source:(64, 18) loss:3.70807 lr:0.000035
step:229401 source:(64, 18) loss:3.71903 lr:0.000035
step:229601 source:(64, 18) loss:3.75596 lr:0.000035
step:229801 source:(64, 18) loss:3.77997 lr:0.000035
step:230001 source:(64, 18) loss:3.77304 lr:0.000035
step:230201 source:(64, 18) loss:3.7528 lr:0.000035
step:230401 source:(64, 18) loss:3.7148 lr:0.000035
step:230601 source:(64, 18) loss:3.60534 lr:0.000035
step:230801 source:(64, 18) loss:3.75114 lr:0.000035
step:231001 source:(64, 18) loss:3.8306 lr:0.000035
step:231201 source:(64, 18) loss:3.69705 lr:0.000035
step:231401 source:(64, 18) loss:3.55754 lr:0.000035
step:231601 source:(64, 18) loss:3.68251 lr:0.000035
step:231801 source:(64, 18) loss:3.62523 lr:0.000035
step:232001 source:(64, 18) loss:3.58429 lr:0.000035
step:232201 source:(64, 18) loss:3.6661 lr:0.000035
step:232401 source:(64, 18) loss:3.68228 lr:0.000035
step:232601 source:(64, 18) loss:3.72412 lr:0.000035
step:232801 source:(64, 18) loss:3.69645 lr:0.000035
step:233001 source:(64, 18) loss:3.65801 lr:0.000035
step:233201 source:(64, 18) loss:3.74776 lr:0.000035
step:233401 source:(64, 18) loss:3.61843 lr:0.000035
step:233601 source:(64, 18) loss:3.65294 lr:0.000035
step:233801 source:(64, 18) loss:3.6774 lr:0.000035
step:234001 source:(64, 18) loss:3.66297 lr:0.000035
step:234201 source:(64, 18) loss:3.75311 lr:0.000035
step:234401 source:(64, 18) loss:3.7323 lr:0.000035
/home/syp/miniconda2/envs/newtf/lib/python3.6/importlib/_bootstrap.py:205: RuntimeWarning: compiletime version 3.5 of module 'tensorflow.python.framework.fast_tensor_util' does not match runtime version 3.6
  return f(*args, **kwds)
