train_file:/home/syp/zwr/txtgen/examples/long_text/yelp_data/pos/pos.train.txt
valid_file:/home/syp/zwr/txtgen/examples/long_text/yelp_data/pos/pos.valid.txt
logdir:./log_dir/pos.bsize400.epoch150.seqlen16.dynamic_lr.fixed_mask.present0.5.partition1.hidden512/
epoch:0 test_present_rate:0.5 test_bleu:25.975430011749268 template_bleu:44.368523359298706 test_loss:8.625754356384277 test_ppl:5788.21484375 
epoch:0 test_present_rate:0.5 train_bleu:25.704625248908997 template_bleu:44.2195862531662 train_loss:8.54561710357666 train_ppl:5150.38623046875 
step:1 source:(400, 17) loss:8.558185 ppl:5209.215820 lr:0.000000
step:201 source:(400, 17) loss:6.958797 ppl:1052.366333 lr:0.000003
step:401 source:(400, 17) loss:6.037155 ppl:418.700012 lr:0.000005
step:601 source:(400, 17) loss:5.581181 ppl:265.384857 lr:0.000008
step:801 source:(400, 17) loss:5.212875 ppl:183.621185 lr:0.000011
step:1001 source:(400, 17) loss:5.064257 ppl:158.262756 lr:0.000013
step:1201 source:(400, 17) loss:4.936507 ppl:139.282852 lr:0.000016
epoch:5 test_present_rate:0.5 test_bleu:46.561041474342346 template_bleu:44.368523359298706 test_loss:4.749117851257324 test_ppl:122.21111297607422 
epoch:5 test_present_rate:0.5 train_bleu:46.38825058937073 template_bleu:44.2195862531662 train_loss:4.77999210357666 train_ppl:119.2807388305664 
step:1401 source:(400, 17) loss:4.787627 ppl:120.016205 lr:0.000019
step:1601 source:(400, 17) loss:4.576047 ppl:97.129723 lr:0.000021
step:1801 source:(400, 17) loss:4.632230 ppl:102.742958 lr:0.000024
step:2001 source:(400, 17) loss:4.594339 ppl:98.922760 lr:0.000027
step:2201 source:(400, 17) loss:4.498571 ppl:89.888626 lr:0.000029
step:2401 source:(400, 17) loss:4.447106 ppl:85.379486 lr:0.000032
step:2601 source:(400, 17) loss:4.414217 ppl:82.617126 lr:0.000034
epoch:10 test_present_rate:0.5 test_bleu:46.27813100814819 template_bleu:44.368523359298706 test_loss:4.387492656707764 test_ppl:85.34725952148438 
epoch:10 test_present_rate:0.5 train_bleu:46.038177609443665 template_bleu:44.2195862531662 train_loss:4.3707685470581055 train_ppl:79.21308898925781 
step:2801 source:(400, 17) loss:4.413658 ppl:82.570930 lr:0.000037
step:3001 source:(400, 17) loss:4.267557 ppl:71.347130 lr:0.000040
step:3201 source:(400, 17) loss:4.270328 ppl:71.545067 lr:0.000042
step:3401 source:(400, 17) loss:4.293985 ppl:73.257812 lr:0.000045
step:3601 source:(400, 17) loss:4.324050 ppl:75.493790 lr:0.000048
step:3801 source:(400, 17) loss:4.207109 ppl:67.162125 lr:0.000050
epoch:15 test_present_rate:0.5 test_bleu:46.906474232673645 template_bleu:44.368523359298706 test_loss:4.158539295196533 test_ppl:68.0114974975586 
epoch:15 test_present_rate:0.5 train_bleu:46.507805585861206 template_bleu:44.2195862531662 train_loss:4.079740524291992 train_ppl:59.205177307128906 
step:4001 source:(400, 17) loss:4.182641 ppl:65.538712 lr:0.000053
step:4201 source:(400, 17) loss:4.067234 ppl:58.395191 lr:0.000056
step:4401 source:(400, 17) loss:4.094545 ppl:60.012051 lr:0.000058
step:4601 source:(400, 17) loss:3.968323 ppl:52.895775 lr:0.000061
step:4801 source:(400, 17) loss:4.020151 ppl:55.709526 lr:0.000064
step:5001 source:(400, 17) loss:3.944348 ppl:51.642651 lr:0.000066
step:5201 source:(400, 17) loss:3.866651 ppl:47.782097 lr:0.000069
epoch:20 test_present_rate:0.5 test_bleu:47.80696630477905 template_bleu:44.368523359298706 test_loss:3.9834673404693604 test_ppl:57.362091064453125 
epoch:20 test_present_rate:0.5 train_bleu:47.26390242576599 template_bleu:44.2195862531662 train_loss:3.834153890609741 train_ppl:46.30754089355469 
step:5401 source:(400, 17) loss:3.952956 ppl:52.089111 lr:0.000072
step:5601 source:(400, 17) loss:3.873754 ppl:48.122700 lr:0.000074
step:5801 source:(400, 17) loss:3.908093 ppl:49.803909 lr:0.000077
step:6001 source:(400, 17) loss:3.804875 ppl:44.919640 lr:0.000080
step:6201 source:(400, 17) loss:3.764837 ppl:43.156673 lr:0.000082
step:6401 source:(400, 17) loss:3.727935 ppl:41.593132 lr:0.000085
epoch:25 test_present_rate:0.5 test_bleu:48.62493276596069 template_bleu:44.368523359298706 test_loss:3.8776047229766846 test_ppl:51.72640609741211 
epoch:25 test_present_rate:0.5 train_bleu:47.91876673698425 template_bleu:44.2195862531662 train_loss:3.6352322101593018 train_ppl:37.94776916503906 
step:6601 source:(400, 17) loss:3.811147 ppl:45.202278 lr:0.000088
step:6801 source:(400, 17) loss:3.708330 ppl:40.785625 lr:0.000090
step:7001 source:(400, 17) loss:3.674563 ppl:39.431419 lr:0.000093
step:7201 source:(400, 17) loss:3.729698 ppl:41.666519 lr:0.000095
step:7401 source:(400, 17) loss:3.648273 ppl:38.408287 lr:0.000098
step:7601 source:(400, 17) loss:3.601446 ppl:36.651192 lr:0.000101
step:7801 source:(400, 17) loss:3.606294 ppl:36.829308 lr:0.000103
epoch:30 test_present_rate:0.5 test_bleu:49.072033166885376 template_bleu:44.368523359298706 test_loss:3.796274185180664 test_ppl:47.82929992675781 
epoch:30 test_present_rate:0.5 train_bleu:48.8055557012558 template_bleu:44.2195862531662 train_loss:3.456498384475708 train_ppl:31.73341178894043 
step:8001 source:(400, 17) loss:3.610784 ppl:36.995056 lr:0.000106
step:8201 source:(400, 17) loss:3.516724 ppl:33.673920 lr:0.000109
step:8401 source:(400, 17) loss:3.504118 ppl:33.252094 lr:0.000111
step:8601 source:(400, 17) loss:3.503661 ppl:33.236908 lr:0.000114
step:8801 source:(400, 17) loss:3.496062 ppl:32.985302 lr:0.000117
step:9001 source:(400, 17) loss:3.439080 ppl:31.158264 lr:0.000119
epoch:35 test_present_rate:0.5 test_bleu:49.66665506362915 template_bleu:44.368523359298706 test_loss:3.7625463008880615 test_ppl:46.367130279541016 
epoch:35 test_present_rate:0.5 train_bleu:49.287205934524536 template_bleu:44.2195862531662 train_loss:3.3257761001586914 train_ppl:27.841876983642578 
step:9201 source:(400, 17) loss:3.609414 ppl:36.944401 lr:0.000122
step:9401 source:(400, 17) loss:3.453197 ppl:31.601254 lr:0.000125
step:9601 source:(400, 17) loss:3.438251 ppl:31.132446 lr:0.000127
step:9801 source:(400, 17) loss:3.426499 ppl:30.768736 lr:0.000130
step:10001 source:(400, 17) loss:3.477347 ppl:32.373726 lr:0.000133
step:10201 source:(400, 17) loss:3.466424 ppl:32.022034 lr:0.000131
step:10401 source:(400, 17) loss:3.357888 ppl:28.728453 lr:0.000130
epoch:40 test_present_rate:0.5 test_bleu:50.00388026237488 template_bleu:44.368523359298706 test_loss:3.7484891414642334 test_ppl:45.923858642578125 
epoch:40 test_present_rate:0.5 train_bleu:49.80582594871521 template_bleu:44.2195862531662 train_loss:3.2319493293762207 train_ppl:25.347707748413086 
step:10601 source:(400, 17) loss:3.421812 ppl:30.624859 lr:0.000129
step:10801 source:(400, 17) loss:3.336370 ppl:28.116890 lr:0.000128
step:11001 source:(400, 17) loss:3.414358 ppl:30.397425 lr:0.000126
step:11201 source:(400, 17) loss:3.376157 ppl:29.258123 lr:0.000125
step:11401 source:(400, 17) loss:3.391211 ppl:29.701908 lr:0.000124
step:11601 source:(400, 17) loss:3.332120 ppl:27.997646 lr:0.000123
epoch:45 test_present_rate:0.5 test_bleu:50.200748443603516 template_bleu:44.368523359298706 test_loss:3.7141082286834717 test_ppl:44.45137023925781 
epoch:45 test_present_rate:0.5 train_bleu:50.415390729904175 template_bleu:44.2195862531662 train_loss:3.150238275527954 train_ppl:23.35891342163086 
step:11801 source:(400, 17) loss:3.339976 ppl:28.218437 lr:0.000122
step:12001 source:(400, 17) loss:3.350384 ppl:28.513695 lr:0.000121
step:12201 source:(400, 17) loss:3.326907 ppl:27.852066 lr:0.000120
step:12401 source:(400, 17) loss:3.314904 ppl:27.519751 lr:0.000119
step:12601 source:(400, 17) loss:3.258772 ppl:26.017559 lr:0.000118
step:12801 source:(400, 17) loss:3.348858 ppl:28.470192 lr:0.000117
step:13001 source:(400, 17) loss:3.333315 ppl:28.031115 lr:0.000116
epoch:50 test_present_rate:0.5 test_bleu:50.59216618537903 template_bleu:44.368523359298706 test_loss:3.7045764923095703 test_ppl:44.0019416809082 
epoch:50 test_present_rate:0.5 train_bleu:50.7127046585083 template_bleu:44.2195862531662 train_loss:3.109031915664673 train_ppl:22.41634178161621 
step:13201 source:(400, 17) loss:3.311270 ppl:27.419914 lr:0.000115
step:13401 source:(400, 17) loss:3.235244 ppl:25.412567 lr:0.000115
step:13601 source:(400, 17) loss:3.283658 ppl:26.673166 lr:0.000114
step:13801 source:(400, 17) loss:3.340409 ppl:28.230679 lr:0.000113
step:14001 source:(400, 17) loss:3.278707 ppl:26.541420 lr:0.000112
step:14201 source:(400, 17) loss:3.312939 ppl:27.465740 lr:0.000111
epoch:55 test_present_rate:0.5 test_bleu:50.97535848617554 template_bleu:44.368523359298706 test_loss:3.6846868991851807 test_ppl:43.145164489746094 
epoch:55 test_present_rate:0.5 train_bleu:51.05783939361572 template_bleu:44.2195862531662 train_loss:3.0613925457000732 train_ppl:21.373422622680664 
step:14401 source:(400, 17) loss:3.192864 ppl:24.358093 lr:0.000110
step:14601 source:(400, 17) loss:3.187676 ppl:24.232058 lr:0.000110
step:14801 source:(400, 17) loss:3.233639 ppl:25.371830 lr:0.000109
step:15001 source:(400, 17) loss:3.266771 ppl:26.226513 lr:0.000108
step:15201 source:(400, 17) loss:3.286774 ppl:26.756418 lr:0.000108
step:15401 source:(400, 17) loss:3.260593 ppl:26.064981 lr:0.000107
step:15601 source:(400, 17) loss:3.258482 ppl:26.010017 lr:0.000106
epoch:60 test_present_rate:0.5 test_bleu:50.96539855003357 template_bleu:44.368523359298706 test_loss:3.6720142364501953 test_ppl:42.57207107543945 
epoch:60 test_present_rate:0.5 train_bleu:51.29117965698242 template_bleu:44.2195862531662 train_loss:3.0337798595428467 train_ppl:20.79020881652832 
step:15801 source:(400, 17) loss:3.260424 ppl:26.060575 lr:0.000105
step:16001 source:(400, 17) loss:3.235369 ppl:25.415741 lr:0.000105
step:16201 source:(400, 17) loss:3.210565 ppl:24.793081 lr:0.000104
step:16401 source:(400, 17) loss:3.240477 ppl:25.545906 lr:0.000104
step:16601 source:(400, 17) loss:3.189895 ppl:24.285875 lr:0.000103
step:16801 source:(400, 17) loss:3.180917 ppl:24.068815 lr:0.000102
epoch:65 test_present_rate:0.5 test_bleu:50.895655155181885 template_bleu:44.368523359298706 test_loss:3.678980827331543 test_ppl:42.9531135559082 
epoch:65 test_present_rate:0.5 train_bleu:51.51748061180115 template_bleu:44.2195862531662 train_loss:3.0136899948120117 train_ppl:20.376346588134766 
step:17001 source:(400, 17) loss:3.243052 ppl:25.611763 lr:0.000102
step:17201 source:(400, 17) loss:3.278094 ppl:26.525156 lr:0.000101
step:17401 source:(400, 17) loss:3.160193 ppl:23.575155 lr:0.000101
step:17601 source:(400, 17) loss:3.163207 ppl:23.646303 lr:0.000100
step:17801 source:(400, 17) loss:3.208811 ppl:24.749643 lr:0.000099
step:18001 source:(400, 17) loss:3.281406 ppl:26.613169 lr:0.000099
step:18201 source:(400, 17) loss:3.202464 ppl:24.593061 lr:0.000098
epoch:70 test_present_rate:0.5 test_bleu:51.16717219352722 template_bleu:44.368523359298706 test_loss:3.6832573413848877 test_ppl:43.342350006103516 
epoch:70 test_present_rate:0.5 train_bleu:51.71695351600647 template_bleu:44.2195862531662 train_loss:2.9987759590148926 train_ppl:20.07430076599121 
step:18401 source:(400, 17) loss:3.271056 ppl:26.339144 lr:0.000098
step:18601 source:(400, 17) loss:3.287154 ppl:26.766569 lr:0.000097
step:18801 source:(400, 17) loss:3.216705 ppl:24.945791 lr:0.000097
step:19001 source:(400, 17) loss:3.142310 ppl:23.157307 lr:0.000096
step:19201 source:(400, 17) loss:3.178668 ppl:24.014751 lr:0.000096
step:19401 source:(400, 17) loss:3.200000 ppl:24.532526 lr:0.000095
epoch:75 test_present_rate:0.5 test_bleu:51.18089318275452 template_bleu:44.368523359298706 test_loss:3.6734883785247803 test_ppl:42.90640640258789 
epoch:75 test_present_rate:0.5 train_bleu:51.879262924194336 template_bleu:44.2195862531662 train_loss:2.979626417160034 train_ppl:19.693153381347656 
step:19601 source:(400, 17) loss:3.248858 ppl:25.760904 lr:0.000095
step:19801 source:(400, 17) loss:3.166072 ppl:23.714149 lr:0.000094
step:20001 source:(400, 17) loss:3.192094 ppl:24.339331 lr:0.000094
step:20201 source:(400, 17) loss:3.194815 ppl:24.405663 lr:0.000093
step:20401 source:(400, 17) loss:3.271525 ppl:26.351486 lr:0.000093
step:20601 source:(400, 17) loss:3.240702 ppl:25.551645 lr:0.000092
step:20801 source:(400, 17) loss:3.204039 ppl:24.631807 lr:0.000092
epoch:80 test_present_rate:0.5 test_bleu:51.21304988861084 template_bleu:44.368523359298706 test_loss:3.6695449352264404 test_ppl:42.79011535644531 
epoch:80 test_present_rate:0.5 train_bleu:52.08258628845215 template_bleu:44.2195862531662 train_loss:2.970130443572998 train_ppl:19.50663185119629 
step:21001 source:(400, 17) loss:3.218297 ppl:24.985527 lr:0.000091
step:21201 source:(400, 17) loss:3.106580 ppl:22.344490 lr:0.000091
step:21401 source:(400, 17) loss:3.089096 ppl:21.957226 lr:0.000091
step:21601 source:(400, 17) loss:3.192708 ppl:24.354301 lr:0.000090
step:21801 source:(400, 17) loss:3.151547 ppl:23.372187 lr:0.000090
step:22001 source:(400, 17) loss:3.165767 ppl:23.706924 lr:0.000089
epoch:85 test_present_rate:0.5 test_bleu:51.36603116989136 template_bleu:44.368523359298706 test_loss:3.663997173309326 test_ppl:42.465694427490234 
epoch:85 test_present_rate:0.5 train_bleu:52.27482318878174 template_bleu:44.2195862531662 train_loss:2.9381139278411865 train_ppl:18.891279220581055 
step:22201 source:(400, 17) loss:3.112535 ppl:22.477949 lr:0.000089
step:22401 source:(400, 17) loss:3.178185 ppl:24.003153 lr:0.000089
step:22601 source:(400, 17) loss:3.237566 ppl:25.471661 lr:0.000088
step:22801 source:(400, 17) loss:3.119614 ppl:22.637632 lr:0.000088
step:23001 source:(400, 17) loss:3.149633 ppl:23.327499 lr:0.000087
step:23201 source:(400, 17) loss:3.216320 ppl:24.936193 lr:0.000087
step:23401 source:(400, 17) loss:3.188100 ppl:24.242319 lr:0.000087
epoch:90 test_present_rate:0.5 test_bleu:51.44804120063782 template_bleu:44.368523359298706 test_loss:3.6613028049468994 test_ppl:42.31150817871094 
epoch:90 test_present_rate:0.5 train_bleu:52.54284739494324 template_bleu:44.2195862531662 train_loss:2.929802656173706 train_ppl:18.734914779663086 
step:23601 source:(400, 17) loss:3.177637 ppl:23.989988 lr:0.000086
step:23801 source:(400, 17) loss:3.093877 ppl:22.062445 lr:0.000086
step:24001 source:(400, 17) loss:3.224856 ppl:25.149950 lr:0.000086
step:24201 source:(400, 17) loss:3.165267 ppl:23.695070 lr:0.000085
step:24401 source:(400, 17) loss:3.169405 ppl:23.793324 lr:0.000085
step:24601 source:(400, 17) loss:3.152264 ppl:23.388954 lr:0.000085
epoch:95 test_present_rate:0.5 test_bleu:51.4260470867157 template_bleu:44.368523359298706 test_loss:3.657663345336914 test_ppl:42.23786926269531 
epoch:95 test_present_rate:0.5 train_bleu:52.61068940162659 template_bleu:44.2195862531662 train_loss:2.920423746109009 train_ppl:18.56031036376953 
step:24801 source:(400, 17) loss:3.075383 ppl:21.658175 lr:0.000084
step:25001 source:(400, 17) loss:3.214833 ppl:24.899128 lr:0.000084
step:25201 source:(400, 17) loss:3.113278 ppl:22.494654 lr:0.000084
step:25401 source:(400, 17) loss:3.115947 ppl:22.554790 lr:0.000083
step:25601 source:(400, 17) loss:3.166248 ppl:23.718317 lr:0.000083
step:25801 source:(400, 17) loss:3.241001 ppl:25.559292 lr:0.000083
step:26001 source:(400, 17) loss:3.106203 ppl:22.336063 lr:0.000082
epoch:100 test_present_rate:0.5 test_bleu:51.75414681434631 template_bleu:44.368523359298706 test_loss:3.6617727279663086 test_ppl:42.386314392089844 
epoch:100 test_present_rate:0.5 train_bleu:52.7787446975708 template_bleu:44.2195862531662 train_loss:2.913818597793579 train_ppl:18.437910079956055 
step:26201 source:(400, 17) loss:3.123495 ppl:22.725670 lr:0.000082
step:26401 source:(400, 17) loss:3.149187 ppl:23.317091 lr:0.000082
step:26601 source:(400, 17) loss:3.124238 ppl:22.742559 lr:0.000081
step:26801 source:(400, 17) loss:3.085073 ppl:21.869068 lr:0.000081
step:27001 source:(400, 17) loss:3.132364 ppl:22.928108 lr:0.000081
step:27201 source:(400, 17) loss:3.115254 ppl:22.539164 lr:0.000080
step:27401 source:(400, 17) loss:3.138191 ppl:23.062098 lr:0.000080
epoch:105 test_present_rate:0.5 test_bleu:51.64269804954529 template_bleu:44.368523359298706 test_loss:3.6479873657226562 test_ppl:41.720096588134766 
epoch:105 test_present_rate:0.5 train_bleu:52.82905101776123 template_bleu:44.2195862531662 train_loss:2.8988077640533447 train_ppl:18.163015365600586 
step:27601 source:(400, 17) loss:3.153314 ppl:23.413521 lr:0.000080
step:27801 source:(400, 17) loss:3.148833 ppl:23.308847 lr:0.000080
step:28001 source:(400, 17) loss:3.136935 ppl:23.033155 lr:0.000079
step:28201 source:(400, 17) loss:3.110432 ppl:22.430737 lr:0.000079
step:28401 source:(400, 17) loss:3.093983 ppl:22.064791 lr:0.000079
step:28601 source:(400, 17) loss:3.162507 ppl:23.629757 lr:0.000078
epoch:110 test_present_rate:0.5 test_bleu:51.51665806770325 template_bleu:44.368523359298706 test_loss:3.6551294326782227 test_ppl:42.06820297241211 
epoch:110 test_present_rate:0.5 train_bleu:52.97231674194336 template_bleu:44.2195862531662 train_loss:2.881019115447998 train_ppl:17.842790603637695 
step:28801 source:(400, 17) loss:3.141742 ppl:23.144148 lr:0.000078
step:29001 source:(400, 17) loss:3.040761 ppl:20.921167 lr:0.000078
step:29201 source:(400, 17) loss:3.065428 ppl:21.443649 lr:0.000078
step:29401 source:(400, 17) loss:3.086358 ppl:21.897184 lr:0.000077
step:29601 source:(400, 17) loss:3.068430 ppl:21.508108 lr:0.000077
step:29801 source:(400, 17) loss:3.051039 ppl:21.137304 lr:0.000077
step:30001 source:(400, 17) loss:3.176776 ppl:23.969362 lr:0.000077
epoch:115 test_present_rate:0.5 test_bleu:51.62653923034668 template_bleu:44.368523359298706 test_loss:3.647625207901001 test_ppl:41.77926254272461 
epoch:115 test_present_rate:0.5 train_bleu:53.11517119407654 template_bleu:44.2195862531662 train_loss:2.8719377517700195 train_ppl:17.681161880493164 
step:30201 source:(400, 17) loss:3.195957 ppl:24.433544 lr:0.000076
step:30401 source:(400, 17) loss:3.093579 ppl:22.055876 lr:0.000076
step:30601 source:(400, 17) loss:3.128605 ppl:22.842100 lr:0.000076
step:30801 source:(400, 17) loss:3.102124 ppl:22.245155 lr:0.000076
step:31001 source:(400, 17) loss:3.159563 ppl:23.560299 lr:0.000075
step:31201 source:(400, 17) loss:3.113951 ppl:22.509809 lr:0.000075
epoch:120 test_present_rate:0.5 test_bleu:50.59645175933838 template_bleu:44.368523359298706 test_loss:4.1943440437316895 test_ppl:73.38932037353516 
epoch:120 test_present_rate:0.5 train_bleu:50.827229022979736 template_bleu:44.2195862531662 train_loss:3.6852920055389404 train_ppl:39.896873474121094 
step:31401 source:(400, 17) loss:3.180346 ppl:24.055063 lr:0.000075
step:31601 source:(400, 17) loss:3.147648 ppl:23.281244 lr:0.000075
step:31801 source:(400, 17) loss:3.080222 ppl:21.763237 lr:0.000074
step:32001 source:(400, 17) loss:3.086657 ppl:21.903727 lr:0.000074
step:32201 source:(400, 17) loss:3.053933 ppl:21.198563 lr:0.000074
step:32401 source:(400, 17) loss:3.087123 ppl:21.913939 lr:0.000074
step:32601 source:(400, 17) loss:3.085356 ppl:21.875263 lr:0.000073
epoch:125 test_present_rate:0.5 test_bleu:51.999008655548096 template_bleu:44.368523359298706 test_loss:3.64738130569458 test_ppl:41.59291458129883 
epoch:125 test_present_rate:0.5 train_bleu:53.3361554145813 template_bleu:44.2195862531662 train_loss:2.8577380180358887 train_ppl:17.432437896728516 
step:32801 source:(400, 17) loss:3.163252 ppl:23.647364 lr:0.000073
step:33001 source:(400, 17) loss:3.146638 ppl:23.257744 lr:0.000073
step:33201 source:(400, 17) loss:3.104920 ppl:22.307444 lr:0.000073
step:33401 source:(400, 17) loss:3.143622 ppl:23.187704 lr:0.000073
step:33601 source:(400, 17) loss:3.088865 ppl:21.952145 lr:0.000072
step:33801 source:(400, 17) loss:3.251688 ppl:25.833918 lr:0.000072
epoch:130 test_present_rate:0.5 test_bleu:49.08561110496521 template_bleu:44.368523359298706 test_loss:3.789773464202881 test_ppl:48.4935417175293 
epoch:130 test_present_rate:0.5 train_bleu:51.29284858703613 template_bleu:44.2195862531662 train_loss:3.1304476261138916 train_ppl:22.909690856933594 
step:34001 source:(400, 17) loss:3.173806 ppl:23.898268 lr:0.000072
step:34201 source:(400, 17) loss:3.208641 ppl:24.745441 lr:0.000072
step:34401 source:(400, 17) loss:3.143129 ppl:23.176264 lr:0.000071
step:34601 source:(400, 17) loss:3.046719 ppl:21.046181 lr:0.000071
step:34801 source:(400, 17) loss:3.114631 ppl:22.525126 lr:0.000071
step:35001 source:(400, 17) loss:3.129966 ppl:22.873192 lr:0.000071
step:35201 source:(400, 17) loss:3.098529 ppl:22.165329 lr:0.000071
epoch:135 test_present_rate:0.5 test_bleu:52.08445191383362 template_bleu:44.368523359298706 test_loss:3.6533966064453125 test_ppl:41.79094314575195 
epoch:135 test_present_rate:0.5 train_bleu:53.50182056427002 template_bleu:44.2195862531662 train_loss:2.8493194580078125 train_ppl:17.286561965942383 
step:35401 source:(400, 17) loss:3.130202 ppl:22.878601 lr:0.000070
step:35601 source:(400, 17) loss:3.202802 ppl:24.601372 lr:0.000070
step:35801 source:(400, 17) loss:3.128909 ppl:22.849045 lr:0.000070
step:36001 source:(400, 17) loss:3.105949 ppl:22.330410 lr:0.000070
step:36201 source:(400, 17) loss:3.099488 ppl:22.186600 lr:0.000070
step:36401 source:(400, 17) loss:3.117659 ppl:22.593418 lr:0.000069
epoch:140 test_present_rate:0.5 test_bleu:51.91885232925415 template_bleu:44.368523359298706 test_loss:3.645442008972168 test_ppl:41.40257263183594 
epoch:140 test_present_rate:0.5 train_bleu:53.647881746292114 template_bleu:44.2195862531662 train_loss:2.8331539630889893 train_ppl:17.008474349975586 
step:36601 source:(400, 17) loss:3.164695 ppl:23.681515 lr:0.000069
step:36801 source:(86, 17) loss:2.155864 ppl:8.635344 lr:0.000069
step:37001 source:(400, 17) loss:3.028435 ppl:20.664877 lr:0.000069
step:37201 source:(400, 17) loss:3.162660 ppl:23.633375 lr:0.000069
step:37401 source:(400, 17) loss:3.079539 ppl:21.748371 lr:0.000069
step:37601 source:(400, 17) loss:3.120190 ppl:22.650681 lr:0.000068
step:37801 source:(400, 17) loss:3.085429 ppl:21.876854 lr:0.000068
epoch:145 test_present_rate:0.5 test_bleu:52.00808644294739 template_bleu:44.368523359298706 test_loss:3.6527626514434814 test_ppl:41.8012580871582 
epoch:145 test_present_rate:0.5 train_bleu:53.6953330039978 template_bleu:44.2195862531662 train_loss:2.839547872543335 train_ppl:17.118497848510742 
step:38001 source:(400, 17) loss:3.074073 ppl:21.629824 lr:0.000068
step:38201 source:(400, 17) loss:3.127679 ppl:22.820942 lr:0.000068
step:38401 source:(400, 17) loss:3.039562 ppl:20.896078 lr:0.000068
step:38601 source:(400, 17) loss:3.077837 ppl:21.711399 lr:0.000067
step:38801 source:(400, 17) loss:4.970645 ppl:144.119812 lr:0.000067
epoch:149 test_present_rate:0.5 test_bleu:51.55336260795593 template_bleu:44.368523359298706 test_loss:3.6933181285858154 test_ppl:43.68830108642578 
epoch:149 test_present_rate:0.5 train_bleu:53.07731032371521 template_bleu:44.2195862531662 train_loss:2.970104455947876 train_ppl:19.507375717163086 
step:39001 source:(400, 17) loss:3.115309 ppl:22.540384 lr:0.000067
/home/syp/miniconda2/envs/newtf/lib/python3.6/importlib/_bootstrap.py:205: RuntimeWarning: compiletime version 3.5 of module 'tensorflow.python.framework.fast_tensor_util' does not match runtime version 3.6
  return f(*args, **kwds)
