train_file:/home/syp/zwr/txtgen/examples/long_text/yahoo_data/yahoo.train.txt
valid_file:/home/syp/zwr/txtgen/examples/long_text/yahoo_data/yahoo.valid.txt
logdir:./log_dir/yahoo.bsize400.epoch150.seqlen16.fixed.present0.5.partition2.hidden520/
epoch:0 test_present_rate:0.5 test_bleu:17.443449795246124 template_bleu:39.41940367221832
step:1 source:(400, 18) loss:10.3127 lr:0.021926
step:201 source:(400, 18) loss:6.2434 lr:0.021926
step:401 source:(400, 18) loss:6.0425 lr:0.021926
step:601 source:(400, 18) loss:5.97765 lr:0.002193
step:801 source:(400, 18) loss:5.98737 lr:0.002193
step:1001 source:(400, 18) loss:5.92117 lr:0.002193
step:1201 source:(400, 18) loss:5.96722 lr:0.002193
epoch:5 test_present_rate:0.5 test_bleu:45.38626968860626 template_bleu:39.41940367221832
step:1401 source:(400, 18) loss:5.87951 lr:0.002193
step:1601 source:(400, 18) loss:5.85678 lr:0.002193
step:1801 source:(400, 18) loss:5.87004 lr:0.002193
step:2001 source:(400, 18) loss:5.80003 lr:0.002193
step:2201 source:(400, 18) loss:5.82496 lr:0.002193
step:2401 source:(400, 18) loss:5.76093 lr:0.002193
epoch:10 test_present_rate:0.5 test_bleu:34.16120111942291 template_bleu:39.41940367221832
step:2601 source:(400, 18) loss:5.74024 lr:0.002193
step:2801 source:(400, 18) loss:5.77786 lr:0.002193
step:3001 source:(400, 18) loss:5.73685 lr:0.002193
step:3201 source:(400, 18) loss:5.76488 lr:0.002193
step:3401 source:(400, 18) loss:5.65956 lr:0.002193
step:3601 source:(400, 18) loss:5.65198 lr:0.002193
epoch:15 test_present_rate:0.5 test_bleu:47.15776443481445 template_bleu:39.41940367221832
step:3801 source:(400, 18) loss:5.67926 lr:0.002193
step:4001 source:(400, 18) loss:5.62786 lr:0.002193
step:4201 source:(400, 18) loss:5.65207 lr:0.002193
step:4401 source:(400, 18) loss:5.59082 lr:0.002193
step:4601 source:(400, 18) loss:5.59261 lr:0.002193
step:4801 source:(400, 18) loss:5.61412 lr:0.002193
epoch:20 test_present_rate:0.5 test_bleu:46.094220876693726 template_bleu:39.41940367221832
step:5001 source:(400, 18) loss:5.55409 lr:0.002193
step:5201 source:(400, 18) loss:5.58388 lr:0.002193
step:5401 source:(400, 18) loss:5.48725 lr:0.002193
step:5601 source:(400, 18) loss:5.48029 lr:0.002193
step:5801 source:(400, 18) loss:5.54116 lr:0.002193
step:6001 source:(400, 18) loss:5.47138 lr:0.002193
step:6201 source:(400, 18) loss:5.49182 lr:0.002193
