train_file:/home/syp/zwr/txtgen/examples/long_text/yelp_data/pos/pos.train.txt
valid_file:/home/syp/zwr/txtgen/examples/long_text/yelp_data/pos/pos.valid.txt
logdir:./log_dir/pos.bsize400.epoch150.seqlen16.dynamic_lr.fixed_mask.present0.5.partition2.hidden512.seq2seq/
epoch:0 test_bleu:10.381615906953812 template_bleu:32.497718930244446 test_loss:8.194999694824219 test_ppl:3712.444580078125 
epoch:0 train_bleu:10.22275686264038 template_bleu:32.187262177467346 train_loss:8.124861717224121 train_ppl:3380.18310546875 
step:1 source:(400, 17) loss:8.142891 ppl:3438.844971 lr:0.000000
step:201 source:(400, 17) loss:5.100642 ppl:164.127197 lr:0.000009
step:401 source:(400, 17) loss:4.757751 ppl:116.483604 lr:0.000018
step:601 source:(400, 17) loss:4.679107 ppl:107.673897 lr:0.000027
step:801 source:(400, 17) loss:4.667645 ppl:106.446815 lr:0.000035
step:1001 source:(400, 17) loss:4.664949 ppl:106.160217 lr:0.000044
step:1201 source:(400, 17) loss:4.700083 ppl:109.956276 lr:0.000053
epoch:5 test_bleu:34.81249511241913 template_bleu:32.497718930244446 test_loss:4.657066822052002 test_ppl:108.6254653930664 
epoch:5 train_bleu:34.50961112976074 template_bleu:32.187262177467346 train_loss:4.64787483215332 train_ppl:104.44705200195312 
step:1401 source:(400, 17) loss:4.683307 ppl:108.127022 lr:0.000062
step:1601 source:(400, 17) loss:4.547081 ppl:94.356621 lr:0.000071
step:1801 source:(400, 17) loss:4.582539 ppl:97.762306 lr:0.000080
step:2001 source:(400, 17) loss:4.532781 ppl:93.016891 lr:0.000088
step:2201 source:(400, 17) loss:4.452929 ppl:85.878075 lr:0.000097
step:2401 source:(400, 17) loss:4.382059 ppl:80.002594 lr:0.000106
step:2601 source:(400, 17) loss:4.201355 ppl:66.776718 lr:0.000115
epoch:10 test_bleu:37.30432391166687 template_bleu:32.497718930244446 test_loss:4.2175679206848145 test_ppl:70.43353271484375 
epoch:10 train_bleu:36.590126156806946 template_bleu:32.187262177467346 train_loss:4.218649864196777 train_ppl:68.00345611572266 
step:2801 source:(400, 17) loss:4.135036 ppl:62.491840 lr:0.000124
step:3001 source:(400, 17) loss:3.963435 ppl:52.637836 lr:0.000133
step:3201 source:(400, 17) loss:3.874296 ppl:48.148777 lr:0.000141
step:3401 source:(400, 17) loss:3.848395 ppl:46.917706 lr:0.000150
step:3601 source:(400, 17) loss:3.845881 ppl:46.799919 lr:0.000159
step:3801 source:(400, 17) loss:3.743605 ppl:42.250011 lr:0.000168
epoch:15 test_bleu:41.32471978664398 template_bleu:32.497718930244446 test_loss:3.743326425552368 test_ppl:44.069087982177734 
epoch:15 train_bleu:40.46448469161987 template_bleu:32.187262177467346 train_loss:3.6796865463256836 train_ppl:39.66922378540039 
step:4001 source:(400, 17) loss:3.671515 ppl:39.311428 lr:0.000177
step:4201 source:(400, 17) loss:3.608770 ppl:36.920628 lr:0.000186
step:4401 source:(400, 17) loss:3.539646 ppl:34.454708 lr:0.000194
step:4601 source:(400, 17) loss:3.486328 ppl:32.665768 lr:0.000203
step:4801 source:(400, 17) loss:3.477192 ppl:32.368694 lr:0.000212
step:5001 source:(400, 17) loss:3.422860 ppl:30.656973 lr:0.000221
step:5201 source:(400, 17) loss:3.327246 ppl:27.861498 lr:0.000230
epoch:20 test_bleu:42.93946921825409 template_bleu:32.497718930244446 test_loss:3.57033634185791 test_ppl:37.111724853515625 
epoch:20 train_bleu:42.784664034843445 template_bleu:32.187262177467346 train_loss:3.395949602127075 train_ppl:29.866947174072266 
step:5401 source:(400, 17) loss:3.403100 ppl:30.057119 lr:0.000239
step:5601 source:(400, 17) loss:3.362291 ppl:28.855219 lr:0.000247
step:5801 source:(400, 17) loss:3.343407 ppl:28.315424 lr:0.000256
step:6001 source:(400, 17) loss:3.236675 ppl:25.448957 lr:0.000265
step:6201 source:(400, 17) loss:3.275762 ppl:26.463373 lr:0.000274
step:6401 source:(400, 17) loss:3.151464 ppl:23.370253 lr:0.000283
epoch:25 test_bleu:43.58808398246765 template_bleu:32.497718930244446 test_loss:3.4917707443237305 test_ppl:34.444244384765625 
epoch:25 train_bleu:44.701242446899414 template_bleu:32.187262177467346 train_loss:3.171210289001465 train_ppl:23.853487014770508 
step:6601 source:(400, 17) loss:3.208812 ppl:24.749655 lr:0.000292
step:6801 source:(400, 17) loss:3.143768 ppl:23.191088 lr:0.000301
step:7001 source:(400, 17) loss:3.120097 ppl:22.648581 lr:0.000309
step:7201 source:(400, 17) loss:3.192515 ppl:24.349592 lr:0.000318
step:7401 source:(400, 17) loss:3.122563 ppl:22.704489 lr:0.000327
step:7601 source:(400, 17) loss:2.992605 ppl:19.937548 lr:0.000336
step:7801 source:(400, 17) loss:3.020746 ppl:20.506594 lr:0.000345
epoch:30 test_bleu:44.37366724014282 template_bleu:32.497718930244446 test_loss:3.507828712463379 test_ppl:35.17639923095703 
epoch:30 train_bleu:46.11616134643555 template_bleu:32.187262177467346 train_loss:3.016780376434326 train_ppl:20.440143585205078 
step:8001 source:(400, 17) loss:3.045316 ppl:21.016670 lr:0.000354
step:8201 source:(400, 17) loss:2.888195 ppl:17.960861 lr:0.000362
step:8401 source:(400, 17) loss:2.903562 ppl:18.239002 lr:0.000371
step:8601 source:(400, 17) loss:2.933450 ppl:18.792356 lr:0.000380
step:8801 source:(400, 17) loss:2.848605 ppl:17.263685 lr:0.000389
step:9001 source:(400, 17) loss:2.801035 ppl:16.461679 lr:0.000398
epoch:35 test_bleu:44.09473538398743 template_bleu:32.497718930244446 test_loss:3.6166412830352783 test_ppl:39.66130065917969 
epoch:35 train_bleu:47.10467457771301 template_bleu:32.187262177467346 train_loss:2.9226491451263428 train_ppl:18.611982345581055 
step:9201 source:(400, 17) loss:2.789973 ppl:16.280584 lr:0.000407
step:9401 source:(400, 17) loss:2.790855 ppl:16.294945 lr:0.000415
step:9601 source:(400, 17) loss:2.764691 ppl:15.874136 lr:0.000424
step:9801 source:(400, 17) loss:2.713567 ppl:15.082973 lr:0.000433
step:10001 source:(400, 17) loss:2.704152 ppl:14.941635 lr:0.000442
step:10201 source:(400, 17) loss:2.688358 ppl:14.707511 lr:0.000438
step:10401 source:(400, 17) loss:2.674354 ppl:14.502975 lr:0.000433
epoch:40 test_bleu:43.938148021698 template_bleu:32.497718930244446 test_loss:3.660158395767212 test_ppl:41.611751556396484 
epoch:40 train_bleu:49.865224957466125 template_bleu:32.187262177467346 train_loss:2.728111743927002 train_ppl:15.334657669067383 
step:10601 source:(400, 17) loss:2.643769 ppl:14.066113 lr:0.000429
step:10801 source:(400, 17) loss:2.495698 ppl:12.130198 lr:0.000425
step:11001 source:(400, 17) loss:2.527913 ppl:12.527335 lr:0.000421
step:11201 source:(400, 17) loss:2.486952 ppl:12.024565 lr:0.000418
step:11401 source:(400, 17) loss:2.435004 ppl:11.415862 lr:0.000414
step:11601 source:(400, 17) loss:2.376467 ppl:10.766802 lr:0.000410
epoch:45 test_bleu:43.95969808101654 template_bleu:32.497718930244446 test_loss:3.749446153640747 test_ppl:46.07109069824219 
epoch:45 train_bleu:52.13417410850525 template_bleu:32.187262177467346 train_loss:2.578932046890259 train_ppl:13.268635749816895 
step:11801 source:(400, 17) loss:2.372188 ppl:10.720822 lr:0.000407
step:12001 source:(400, 17) loss:2.360161 ppl:10.592652 lr:0.000403
step:12201 source:(400, 17) loss:2.322613 ppl:10.202298 lr:0.000400
step:12401 source:(400, 17) loss:2.292660 ppl:9.901240 lr:0.000397
step:12601 source:(400, 17) loss:2.259667 ppl:9.579903 lr:0.000394
step:12801 source:(400, 17) loss:2.215927 ppl:9.169909 lr:0.000391
step:13001 source:(400, 17) loss:2.198386 ppl:9.010461 lr:0.000388
epoch:50 test_bleu:43.989452719688416 template_bleu:32.497718930244446 test_loss:3.872405767440796 test_ppl:52.18373489379883 
epoch:50 train_bleu:55.63750863075256 template_bleu:32.187262177467346 train_loss:2.3934476375579834 train_ppl:11.055408477783203 
step:13201 source:(400, 17) loss:2.298303 ppl:9.957270 lr:0.000385
step:13401 source:(400, 17) loss:2.142512 ppl:8.520816 lr:0.000382
step:13601 source:(400, 17) loss:2.098359 ppl:8.152781 lr:0.000379
step:13801 source:(400, 17) loss:2.105768 ppl:8.213412 lr:0.000376
step:14001 source:(400, 17) loss:2.109870 ppl:8.247167 lr:0.000374
step:14201 source:(400, 17) loss:2.051119 ppl:7.776599 lr:0.000371
epoch:55 test_bleu:43.678027391433716 template_bleu:32.497718930244446 test_loss:4.0373969078063965 test_ppl:62.5883674621582 
epoch:55 train_bleu:60.1590633392334 template_bleu:32.187262177467346 train_loss:2.2359557151794434 train_ppl:9.429169654846191 
step:14401 source:(400, 17) loss:2.066163 ppl:7.894471 lr:0.000368
step:14601 source:(400, 17) loss:1.984675 ppl:7.276684 lr:0.000366
step:14801 source:(400, 17) loss:1.938752 ppl:6.950069 lr:0.000363
step:15001 source:(400, 17) loss:1.943567 ppl:6.983615 lr:0.000361
step:15201 source:(400, 17) loss:1.956875 ppl:7.077178 lr:0.000358
step:15401 source:(400, 17) loss:1.980986 ppl:7.249888 lr:0.000356
step:15601 source:(400, 17) loss:1.940718 ppl:6.963747 lr:0.000354
epoch:60 test_bleu:43.160611391067505 template_bleu:32.497718930244446 test_loss:4.167176723480225 test_ppl:72.16354370117188 
epoch:60 train_bleu:59.401679039001465 template_bleu:32.187262177467346 train_loss:2.2746002674102783 train_ppl:9.918429374694824 
step:15801 source:(400, 17) loss:1.842704 ppl:6.313587 lr:0.000352
step:16001 source:(400, 17) loss:1.881463 ppl:6.563097 lr:0.000349
step:16201 source:(400, 17) loss:1.876578 ppl:6.531116 lr:0.000347
step:16401 source:(400, 17) loss:1.833725 ppl:6.257152 lr:0.000345
step:16601 source:(400, 17) loss:1.820038 ppl:6.172091 lr:0.000343
step:16801 source:(400, 17) loss:1.814059 ppl:6.135303 lr:0.000341
epoch:65 test_bleu:43.08367669582367 template_bleu:32.497718930244446 test_loss:4.181542873382568 test_ppl:73.06739044189453 
epoch:65 train_bleu:67.22560524940491 template_bleu:32.187262177467346 train_loss:2.031280040740967 train_ppl:7.793592929840088 
step:17001 source:(400, 17) loss:1.827078 ppl:6.215695 lr:0.000339
step:17201 source:(400, 17) loss:1.820040 ppl:6.172104 lr:0.000337
step:17401 source:(400, 17) loss:1.781509 ppl:5.938812 lr:0.000335
step:17601 source:(400, 17) loss:1.822270 ppl:6.185885 lr:0.000333
step:17801 source:(400, 17) loss:1.748590 ppl:5.746494 lr:0.000331
step:18001 source:(400, 17) loss:1.754019 ppl:5.777778 lr:0.000329
step:18201 source:(400, 17) loss:1.715085 ppl:5.557147 lr:0.000328
epoch:70 test_bleu:42.72371530532837 template_bleu:32.497718930244446 test_loss:4.252033233642578 test_ppl:79.40198516845703 
epoch:70 train_bleu:69.04924511909485 template_bleu:32.187262177467346 train_loss:1.9892311096191406 train_ppl:7.464554309844971 
step:18401 source:(400, 17) loss:1.743838 ppl:5.719251 lr:0.000326
step:18601 source:(400, 17) loss:1.701806 ppl:5.483843 lr:0.000324
step:18801 source:(400, 17) loss:1.717122 ppl:5.568481 lr:0.000322
step:19001 source:(400, 17) loss:1.694658 ppl:5.444782 lr:0.000321
step:19201 source:(400, 17) loss:1.707669 ppl:5.516086 lr:0.000319
step:19401 source:(400, 17) loss:1.699929 ppl:5.473558 lr:0.000317
epoch:75 test_bleu:42.466044425964355 template_bleu:32.497718930244446 test_loss:4.352724552154541 test_ppl:88.07788848876953 
epoch:75 train_bleu:74.47817921638489 template_bleu:32.187262177467346 train_loss:1.8784655332565308 train_ppl:6.644430160522461 
step:19601 source:(400, 17) loss:1.687987 ppl:5.408585 lr:0.000316
step:19801 source:(400, 17) loss:1.669369 ppl:5.308817 lr:0.000314
step:20001 source:(400, 17) loss:1.704336 ppl:5.497734 lr:0.000312
step:20201 source:(400, 17) loss:1.676200 ppl:5.345207 lr:0.000311
step:20401 source:(400, 17) loss:1.661973 ppl:5.269697 lr:0.000309
step:20601 source:(400, 17) loss:1.642025 ppl:5.165620 lr:0.000308
step:20801 source:(400, 17) loss:1.646019 ppl:5.186295 lr:0.000306
epoch:80 test_bleu:42.818546295166016 template_bleu:32.497718930244446 test_loss:4.428468227386475 test_ppl:97.06482696533203 
epoch:80 train_bleu:76.38700008392334 template_bleu:32.187262177467346 train_loss:1.8401000499725342 train_ppl:6.427067279815674 
step:21001 source:(400, 17) loss:1.637530 ppl:5.142452 lr:0.000305
step:21201 source:(400, 17) loss:1.629939 ppl:5.103565 lr:0.000304
step:21401 source:(400, 17) loss:1.631741 ppl:5.112770 lr:0.000302
step:21601 source:(400, 17) loss:1.603277 ppl:4.969291 lr:0.000301
step:21801 source:(400, 17) loss:1.636418 ppl:5.136735 lr:0.000299
step:22001 source:(400, 17) loss:1.608690 ppl:4.996263 lr:0.000298
epoch:85 test_bleu:42.67999529838562 template_bleu:32.497718930244446 test_loss:4.499129772186279 test_ppl:103.72830200195312 
epoch:85 train_bleu:79.13321852684021 template_bleu:32.187262177467346 train_loss:1.8055626153945923 train_ppl:6.233182430267334 
step:22201 source:(400, 17) loss:1.612513 ppl:5.015400 lr:0.000297
step:22401 source:(400, 17) loss:1.609316 ppl:4.999391 lr:0.000295
step:22601 source:(400, 17) loss:1.608012 ppl:4.992874 lr:0.000294
step:22801 source:(400, 17) loss:1.602951 ppl:4.967671 lr:0.000293
step:23001 source:(400, 17) loss:1.613826 ppl:5.021990 lr:0.000291
step:23201 source:(400, 17) loss:1.581469 ppl:4.862091 lr:0.000290
step:23401 source:(400, 17) loss:1.587864 ppl:4.893287 lr:0.000289
epoch:90 test_bleu:42.87884533405304 template_bleu:32.497718930244446 test_loss:4.335907459259033 test_ppl:87.52393341064453 
epoch:90 train_bleu:70.24059295654297 template_bleu:32.187262177467346 train_loss:1.9496978521347046 train_ppl:7.273499965667725 
step:23601 source:(400, 17) loss:1.590198 ppl:4.904718 lr:0.000288
step:23801 source:(400, 17) loss:1.588428 ppl:4.896046 lr:0.000286
step:24001 source:(400, 17) loss:1.585330 ppl:4.880903 lr:0.000285
step:24201 source:(400, 17) loss:1.577361 ppl:4.842160 lr:0.000284
step:24401 source:(400, 17) loss:1.581532 ppl:4.862397 lr:0.000283
step:24601 source:(400, 17) loss:1.578689 ppl:4.848596 lr:0.000282
epoch:95 test_bleu:42.72627234458923 template_bleu:32.497718930244446 test_loss:4.416682243347168 test_ppl:95.70133972167969 
epoch:95 train_bleu:69.45521235466003 template_bleu:32.187262177467346 train_loss:1.9840072393417358 train_ppl:7.554434299468994 
step:24801 source:(400, 17) loss:1.574801 ppl:4.829780 lr:0.000281
step:25001 source:(400, 17) loss:1.560865 ppl:4.762941 lr:0.000280
step:25201 source:(400, 17) loss:1.556218 ppl:4.740859 lr:0.000278
step:25401 source:(400, 17) loss:1.547735 ppl:4.700810 lr:0.000277
step:25601 source:(400, 17) loss:1.564071 ppl:4.778234 lr:0.000276
step:25801 source:(400, 17) loss:1.565102 ppl:4.783161 lr:0.000275
step:26001 source:(400, 17) loss:1.539321 ppl:4.661423 lr:0.000274
epoch:100 test_bleu:42.46123433113098 template_bleu:32.497718930244446 test_loss:4.456977367401123 test_ppl:98.96914672851562 
epoch:100 train_bleu:68.60329508781433 template_bleu:32.187262177467346 train_loss:2.0211641788482666 train_ppl:7.866968154907227 
step:26201 source:(400, 17) loss:1.554002 ppl:4.730362 lr:0.000273
step:26401 source:(400, 17) loss:1.568196 ppl:4.797985 lr:0.000272
step:26601 source:(400, 17) loss:1.558442 ppl:4.751412 lr:0.000271
step:26801 source:(400, 17) loss:1.524706 ppl:4.593794 lr:0.000270
step:27001 source:(400, 17) loss:1.530576 ppl:4.620837 lr:0.000269
step:27201 source:(400, 17) loss:1.541131 ppl:4.669869 lr:0.000268
step:27401 source:(400, 17) loss:1.535075 ppl:4.641675 lr:0.000267
epoch:105 test_bleu:42.73366332054138 template_bleu:32.497718930244446 test_loss:4.426928997039795 test_ppl:95.77857208251953 
epoch:105 train_bleu:73.62406849861145 template_bleu:32.187262177467346 train_loss:1.8866182565689087 train_ppl:6.853156089782715 
step:27601 source:(400, 17) loss:1.520350 ppl:4.573824 lr:0.000266
step:27801 source:(400, 17) loss:1.528526 ppl:4.611373 lr:0.000265
step:28001 source:(400, 17) loss:1.545130 ppl:4.688583 lr:0.000264
step:28201 source:(400, 17) loss:1.564392 ppl:4.779768 lr:0.000263
step:28401 source:(400, 17) loss:1.541862 ppl:4.673285 lr:0.000262
step:28601 source:(400, 17) loss:1.556624 ppl:4.742782 lr:0.000261
epoch:110 test_bleu:42.56757199764252 template_bleu:32.497718930244446 test_loss:4.467715263366699 test_ppl:100.41009521484375 
epoch:110 train_bleu:72.12801575660706 template_bleu:32.187262177467346 train_loss:1.9265954494476318 train_ppl:7.147975444793701 
step:28801 source:(400, 17) loss:1.533397 ppl:4.633893 lr:0.000260
step:29001 source:(400, 17) loss:1.525259 ppl:4.596334 lr:0.000260
step:29201 source:(400, 17) loss:1.535496 ppl:4.643631 lr:0.000259
step:29401 source:(400, 17) loss:1.527104 ppl:4.604822 lr:0.000258
step:29601 source:(400, 17) loss:1.514050 ppl:4.545101 lr:0.000257
step:29801 source:(400, 17) loss:1.504605 ppl:4.502373 lr:0.000256
step:30001 source:(400, 17) loss:1.508191 ppl:4.518548 lr:0.000255
epoch:115 test_bleu:42.679572105407715 template_bleu:32.497718930244446 test_loss:4.473097324371338 test_ppl:101.14533233642578 
epoch:115 train_bleu:75.9001076221466 template_bleu:32.187262177467346 train_loss:1.8591586351394653 train_ppl:6.675713062286377 
step:30201 source:(400, 17) loss:1.497476 ppl:4.470389 lr:0.000254
step:30401 source:(400, 17) loss:1.499830 ppl:4.480926 lr:0.000253
step:30601 source:(400, 17) loss:1.508741 ppl:4.521033 lr:0.000253
step:30801 source:(400, 17) loss:1.531633 ppl:4.625723 lr:0.000252
step:31001 source:(400, 17) loss:1.538857 ppl:4.659261 lr:0.000251
step:31201 source:(400, 17) loss:1.528078 ppl:4.609310 lr:0.000250
epoch:120 test_bleu:42.581090331077576 template_bleu:32.497718930244446 test_loss:4.376328945159912 test_ppl:90.24121856689453 
epoch:120 train_bleu:76.17734670639038 template_bleu:32.187262177467346 train_loss:1.8402559757232666 train_ppl:6.535868167877197 
step:31401 source:(400, 17) loss:1.507282 ppl:4.514446 lr:0.000249
step:31601 source:(400, 17) loss:1.507411 ppl:4.515026 lr:0.000249
step:31801 source:(400, 17) loss:1.513575 ppl:4.542943 lr:0.000248
step:32001 source:(400, 17) loss:1.498170 ppl:4.473495 lr:0.000247
step:32201 source:(400, 17) loss:1.486574 ppl:4.421920 lr:0.000246
step:32401 source:(400, 17) loss:1.480253 ppl:4.394059 lr:0.000246
step:32601 source:(400, 17) loss:1.496926 ppl:4.467933 lr:0.000245
epoch:125 test_bleu:42.47266948223114 template_bleu:32.497718930244446 test_loss:4.40372896194458 test_ppl:93.96429443359375 
epoch:125 train_bleu:77.65486240386963 template_bleu:32.187262177467346 train_loss:1.7769553661346436 train_ppl:6.127441883087158 
step:32801 source:(400, 17) loss:1.489539 ppl:4.435051 lr:0.000244
step:33001 source:(400, 17) loss:1.499551 ppl:4.479678 lr:0.000243
step:33201 source:(400, 17) loss:1.483856 ppl:4.409917 lr:0.000243
step:33401 source:(400, 17) loss:1.520216 ppl:4.573213 lr:0.000242
step:33601 source:(400, 17) loss:1.496837 ppl:4.467537 lr:0.000241
step:33801 source:(400, 17) loss:1.490294 ppl:4.438398 lr:0.000240
epoch:130 test_bleu:42.416396737098694 template_bleu:32.497718930244446 test_loss:4.803040027618408 test_ppl:139.4453887939453 
epoch:130 train_bleu:77.93733477592468 template_bleu:32.187262177467346 train_loss:1.9096720218658447 train_ppl:7.140777587890625 
step:34001 source:(400, 17) loss:1.479723 ppl:4.391730 lr:0.000240
step:34201 source:(400, 17) loss:1.514735 ppl:4.548215 lr:0.000239
step:34401 source:(400, 17) loss:1.485721 ppl:4.418152 lr:0.000238
step:34601 source:(400, 17) loss:1.477732 ppl:4.382994 lr:0.000238
step:34801 source:(400, 17) loss:1.485891 ppl:4.418901 lr:0.000237
step:35001 source:(400, 17) loss:1.527458 ppl:4.606452 lr:0.000236
step:35201 source:(400, 17) loss:1.490091 ppl:4.437499 lr:0.000236
epoch:135 test_bleu:42.59124398231506 template_bleu:32.497718930244446 test_loss:4.474942207336426 test_ppl:101.30351257324219 
epoch:135 train_bleu:86.21912598609924 template_bleu:32.187262177467346 train_loss:1.6194846630096436 train_ppl:5.168396472930908 
step:35401 source:(400, 17) loss:1.479694 ppl:4.391602 lr:0.000235
step:35601 source:(400, 17) loss:1.520016 ppl:4.572298 lr:0.000234
step:35801 source:(400, 17) loss:1.522100 ppl:4.581837 lr:0.000234
step:36001 source:(400, 17) loss:1.498659 ppl:4.475684 lr:0.000233
step:36201 source:(400, 17) loss:1.486757 ppl:4.422730 lr:0.000232
step:36401 source:(400, 17) loss:1.501870 ppl:4.490079 lr:0.000232
epoch:140 test_bleu:42.55938231945038 template_bleu:32.497718930244446 test_loss:4.440997123718262 test_ppl:96.9246597290039 
epoch:140 train_bleu:83.23789834976196 template_bleu:32.187262177467346 train_loss:1.6720831394195557 train_ppl:5.468985557556152 
step:36601 source:(400, 17) loss:1.484240 ppl:4.411612 lr:0.000231
step:36801 source:(86, 17) loss:1.449320 ppl:4.260219 lr:0.000230
step:37001 source:(400, 17) loss:1.477833 ppl:4.383438 lr:0.000230
step:37201 source:(400, 17) loss:1.485195 ppl:4.415826 lr:0.000229
step:37401 source:(400, 17) loss:1.471181 ppl:4.354374 lr:0.000229
step:37601 source:(400, 17) loss:1.488437 ppl:4.430165 lr:0.000228
step:37801 source:(400, 17) loss:1.472252 ppl:4.359042 lr:0.000227
epoch:145 test_bleu:42.789411544799805 template_bleu:32.497718930244446 test_loss:4.339945316314697 test_ppl:87.11178588867188 
epoch:145 train_bleu:82.07244277000427 template_bleu:32.187262177467346 train_loss:1.685207486152649 train_ppl:5.532646656036377 
step:38001 source:(400, 17) loss:1.492731 ppl:4.449229 lr:0.000227
step:38201 source:(400, 17) loss:1.488572 ppl:4.430763 lr:0.000226
step:38401 source:(400, 17) loss:1.475926 ppl:4.375086 lr:0.000226
step:38601 source:(400, 17) loss:1.479356 ppl:4.390118 lr:0.000225
step:38801 source:(400, 17) loss:1.479058 ppl:4.388809 lr:0.000224
epoch:149 test_bleu:42.61283278465271 template_bleu:32.497718930244446 test_loss:4.471151828765869 test_ppl:99.42147827148438 
epoch:149 train_bleu:81.68286085128784 template_bleu:32.187262177467346 train_loss:1.7290408611297607 train_ppl:5.804579257965088 
step:39001 source:(400, 17) loss:1.490876 ppl:4.440984 lr:0.000224
/home/syp/miniconda2/envs/newtf/lib/python3.6/importlib/_bootstrap.py:205: RuntimeWarning: compiletime version 3.5 of module 'tensorflow.python.framework.fast_tensor_util' does not match runtime version 3.6
  return f(*args, **kwds)
