train_file:/home/syp/zwr/txtgen/examples/long_text/yahoo_data/yahoo.train.txt
valid_file:/home/syp/zwr/txtgen/examples/long_text/yahoo_data/yahoo.valid.txt
logdir:./log_dir/yahoo.bsize128.epoch150.seqlen16.random.present0.5.partition2.hidden512.seq2seq/
epoch:0 test_bleu:15.86710810661316 template_bleu:41.18472635746002
epoch:0 train_bleu:15.811710059642792 template_bleu:41.24842882156372
step:1 source:(128, 18) loss:6.56088
step:201 source:(128, 18) loss:5.47308
step:401 source:(128, 18) loss:4.28162
step:601 source:(128, 18) loss:4.37118
step:801 source:(128, 18) loss:4.35052
step:1001 source:(128, 18) loss:4.34511
step:1201 source:(128, 18) loss:4.35335
step:1401 source:(128, 18) loss:4.37822
step:1601 source:(128, 18) loss:4.2659
step:1801 source:(128, 18) loss:4.30751
step:2001 source:(128, 18) loss:4.30459
step:2201 source:(128, 18) loss:4.30759
step:2401 source:(128, 18) loss:4.32755
step:2601 source:(128, 18) loss:4.20415
step:2801 source:(128, 18) loss:4.31477
step:3001 source:(128, 18) loss:4.22838
step:3201 source:(128, 18) loss:4.28326
step:3401 source:(128, 18) loss:4.26399
step:3601 source:(128, 18) loss:4.26401
step:3801 source:(128, 18) loss:4.26222
epoch:5 test_bleu:40.900203585624695 template_bleu:41.5036141872406
epoch:5 train_bleu:40.61228334903717 template_bleu:41.28134250640869
step:4001 source:(128, 18) loss:4.27725
step:4201 source:(128, 18) loss:4.25513
step:4401 source:(128, 18) loss:4.24218
step:4601 source:(128, 18) loss:4.25131
step:4801 source:(128, 18) loss:4.2589
step:5001 source:(128, 18) loss:4.19037
step:5201 source:(128, 18) loss:4.20167
step:5401 source:(128, 18) loss:4.2216
step:5601 source:(128, 18) loss:4.26644
step:5801 source:(128, 18) loss:4.21728
step:6001 source:(128, 18) loss:4.13506
step:6201 source:(128, 18) loss:4.20975
step:6401 source:(128, 18) loss:4.17428
step:6601 source:(128, 18) loss:4.19769
step:6801 source:(128, 18) loss:4.17281
step:7001 source:(128, 18) loss:4.21733
step:7201 source:(128, 18) loss:4.19389
step:7401 source:(128, 18) loss:4.17611
step:7601 source:(128, 18) loss:4.19531
step:7801 source:(128, 18) loss:4.14085
epoch:10 test_bleu:41.52805507183075 template_bleu:41.21147692203522
epoch:10 train_bleu:41.79668724536896 template_bleu:41.25944972038269
step:8001 source:(128, 18) loss:4.11039
step:8201 source:(128, 18) loss:4.08538
step:8401 source:(128, 18) loss:4.07009
step:8601 source:(128, 18) loss:4.16485
step:8801 source:(128, 18) loss:4.06968
step:9001 source:(128, 18) loss:4.10836
step:9201 source:(128, 18) loss:4.0554
step:9401 source:(128, 18) loss:4.0826
step:9601 source:(128, 18) loss:4.06145
step:9801 source:(128, 18) loss:4.07643
step:10001 source:(128, 18) loss:4.06042
step:10201 source:(128, 18) loss:4.0477
step:10401 source:(128, 18) loss:3.9219
step:10601 source:(128, 18) loss:4.02414
step:10801 source:(128, 18) loss:4.00504
step:11001 source:(128, 18) loss:3.94636
step:11201 source:(128, 18) loss:3.9425
step:11401 source:(128, 18) loss:3.89102
step:11601 source:(128, 18) loss:3.83459
epoch:15 test_bleu:42.411985993385315 template_bleu:41.02295637130737
epoch:15 train_bleu:42.7890419960022 template_bleu:41.21030867099762
step:11801 source:(128, 18) loss:3.83165
step:12001 source:(128, 18) loss:3.76338
step:12201 source:(128, 18) loss:3.87933
step:12401 source:(128, 18) loss:3.91562
step:12601 source:(128, 18) loss:3.88145
step:12801 source:(128, 18) loss:3.87745
step:13001 source:(128, 18) loss:3.79784
step:13201 source:(128, 18) loss:3.87107
step:13401 source:(128, 18) loss:3.79165
step:13601 source:(128, 18) loss:3.73193
step:13801 source:(128, 18) loss:3.73674
step:14001 source:(128, 18) loss:3.77924
step:14201 source:(128, 18) loss:3.74019
step:14401 source:(128, 18) loss:3.73471
step:14601 source:(128, 18) loss:3.7268
step:14801 source:(128, 18) loss:3.72982
step:15001 source:(128, 18) loss:3.74417
step:15201 source:(128, 18) loss:3.76701
step:15401 source:(128, 18) loss:3.7498
step:15601 source:(128, 18) loss:3.78464
epoch:20 test_bleu:42.82993972301483 template_bleu:41.13055765628815
epoch:20 train_bleu:43.43898892402649 template_bleu:41.314148902893066
step:15801 source:(128, 18) loss:3.71075
step:16001 source:(128, 18) loss:3.67433
step:16201 source:(128, 18) loss:3.74966
step:16401 source:(128, 18) loss:3.75415
step:16601 source:(128, 18) loss:3.70026
step:16801 source:(128, 18) loss:3.68591
step:17001 source:(128, 18) loss:3.74669
step:17201 source:(128, 18) loss:3.7692
step:17401 source:(128, 18) loss:3.78523
step:17601 source:(128, 18) loss:3.65656
step:17801 source:(128, 18) loss:3.74264
step:18001 source:(128, 18) loss:3.76248
step:18201 source:(128, 18) loss:3.73123
step:18401 source:(128, 18) loss:3.65601
step:18601 source:(128, 18) loss:3.66607
step:18801 source:(128, 18) loss:3.68505
step:19001 source:(128, 18) loss:3.68431
step:19201 source:(128, 18) loss:3.71136
step:19401 source:(128, 18) loss:3.66103
epoch:25 test_bleu:43.603530526161194 template_bleu:41.50485396385193
epoch:25 train_bleu:43.933483958244324 template_bleu:41.40384495258331
step:19601 source:(128, 18) loss:3.68179
step:19801 source:(128, 18) loss:3.63987
step:20001 source:(128, 18) loss:3.65429
step:20201 source:(128, 18) loss:3.62909
step:20401 source:(128, 18) loss:3.67583
step:20601 source:(128, 18) loss:3.70624
step:20801 source:(128, 18) loss:3.65629
step:21001 source:(128, 18) loss:3.70724
step:21201 source:(128, 18) loss:3.64766
step:21401 source:(128, 18) loss:3.57668
step:21601 source:(128, 18) loss:3.63305
step:21801 source:(128, 18) loss:3.73585
step:22001 source:(128, 18) loss:3.70835
step:22201 source:(128, 18) loss:3.66964
step:22401 source:(128, 18) loss:3.65195
step:22601 source:(128, 18) loss:3.65278
step:22801 source:(128, 18) loss:3.61157
step:23001 source:(128, 18) loss:3.70169
step:23201 source:(128, 18) loss:3.61573
step:23401 source:(128, 18) loss:3.5987
epoch:30 test_bleu:43.74004006385803 template_bleu:41.03572964668274
epoch:30 train_bleu:44.289565086364746 template_bleu:41.27278029918671
step:23601 source:(128, 18) loss:3.65502
step:23801 source:(128, 18) loss:3.53891
step:24001 source:(128, 18) loss:3.61923
step:24201 source:(128, 18) loss:3.58398
step:24401 source:(128, 18) loss:3.6572
step:24601 source:(128, 18) loss:3.72506
step:24801 source:(128, 18) loss:3.62004
step:25001 source:(128, 18) loss:3.69277
step:25201 source:(128, 18) loss:3.67844
step:25401 source:(128, 18) loss:3.72032
step:25601 source:(128, 18) loss:3.61512
step:25801 source:(128, 18) loss:3.59617
step:26001 source:(128, 18) loss:3.61637
step:26201 source:(128, 18) loss:3.7027
step:26401 source:(128, 18) loss:3.58913
step:26601 source:(128, 18) loss:3.68304
step:26801 source:(128, 18) loss:3.68119
step:27001 source:(128, 18) loss:3.66138
step:27201 source:(128, 18) loss:3.57896
epoch:35 test_bleu:43.917107582092285 template_bleu:41.198140382766724
epoch:35 train_bleu:44.502222537994385 template_bleu:41.29416048526764
step:27401 source:(128, 18) loss:3.59147
step:27601 source:(128, 18) loss:3.61092
step:27801 source:(128, 18) loss:3.64604
step:28001 source:(128, 18) loss:3.58199
step:28201 source:(128, 18) loss:3.67723
step:28401 source:(128, 18) loss:3.55955
step:28601 source:(128, 18) loss:3.62121
step:28801 source:(128, 18) loss:3.60757
step:29001 source:(128, 18) loss:3.62855
step:29201 source:(128, 18) loss:3.56395
step:29401 source:(128, 18) loss:3.62228
step:29601 source:(128, 18) loss:3.5933
step:29801 source:(128, 18) loss:3.65281
step:30001 source:(128, 18) loss:3.64784
step:30201 source:(128, 18) loss:3.60045
step:30401 source:(128, 18) loss:3.56049
step:30601 source:(128, 18) loss:3.58684
step:30801 source:(128, 18) loss:3.64152
step:31001 source:(128, 18) loss:3.61696
step:31201 source:(128, 18) loss:3.65163
epoch:40 test_bleu:44.12205517292023 template_bleu:41.53583645820618
epoch:40 train_bleu:44.438743591308594 template_bleu:41.305458545684814
step:31401 source:(128, 18) loss:3.63127
step:31601 source:(128, 18) loss:3.58634
step:31801 source:(128, 18) loss:3.58266
step:32001 source:(128, 18) loss:3.60938
step:32201 source:(128, 18) loss:3.62431
step:32401 source:(128, 18) loss:3.60284
step:32601 source:(128, 18) loss:3.58203
step:32801 source:(128, 18) loss:3.61683
step:33001 source:(128, 18) loss:3.69428
step:33201 source:(128, 18) loss:3.58934
step:33401 source:(128, 18) loss:3.6333
step:33601 source:(128, 18) loss:3.58938
step:33801 source:(128, 18) loss:3.58706
step:34001 source:(128, 18) loss:3.59722
step:34201 source:(128, 18) loss:3.60182
step:34401 source:(128, 18) loss:3.59848
step:34601 source:(128, 18) loss:3.59656
step:34801 source:(128, 18) loss:3.56229
step:35001 source:(128, 18) loss:3.52942
epoch:45 test_bleu:44.42799687385559 template_bleu:41.46714806556702
epoch:45 train_bleu:44.57308650016785 template_bleu:41.2291944026947
step:35201 source:(128, 18) loss:3.564
step:35401 source:(128, 18) loss:3.57607
step:35601 source:(128, 18) loss:3.62984
step:35801 source:(128, 18) loss:3.59643
step:36001 source:(128, 18) loss:3.57473
step:36201 source:(128, 18) loss:3.56106
step:36401 source:(128, 18) loss:3.55661
step:36601 source:(128, 18) loss:3.61887
step:36801 source:(128, 18) loss:3.59041
step:37001 source:(128, 18) loss:3.58762
step:37201 source:(128, 18) loss:3.57337
step:37401 source:(128, 18) loss:3.53691
step:37601 source:(128, 18) loss:3.64926
step:37801 source:(128, 18) loss:3.59615
step:38001 source:(128, 18) loss:3.60663
step:38201 source:(128, 18) loss:3.59966
step:38401 source:(128, 18) loss:3.60486
step:38601 source:(128, 18) loss:3.56519
step:38801 source:(128, 18) loss:3.53809
step:39001 source:(128, 18) loss:3.61002
epoch:50 test_bleu:44.437092542648315 template_bleu:41.199883818626404
epoch:50 train_bleu:44.8420524597168 template_bleu:41.320398449897766
step:39201 source:(128, 18) loss:3.60941
step:39401 source:(128, 18) loss:3.53473
step:39601 source:(128, 18) loss:3.6202
step:39801 source:(128, 18) loss:3.58258
step:40001 source:(128, 18) loss:3.60513
step:40201 source:(128, 18) loss:3.65037
step:40401 source:(128, 18) loss:3.55533
step:40601 source:(128, 18) loss:3.48008
step:40801 source:(128, 18) loss:3.4656
step:41001 source:(128, 18) loss:3.49002
step:41201 source:(128, 18) loss:3.60232
step:41401 source:(128, 18) loss:3.5186
step:41601 source:(128, 18) loss:3.55588
step:41801 source:(128, 18) loss:3.56266
step:42001 source:(128, 18) loss:3.48533
step:42201 source:(128, 18) loss:3.58421
step:42401 source:(128, 18) loss:3.55033
step:42601 source:(128, 18) loss:3.55166
step:42801 source:(128, 18) loss:3.55544
step:43001 source:(128, 18) loss:3.54706
epoch:55 test_bleu:43.7747061252594 template_bleu:40.69468677043915
epoch:55 train_bleu:44.77089047431946 template_bleu:41.23850166797638
step:43201 source:(128, 18) loss:3.56977
step:43401 source:(128, 18) loss:3.5597
step:43601 source:(128, 18) loss:3.56346
step:43801 source:(128, 18) loss:3.54801
step:44001 source:(128, 18) loss:3.59284
step:44201 source:(128, 18) loss:3.54478
step:44401 source:(128, 18) loss:3.57721
step:44601 source:(128, 18) loss:3.59249
step:44801 source:(128, 18) loss:3.56729
step:45001 source:(128, 18) loss:3.56125
step:45201 source:(128, 18) loss:3.56392
step:45401 source:(128, 18) loss:3.57368
step:45601 source:(128, 18) loss:3.6456
step:45801 source:(128, 18) loss:3.56907
step:46001 source:(128, 18) loss:3.53439
step:46201 source:(128, 18) loss:3.58511
step:46401 source:(128, 18) loss:3.68939
step:46601 source:(128, 18) loss:3.6016
step:46801 source:(128, 18) loss:3.55127
epoch:60 test_bleu:44.477710127830505 template_bleu:41.28040075302124
epoch:60 train_bleu:44.966304302215576 template_bleu:41.193681955337524
step:47001 source:(128, 18) loss:3.62262
step:47201 source:(128, 18) loss:3.60961
step:47401 source:(128, 18) loss:3.54817
step:47601 source:(128, 18) loss:3.60732
step:47801 source:(128, 18) loss:3.45104
step:48001 source:(128, 18) loss:3.52185
step:48201 source:(128, 18) loss:3.58978
step:48401 source:(128, 18) loss:3.50195
step:48601 source:(128, 18) loss:3.55948
step:48801 source:(128, 18) loss:3.55195
step:49001 source:(128, 18) loss:3.60165
step:49201 source:(128, 18) loss:3.56989
step:49401 source:(128, 18) loss:3.61605
step:49601 source:(128, 18) loss:3.57518
step:49801 source:(128, 18) loss:3.52015
step:50001 source:(128, 18) loss:3.59503
step:50201 source:(128, 18) loss:3.53366
step:50401 source:(128, 18) loss:3.56396
step:50601 source:(128, 18) loss:3.5031
step:50801 source:(128, 18) loss:3.58404
epoch:65 test_bleu:44.91725564002991 template_bleu:41.13571047782898
epoch:65 train_bleu:45.33599019050598 template_bleu:41.2841796875
step:51001 source:(128, 18) loss:3.60844
step:51201 source:(128, 18) loss:3.50321
step:51401 source:(128, 18) loss:3.52949
step:51601 source:(128, 18) loss:3.56175
step:51801 source:(128, 18) loss:3.54498
step:52001 source:(128, 18) loss:3.56393
step:52201 source:(128, 18) loss:3.53748
step:52401 source:(128, 18) loss:3.60691
step:52601 source:(128, 18) loss:3.55342
step:52801 source:(128, 18) loss:3.51376
step:53001 source:(128, 18) loss:3.56409
step:53201 source:(128, 18) loss:3.49669
step:53401 source:(128, 18) loss:3.57501
step:53601 source:(128, 18) loss:3.599
step:53801 source:(128, 18) loss:3.4915
step:54001 source:(128, 18) loss:3.52512
step:54201 source:(128, 18) loss:3.5419
step:54401 source:(128, 18) loss:3.54019
step:54601 source:(128, 18) loss:3.60637
epoch:70 test_bleu:44.661954045295715 template_bleu:41.23426079750061
epoch:70 train_bleu:45.23366689682007 template_bleu:41.36241376399994
step:54801 source:(128, 18) loss:3.54228
step:55001 source:(128, 18) loss:3.45624
step:55201 source:(128, 18) loss:3.50535
step:55401 source:(128, 18) loss:3.51236
step:55601 source:(128, 18) loss:3.50767
step:55801 source:(128, 18) loss:3.54343
step:56001 source:(128, 18) loss:3.50525
step:56201 source:(128, 18) loss:3.58407
step:56401 source:(128, 18) loss:3.48009
step:56601 source:(128, 18) loss:3.56802
step:56801 source:(128, 18) loss:3.50947
step:57001 source:(128, 18) loss:3.45608
step:57201 source:(128, 18) loss:3.56323
step:57401 source:(128, 18) loss:3.51541
step:57601 source:(128, 18) loss:3.62898
step:57801 source:(128, 18) loss:3.54014
step:58001 source:(128, 18) loss:3.53041
step:58201 source:(128, 18) loss:3.57841
step:58401 source:(128, 18) loss:3.53954
step:58601 source:(128, 18) loss:3.54349
epoch:75 test_bleu:44.10330951213837 template_bleu:40.78015387058258
epoch:75 train_bleu:45.372799038887024 template_bleu:41.384756565093994
step:58801 source:(128, 18) loss:3.54085
step:59001 source:(128, 18) loss:3.54758
step:59201 source:(128, 18) loss:3.52355
step:59401 source:(128, 18) loss:3.4911
step:59601 source:(128, 18) loss:3.50102
step:59801 source:(128, 18) loss:3.54796
step:60001 source:(128, 18) loss:3.53966
step:60201 source:(128, 18) loss:3.53489
step:60401 source:(128, 18) loss:3.50653
step:60601 source:(128, 18) loss:3.52836
step:60801 source:(128, 18) loss:3.49077
step:61001 source:(128, 18) loss:3.49724
step:61201 source:(128, 18) loss:3.50236
step:61401 source:(128, 18) loss:3.5655
step:61601 source:(128, 18) loss:3.57658
step:61801 source:(128, 18) loss:3.49659
step:62001 source:(128, 18) loss:3.4925
step:62201 source:(128, 18) loss:3.50356
step:62401 source:(128, 18) loss:3.51612
epoch:80 test_bleu:44.65920329093933 template_bleu:41.41384959220886
epoch:80 train_bleu:45.3153133392334 template_bleu:41.22559428215027
step:62601 source:(128, 18) loss:3.51475
step:62801 source:(128, 18) loss:3.5434
step:63001 source:(128, 18) loss:3.52322
step:63201 source:(128, 18) loss:3.56891
step:63401 source:(128, 18) loss:3.57822
step:63601 source:(128, 18) loss:3.55694
step:63801 source:(128, 18) loss:3.52086
step:64001 source:(128, 18) loss:3.4614
step:64201 source:(128, 18) loss:3.48973
step:64401 source:(128, 18) loss:3.47547
step:64601 source:(128, 18) loss:3.51865
step:64801 source:(128, 18) loss:3.56241
step:65001 source:(128, 18) loss:3.50556
step:65201 source:(128, 18) loss:3.54638
step:65401 source:(128, 18) loss:3.50868
step:65601 source:(128, 18) loss:3.54178
step:65801 source:(128, 18) loss:3.52773
step:66001 source:(128, 18) loss:3.54482
step:66201 source:(128, 18) loss:3.50144
step:66401 source:(128, 18) loss:3.52715
epoch:85 test_bleu:44.95978355407715 template_bleu:41.29336774349213
epoch:85 train_bleu:45.2816516160965 template_bleu:41.18741452693939
step:66601 source:(128, 18) loss:3.41582
step:66801 source:(128, 18) loss:3.46699
step:67001 source:(128, 18) loss:3.53151
step:67201 source:(128, 18) loss:3.52575
step:67401 source:(128, 18) loss:3.52528
step:67601 source:(128, 18) loss:3.49413
step:67801 source:(128, 18) loss:3.56461
step:68001 source:(128, 18) loss:3.47072
step:68201 source:(128, 18) loss:3.49822
step:68401 source:(128, 18) loss:3.57748
step:68601 source:(128, 18) loss:3.46831
step:68801 source:(128, 18) loss:3.56772
step:69001 source:(128, 18) loss:3.53935
step:69201 source:(128, 18) loss:3.4759
step:69401 source:(128, 18) loss:3.4609
step:69601 source:(128, 18) loss:3.46757
step:69801 source:(128, 18) loss:3.46127
step:70001 source:(128, 18) loss:3.45876
step:70201 source:(128, 18) loss:3.42003
epoch:90 test_bleu:44.41711902618408 template_bleu:41.23408496379852
epoch:90 train_bleu:45.251789689064026 template_bleu:41.36615693569183
step:70401 source:(128, 18) loss:3.52277
step:70601 source:(128, 18) loss:3.51058
step:70801 source:(128, 18) loss:3.46682
step:71001 source:(128, 18) loss:3.44722
step:71201 source:(128, 18) loss:3.47335
step:71401 source:(128, 18) loss:3.488
step:71601 source:(128, 18) loss:3.47277
step:71801 source:(128, 18) loss:3.44512
step:72001 source:(128, 18) loss:3.48326
step:72201 source:(128, 18) loss:3.49762
step:72401 source:(128, 18) loss:3.4795
step:72601 source:(128, 18) loss:3.46156
step:72801 source:(128, 18) loss:3.49172
step:73001 source:(128, 18) loss:3.52929
step:73201 source:(128, 18) loss:3.45142
step:73401 source:(128, 18) loss:3.48136
step:73601 source:(128, 18) loss:3.40328
step:73801 source:(128, 18) loss:3.50224
step:74001 source:(128, 18) loss:3.4727
step:74201 source:(128, 18) loss:3.50046
epoch:95 test_bleu:45.17233669757843 template_bleu:41.53335690498352
epoch:95 train_bleu:45.411744713783264 template_bleu:41.22205674648285
step:74401 source:(128, 18) loss:3.4958
step:74601 source:(128, 18) loss:3.51803
step:74801 source:(128, 18) loss:3.49711
step:75001 source:(128, 18) loss:3.42726
step:75201 source:(128, 18) loss:3.50919
step:75401 source:(128, 18) loss:3.41602
step:75601 source:(128, 18) loss:3.46687
step:75801 source:(128, 18) loss:3.49085
step:76001 source:(128, 18) loss:3.45912
step:76201 source:(128, 18) loss:3.47753
step:76401 source:(128, 18) loss:3.47028
step:76601 source:(128, 18) loss:3.50796
step:76801 source:(128, 18) loss:3.47817
step:77001 source:(128, 18) loss:3.56547
step:77201 source:(128, 18) loss:3.47821
step:77401 source:(128, 18) loss:3.50754
step:77601 source:(128, 18) loss:3.48367
step:77801 source:(128, 18) loss:3.48234
step:78001 source:(128, 18) loss:3.54661
epoch:100 test_bleu:44.76250112056732 template_bleu:41.511449217796326
epoch:100 train_bleu:45.44699192047119 template_bleu:41.16763472557068
step:78201 source:(128, 18) loss:3.52526
step:78401 source:(128, 18) loss:3.49414
step:78601 source:(128, 18) loss:3.5113
step:78801 source:(128, 18) loss:3.4832
step:79001 source:(128, 18) loss:3.52212
step:79201 source:(128, 18) loss:3.49441
step:79401 source:(128, 18) loss:3.46063
step:79601 source:(128, 18) loss:3.48456
step:79801 source:(128, 18) loss:3.40001
step:80001 source:(128, 18) loss:3.48778
step:80201 source:(128, 18) loss:3.50368
step:80401 source:(128, 18) loss:3.52821
step:80601 source:(128, 18) loss:3.45363
step:80801 source:(128, 18) loss:3.43445
step:81001 source:(128, 18) loss:3.5356
step:81201 source:(128, 18) loss:3.50506
step:81401 source:(128, 18) loss:3.49909
step:81601 source:(128, 18) loss:3.43896
step:81801 source:(128, 18) loss:3.46828
step:82001 source:(128, 18) loss:3.46153
epoch:105 test_bleu:45.14095187187195 template_bleu:41.46801829338074
epoch:105 train_bleu:45.52462995052338 template_bleu:41.19011461734772
step:82201 source:(128, 18) loss:3.48877
step:82401 source:(128, 18) loss:3.39792
step:82601 source:(128, 18) loss:3.50283
step:82801 source:(128, 18) loss:3.47101
step:83001 source:(128, 18) loss:3.4368
step:83201 source:(128, 18) loss:3.49582
step:83401 source:(128, 18) loss:3.5382
step:83601 source:(128, 18) loss:3.45566
step:83801 source:(128, 18) loss:3.46189
step:84001 source:(128, 18) loss:3.47001
step:84201 source:(128, 18) loss:3.41702
step:84401 source:(128, 18) loss:3.51661
step:84601 source:(128, 18) loss:3.44679
step:84801 source:(128, 18) loss:3.41587
step:85001 source:(128, 18) loss:3.46757
step:85201 source:(128, 18) loss:3.45672
step:85401 source:(128, 18) loss:3.4604
step:85601 source:(128, 18) loss:3.45335
step:85801 source:(128, 18) loss:3.50178
step:86001 source:(128, 18) loss:3.46199
epoch:110 test_bleu:44.946178793907166 template_bleu:41.37329161167145
epoch:110 train_bleu:45.495301485061646 template_bleu:41.29529595375061
step:86201 source:(128, 18) loss:3.42304
step:86401 source:(128, 18) loss:3.41337
step:86601 source:(128, 18) loss:3.41509
step:86801 source:(128, 18) loss:3.48225
step:87001 source:(128, 18) loss:3.43659
step:87201 source:(128, 18) loss:3.49256
step:87401 source:(128, 18) loss:3.46522
step:87601 source:(128, 18) loss:3.47616
step:87801 source:(128, 18) loss:3.4602
step:88001 source:(128, 18) loss:3.46332
step:88201 source:(128, 18) loss:3.44501
step:88401 source:(128, 18) loss:3.51634
step:88601 source:(128, 18) loss:3.51002
step:88801 source:(128, 18) loss:3.3851
step:89001 source:(128, 18) loss:3.47185
step:89201 source:(128, 18) loss:3.42846
step:89401 source:(128, 18) loss:3.42542
step:89601 source:(128, 18) loss:3.43328
step:89801 source:(128, 18) loss:3.43713
epoch:115 test_bleu:44.46932673454285 template_bleu:41.16658568382263
epoch:115 train_bleu:45.32893896102905 template_bleu:41.180071234703064
step:90001 source:(128, 18) loss:3.42536
step:90201 source:(128, 18) loss:3.39357
step:90401 source:(128, 18) loss:3.46878
step:90601 source:(128, 18) loss:3.37584
step:90801 source:(128, 18) loss:3.41666
step:91001 source:(128, 18) loss:3.45243
step:91201 source:(128, 18) loss:3.43715
step:91401 source:(128, 18) loss:3.43514
step:91601 source:(128, 18) loss:3.40774
step:91801 source:(128, 18) loss:3.40925
step:92001 source:(128, 18) loss:3.34404
step:92201 source:(128, 18) loss:3.44822
step:92401 source:(128, 18) loss:3.40743
step:92601 source:(128, 18) loss:3.39496
step:92801 source:(128, 18) loss:3.36979
step:93001 source:(128, 18) loss:3.4296
step:93201 source:(128, 18) loss:3.37414
step:93401 source:(128, 18) loss:3.47317
step:93601 source:(128, 18) loss:3.49224
step:93801 source:(128, 18) loss:3.39873
epoch:120 test_bleu:44.8611706495285 template_bleu:41.355401277542114
epoch:120 train_bleu:45.84838151931763 template_bleu:41.38951003551483
step:94001 source:(128, 18) loss:3.45942
step:94201 source:(128, 18) loss:3.41437
step:94401 source:(128, 18) loss:3.42049
step:94601 source:(128, 18) loss:3.43068
step:94801 source:(128, 18) loss:3.44779
step:95001 source:(128, 18) loss:3.41107
step:95201 source:(128, 18) loss:3.42203
step:95401 source:(128, 18) loss:3.51889
step:95601 source:(128, 18) loss:3.47336
step:95801 source:(128, 18) loss:3.39741
step:96001 source:(128, 18) loss:3.41036
step:96201 source:(128, 18) loss:3.45636
step:96401 source:(128, 18) loss:3.45057
step:96601 source:(128, 18) loss:3.3998
step:96801 source:(128, 18) loss:3.37877
step:97001 source:(128, 18) loss:3.42955
step:97201 source:(128, 18) loss:3.41289
step:97401 source:(128, 18) loss:3.45279
step:97601 source:(128, 18) loss:3.35117
epoch:125 test_bleu:44.923752546310425 template_bleu:41.351330280303955
epoch:125 train_bleu:45.78886926174164 template_bleu:41.30634069442749
step:97801 source:(128, 18) loss:3.47683
step:98001 source:(128, 18) loss:3.38441
step:98201 source:(128, 18) loss:3.40884
step:98401 source:(128, 18) loss:3.39239
step:98601 source:(128, 18) loss:3.39182
step:98801 source:(128, 18) loss:3.45654
step:99001 source:(128, 18) loss:3.37245
step:99201 source:(128, 18) loss:3.39745
step:99401 source:(128, 18) loss:3.45111
step:99601 source:(128, 18) loss:3.3598
step:99801 source:(128, 18) loss:3.39702
step:100001 source:(128, 18) loss:3.40522
step:100201 source:(128, 18) loss:3.47992
step:100401 source:(128, 18) loss:3.41313
step:100601 source:(128, 18) loss:3.38704
step:100801 source:(128, 18) loss:3.38512
step:101001 source:(128, 18) loss:3.34837
step:101201 source:(128, 18) loss:3.4601
step:101401 source:(128, 18) loss:3.43714
step:101601 source:(128, 18) loss:3.40377
epoch:130 test_bleu:44.75158452987671 template_bleu:41.17827117443085
epoch:130 train_bleu:45.81820070743561 template_bleu:41.23075306415558
step:101801 source:(128, 18) loss:3.41665
step:102001 source:(128, 18) loss:3.38096
step:102201 source:(128, 18) loss:3.4343
step:102401 source:(128, 18) loss:3.41597
step:102601 source:(128, 18) loss:3.48011
step:102801 source:(128, 18) loss:3.4328
step:103001 source:(128, 18) loss:3.4348
step:103201 source:(128, 18) loss:3.47972
step:103401 source:(128, 18) loss:3.42178
step:103601 source:(128, 18) loss:3.46515
step:103801 source:(128, 18) loss:3.44086
step:104001 source:(128, 18) loss:3.43628
step:104201 source:(128, 18) loss:3.37356
step:104401 source:(128, 18) loss:3.47343
step:104601 source:(128, 18) loss:3.37363
step:104801 source:(128, 18) loss:3.42038
step:105001 source:(128, 18) loss:3.45743
step:105201 source:(128, 18) loss:3.47732
step:105401 source:(128, 18) loss:3.35305
epoch:135 test_bleu:45.02348601818085 template_bleu:41.49999022483826
epoch:135 train_bleu:45.58241367340088 template_bleu:41.19548797607422
step:105601 source:(128, 18) loss:3.43152
step:105801 source:(128, 18) loss:3.39341
step:106001 source:(128, 18) loss:3.35329
step:106201 source:(128, 18) loss:3.43245
step:106401 source:(128, 18) loss:3.47439
step:106601 source:(128, 18) loss:3.39342
step:106801 source:(128, 18) loss:3.43363
step:107001 source:(128, 18) loss:3.38255
step:107201 source:(128, 18) loss:3.46725
step:107401 source:(128, 18) loss:3.33652
step:107601 source:(128, 18) loss:3.45453
step:107801 source:(128, 18) loss:3.45944
step:108001 source:(128, 18) loss:3.44168
step:108201 source:(128, 18) loss:3.45803
step:108401 source:(128, 18) loss:3.42464
step:108601 source:(128, 18) loss:3.35885
step:108801 source:(128, 18) loss:3.37437
step:109001 source:(128, 18) loss:3.48158
step:109201 source:(128, 18) loss:3.41159
step:109401 source:(128, 18) loss:3.47306
epoch:140 test_bleu:44.79900598526001 template_bleu:41.1892831325531
epoch:140 train_bleu:45.805829763412476 template_bleu:41.16765558719635
step:109601 source:(128, 18) loss:3.41994
step:109801 source:(128, 18) loss:3.41565
step:110001 source:(128, 18) loss:3.3339
step:110201 source:(128, 18) loss:3.41623
step:110401 source:(128, 18) loss:3.44386
step:110601 source:(128, 18) loss:3.41045
step:110801 source:(128, 18) loss:3.34604
step:111001 source:(128, 18) loss:3.36438
step:111201 source:(128, 18) loss:3.43766
step:111401 source:(128, 18) loss:3.36028
step:111601 source:(128, 18) loss:3.46005
step:111801 source:(128, 18) loss:3.43259
step:112001 source:(128, 18) loss:3.42431
step:112201 source:(128, 18) loss:3.35282
step:112401 source:(128, 18) loss:3.37544
step:112601 source:(128, 18) loss:3.30674
step:112801 source:(128, 18) loss:3.43593
step:113001 source:(128, 18) loss:3.32669
step:113201 source:(128, 18) loss:3.41235
epoch:145 test_bleu:45.35904824733734 template_bleu:41.66862070560455
epoch:145 train_bleu:45.81931531429291 template_bleu:41.188231110572815
step:113401 source:(128, 18) loss:3.38459
step:113601 source:(128, 18) loss:3.36016
step:113801 source:(128, 18) loss:3.36787
step:114001 source:(128, 18) loss:3.39425
step:114201 source:(128, 18) loss:3.30893
step:114401 source:(128, 18) loss:3.37556
step:114601 source:(128, 18) loss:3.38979
step:114801 source:(128, 18) loss:3.41213
step:115001 source:(128, 18) loss:3.43546
step:115201 source:(128, 18) loss:3.35528
step:115401 source:(128, 18) loss:3.39744
step:115601 source:(128, 18) loss:3.41029
step:115801 source:(128, 18) loss:3.45243
step:116001 source:(128, 18) loss:3.37507
step:116201 source:(128, 18) loss:3.3715
step:116401 source:(128, 18) loss:3.3958
step:116601 source:(128, 18) loss:3.35681
step:116801 source:(128, 18) loss:3.38922
step:117001 source:(128, 18) loss:3.43991
step:117201 source:(128, 18) loss:3.39355
/home/syp/miniconda2/envs/newtf/lib/python3.6/importlib/_bootstrap.py:205: RuntimeWarning: compiletime version 3.5 of module 'tensorflow.python.framework.fast_tensor_util' does not match runtime version 3.6
  return f(*args, **kwds)
