train_file:/home/syp/zwr/txtgen/examples/long_text/yahoo_data/yahoo.train.txt
valid_file:/home/syp/zwr/txtgen/examples/long_text/yahoo_data/yahoo.valid.txt
logdir:./log_dir/yahoo.bsize400.epoch150.seqlen16.random.present0.5.partition2.hidden512/
epoch:0 test_present_rate:0.5 test_bleu:17.184001207351685 template_bleu:40.8761590719223
epoch:0 test_present_rate:0.5 train_bleu:17.32301265001297 template_bleu:41.24317467212677
step:1 source:(400, 18) loss:6.98954 lr:0.000035
step:201 source:(400, 18) loss:4.2939 lr:0.000035
step:401 source:(400, 18) loss:4.14059 lr:0.000035
step:601 source:(400, 18) loss:4.09997 lr:0.000035
step:801 source:(400, 18) loss:4.04998 lr:0.000035
step:1001 source:(400, 18) loss:3.99248 lr:0.000035
step:1201 source:(400, 18) loss:4.01675 lr:0.000035
epoch:5 test_present_rate:0.5 test_bleu:40.52268862724304 template_bleu:41.0078763961792
epoch:5 test_present_rate:0.5 train_bleu:40.83009958267212 template_bleu:41.22132956981659
step:1401 source:(400, 18) loss:3.94999 lr:0.000035
step:1601 source:(400, 18) loss:3.95365 lr:0.000035
step:1801 source:(400, 18) loss:3.93217 lr:0.000035
step:2001 source:(400, 18) loss:3.89682 lr:0.000035
step:2201 source:(400, 18) loss:3.93571 lr:0.000035
step:2401 source:(400, 18) loss:3.92972 lr:0.000035
epoch:10 test_present_rate:0.5 test_bleu:41.14463031291962 template_bleu:41.2125438451767
epoch:10 test_present_rate:0.5 train_bleu:41.17032289505005 template_bleu:41.239240765571594
step:2601 source:(400, 18) loss:3.89069 lr:0.000035
step:2801 source:(400, 18) loss:3.88368 lr:0.000035
step:3001 source:(400, 18) loss:3.89813 lr:0.000035
step:3201 source:(400, 18) loss:3.875 lr:0.000035
step:3401 source:(400, 18) loss:3.90158 lr:0.000035
step:3601 source:(400, 18) loss:3.84645 lr:0.000035
epoch:15 test_present_rate:0.5 test_bleu:41.34754240512848 template_bleu:41.500383615493774
epoch:15 test_present_rate:0.5 train_bleu:41.170328855514526 template_bleu:41.21747612953186
step:3801 source:(400, 18) loss:3.83148 lr:0.000035
step:4001 source:(400, 18) loss:3.80254 lr:0.000035
step:4201 source:(400, 18) loss:3.82315 lr:0.000035
step:4401 source:(400, 18) loss:3.85587 lr:0.000035
step:4601 source:(400, 18) loss:3.82129 lr:0.000035
step:4801 source:(400, 18) loss:3.8064 lr:0.000035
epoch:20 test_present_rate:0.5 test_bleu:41.95783734321594 template_bleu:41.545864939689636
epoch:20 test_present_rate:0.5 train_bleu:41.77459478378296 template_bleu:41.253504157066345
step:5001 source:(400, 18) loss:3.80417 lr:0.000035
step:5201 source:(400, 18) loss:3.76124 lr:0.000035
step:5401 source:(400, 18) loss:3.80028 lr:0.000035
step:5601 source:(400, 18) loss:3.75371 lr:0.000035
step:5801 source:(400, 18) loss:3.77894 lr:0.000035
step:6001 source:(400, 18) loss:3.76949 lr:0.000035
step:6201 source:(400, 18) loss:3.79849 lr:0.000035
epoch:25 test_present_rate:0.5 test_bleu:42.16364026069641 template_bleu:41.40246510505676
epoch:25 test_present_rate:0.5 train_bleu:42.21868813037872 template_bleu:41.260331869125366
step:6401 source:(400, 18) loss:3.7572 lr:0.000035
step:6601 source:(400, 18) loss:3.75324 lr:0.000035
step:6801 source:(400, 18) loss:3.72926 lr:0.000035
step:7001 source:(400, 18) loss:3.72022 lr:0.000035
step:7201 source:(400, 18) loss:3.73388 lr:0.000035
step:7401 source:(400, 18) loss:3.72505 lr:0.000035
epoch:30 test_present_rate:0.5 test_bleu:42.48918294906616 template_bleu:41.41957461833954
epoch:30 test_present_rate:0.5 train_bleu:42.61384904384613 template_bleu:41.28732085227966
step:7601 source:(400, 18) loss:3.70693 lr:0.000035
step:7801 source:(400, 18) loss:3.70941 lr:0.000035
step:8001 source:(400, 18) loss:3.71514 lr:0.000035
step:8201 source:(400, 18) loss:3.7214 lr:0.000035
step:8401 source:(400, 18) loss:3.7043 lr:0.000035
step:8601 source:(400, 18) loss:3.70669 lr:0.000035
epoch:35 test_present_rate:0.5 test_bleu:42.938706278800964 template_bleu:41.35906398296356
epoch:35 test_present_rate:0.5 train_bleu:42.98601448535919 template_bleu:41.227009892463684
step:8801 source:(400, 18) loss:3.68374 lr:0.000035
step:9001 source:(400, 18) loss:3.70598 lr:0.000035
step:9201 source:(400, 18) loss:3.72502 lr:0.000035
step:9401 source:(400, 18) loss:3.69108 lr:0.000035
step:9601 source:(400, 18) loss:3.6693 lr:0.000035
step:9801 source:(400, 18) loss:3.707 lr:0.000035
epoch:40 test_present_rate:0.5 test_bleu:42.93261170387268 template_bleu:41.19487106800079
epoch:40 test_present_rate:0.5 train_bleu:43.095532059669495 template_bleu:41.2237286567688
step:10001 source:(400, 18) loss:3.65118 lr:0.000035
step:10201 source:(400, 18) loss:3.68537 lr:0.000035
step:10401 source:(400, 18) loss:3.68291 lr:0.000035
step:10601 source:(400, 18) loss:3.67244 lr:0.000035
step:10801 source:(400, 18) loss:3.67847 lr:0.000035
step:11001 source:(400, 18) loss:3.63826 lr:0.000035
step:11201 source:(400, 18) loss:3.6753 lr:0.000035
epoch:45 test_present_rate:0.5 test_bleu:43.26539933681488 template_bleu:41.531336307525635
epoch:45 test_present_rate:0.5 train_bleu:43.42103898525238 template_bleu:41.24196767807007
step:11401 source:(400, 18) loss:3.64574 lr:0.000035
step:11601 source:(400, 18) loss:3.6374 lr:0.000035
step:11801 source:(400, 18) loss:3.6679 lr:0.000035
step:12001 source:(400, 18) loss:3.64649 lr:0.000035
step:12201 source:(400, 18) loss:3.66673 lr:0.000035
step:12401 source:(400, 18) loss:3.6763 lr:0.000035
epoch:50 test_present_rate:0.5 test_bleu:43.440261483192444 template_bleu:41.35945737361908
epoch:50 test_present_rate:0.5 train_bleu:43.72397065162659 template_bleu:41.265806555747986
step:12601 source:(400, 18) loss:3.69194 lr:0.000035
step:12801 source:(400, 18) loss:3.65281 lr:0.000035
step:13001 source:(400, 18) loss:3.64421 lr:0.000035
step:13201 source:(400, 18) loss:3.65127 lr:0.000035
step:13401 source:(400, 18) loss:3.6706 lr:0.000035
step:13601 source:(400, 18) loss:3.62968 lr:0.000035
epoch:55 test_present_rate:0.5 test_bleu:43.26493442058563 template_bleu:41.187652945518494
epoch:55 test_present_rate:0.5 train_bleu:43.61889362335205 template_bleu:41.19808077812195
step:13801 source:(400, 18) loss:3.66282 lr:0.000035
step:14001 source:(400, 18) loss:3.61689 lr:0.000035
step:14201 source:(400, 18) loss:3.65649 lr:0.000035
step:14401 source:(400, 18) loss:3.68659 lr:0.000035
step:14601 source:(400, 18) loss:3.62702 lr:0.000035
step:14801 source:(400, 18) loss:3.63988 lr:0.000035
epoch:60 test_present_rate:0.5 test_bleu:43.4095561504364 template_bleu:40.949997305870056
epoch:60 test_present_rate:0.5 train_bleu:43.88857185840607 template_bleu:41.24506115913391
step:15001 source:(400, 18) loss:3.62767 lr:0.000035
step:15201 source:(400, 18) loss:3.67771 lr:0.000035
step:15401 source:(400, 18) loss:3.70334 lr:0.000035
step:15601 source:(400, 18) loss:3.642 lr:0.000035
step:15801 source:(400, 18) loss:3.61963 lr:0.000035
step:16001 source:(400, 18) loss:3.61211 lr:0.000035
step:16201 source:(400, 18) loss:3.65786 lr:0.000035
epoch:65 test_present_rate:0.5 test_bleu:43.530040979385376 template_bleu:41.069623827934265
epoch:65 test_present_rate:0.5 train_bleu:43.88807415962219 template_bleu:41.22127890586853
step:16401 source:(400, 18) loss:3.66595 lr:0.000035
step:16601 source:(400, 18) loss:3.60916 lr:0.000035
step:16801 source:(400, 18) loss:3.64009 lr:0.000035
step:17001 source:(400, 18) loss:3.61399 lr:0.000035
step:17201 source:(400, 18) loss:3.63094 lr:0.000035
step:17401 source:(400, 18) loss:3.61911 lr:0.000035
epoch:70 test_present_rate:0.5 test_bleu:43.39386224746704 template_bleu:41.06506109237671
epoch:70 test_present_rate:0.5 train_bleu:43.96694898605347 template_bleu:41.28246009349823
step:17601 source:(400, 18) loss:3.60835 lr:0.000035
step:17801 source:(400, 18) loss:3.60715 lr:0.000035
step:18001 source:(400, 18) loss:3.59265 lr:0.000035
step:18201 source:(400, 18) loss:3.63008 lr:0.000035
step:18401 source:(400, 18) loss:3.61229 lr:0.000035
step:18601 source:(400, 18) loss:3.58727 lr:0.000035
epoch:75 test_present_rate:0.5 test_bleu:43.989092111587524 template_bleu:41.20892882347107
epoch:75 test_present_rate:0.5 train_bleu:44.17291283607483 template_bleu:41.21321141719818
step:18801 source:(400, 18) loss:3.59151 lr:0.000035
step:19001 source:(400, 18) loss:3.6032 lr:0.000035
step:19201 source:(400, 18) loss:3.61947 lr:0.000035
step:19401 source:(400, 18) loss:3.63538 lr:0.000035
step:19601 source:(400, 18) loss:3.60022 lr:0.000035
step:19801 source:(400, 18) loss:3.60946 lr:0.000035
epoch:80 test_present_rate:0.5 test_bleu:43.775153160095215 template_bleu:41.26392602920532
epoch:80 test_present_rate:0.5 train_bleu:44.15398836135864 template_bleu:41.226109862327576
step:20001 source:(400, 18) loss:3.57892 lr:0.000035
step:20201 source:(400, 18) loss:3.63667 lr:0.000035
step:20401 source:(400, 18) loss:3.59457 lr:0.000035
step:20601 source:(400, 18) loss:3.61354 lr:0.000035
step:20801 source:(400, 18) loss:3.61495 lr:0.000035
step:21001 source:(400, 18) loss:3.60187 lr:0.000035
step:21201 source:(400, 18) loss:3.60817 lr:0.000035
epoch:85 test_present_rate:0.5 test_bleu:44.39152181148529 template_bleu:41.71629846096039
epoch:85 test_present_rate:0.5 train_bleu:44.20105218887329 template_bleu:41.201260685920715
step:21401 source:(400, 18) loss:3.64797 lr:0.000035
step:21601 source:(400, 18) loss:3.56822 lr:0.000035
step:21801 source:(400, 18) loss:3.61957 lr:0.000035
step:22001 source:(400, 18) loss:3.60242 lr:0.000035
step:22201 source:(400, 18) loss:3.60525 lr:0.000035
step:22401 source:(400, 18) loss:3.61838 lr:0.000035
epoch:90 test_present_rate:0.5 test_bleu:43.59276592731476 template_bleu:41.04818403720856
epoch:90 test_present_rate:0.5 train_bleu:44.22553777694702 template_bleu:41.232696175575256
step:22601 source:(400, 18) loss:3.61278 lr:0.000035
step:22801 source:(400, 18) loss:3.62079 lr:0.000035
step:23001 source:(400, 18) loss:3.60895 lr:0.000035
step:23201 source:(400, 18) loss:3.6127 lr:0.000035
step:23401 source:(400, 18) loss:3.60777 lr:0.000035
step:23601 source:(400, 18) loss:3.59095 lr:0.000035
epoch:95 test_present_rate:0.5 test_bleu:43.87257993221283 template_bleu:41.138955950737
epoch:95 test_present_rate:0.5 train_bleu:44.44805681705475 template_bleu:41.25446975231171
step:23801 source:(400, 18) loss:3.57679 lr:0.000035
step:24001 source:(400, 18) loss:3.58175 lr:0.000035
step:24201 source:(400, 18) loss:3.60349 lr:0.000035
step:24401 source:(400, 18) loss:3.57639 lr:0.000035
step:24601 source:(400, 18) loss:3.6009 lr:0.000035
step:24801 source:(400, 18) loss:3.57928 lr:0.000035
epoch:100 test_present_rate:0.5 test_bleu:43.69889795780182 template_bleu:41.17090404033661
epoch:100 test_present_rate:0.5 train_bleu:44.2281037569046 template_bleu:41.25220775604248
step:25001 source:(400, 18) loss:3.60705 lr:0.000035
step:25201 source:(400, 18) loss:3.5976 lr:0.000035
step:25401 source:(400, 18) loss:3.5921 lr:0.000035
step:25601 source:(400, 18) loss:3.58778 lr:0.000035
step:25801 source:(400, 18) loss:3.57563 lr:0.000035
step:26001 source:(400, 18) loss:3.55148 lr:0.000035
step:26201 source:(400, 18) loss:3.6261 lr:0.000035
epoch:105 test_present_rate:0.5 test_bleu:44.27129328250885 template_bleu:41.4303332567215
epoch:105 test_present_rate:0.5 train_bleu:44.57959532737732 template_bleu:41.23833179473877
step:26401 source:(400, 18) loss:3.60807 lr:0.000035
step:26601 source:(400, 18) loss:3.57572 lr:0.000035
step:26801 source:(400, 18) loss:3.58335 lr:0.000035
step:27001 source:(400, 18) loss:3.5862 lr:0.000035
step:27201 source:(400, 18) loss:3.59541 lr:0.000035
step:27401 source:(400, 18) loss:3.63521 lr:0.000035
epoch:110 test_present_rate:0.5 test_bleu:43.86095404624939 template_bleu:41.265130043029785
epoch:110 test_present_rate:0.5 train_bleu:44.40388083457947 template_bleu:41.24007523059845
step:27601 source:(400, 18) loss:3.58325 lr:0.000035
step:27801 source:(400, 18) loss:3.60245 lr:0.000035
step:28001 source:(400, 18) loss:3.58505 lr:0.000035
step:28201 source:(400, 18) loss:3.61397 lr:0.000035
step:28401 source:(400, 18) loss:3.60374 lr:0.000035
step:28601 source:(400, 18) loss:3.53965 lr:0.000035
epoch:115 test_present_rate:0.5 test_bleu:43.78459453582764 template_bleu:41.18453860282898
epoch:115 test_present_rate:0.5 train_bleu:44.329634308815 template_bleu:41.23419523239136
step:28801 source:(400, 18) loss:3.57934 lr:0.000035
step:29001 source:(400, 18) loss:3.57926 lr:0.000035
step:29201 source:(400, 18) loss:3.60279 lr:0.000035
step:29401 source:(400, 18) loss:3.59845 lr:0.000035
step:29601 source:(400, 18) loss:3.6025 lr:0.000035
step:29801 source:(400, 18) loss:3.58102 lr:0.000035
epoch:120 test_present_rate:0.5 test_bleu:44.26378905773163 template_bleu:41.243502497673035
epoch:120 test_present_rate:0.5 train_bleu:44.75846588611603 template_bleu:41.242870688438416
step:30001 source:(400, 18) loss:3.5706 lr:0.000035
step:30201 source:(400, 18) loss:3.59239 lr:0.000035
step:30401 source:(400, 18) loss:3.60575 lr:0.000035
step:30601 source:(400, 18) loss:3.55691 lr:0.000035
step:30801 source:(400, 18) loss:3.60054 lr:0.000035
step:31001 source:(400, 18) loss:3.58726 lr:0.000035
step:31201 source:(400, 18) loss:3.62207 lr:0.000035
epoch:125 test_present_rate:0.5 test_bleu:44.411832094192505 template_bleu:41.38939082622528
epoch:125 test_present_rate:0.5 train_bleu:44.6339875459671 template_bleu:41.252803802490234
step:31401 source:(400, 18) loss:3.59385 lr:0.000035
step:31601 source:(400, 18) loss:3.57981 lr:0.000035
step:31801 source:(400, 18) loss:3.56705 lr:0.000035
step:32001 source:(400, 18) loss:3.5742 lr:0.000035
step:32201 source:(400, 18) loss:3.60919 lr:0.000035
step:32401 source:(400, 18) loss:3.60129 lr:0.000035
epoch:130 test_present_rate:0.5 test_bleu:44.174692034721375 template_bleu:41.27542972564697
epoch:130 test_present_rate:0.5 train_bleu:44.62706744670868 template_bleu:41.28170311450958
step:32601 source:(400, 18) loss:3.5448 lr:0.000035
step:32801 source:(400, 18) loss:3.60841 lr:0.000035
step:33001 source:(400, 18) loss:3.58417 lr:0.000035
step:33201 source:(400, 18) loss:3.57591 lr:0.000035
step:33401 source:(400, 18) loss:3.57589 lr:0.000035
step:33601 source:(400, 18) loss:3.56428 lr:0.000035
epoch:135 test_present_rate:0.5 test_bleu:44.39789056777954 template_bleu:41.0760223865509
epoch:135 test_present_rate:0.5 train_bleu:44.781553745269775 template_bleu:41.18737280368805
step:33801 source:(400, 18) loss:3.56137 lr:0.000035
step:34001 source:(400, 18) loss:3.57148 lr:0.000035
step:34201 source:(400, 18) loss:3.58434 lr:0.000035
step:34401 source:(400, 18) loss:3.58599 lr:0.000035
step:34601 source:(400, 18) loss:3.61321 lr:0.000035
step:34801 source:(400, 18) loss:3.59971 lr:0.000035
epoch:140 test_present_rate:0.5 test_bleu:44.08319890499115 template_bleu:41.20045602321625
epoch:140 test_present_rate:0.5 train_bleu:44.59078907966614 template_bleu:41.20602011680603
step:35001 source:(400, 18) loss:3.58038 lr:0.000035
step:35201 source:(400, 18) loss:3.58736 lr:0.000035
step:35401 source:(400, 18) loss:3.58458 lr:0.000035
step:35601 source:(400, 18) loss:3.57674 lr:0.000035
step:35801 source:(400, 18) loss:3.60438 lr:0.000035
step:36001 source:(400, 18) loss:3.5677 lr:0.000035
step:36201 source:(400, 18) loss:3.58521 lr:0.000035
epoch:145 test_present_rate:0.5 test_bleu:44.29903030395508 template_bleu:41.288939118385315
epoch:145 test_present_rate:0.5 train_bleu:44.56186890602112 template_bleu:41.14477038383484
step:36401 source:(400, 18) loss:3.61547 lr:0.000035
step:36601 source:(400, 18) loss:3.58588 lr:0.000035
step:36801 source:(400, 18) loss:3.55921 lr:0.000035
step:37001 source:(400, 18) loss:3.55863 lr:0.000035
step:37201 source:(400, 18) loss:3.57119 lr:0.000035
step:37401 source:(400, 18) loss:3.60375 lr:0.000035
/home/syp/miniconda2/envs/newtf/lib/python3.6/importlib/_bootstrap.py:205: RuntimeWarning: compiletime version 3.5 of module 'tensorflow.python.framework.fast_tensor_util' does not match runtime version 3.6
  return f(*args, **kwds)
