train_file:/home/syp/zwr/txtgen/examples/long_text/yahoo_data/yahoo.train.txt
valid_file:/home/syp/zwr/txtgen/examples/long_text/yahoo_data/yahoo.valid.txt
logdir:./log_dir/yahoo.bsize201.epoch150.seqlen16.random.present0.5.partition2.hidden1024/
epoch:0 test_present_rate:0.5 test_bleu:18.219363689422607 template_bleu:41.20951294898987
step:1 source:(201, 18) loss:7.06435 lr:0.001250
step:201 source:(201, 18) loss:4.40007 lr:0.001250
step:401 source:(201, 18) loss:4.56419 lr:0.001250
step:601 source:(201, 18) loss:5.05979 lr:0.001250
step:801 source:(201, 18) loss:5.26399 lr:0.001250
step:1001 source:(201, 18) loss:5.58131 lr:0.000125
step:1201 source:(201, 18) loss:4.52418 lr:0.000125
step:1401 source:(201, 18) loss:4.34029 lr:0.000125
step:1601 source:(201, 18) loss:4.30107 lr:0.000125
step:1801 source:(201, 18) loss:4.33387 lr:0.000125
step:2001 source:(201, 18) loss:4.32616 lr:0.000125
step:2201 source:(201, 18) loss:4.34069 lr:0.000125
step:2401 source:(201, 18) loss:4.28854 lr:0.000125
epoch:5 test_present_rate:0.5 test_bleu:40.965330600738525 template_bleu:41.39116406440735
step:2601 source:(201, 18) loss:4.2975 lr:0.000125
step:2801 source:(201, 18) loss:4.30678 lr:0.000125
step:3001 source:(201, 18) loss:4.33205 lr:0.000125
step:3201 source:(201, 18) loss:4.31393 lr:0.000125
step:3401 source:(201, 18) loss:4.35512 lr:0.000125
step:3601 source:(201, 18) loss:4.26378 lr:0.000125
step:3801 source:(201, 18) loss:4.26223 lr:0.000125
step:4001 source:(201, 18) loss:4.25603 lr:0.000125
step:4201 source:(201, 18) loss:4.28912 lr:0.000125
step:4401 source:(201, 18) loss:4.22952 lr:0.000125
step:4601 source:(201, 18) loss:4.24518 lr:0.000125
step:4801 source:(201, 18) loss:4.27571 lr:0.000125
epoch:10 test_present_rate:0.5 test_bleu:41.03773534297943 template_bleu:41.23947322368622
step:5001 source:(201, 18) loss:4.26438 lr:0.000125
step:5201 source:(201, 18) loss:4.24421 lr:0.000125
step:5401 source:(201, 18) loss:4.26004 lr:0.000125
step:5601 source:(201, 18) loss:4.22899 lr:0.000125
step:5801 source:(201, 18) loss:4.18471 lr:0.000125
step:6001 source:(201, 18) loss:4.22882 lr:0.000125
step:6201 source:(201, 18) loss:4.21398 lr:0.000125
step:6401 source:(201, 18) loss:4.25152 lr:0.000125
step:6601 source:(201, 18) loss:4.15019 lr:0.000125
step:6801 source:(201, 18) loss:4.2435 lr:0.000125
step:7001 source:(201, 18) loss:4.21659 lr:0.000125
step:7201 source:(201, 18) loss:4.28762 lr:0.000125
step:7401 source:(201, 18) loss:4.28882 lr:0.000125
epoch:15 test_present_rate:0.5 test_bleu:41.20160937309265 template_bleu:40.9008264541626
step:7601 source:(201, 18) loss:4.23018 lr:0.000125
step:7801 source:(201, 18) loss:4.20219 lr:0.000125
step:8001 source:(201, 18) loss:4.20924 lr:0.000125
step:8201 source:(201, 18) loss:4.21642 lr:0.000125
step:8401 source:(201, 18) loss:4.22526 lr:0.000125
step:8601 source:(201, 18) loss:4.18423 lr:0.000125
step:8801 source:(201, 18) loss:4.16528 lr:0.000125
step:9001 source:(201, 18) loss:4.28549 lr:0.000125
step:9201 source:(201, 18) loss:4.25617 lr:0.000125
step:9401 source:(201, 18) loss:4.24379 lr:0.000125
step:9601 source:(201, 18) loss:4.26801 lr:0.000125
step:9801 source:(201, 18) loss:4.2156 lr:0.000125
epoch:20 test_present_rate:0.5 test_bleu:40.89082181453705 template_bleu:41.02885127067566
step:10001 source:(201, 18) loss:4.26249 lr:0.000125
step:10201 source:(201, 18) loss:4.20366 lr:0.000125
step:10401 source:(201, 18) loss:4.19702 lr:0.000125
step:10601 source:(201, 18) loss:4.20127 lr:0.000125
step:10801 source:(201, 18) loss:4.18925 lr:0.000125
step:11001 source:(201, 18) loss:4.25541 lr:0.000125
step:11201 source:(201, 18) loss:4.16243 lr:0.000125
step:11401 source:(201, 18) loss:4.20906 lr:0.000125
step:11601 source:(201, 18) loss:4.22022 lr:0.000125
step:11801 source:(201, 18) loss:4.25821 lr:0.000125
step:12001 source:(201, 18) loss:4.16421 lr:0.000125
step:12201 source:(201, 18) loss:4.2726 lr:0.000125
step:12401 source:(201, 18) loss:4.16869 lr:0.000125
epoch:25 test_present_rate:0.5 test_bleu:41.07617139816284 template_bleu:41.19470715522766
step:12601 source:(201, 18) loss:4.23942 lr:0.000125
step:12801 source:(201, 18) loss:4.19514 lr:0.000125
step:13001 source:(201, 18) loss:4.23431 lr:0.000125
step:13201 source:(201, 18) loss:4.19788 lr:0.000125
step:13401 source:(201, 18) loss:4.19417 lr:0.000125
step:13601 source:(201, 18) loss:4.25669 lr:0.000125
step:13801 source:(201, 18) loss:4.1788 lr:0.000125
step:14001 source:(201, 18) loss:4.2703 lr:0.000125
step:14201 source:(201, 18) loss:4.18162 lr:0.000125
step:14401 source:(201, 18) loss:4.24061 lr:0.000125
step:14601 source:(201, 18) loss:4.17315 lr:0.000125
step:14801 source:(201, 18) loss:4.28917 lr:0.000125
epoch:30 test_present_rate:0.5 test_bleu:41.706058382987976 template_bleu:41.64013862609863
step:15001 source:(201, 18) loss:4.21532 lr:0.000125
step:15201 source:(201, 18) loss:4.1689 lr:0.000125
step:15401 source:(201, 18) loss:4.23732 lr:0.000125
step:15601 source:(201, 18) loss:4.22548 lr:0.000125
step:15801 source:(201, 18) loss:4.22249 lr:0.000125
step:16001 source:(201, 18) loss:4.23854 lr:0.000125
step:16201 source:(201, 18) loss:4.18651 lr:0.000125
step:16401 source:(201, 18) loss:4.19934 lr:0.000125
step:16601 source:(201, 18) loss:4.19485 lr:0.000125
step:16801 source:(201, 18) loss:4.25361 lr:0.000125
step:17001 source:(201, 18) loss:4.17986 lr:0.000125
step:17201 source:(201, 18) loss:4.20963 lr:0.000125
step:17401 source:(201, 18) loss:4.25492 lr:0.000125
epoch:35 test_present_rate:0.5 test_bleu:40.96817374229431 template_bleu:40.8464640378952
step:17601 source:(201, 18) loss:4.32223 lr:0.000125
step:17801 source:(201, 18) loss:4.27251 lr:0.000125
step:18001 source:(201, 18) loss:4.26106 lr:0.000125
step:18201 source:(201, 18) loss:4.23569 lr:0.000125
step:18401 source:(201, 18) loss:4.20728 lr:0.000125
step:18601 source:(201, 18) loss:4.1838 lr:0.000125
step:18801 source:(201, 18) loss:4.24244 lr:0.000125
step:19001 source:(201, 18) loss:4.30134 lr:0.000125
step:19201 source:(201, 18) loss:4.30622 lr:0.000125
step:19401 source:(201, 18) loss:4.1989 lr:0.000125
step:19601 source:(201, 18) loss:4.20718 lr:0.000125
step:19801 source:(201, 18) loss:4.29028 lr:0.000125
epoch:40 test_present_rate:0.5 test_bleu:42.29392111301422 template_bleu:41.55013859272003
step:20001 source:(201, 18) loss:4.26415 lr:0.000125
step:20201 source:(201, 18) loss:4.24449 lr:0.000125
step:20401 source:(201, 18) loss:4.30202 lr:0.000125
step:20601 source:(201, 18) loss:4.22205 lr:0.000125
step:20801 source:(201, 18) loss:4.29748 lr:0.000125
step:21001 source:(201, 18) loss:4.09704 lr:0.000013
step:21201 source:(201, 18) loss:4.14191 lr:0.000013
step:21401 source:(201, 18) loss:4.20206 lr:0.000013
step:21601 source:(201, 18) loss:4.17392 lr:0.000013
step:21801 source:(201, 18) loss:4.13152 lr:0.000013
step:22001 source:(201, 18) loss:4.12147 lr:0.000013
step:22201 source:(201, 18) loss:4.13634 lr:0.000013
step:22401 source:(201, 18) loss:4.15983 lr:0.000013
epoch:45 test_present_rate:0.5 test_bleu:42.34282374382019 template_bleu:41.531434655189514
step:22601 source:(201, 18) loss:4.21188 lr:0.000013
step:22801 source:(201, 18) loss:4.13212 lr:0.000013
step:23001 source:(201, 18) loss:4.14224 lr:0.000013
step:23201 source:(201, 18) loss:4.15985 lr:0.000013
step:23401 source:(201, 18) loss:4.1417 lr:0.000013
step:23601 source:(201, 18) loss:4.09188 lr:0.000013
step:23801 source:(201, 18) loss:4.15585 lr:0.000013
step:24001 source:(201, 18) loss:4.09486 lr:0.000013
step:24201 source:(201, 18) loss:4.10834 lr:0.000013
step:24401 source:(201, 18) loss:4.13162 lr:0.000013
step:24601 source:(201, 18) loss:4.14136 lr:0.000013
step:24801 source:(201, 18) loss:4.10364 lr:0.000013
epoch:50 test_present_rate:0.5 test_bleu:41.902247071266174 template_bleu:41.16407632827759
step:25001 source:(201, 18) loss:4.12805 lr:0.000013
step:25201 source:(201, 18) loss:4.18871 lr:0.000013
step:25401 source:(201, 18) loss:4.15875 lr:0.000013
step:25601 source:(201, 18) loss:4.13015 lr:0.000013
step:25801 source:(201, 18) loss:4.16072 lr:0.000013
step:26001 source:(201, 18) loss:4.13484 lr:0.000013
step:26201 source:(201, 18) loss:4.14699 lr:0.000013
step:26401 source:(201, 18) loss:4.16537 lr:0.000013
step:26601 source:(201, 18) loss:4.19311 lr:0.000013
step:26801 source:(201, 18) loss:4.22959 lr:0.000013
step:27001 source:(201, 18) loss:4.13879 lr:0.000013
step:27201 source:(201, 18) loss:4.16384 lr:0.000013
epoch:55 test_present_rate:0.5 test_bleu:42.07699000835419 template_bleu:40.976640582084656
step:27401 source:(201, 18) loss:4.16362 lr:0.000013
step:27601 source:(201, 18) loss:4.14351 lr:0.000013
step:27801 source:(201, 18) loss:4.09944 lr:0.000013
step:28001 source:(201, 18) loss:4.15388 lr:0.000013
step:28201 source:(201, 18) loss:4.21383 lr:0.000013
step:28401 source:(201, 18) loss:4.12106 lr:0.000013
step:28601 source:(201, 18) loss:4.14752 lr:0.000013
step:28801 source:(201, 18) loss:4.12642 lr:0.000013
step:29001 source:(201, 18) loss:4.18737 lr:0.000013
step:29201 source:(201, 18) loss:4.16657 lr:0.000013
step:29401 source:(201, 18) loss:4.16834 lr:0.000013
step:29601 source:(201, 18) loss:4.10204 lr:0.000013
step:29801 source:(201, 18) loss:4.1995 lr:0.000013
epoch:60 test_present_rate:0.5 test_bleu:42.303019762039185 template_bleu:41.33932888507843
step:30001 source:(201, 18) loss:4.09922 lr:0.000013
step:30201 source:(201, 18) loss:4.17221 lr:0.000013
step:30401 source:(201, 18) loss:4.14064 lr:0.000013
step:30601 source:(201, 18) loss:4.1006 lr:0.000013
step:30801 source:(201, 18) loss:4.15883 lr:0.000013
step:31001 source:(201, 18) loss:4.18137 lr:0.000013
step:31201 source:(201, 18) loss:4.17461 lr:0.000013
step:31401 source:(201, 18) loss:4.20644 lr:0.000013
step:31601 source:(201, 18) loss:4.16918 lr:0.000013
step:31801 source:(201, 18) loss:4.18089 lr:0.000013
step:32001 source:(201, 18) loss:4.12104 lr:0.000013
step:32201 source:(201, 18) loss:4.15799 lr:0.000013
epoch:65 test_present_rate:0.5 test_bleu:42.475539445877075 template_bleu:41.28710329532623
step:32401 source:(201, 18) loss:4.19308 lr:0.000013
step:32601 source:(201, 18) loss:4.1687 lr:0.000013
step:32801 source:(201, 18) loss:4.21413 lr:0.000013
step:33001 source:(201, 18) loss:4.19321 lr:0.000013
step:33201 source:(201, 18) loss:4.17897 lr:0.000013
step:33401 source:(201, 18) loss:4.17948 lr:0.000013
step:33601 source:(201, 18) loss:4.14429 lr:0.000013
step:33801 source:(201, 18) loss:4.15108 lr:0.000013
step:34001 source:(201, 18) loss:4.16825 lr:0.000013
step:34201 source:(201, 18) loss:4.10939 lr:0.000013
step:34401 source:(201, 18) loss:4.17445 lr:0.000013
step:34601 source:(201, 18) loss:4.12675 lr:0.000013
step:34801 source:(201, 18) loss:4.19028 lr:0.000013
epoch:70 test_present_rate:0.5 test_bleu:42.03621447086334 template_bleu:41.11884534358978
step:35001 source:(201, 18) loss:4.13564 lr:0.000013
step:35201 source:(201, 18) loss:4.12644 lr:0.000013
step:35401 source:(201, 18) loss:4.16821 lr:0.000013
step:35601 source:(201, 18) loss:4.15753 lr:0.000013
step:35801 source:(201, 18) loss:4.11506 lr:0.000013
step:36001 source:(201, 18) loss:4.14362 lr:0.000013
step:36201 source:(201, 18) loss:4.1236 lr:0.000013
step:36401 source:(201, 18) loss:4.16618 lr:0.000013
step:36601 source:(201, 18) loss:4.12842 lr:0.000013
step:36801 source:(201, 18) loss:4.13591 lr:0.000013
step:37001 source:(201, 18) loss:4.16856 lr:0.000013
step:37201 source:(201, 18) loss:4.12513 lr:0.000013
epoch:75 test_present_rate:0.5 test_bleu:42.2580748796463 template_bleu:41.218170523643494
step:37401 source:(201, 18) loss:4.11792 lr:0.000013
step:37601 source:(201, 18) loss:4.15856 lr:0.000013
step:37801 source:(201, 18) loss:4.15073 lr:0.000013
step:38001 source:(201, 18) loss:4.11951 lr:0.000013
step:38201 source:(201, 18) loss:4.18736 lr:0.000013
step:38401 source:(201, 18) loss:4.16058 lr:0.000013
step:38601 source:(201, 18) loss:4.12472 lr:0.000013
step:38801 source:(201, 18) loss:4.15302 lr:0.000013
step:39001 source:(201, 18) loss:4.1793 lr:0.000013
step:39201 source:(201, 18) loss:4.16445 lr:0.000013
step:39401 source:(201, 18) loss:4.16752 lr:0.000013
step:39601 source:(201, 18) loss:4.20774 lr:0.000013
step:39801 source:(201, 18) loss:4.18318 lr:0.000013
epoch:80 test_present_rate:0.5 test_bleu:41.775551438331604 template_bleu:40.91746509075165
step:40001 source:(201, 18) loss:4.12815 lr:0.000013
step:40201 source:(201, 18) loss:4.13254 lr:0.000013
step:40401 source:(201, 18) loss:4.13494 lr:0.000013
step:40601 source:(201, 18) loss:4.15722 lr:0.000013
step:40801 source:(201, 18) loss:4.15133 lr:0.000013
step:41001 source:(201, 18) loss:4.13508 lr:0.000001
step:41201 source:(201, 18) loss:4.10319 lr:0.000001
step:41401 source:(201, 18) loss:4.14747 lr:0.000001
step:41601 source:(201, 18) loss:4.15473 lr:0.000001
step:41801 source:(201, 18) loss:4.14557 lr:0.000001
step:42001 source:(201, 18) loss:4.17328 lr:0.000001
step:42201 source:(201, 18) loss:4.2087 lr:0.000001
epoch:85 test_present_rate:0.5 test_bleu:42.04098284244537 template_bleu:41.119349002838135
step:42401 source:(201, 18) loss:4.10304 lr:0.000001
step:42601 source:(201, 18) loss:4.11897 lr:0.000001
step:42801 source:(201, 18) loss:4.08631 lr:0.000001
step:43001 source:(201, 18) loss:4.04445 lr:0.000001
step:43201 source:(201, 18) loss:4.11394 lr:0.000001
step:43401 source:(201, 18) loss:4.11842 lr:0.000001
step:43601 source:(201, 18) loss:4.15501 lr:0.000001
step:43801 source:(201, 18) loss:4.19129 lr:0.000001
step:44001 source:(201, 18) loss:4.0693 lr:0.000001
step:44201 source:(201, 18) loss:4.17602 lr:0.000001
step:44401 source:(201, 18) loss:4.1082 lr:0.000001
step:44601 source:(201, 18) loss:4.16033 lr:0.000001
step:44801 source:(201, 18) loss:4.14396 lr:0.000001
epoch:90 test_present_rate:0.5 test_bleu:41.89310073852539 template_bleu:41.11430644989014
step:45001 source:(201, 18) loss:4.18403 lr:0.000001
step:45201 source:(201, 18) loss:4.1623 lr:0.000001
step:45401 source:(201, 18) loss:4.13695 lr:0.000001
step:45601 source:(201, 18) loss:4.15239 lr:0.000001
step:45801 source:(201, 18) loss:4.16073 lr:0.000001
step:46001 source:(201, 18) loss:4.13565 lr:0.000001
step:46201 source:(201, 18) loss:4.15175 lr:0.000001
step:46401 source:(201, 18) loss:4.10333 lr:0.000001
step:46601 source:(201, 18) loss:4.08188 lr:0.000001
step:46801 source:(201, 18) loss:4.14593 lr:0.000001
step:47001 source:(201, 18) loss:4.15168 lr:0.000001
step:47201 source:(201, 18) loss:4.09249 lr:0.000001
epoch:95 test_present_rate:0.5 test_bleu:42.04718470573425 template_bleu:41.00189805030823
step:47401 source:(201, 18) loss:4.10183 lr:0.000001
step:47601 source:(201, 18) loss:4.14572 lr:0.000001
step:47801 source:(201, 18) loss:4.11814 lr:0.000001
step:48001 source:(201, 18) loss:4.20573 lr:0.000001
step:48201 source:(201, 18) loss:4.14042 lr:0.000001
step:48401 source:(201, 18) loss:4.17978 lr:0.000001
step:48601 source:(201, 18) loss:4.16899 lr:0.000001
step:48801 source:(201, 18) loss:4.1643 lr:0.000001
step:49001 source:(201, 18) loss:4.17052 lr:0.000001
step:49201 source:(201, 18) loss:4.14331 lr:0.000001
step:49401 source:(201, 18) loss:4.16098 lr:0.000001
step:49601 source:(201, 18) loss:4.07566 lr:0.000001
epoch:100 test_present_rate:0.5 test_bleu:42.44893193244934 template_bleu:41.27800166606903
step:49801 source:(201, 18) loss:4.12907 lr:0.000001
step:50001 source:(201, 18) loss:4.0939 lr:0.000001
step:50201 source:(201, 18) loss:4.16359 lr:0.000001
step:50401 source:(201, 18) loss:4.1535 lr:0.000001
step:50601 source:(201, 18) loss:4.15786 lr:0.000001
step:50801 source:(201, 18) loss:4.19666 lr:0.000001
step:51001 source:(201, 18) loss:4.0872 lr:0.000001
step:51201 source:(201, 18) loss:4.13049 lr:0.000001
step:51401 source:(201, 18) loss:4.13159 lr:0.000001
step:51601 source:(201, 18) loss:4.17199 lr:0.000001
step:51801 source:(201, 18) loss:4.19584 lr:0.000001
step:52001 source:(201, 18) loss:4.17587 lr:0.000001
step:52201 source:(201, 18) loss:4.10464 lr:0.000001
epoch:105 test_present_rate:0.5 test_bleu:42.31258034706116 template_bleu:41.27097427845001
step:52401 source:(201, 18) loss:4.16413 lr:0.000001
step:52601 source:(201, 18) loss:4.14169 lr:0.000001
step:52801 source:(201, 18) loss:4.25469 lr:0.000001
step:53001 source:(201, 18) loss:4.11109 lr:0.000001
step:53201 source:(201, 18) loss:4.20765 lr:0.000001
step:53401 source:(201, 18) loss:4.16076 lr:0.000001
step:53601 source:(201, 18) loss:4.17584 lr:0.000001
step:53801 source:(201, 18) loss:4.14859 lr:0.000001
step:54001 source:(201, 18) loss:4.16318 lr:0.000001
step:54201 source:(201, 18) loss:4.17332 lr:0.000001
step:54401 source:(201, 18) loss:4.13053 lr:0.000001
step:54601 source:(201, 18) loss:4.18045 lr:0.000001
epoch:110 test_present_rate:0.5 test_bleu:42.388370633125305 template_bleu:41.32329523563385
step:54801 source:(201, 18) loss:4.14293 lr:0.000001
step:55001 source:(201, 18) loss:4.08877 lr:0.000001
step:55201 source:(201, 18) loss:4.12201 lr:0.000001
step:55401 source:(201, 18) loss:4.2021 lr:0.000001
step:55601 source:(201, 18) loss:4.10273 lr:0.000001
step:55801 source:(201, 18) loss:4.08256 lr:0.000001
step:56001 source:(201, 18) loss:4.13277 lr:0.000001
step:56201 source:(201, 18) loss:4.17794 lr:0.000001
step:56401 source:(201, 18) loss:4.08381 lr:0.000001
step:56601 source:(201, 18) loss:4.09999 lr:0.000001
step:56801 source:(201, 18) loss:4.0993 lr:0.000001
step:57001 source:(201, 18) loss:4.1854 lr:0.000001
step:57201 source:(201, 18) loss:4.12952 lr:0.000001
epoch:115 test_present_rate:0.5 test_bleu:42.46389865875244 template_bleu:41.24888777732849
step:57401 source:(201, 18) loss:4.14387 lr:0.000001
step:57601 source:(201, 18) loss:4.11322 lr:0.000001
step:57801 source:(201, 18) loss:4.18224 lr:0.000001
step:58001 source:(201, 18) loss:4.16197 lr:0.000001
step:58201 source:(201, 18) loss:4.15147 lr:0.000001
step:58401 source:(201, 18) loss:4.12923 lr:0.000001
step:58601 source:(201, 18) loss:4.11377 lr:0.000001
step:58801 source:(201, 18) loss:4.229 lr:0.000001
step:59001 source:(201, 18) loss:4.144 lr:0.000001
step:59201 source:(201, 18) loss:4.11747 lr:0.000001
step:59401 source:(201, 18) loss:4.13644 lr:0.000001
step:59601 source:(201, 18) loss:4.11099 lr:0.000001
epoch:120 test_present_rate:0.5 test_bleu:42.446792125701904 template_bleu:41.30638837814331
step:59801 source:(201, 18) loss:4.15348 lr:0.000001
step:60001 source:(201, 18) loss:4.07873 lr:0.000001
step:60201 source:(201, 18) loss:4.10854 lr:0.000001
step:60401 source:(201, 18) loss:4.13208 lr:0.000001
step:60601 source:(201, 18) loss:4.11438 lr:0.000001
step:60801 source:(201, 18) loss:4.14565 lr:0.000000
step:61001 source:(201, 18) loss:4.0798 lr:0.000000
step:61201 source:(201, 18) loss:4.14242 lr:0.000000
step:61401 source:(201, 18) loss:4.12518 lr:0.000000
step:61601 source:(201, 18) loss:4.09631 lr:0.000000
step:61801 source:(201, 18) loss:4.12162 lr:0.000000
step:62001 source:(201, 18) loss:4.17781 lr:0.000000
step:62201 source:(201, 18) loss:4.10864 lr:0.000000
epoch:125 test_present_rate:0.5 test_bleu:42.15729236602783 template_bleu:41.07604622840881
step:62401 source:(201, 18) loss:4.16777 lr:0.000000
step:62601 source:(201, 18) loss:4.14127 lr:0.000000
step:62801 source:(201, 18) loss:4.18643 lr:0.000000
step:63001 source:(201, 18) loss:4.09905 lr:0.000000
step:63201 source:(201, 18) loss:4.09203 lr:0.000000
step:63401 source:(201, 18) loss:4.12969 lr:0.000000
step:63601 source:(201, 18) loss:4.12088 lr:0.000000
step:63801 source:(201, 18) loss:4.18071 lr:0.000000
step:64001 source:(201, 18) loss:4.10862 lr:0.000000
step:64201 source:(201, 18) loss:4.14282 lr:0.000000
step:64401 source:(201, 18) loss:4.08549 lr:0.000000
step:64601 source:(201, 18) loss:4.13915 lr:0.000000
epoch:130 test_present_rate:0.5 test_bleu:42.032817006111145 template_bleu:41.19666516780853
step:64801 source:(201, 18) loss:4.16206 lr:0.000000
step:65001 source:(201, 18) loss:4.15667 lr:0.000000
step:65201 source:(201, 18) loss:4.1338 lr:0.000000
step:65401 source:(201, 18) loss:4.10215 lr:0.000000
step:65601 source:(201, 18) loss:4.11834 lr:0.000000
step:65801 source:(201, 18) loss:4.12377 lr:0.000000
step:66001 source:(201, 18) loss:4.10437 lr:0.000000
step:66201 source:(201, 18) loss:4.18043 lr:0.000000
step:66401 source:(201, 18) loss:4.08276 lr:0.000000
step:66601 source:(201, 18) loss:4.1901 lr:0.000000
step:66801 source:(201, 18) loss:4.08093 lr:0.000000
step:67001 source:(201, 18) loss:4.09813 lr:0.000000
step:67201 source:(201, 18) loss:4.14133 lr:0.000000
epoch:135 test_present_rate:0.5 test_bleu:42.5370991230011 template_bleu:41.33569300174713
step:67401 source:(201, 18) loss:4.18947 lr:0.000000
step:67601 source:(201, 18) loss:4.17018 lr:0.000000
step:67801 source:(201, 18) loss:4.15964 lr:0.000000
step:68001 source:(201, 18) loss:4.11076 lr:0.000000
step:68201 source:(201, 18) loss:4.09446 lr:0.000000
step:68401 source:(201, 18) loss:4.14902 lr:0.000000
step:68601 source:(201, 18) loss:4.12126 lr:0.000000
step:68801 source:(201, 18) loss:4.10812 lr:0.000000
step:69001 source:(201, 18) loss:4.14244 lr:0.000000
step:69201 source:(201, 18) loss:4.11924 lr:0.000000
step:69401 source:(201, 18) loss:4.10558 lr:0.000000
step:69601 source:(201, 18) loss:4.16151 lr:0.000000
epoch:140 test_present_rate:0.5 test_bleu:41.995981335639954 template_bleu:40.98424017429352
step:69801 source:(201, 18) loss:4.13047 lr:0.000000
step:70001 source:(201, 18) loss:4.17695 lr:0.000000
step:70201 source:(201, 18) loss:4.12986 lr:0.000000
step:70401 source:(201, 18) loss:4.07637 lr:0.000000
step:70601 source:(201, 18) loss:4.18191 lr:0.000000
step:70801 source:(201, 18) loss:4.15958 lr:0.000000
step:71001 source:(201, 18) loss:4.14334 lr:0.000000
step:71201 source:(201, 18) loss:4.14888 lr:0.000000
step:71401 source:(201, 18) loss:4.13476 lr:0.000000
step:71601 source:(201, 18) loss:4.12441 lr:0.000000
step:71801 source:(201, 18) loss:4.11054 lr:0.000000
step:72001 source:(201, 18) loss:4.13685 lr:0.000000
step:72201 source:(201, 18) loss:4.16054 lr:0.000000
epoch:145 test_present_rate:0.5 test_bleu:42.43423938751221 template_bleu:41.12451374530792
step:72401 source:(201, 18) loss:4.15076 lr:0.000000
step:72601 source:(201, 18) loss:4.12035 lr:0.000000
step:72801 source:(201, 18) loss:4.12579 lr:0.000000
step:73001 source:(201, 18) loss:4.08945 lr:0.000000
step:73201 source:(201, 18) loss:4.15672 lr:0.000000
step:73401 source:(201, 18) loss:4.08708 lr:0.000000
step:73601 source:(201, 18) loss:4.19542 lr:0.000000
step:73801 source:(201, 18) loss:4.069 lr:0.000000
step:74001 source:(201, 18) loss:4.07665 lr:0.000000
step:74201 source:(201, 18) loss:4.17581 lr:0.000000
step:74401 source:(201, 18) loss:4.12631 lr:0.000000
step:74601 source:(201, 18) loss:4.16999 lr:0.000000
/home/syp/miniconda2/envs/newtf/lib/python3.6/importlib/_bootstrap.py:205: RuntimeWarning: compiletime version 3.5 of module 'tensorflow.python.framework.fast_tensor_util' does not match runtime version 3.6
  return f(*args, **kwds)
