train_file:/home/syp/zwr/txtgen/examples/long_text/yelp_data/pos/pos.train.txt
valid_file:/home/syp/zwr/txtgen/examples/long_text/yelp_data/pos/pos.valid.txt
logdir:./log_dir/pos.bsize400.epoch300.seqlen16.fixed.present0.5.partition1.hidden512/
epoch:0 test_present_rate:0.5 test_bleu:25.975430011749268 template_bleu:44.368523359298706
epoch:0 test_present_rate:0.5 train_bleu:25.704923272132874 template_bleu:44.2195862531662
step:1 source:(400, 17) loss:8.34172 lr:0.000000
step:201 source:(400, 17) loss:6.6228 lr:0.000004
step:401 source:(400, 17) loss:5.70432 lr:0.000009
step:601 source:(400, 17) loss:5.27092 lr:0.000013
step:801 source:(400, 17) loss:5.00325 lr:0.000018
step:1001 source:(400, 17) loss:4.90775 lr:0.000022
step:1201 source:(400, 17) loss:4.7855 lr:0.000027
epoch:5 test_present_rate:0.5 test_bleu:46.633777022361755 template_bleu:44.368523359298706
epoch:5 test_present_rate:0.5 train_bleu:46.15200757980347 template_bleu:44.2195862531662
step:1401 source:(400, 17) loss:4.63823 lr:0.000031
step:1601 source:(400, 17) loss:4.44909 lr:0.000035
step:1801 source:(400, 17) loss:4.52402 lr:0.000040
step:2001 source:(400, 17) loss:4.46843 lr:0.000044
step:2201 source:(400, 17) loss:4.36755 lr:0.000049
step:2401 source:(400, 17) loss:4.31963 lr:0.000053
step:2601 source:(400, 17) loss:4.28796 lr:0.000057
epoch:10 test_present_rate:0.5 test_bleu:46.789178252220154 template_bleu:44.368523359298706
epoch:10 test_present_rate:0.5 train_bleu:46.25086486339569 template_bleu:44.2195862531662
step:2801 source:(400, 17) loss:4.27901 lr:0.000062
step:3001 source:(400, 17) loss:4.12913 lr:0.000066
step:3201 source:(400, 17) loss:4.12516 lr:0.000071
step:3401 source:(400, 17) loss:4.12111 lr:0.000075
step:3601 source:(400, 17) loss:4.13675 lr:0.000080
step:3801 source:(400, 17) loss:4.03951 lr:0.000084
epoch:15 test_present_rate:0.5 test_bleu:47.562989592552185 template_bleu:44.368523359298706
epoch:15 test_present_rate:0.5 train_bleu:47.1385657787323 template_bleu:44.2195862531662
step:4001 source:(400, 17) loss:3.98767 lr:0.000088
step:4201 source:(400, 17) loss:3.8834 lr:0.000093
step:4401 source:(400, 17) loss:3.91683 lr:0.000097
step:4601 source:(400, 17) loss:3.79828 lr:0.000102
step:4801 source:(400, 17) loss:3.83601 lr:0.000106
step:5001 source:(400, 17) loss:3.78516 lr:0.000110
step:5201 source:(400, 17) loss:3.68612 lr:0.000115
epoch:20 test_present_rate:0.5 test_bleu:48.394775390625 template_bleu:44.368523359298706
epoch:20 test_present_rate:0.5 train_bleu:48.002228140830994 template_bleu:44.2195862531662
step:5401 source:(400, 17) loss:3.77409 lr:0.000119
step:5601 source:(400, 17) loss:3.68763 lr:0.000124
step:5801 source:(400, 17) loss:3.72018 lr:0.000128
step:6001 source:(400, 17) loss:3.63312 lr:0.000133
step:6201 source:(400, 17) loss:3.58558 lr:0.000137
step:6401 source:(400, 17) loss:3.5621 lr:0.000141
epoch:25 test_present_rate:0.5 test_bleu:49.62691366672516 template_bleu:44.368523359298706
epoch:25 test_present_rate:0.5 train_bleu:49.00600612163544 template_bleu:44.2195862531662
step:6601 source:(400, 17) loss:3.61321 lr:0.000146
step:6801 source:(400, 17) loss:3.57577 lr:0.000150
step:7001 source:(400, 17) loss:3.50883 lr:0.000155
step:7201 source:(400, 17) loss:3.58343 lr:0.000159
step:7401 source:(400, 17) loss:3.49938 lr:0.000164
step:7601 source:(400, 17) loss:3.43155 lr:0.000168
step:7801 source:(400, 17) loss:3.47101 lr:0.000172
epoch:30 test_present_rate:0.5 test_bleu:50.02446174621582 template_bleu:44.368523359298706
epoch:30 test_present_rate:0.5 train_bleu:49.771806597709656 template_bleu:44.2195862531662
step:8001 source:(400, 17) loss:3.52853 lr:0.000177
step:8201 source:(400, 17) loss:3.41371 lr:0.000181
step:8401 source:(400, 17) loss:3.41976 lr:0.000186
step:8601 source:(400, 17) loss:3.43966 lr:0.000190
step:8801 source:(400, 17) loss:3.40456 lr:0.000194
step:9001 source:(400, 17) loss:3.34446 lr:0.000199
epoch:35 test_present_rate:0.5 test_bleu:50.50075650215149 template_bleu:44.368523359298706
epoch:35 test_present_rate:0.5 train_bleu:50.44172406196594 template_bleu:44.2195862531662
step:9201 source:(400, 17) loss:3.53081 lr:0.000203
step:9401 source:(400, 17) loss:3.37025 lr:0.000208
step:9601 source:(400, 17) loss:3.38665 lr:0.000212
step:9801 source:(400, 17) loss:3.36141 lr:0.000217
step:10001 source:(400, 17) loss:3.4249 lr:0.000221
step:10201 source:(400, 17) loss:3.42599 lr:0.000219
step:10401 source:(400, 17) loss:3.32832 lr:0.000217
epoch:40 test_present_rate:0.5 test_bleu:50.86061358451843 template_bleu:44.368523359298706
epoch:40 test_present_rate:0.5 train_bleu:50.76819062232971 template_bleu:44.2195862531662
step:10601 source:(400, 17) loss:3.39873 lr:0.000215
step:10801 source:(400, 17) loss:3.29553 lr:0.000213
step:11001 source:(400, 17) loss:3.37744 lr:0.000211
step:11201 source:(400, 17) loss:3.36989 lr:0.000209
step:11401 source:(400, 17) loss:3.37769 lr:0.000207
step:11601 source:(400, 17) loss:3.31735 lr:0.000205
epoch:45 test_present_rate:0.5 test_bleu:50.94645023345947 template_bleu:44.368523359298706
epoch:45 test_present_rate:0.5 train_bleu:51.13138556480408 template_bleu:44.2195862531662
step:11801 source:(400, 17) loss:3.33805 lr:0.000203
step:12001 source:(400, 17) loss:3.34324 lr:0.000202
step:12201 source:(400, 17) loss:3.31264 lr:0.000200
step:12401 source:(400, 17) loss:3.3104 lr:0.000198
step:12601 source:(400, 17) loss:3.25544 lr:0.000197
step:12801 source:(400, 17) loss:3.33624 lr:0.000195
step:13001 source:(400, 17) loss:3.32132 lr:0.000194
epoch:50 test_present_rate:0.5 test_bleu:51.197391748428345 template_bleu:44.368523359298706
epoch:50 test_present_rate:0.5 train_bleu:51.48153901100159 template_bleu:44.2195862531662
step:13201 source:(400, 17) loss:3.3214 lr:0.000192
step:13401 source:(400, 17) loss:3.24413 lr:0.000191
step:13601 source:(400, 17) loss:3.29389 lr:0.000189
step:13801 source:(400, 17) loss:3.33454 lr:0.000188
step:14001 source:(400, 17) loss:3.27931 lr:0.000187
step:14201 source:(400, 17) loss:3.28774 lr:0.000185
epoch:55 test_present_rate:0.5 test_bleu:51.245224475860596 template_bleu:44.368523359298706
epoch:55 test_present_rate:0.5 train_bleu:51.78220868110657 template_bleu:44.2195862531662
step:14401 source:(400, 17) loss:3.21663 lr:0.000184
step:14601 source:(400, 17) loss:3.20674 lr:0.000183
step:14801 source:(400, 17) loss:3.21852 lr:0.000182
step:15001 source:(400, 17) loss:3.31001 lr:0.000180
step:15201 source:(400, 17) loss:3.2872 lr:0.000179
step:15401 source:(400, 17) loss:3.29927 lr:0.000178
step:15601 source:(400, 17) loss:3.27291 lr:0.000177
epoch:60 test_present_rate:0.5 test_bleu:51.09524726867676 template_bleu:44.368523359298706
epoch:60 test_present_rate:0.5 train_bleu:51.961541175842285 template_bleu:44.2195862531662
step:15801 source:(400, 17) loss:3.26883 lr:0.000176
step:16001 source:(400, 17) loss:3.25493 lr:0.000175
step:16201 source:(400, 17) loss:3.40222 lr:0.000174
step:16401 source:(400, 17) loss:3.25938 lr:0.000173
step:16601 source:(400, 17) loss:3.19477 lr:0.000172
step:16801 source:(400, 17) loss:3.21371 lr:0.000170
epoch:65 test_present_rate:0.5 test_bleu:51.63596868515015 template_bleu:44.368523359298706
epoch:65 test_present_rate:0.5 train_bleu:52.068620920181274 template_bleu:44.2195862531662
step:17001 source:(400, 17) loss:3.30457 lr:0.000169
step:17201 source:(400, 17) loss:3.27542 lr:0.000168
step:17401 source:(400, 17) loss:3.20784 lr:0.000168
step:17601 source:(400, 17) loss:3.21138 lr:0.000167
step:17801 source:(400, 17) loss:3.21922 lr:0.000166
step:18001 source:(400, 17) loss:3.27501 lr:0.000165
step:18201 source:(400, 17) loss:3.22855 lr:0.000164
epoch:70 test_present_rate:0.5 test_bleu:51.88394784927368 template_bleu:44.368523359298706
epoch:70 test_present_rate:0.5 train_bleu:52.4276077747345 template_bleu:44.2195862531662
step:18401 source:(400, 17) loss:3.29799 lr:0.000163
step:18601 source:(400, 17) loss:3.268 lr:0.000162
step:18801 source:(400, 17) loss:3.23885 lr:0.000161
step:19001 source:(400, 17) loss:3.21345 lr:0.000160
step:19201 source:(400, 17) loss:3.21268 lr:0.000159
step:19401 source:(400, 17) loss:3.20825 lr:0.000159
epoch:75 test_present_rate:0.5 test_bleu:51.91478133201599 template_bleu:44.368523359298706
epoch:75 test_present_rate:0.5 train_bleu:52.6199996471405 template_bleu:44.2195862531662
step:19601 source:(400, 17) loss:3.23918 lr:0.000158
step:19801 source:(400, 17) loss:3.22928 lr:0.000157
step:20001 source:(400, 17) loss:3.22916 lr:0.000156
step:20201 source:(400, 17) loss:3.22047 lr:0.000155
step:20401 source:(400, 17) loss:3.29062 lr:0.000155
step:20601 source:(400, 17) loss:3.27034 lr:0.000154
step:20801 source:(400, 17) loss:3.17399 lr:0.000153
epoch:80 test_present_rate:0.5 test_bleu:51.84696912765503 template_bleu:44.368523359298706
epoch:80 test_present_rate:0.5 train_bleu:52.81447172164917 template_bleu:44.2195862531662
step:21001 source:(400, 17) loss:3.20378 lr:0.000152
step:21201 source:(400, 17) loss:3.17623 lr:0.000152
step:21401 source:(400, 17) loss:3.12925 lr:0.000151
step:21601 source:(400, 17) loss:3.24982 lr:0.000150
step:21801 source:(400, 17) loss:3.20981 lr:0.000150
step:22001 source:(400, 17) loss:3.22146 lr:0.000149
epoch:85 test_present_rate:0.5 test_bleu:52.09938883781433 template_bleu:44.368523359298706
epoch:85 test_present_rate:0.5 train_bleu:53.1006395816803 template_bleu:44.2195862531662
step:22201 source:(400, 17) loss:3.16044 lr:0.000148
step:22401 source:(400, 17) loss:3.66594 lr:0.000148
step:22601 source:(400, 17) loss:3.27021 lr:0.000147
step:22801 source:(400, 17) loss:3.16593 lr:0.000146
step:23001 source:(400, 17) loss:3.16698 lr:0.000146
step:23201 source:(400, 17) loss:3.22148 lr:0.000145
step:23401 source:(400, 17) loss:3.23229 lr:0.000144
epoch:90 test_present_rate:0.5 test_bleu:52.29858160018921 template_bleu:44.368523359298706
epoch:90 test_present_rate:0.5 train_bleu:53.25360298156738 template_bleu:44.2195862531662
step:23601 source:(400, 17) loss:3.23875 lr:0.000144
step:23801 source:(400, 17) loss:3.08432 lr:0.000143
step:24001 source:(400, 17) loss:3.24708 lr:0.000143
step:24201 source:(400, 17) loss:3.12543 lr:0.000142
step:24401 source:(400, 17) loss:3.1796 lr:0.000141
step:24601 source:(400, 17) loss:3.1583 lr:0.000141
epoch:95 test_present_rate:0.5 test_bleu:52.32608914375305 template_bleu:44.368523359298706
epoch:95 test_present_rate:0.5 train_bleu:53.388649225234985 template_bleu:44.2195862531662
step:24801 source:(400, 17) loss:3.13584 lr:0.000140
step:25001 source:(400, 17) loss:3.22538 lr:0.000140
step:25201 source:(400, 17) loss:3.13924 lr:0.000139
step:25401 source:(400, 17) loss:3.1317 lr:0.000139
step:25601 source:(400, 17) loss:3.1906 lr:0.000138
step:25801 source:(400, 17) loss:4.87009 lr:0.000138
step:26001 source:(400, 17) loss:5.62404 lr:0.000137
epoch:100 test_present_rate:0.5 test_bleu:45.53457796573639 template_bleu:44.368523359298706
epoch:100 test_present_rate:0.5 train_bleu:45.545944571495056 template_bleu:44.2195862531662
step:26201 source:(400, 17) loss:5.39351 lr:0.000137
step:26401 source:(400, 17) loss:5.19739 lr:0.000136
step:26601 source:(400, 17) loss:4.91551 lr:0.000135
step:26801 source:(400, 17) loss:4.70547 lr:0.000135
step:27001 source:(400, 17) loss:4.44321 lr:0.000134
step:27201 source:(400, 17) loss:3.47556 lr:0.000134
step:27401 source:(400, 17) loss:3.32264 lr:0.000133
epoch:105 test_present_rate:0.5 test_bleu:51.932644844055176 template_bleu:44.368523359298706
epoch:105 test_present_rate:0.5 train_bleu:52.797579765319824 template_bleu:44.2195862531662
step:27601 source:(400, 17) loss:3.27574 lr:0.000133
step:27801 source:(400, 17) loss:3.25453 lr:0.000133
step:28001 source:(400, 17) loss:3.23355 lr:0.000132
step:28201 source:(400, 17) loss:3.18887 lr:0.000132
step:28401 source:(400, 17) loss:3.18122 lr:0.000131
step:28601 source:(400, 17) loss:3.24637 lr:0.000131
epoch:110 test_present_rate:0.5 test_bleu:50.57262182235718 template_bleu:44.368523359298706
epoch:110 test_present_rate:0.5 train_bleu:50.92226266860962 template_bleu:44.2195862531662
step:28801 source:(400, 17) loss:3.33772 lr:0.000130
step:29001 source:(400, 17) loss:3.15228 lr:0.000130
step:29201 source:(400, 17) loss:3.18284 lr:0.000129
step:29401 source:(400, 17) loss:3.17767 lr:0.000129
step:29601 source:(400, 17) loss:3.19699 lr:0.000128
step:29801 source:(400, 17) loss:3.12543 lr:0.000128
step:30001 source:(400, 17) loss:3.22328 lr:0.000128
epoch:115 test_present_rate:0.5 test_bleu:52.03591585159302 template_bleu:44.368523359298706
epoch:115 test_present_rate:0.5 train_bleu:53.52015495300293 template_bleu:44.2195862531662
step:30201 source:(400, 17) loss:3.19815 lr:0.000127
step:30401 source:(400, 17) loss:3.1524 lr:0.000127
step:30601 source:(400, 17) loss:3.31201 lr:0.000126
step:30801 source:(400, 17) loss:3.23015 lr:0.000126
step:31001 source:(400, 17) loss:3.255 lr:0.000126
step:31201 source:(400, 17) loss:3.16022 lr:0.000125
epoch:120 test_present_rate:0.5 test_bleu:52.371710538864136 template_bleu:44.368523359298706
epoch:120 test_present_rate:0.5 train_bleu:53.63529920578003 template_bleu:44.2195862531662
step:31401 source:(400, 17) loss:3.17246 lr:0.000125
step:31601 source:(400, 17) loss:3.2104 lr:0.000124
step:31801 source:(400, 17) loss:3.16765 lr:0.000124
step:32001 source:(400, 17) loss:3.284 lr:0.000124
step:32201 source:(400, 17) loss:3.19056 lr:0.000123
step:32401 source:(400, 17) loss:3.22855 lr:0.000123
step:32601 source:(400, 17) loss:3.22338 lr:0.000122
epoch:125 test_present_rate:0.5 test_bleu:52.549320459365845 template_bleu:44.368523359298706
epoch:125 test_present_rate:0.5 train_bleu:53.776389360427856 template_bleu:44.2195862531662
step:32801 source:(400, 17) loss:3.31952 lr:0.000122
step:33001 source:(400, 17) loss:3.30065 lr:0.000122
step:33201 source:(400, 17) loss:3.27673 lr:0.000121
step:33401 source:(400, 17) loss:3.32504 lr:0.000121
step:33601 source:(400, 17) loss:3.58155 lr:0.000121
step:33801 source:(400, 17) loss:3.23439 lr:0.000120
epoch:130 test_present_rate:0.5 test_bleu:52.315592765808105 template_bleu:44.368523359298706
epoch:130 test_present_rate:0.5 train_bleu:53.599244356155396 template_bleu:44.2195862531662
step:34001 source:(400, 17) loss:3.25617 lr:0.000120
step:34201 source:(400, 17) loss:3.29046 lr:0.000119
step:34401 source:(400, 17) loss:3.22694 lr:0.000119
step:34601 source:(400, 17) loss:3.16211 lr:0.000119
step:34801 source:(400, 17) loss:3.20164 lr:0.000118
step:35001 source:(400, 17) loss:3.19892 lr:0.000118
step:35201 source:(400, 17) loss:3.2631 lr:0.000118
epoch:135 test_present_rate:0.5 test_bleu:52.490419149398804 template_bleu:44.368523359298706
epoch:135 test_present_rate:0.5 train_bleu:53.90661954879761 template_bleu:44.2195862531662
step:35401 source:(400, 17) loss:3.2893 lr:0.000117
step:35601 source:(400, 17) loss:3.29968 lr:0.000117
step:35801 source:(400, 17) loss:3.21593 lr:0.000117
step:36001 source:(400, 17) loss:4.52379 lr:0.000116
step:36201 source:(400, 17) loss:3.29626 lr:0.000116
step:36401 source:(400, 17) loss:3.28566 lr:0.000116
epoch:140 test_present_rate:0.5 test_bleu:51.81785225868225 template_bleu:44.368523359298706
epoch:140 test_present_rate:0.5 train_bleu:52.46508717536926 template_bleu:44.2195862531662
step:36601 source:(400, 17) loss:3.39954 lr:0.000116
step:36801 source:(86, 17) loss:2.47852 lr:0.000115
step:37001 source:(400, 17) loss:3.2015 lr:0.000115
step:37201 source:(400, 17) loss:3.32151 lr:0.000115
step:37401 source:(400, 17) loss:3.186 lr:0.000114
step:37601 source:(400, 17) loss:3.3024 lr:0.000114
step:37801 source:(400, 17) loss:3.28966 lr:0.000114
epoch:145 test_present_rate:0.5 test_bleu:52.32608914375305 template_bleu:44.368523359298706
epoch:145 test_present_rate:0.5 train_bleu:53.83305549621582 template_bleu:44.2195862531662
step:38001 source:(400, 17) loss:3.23573 lr:0.000113
step:38201 source:(400, 17) loss:3.25799 lr:0.000113
step:38401 source:(400, 17) loss:3.18833 lr:0.000113
step:38601 source:(400, 17) loss:3.63519 lr:0.000112
step:38801 source:(400, 17) loss:3.25757 lr:0.000112
step:39001 source:(400, 17) loss:4.57784 lr:0.000112
epoch:150 test_present_rate:0.5 test_bleu:52.38038897514343 template_bleu:44.368523359298706
epoch:150 test_present_rate:0.5 train_bleu:53.86996865272522 template_bleu:44.2195862531662
step:39201 source:(400, 17) loss:3.31842 lr:0.000112
step:39401 source:(400, 17) loss:3.25069 lr:0.000111
step:39601 source:(400, 17) loss:3.25001 lr:0.000111
step:39801 source:(400, 17) loss:3.29317 lr:0.000111
step:40001 source:(400, 17) loss:4.5825 lr:0.000110
step:40201 source:(400, 17) loss:3.38256 lr:0.000110
step:40401 source:(400, 17) loss:3.71753 lr:0.000110
epoch:155 test_present_rate:0.5 test_bleu:52.34186053276062 template_bleu:44.368523359298706
epoch:155 test_present_rate:0.5 train_bleu:53.42698693275452 template_bleu:44.2195862531662
step:40601 source:(400, 17) loss:3.34842 lr:0.000110
step:40801 source:(400, 17) loss:3.24217 lr:0.000109
step:41001 source:(400, 17) loss:3.32021 lr:0.000109
step:41201 source:(400, 17) loss:3.35172 lr:0.000109
step:41401 source:(400, 17) loss:3.41225 lr:0.000109
step:41601 source:(400, 17) loss:3.42446 lr:0.000108
epoch:160 test_present_rate:0.5 test_bleu:52.30967998504639 template_bleu:44.368523359298706
epoch:160 test_present_rate:0.5 train_bleu:53.620678186416626 template_bleu:44.2195862531662
step:41801 source:(400, 17) loss:3.26963 lr:0.000108
step:42001 source:(400, 17) loss:3.30528 lr:0.000108
step:42201 source:(400, 17) loss:3.28261 lr:0.000108
step:42401 source:(400, 17) loss:3.30369 lr:0.000107
step:42601 source:(400, 17) loss:3.27875 lr:0.000107
step:42801 source:(400, 17) loss:3.31659 lr:0.000107
step:43001 source:(400, 17) loss:3.27409 lr:0.000107
epoch:165 test_present_rate:0.5 test_bleu:52.29963660240173 template_bleu:44.368523359298706
epoch:165 test_present_rate:0.5 train_bleu:53.89581918716431 template_bleu:44.2195862531662
step:43201 source:(400, 17) loss:3.17204 lr:0.000106
step:43401 source:(400, 17) loss:3.17744 lr:0.000106
step:43601 source:(400, 17) loss:3.41027 lr:0.000106
step:43801 source:(400, 17) loss:3.34293 lr:0.000106
step:44001 source:(400, 17) loss:3.40325 lr:0.000105
step:44201 source:(400, 17) loss:3.60328 lr:0.000105
epoch:170 test_present_rate:0.5 test_bleu:52.446991205215454 template_bleu:44.368523359298706
epoch:170 test_present_rate:0.5 train_bleu:53.36301922798157 template_bleu:44.2195862531662
step:44401 source:(400, 17) loss:3.48009 lr:0.000105
step:44601 source:(400, 17) loss:3.43737 lr:0.000105
step:44801 source:(400, 17) loss:3.38388 lr:0.000104
step:45001 source:(400, 17) loss:3.35617 lr:0.000104
step:45201 source:(400, 17) loss:3.35229 lr:0.000104
step:45401 source:(400, 17) loss:3.65344 lr:0.000104
step:45601 source:(400, 17) loss:3.4904 lr:0.000103
epoch:175 test_present_rate:0.5 test_bleu:52.31313109397888 template_bleu:44.368523359298706
epoch:175 test_present_rate:0.5 train_bleu:53.402167558670044 template_bleu:44.2195862531662
step:45801 source:(400, 17) loss:3.45538 lr:0.000103
step:46001 source:(400, 17) loss:3.4975 lr:0.000103
step:46201 source:(400, 17) loss:3.40925 lr:0.000103
step:46401 source:(400, 17) loss:3.45276 lr:0.000103
step:46601 source:(400, 17) loss:3.33095 lr:0.000102
step:46801 source:(400, 17) loss:3.29825 lr:0.000102
epoch:180 test_present_rate:0.5 test_bleu:52.243030071258545 template_bleu:44.368523359298706
epoch:180 test_present_rate:0.5 train_bleu:53.874313831329346 template_bleu:44.2195862531662
step:47001 source:(400, 17) loss:3.34663 lr:0.000102
step:47201 source:(400, 17) loss:3.26785 lr:0.000102
step:47401 source:(400, 17) loss:3.29378 lr:0.000101
step:47601 source:(400, 17) loss:3.28303 lr:0.000101
step:47801 source:(400, 17) loss:3.29833 lr:0.000101
step:48001 source:(400, 17) loss:3.28279 lr:0.000101
step:48201 source:(400, 17) loss:3.25496 lr:0.000101
epoch:185 test_present_rate:0.5 test_bleu:52.045923471450806 template_bleu:44.368523359298706
epoch:185 test_present_rate:0.5 train_bleu:53.578561544418335 template_bleu:44.2195862531662
step:48401 source:(400, 17) loss:3.2305 lr:0.000100
step:48601 source:(400, 17) loss:3.46856 lr:0.000100
step:48801 source:(400, 17) loss:3.88928 lr:0.000100
step:49001 source:(400, 17) loss:3.4173 lr:0.000100
step:49201 source:(400, 17) loss:3.3055 lr:0.000100
step:49401 source:(400, 17) loss:3.38263 lr:0.000099
epoch:190 test_present_rate:0.5 test_bleu:52.27562189102173 template_bleu:44.368523359298706
epoch:190 test_present_rate:0.5 train_bleu:53.85676026344299 template_bleu:44.2195862531662
step:49601 source:(400, 17) loss:3.36855 lr:0.000099
step:49801 source:(400, 17) loss:3.32086 lr:0.000099
step:50001 source:(400, 17) loss:3.50783 lr:0.000099
step:50201 source:(400, 17) loss:3.42752 lr:0.000099
step:50401 source:(400, 17) loss:3.47676 lr:0.000098
step:50601 source:(400, 17) loss:3.27469 lr:0.000098
step:50801 source:(400, 17) loss:3.34497 lr:0.000098
epoch:195 test_present_rate:0.5 test_bleu:52.32294797897339 template_bleu:44.368523359298706
epoch:195 test_present_rate:0.5 train_bleu:53.898632526397705 template_bleu:44.2195862531662
step:51001 source:(400, 17) loss:3.30574 lr:0.000098
step:51201 source:(400, 17) loss:3.31282 lr:0.000098
step:51401 source:(400, 17) loss:3.31725 lr:0.000097
step:51601 source:(400, 17) loss:3.22587 lr:0.000097
step:51801 source:(400, 17) loss:3.48463 lr:0.000097
step:52001 source:(400, 17) loss:3.45285 lr:0.000097
epoch:200 test_present_rate:0.5 test_bleu:52.32464075088501 template_bleu:44.368523359298706
epoch:200 test_present_rate:0.5 train_bleu:53.815048933029175 template_bleu:44.2195862531662
step:52201 source:(400, 17) loss:3.40991 lr:0.000097
step:52401 source:(400, 17) loss:3.51387 lr:0.000097
step:52601 source:(400, 17) loss:3.38692 lr:0.000096
step:52801 source:(400, 17) loss:3.39691 lr:0.000096
step:53001 source:(400, 17) loss:3.31715 lr:0.000096
step:53201 source:(400, 17) loss:3.3765 lr:0.000096
step:53401 source:(400, 17) loss:3.41456 lr:0.000096
epoch:205 test_present_rate:0.5 test_bleu:52.16981768608093 template_bleu:44.368523359298706
epoch:205 test_present_rate:0.5 train_bleu:53.9295494556427 template_bleu:44.2195862531662
step:53601 source:(400, 17) loss:3.29278 lr:0.000095
step:53801 source:(400, 17) loss:3.1974 lr:0.000095
step:54001 source:(400, 17) loss:3.28265 lr:0.000095
step:54201 source:(400, 17) loss:3.32956 lr:0.000095
step:54401 source:(400, 17) loss:4.20755 lr:0.000095
step:54601 source:(400, 17) loss:3.29276 lr:0.000095
step:54801 source:(400, 17) loss:3.32213 lr:0.000094
epoch:210 test_present_rate:0.5 test_bleu:52.0402193069458 template_bleu:44.368523359298706
epoch:210 test_present_rate:0.5 train_bleu:53.85063290596008 template_bleu:44.2195862531662
step:55001 source:(400, 17) loss:3.26399 lr:0.000094
step:55201 source:(400, 17) loss:3.29858 lr:0.000094
step:55401 source:(400, 17) loss:3.26405 lr:0.000094
step:55601 source:(400, 17) loss:3.31441 lr:0.000094
step:55801 source:(400, 17) loss:4.3205 lr:0.000094
step:56001 source:(400, 17) loss:3.46027 lr:0.000093
epoch:215 test_present_rate:0.5 test_bleu:52.16788053512573 template_bleu:44.368523359298706
epoch:215 test_present_rate:0.5 train_bleu:53.80030870437622 template_bleu:44.2195862531662
step:56201 source:(400, 17) loss:3.35639 lr:0.000093
step:56401 source:(400, 17) loss:3.32503 lr:0.000093
step:56601 source:(400, 17) loss:3.33333 lr:0.000093
step:56801 source:(400, 17) loss:3.28393 lr:0.000093
step:57001 source:(400, 17) loss:3.35992 lr:0.000093
step:57201 source:(400, 17) loss:3.8059 lr:0.000092
step:57401 source:(400, 17) loss:3.57424 lr:0.000092
epoch:220 test_present_rate:0.5 test_bleu:52.6839017868042 template_bleu:44.368523359298706
epoch:220 test_present_rate:0.5 train_bleu:53.484177589416504 template_bleu:44.2195862531662
step:57601 source:(400, 17) loss:3.54428 lr:0.000092
step:57801 source:(400, 17) loss:3.41685 lr:0.000092
step:58001 source:(400, 17) loss:3.46465 lr:0.000092
step:58201 source:(400, 17) loss:3.37909 lr:0.000092
step:58401 source:(400, 17) loss:3.35517 lr:0.000091
step:58601 source:(400, 17) loss:3.29602 lr:0.000091
epoch:225 test_present_rate:0.5 test_bleu:51.90898776054382 template_bleu:44.368523359298706
epoch:225 test_present_rate:0.5 train_bleu:53.96025776863098 template_bleu:44.2195862531662
step:58801 source:(400, 17) loss:3.41168 lr:0.000091
step:59001 source:(400, 17) loss:3.53234 lr:0.000091
step:59201 source:(400, 17) loss:3.32043 lr:0.000091
step:59401 source:(400, 17) loss:3.43966 lr:0.000091
step:59601 source:(400, 17) loss:3.31473 lr:0.000091
step:59801 source:(400, 17) loss:3.45127 lr:0.000090
step:60001 source:(400, 17) loss:3.39606 lr:0.000090
epoch:230 test_present_rate:0.5 test_bleu:52.13412642478943 template_bleu:44.368523359298706
epoch:230 test_present_rate:0.5 train_bleu:53.8935661315918 template_bleu:44.2195862531662
step:60201 source:(400, 17) loss:3.39617 lr:0.000090
step:60401 source:(400, 17) loss:3.25253 lr:0.000090
step:60601 source:(400, 17) loss:3.32409 lr:0.000090
step:60801 source:(400, 17) loss:3.35103 lr:0.000090
step:61001 source:(400, 17) loss:3.3746 lr:0.000089
step:61201 source:(400, 17) loss:3.26234 lr:0.000089
epoch:235 test_present_rate:0.5 test_bleu:52.04758644104004 template_bleu:44.368523359298706
epoch:235 test_present_rate:0.5 train_bleu:54.05242443084717 template_bleu:44.2195862531662
step:61401 source:(400, 17) loss:3.44507 lr:0.000089
step:61601 source:(400, 17) loss:3.27035 lr:0.000089
step:61801 source:(400, 17) loss:3.30579 lr:0.000089
step:62001 source:(400, 17) loss:3.3236 lr:0.000089
step:62201 source:(400, 17) loss:3.34521 lr:0.000089
step:62401 source:(400, 17) loss:3.34709 lr:0.000088
step:62601 source:(400, 17) loss:4.05928 lr:0.000088
epoch:240 test_present_rate:0.5 test_bleu:51.66817903518677 template_bleu:44.368523359298706
epoch:240 test_present_rate:0.5 train_bleu:53.25121283531189 template_bleu:44.2195862531662
step:62801 source:(400, 17) loss:3.36017 lr:0.000088
step:63001 source:(400, 17) loss:3.23495 lr:0.000088
step:63201 source:(400, 17) loss:3.33815 lr:0.000088
step:63401 source:(400, 17) loss:3.34513 lr:0.000088
step:63601 source:(400, 17) loss:3.35351 lr:0.000088
step:63801 source:(400, 17) loss:3.28649 lr:0.000087
epoch:245 test_present_rate:0.5 test_bleu:52.14933156967163 template_bleu:44.368523359298706
epoch:245 test_present_rate:0.5 train_bleu:54.07251715660095 template_bleu:44.2195862531662
step:64001 source:(400, 17) loss:3.32545 lr:0.000087
step:64201 source:(400, 17) loss:3.33168 lr:0.000087
step:64401 source:(400, 17) loss:3.29432 lr:0.000087
step:64601 source:(400, 17) loss:3.28372 lr:0.000087
step:64801 source:(400, 17) loss:3.22967 lr:0.000087
step:65001 source:(400, 17) loss:3.33766 lr:0.000087
step:65201 source:(400, 17) loss:3.29895 lr:0.000087
epoch:250 test_present_rate:0.5 test_bleu:52.42220163345337 template_bleu:44.368523359298706
epoch:250 test_present_rate:0.5 train_bleu:54.05888557434082 template_bleu:44.2195862531662
step:65401 source:(400, 17) loss:3.28359 lr:0.000086
step:65601 source:(400, 17) loss:3.21193 lr:0.000086
step:65801 source:(400, 17) loss:3.26498 lr:0.000086
step:66001 source:(400, 17) loss:3.46239 lr:0.000086
step:66201 source:(400, 17) loss:3.62587 lr:0.000086
step:66401 source:(400, 17) loss:3.36764 lr:0.000086
epoch:255 test_present_rate:0.5 test_bleu:52.22409963607788 template_bleu:44.368523359298706
epoch:255 test_present_rate:0.5 train_bleu:54.13963794708252 template_bleu:44.2195862531662
step:66601 source:(400, 17) loss:3.2349 lr:0.000086
step:66801 source:(400, 17) loss:3.17666 lr:0.000085
step:67001 source:(400, 17) loss:3.22352 lr:0.000085
step:67201 source:(400, 17) loss:3.307 lr:0.000085
step:67401 source:(400, 17) loss:3.2687 lr:0.000085
step:67601 source:(400, 17) loss:3.43224 lr:0.000085
step:67801 source:(400, 17) loss:3.34764 lr:0.000085
epoch:260 test_present_rate:0.5 test_bleu:52.09400653839111 template_bleu:44.368523359298706
epoch:260 test_present_rate:0.5 train_bleu:54.197758436203 template_bleu:44.2195862531662
step:68001 source:(400, 17) loss:3.39182 lr:0.000085
step:68201 source:(400, 17) loss:3.31691 lr:0.000085
step:68401 source:(400, 17) loss:3.25258 lr:0.000084
step:68601 source:(400, 17) loss:3.42586 lr:0.000084
step:68801 source:(400, 17) loss:3.28404 lr:0.000084
step:69001 source:(400, 17) loss:3.24799 lr:0.000084
epoch:265 test_present_rate:0.5 test_bleu:52.2211492061615 template_bleu:44.368523359298706
epoch:265 test_present_rate:0.5 train_bleu:54.21893000602722 template_bleu:44.2195862531662
step:69201 source:(400, 17) loss:3.29676 lr:0.000084
step:69401 source:(400, 17) loss:3.26962 lr:0.000084
step:69601 source:(400, 17) loss:3.23615 lr:0.000084
step:69801 source:(400, 17) loss:3.21372 lr:0.000084
step:70001 source:(400, 17) loss:3.44189 lr:0.000084
step:70201 source:(400, 17) loss:3.34713 lr:0.000083
step:70401 source:(400, 17) loss:3.29997 lr:0.000083
epoch:270 test_present_rate:0.5 test_bleu:52.35342979431152 template_bleu:44.368523359298706
epoch:270 test_present_rate:0.5 train_bleu:54.31194305419922 template_bleu:44.2195862531662
step:70601 source:(400, 17) loss:3.32563 lr:0.000083
step:70801 source:(400, 17) loss:3.3317 lr:0.000083
step:71001 source:(400, 17) loss:3.26534 lr:0.000083
step:71201 source:(400, 17) loss:3.19511 lr:0.000083
step:71401 source:(400, 17) loss:3.28054 lr:0.000083
step:71601 source:(400, 17) loss:3.29452 lr:0.000083
epoch:275 test_present_rate:0.5 test_bleu:52.137184143066406 template_bleu:44.368523359298706
epoch:275 test_present_rate:0.5 train_bleu:54.21537160873413 template_bleu:44.2195862531662
step:71801 source:(400, 17) loss:3.2928 lr:0.000082
step:72001 source:(400, 17) loss:3.26619 lr:0.000082
step:72201 source:(400, 17) loss:3.25283 lr:0.000082
step:72401 source:(400, 17) loss:3.47242 lr:0.000082
step:72601 source:(400, 17) loss:3.37148 lr:0.000082
step:72801 source:(400, 17) loss:3.93912 lr:0.000082
step:73001 source:(400, 17) loss:3.46562 lr:0.000082
epoch:280 test_present_rate:0.5 test_bleu:52.12370753288269 template_bleu:44.368523359298706
epoch:280 test_present_rate:0.5 train_bleu:53.98133993148804 template_bleu:44.2195862531662
step:73201 source:(400, 17) loss:3.38737 lr:0.000082
step:73401 source:(400, 17) loss:3.27868 lr:0.000082
step:73601 source:(400, 17) loss:3.22012 lr:0.000081
step:73801 source:(400, 17) loss:3.3459 lr:0.000081
step:74001 source:(400, 17) loss:3.24344 lr:0.000081
step:74201 source:(400, 17) loss:3.26538 lr:0.000081
epoch:285 test_present_rate:0.5 test_bleu:51.628077030181885 template_bleu:44.368523359298706
epoch:285 test_present_rate:0.5 train_bleu:53.3983051776886 template_bleu:44.2195862531662
step:74401 source:(400, 17) loss:3.33678 lr:0.000081
step:74601 source:(400, 17) loss:3.26134 lr:0.000081
step:74801 source:(400, 17) loss:3.33421 lr:0.000081
step:75001 source:(400, 17) loss:3.62207 lr:0.000081
step:75201 source:(400, 17) loss:3.33474 lr:0.000081
step:75401 source:(400, 17) loss:3.37828 lr:0.000080
step:75601 source:(400, 17) loss:3.40671 lr:0.000080
epoch:290 test_present_rate:0.5 test_bleu:52.19205617904663 template_bleu:44.368523359298706
epoch:290 test_present_rate:0.5 train_bleu:54.20820713043213 template_bleu:44.2195862531662
step:75801 source:(400, 17) loss:3.37423 lr:0.000080
step:76001 source:(400, 17) loss:3.18344 lr:0.000080
step:76201 source:(400, 17) loss:3.44873 lr:0.000080
step:76401 source:(400, 17) loss:3.22588 lr:0.000080
step:76601 source:(400, 17) loss:3.39194 lr:0.000080
step:76801 source:(400, 17) loss:3.30284 lr:0.000080
epoch:295 test_present_rate:0.5 test_bleu:52.002209424972534 template_bleu:44.368523359298706
epoch:295 test_present_rate:0.5 train_bleu:54.20621633529663 template_bleu:44.2195862531662
step:77001 source:(400, 17) loss:3.23923 lr:0.000080
step:77201 source:(400, 17) loss:3.30913 lr:0.000080
step:77401 source:(400, 17) loss:3.35101 lr:0.000079
step:77601 source:(400, 17) loss:3.30175 lr:0.000079
step:77801 source:(400, 17) loss:3.3987 lr:0.000079
step:78001 source:(400, 17) loss:3.33371 lr:0.000079
step:78201 source:(400, 17) loss:3.25196 lr:0.000079
/home/syp/miniconda2/envs/newtf/lib/python3.6/importlib/_bootstrap.py:205: RuntimeWarning: compiletime version 3.5 of module 'tensorflow.python.framework.fast_tensor_util' does not match runtime version 3.6
  return f(*args, **kwds)
