train_file:/home/syp/zwr/txtgen/examples/long_text/yahoo_data/yahoo.train.txt
valid_file:/home/syp/zwr/txtgen/examples/long_text/yahoo_data/yahoo.valid.txt
logdir:./log_dir/yahoo.bsize400.epoch300.seqlen16.fixed.present0.5.partition2.hidden512.seq2seq/
epoch:0 test_bleu:14.690986275672913 template_bleu:39.41940367221832
epoch:0 train_bleu:14.662271738052368 template_bleu:39.35997784137726
step:1 source:(400, 18) loss:9.90295
step:201 source:(400, 18) loss:8.49479
step:401 source:(400, 18) loss:6.18871
step:601 source:(400, 18) loss:6.0214
step:801 source:(400, 18) loss:5.99559
step:1001 source:(400, 18) loss:5.9337
step:1201 source:(400, 18) loss:5.9599
epoch:5 test_bleu:39.44118320941925 template_bleu:39.41940367221832
epoch:5 train_bleu:39.347463846206665 template_bleu:39.35997784137726
step:1401 source:(400, 18) loss:5.88253
step:1601 source:(400, 18) loss:5.79807
step:1801 source:(400, 18) loss:5.774
step:2001 source:(400, 18) loss:5.64742
step:2201 source:(400, 18) loss:5.64485
step:2401 source:(400, 18) loss:5.537
epoch:10 test_bleu:39.44118320941925 template_bleu:39.41940367221832
epoch:10 train_bleu:39.347463846206665 template_bleu:39.35997784137726
step:2601 source:(400, 18) loss:5.46952
step:2801 source:(400, 18) loss:5.46343
step:3001 source:(400, 18) loss:5.34858
step:3201 source:(400, 18) loss:5.36907
step:3401 source:(400, 18) loss:5.26604
step:3601 source:(400, 18) loss:5.21219
epoch:15 test_bleu:39.44118320941925 template_bleu:39.41940367221832
epoch:15 train_bleu:39.347463846206665 template_bleu:39.35997784137726
step:3801 source:(400, 18) loss:5.23162
step:4001 source:(400, 18) loss:5.12286
step:4201 source:(400, 18) loss:5.15398
step:4401 source:(400, 18) loss:5.04849
step:4601 source:(400, 18) loss:4.99194
step:4801 source:(400, 18) loss:5.00979
epoch:20 test_bleu:39.71439301967621 template_bleu:39.41940367221832
epoch:20 train_bleu:39.47116136550903 template_bleu:39.35997784137726
step:5001 source:(400, 18) loss:4.92383
step:5201 source:(400, 18) loss:4.92618
step:5401 source:(400, 18) loss:4.84389
step:5601 source:(400, 18) loss:4.78839
step:5801 source:(400, 18) loss:4.81935
step:6001 source:(400, 18) loss:4.73983
step:6201 source:(400, 18) loss:4.70042
epoch:25 test_bleu:39.74941670894623 template_bleu:39.41940367221832
epoch:25 train_bleu:39.540478587150574 template_bleu:39.35997784137726
step:6401 source:(400, 18) loss:4.63908
step:6601 source:(400, 18) loss:4.5753
step:6801 source:(400, 18) loss:4.58743
step:7001 source:(400, 18) loss:4.52221
step:7201 source:(400, 18) loss:4.45403
step:7401 source:(400, 18) loss:4.38901
epoch:30 test_bleu:39.512211084365845 template_bleu:39.41940367221832
epoch:30 train_bleu:39.47427272796631 template_bleu:39.35997784137726
step:7601 source:(400, 18) loss:4.33124
step:7801 source:(400, 18) loss:4.31748
step:8001 source:(400, 18) loss:4.27202
step:8201 source:(400, 18) loss:4.18606
step:8401 source:(400, 18) loss:4.1195
step:8601 source:(400, 18) loss:4.06988
epoch:35 test_bleu:40.06761610507965 template_bleu:39.41940367221832
epoch:35 train_bleu:40.07357656955719 template_bleu:39.35997784137726
step:8801 source:(400, 18) loss:4.0217
step:9001 source:(400, 18) loss:3.98054
step:9201 source:(400, 18) loss:3.87236
step:9401 source:(400, 18) loss:3.84414
step:9601 source:(400, 18) loss:3.77116
step:9801 source:(400, 18) loss:3.70207
epoch:40 test_bleu:40.074995160102844 template_bleu:39.41940367221832
epoch:40 train_bleu:40.34076631069183 template_bleu:39.35997784137726
step:10001 source:(400, 18) loss:3.68844
step:10201 source:(400, 18) loss:3.58383
step:10401 source:(400, 18) loss:3.57116
step:10601 source:(400, 18) loss:3.48892
step:10801 source:(400, 18) loss:3.40323
step:11001 source:(400, 18) loss:3.37982
step:11201 source:(400, 18) loss:3.24786
epoch:45 test_bleu:40.930184721946716 template_bleu:39.41940367221832
epoch:45 train_bleu:40.78149199485779 template_bleu:39.35997784137726
step:11401 source:(400, 18) loss:3.2194
step:11601 source:(400, 18) loss:3.14419
step:11801 source:(400, 18) loss:3.07485
step:12001 source:(400, 18) loss:3.09188
step:12201 source:(400, 18) loss:2.93134
step:12401 source:(400, 18) loss:2.97157
epoch:50 test_bleu:40.35078585147858 template_bleu:39.41940367221832
epoch:50 train_bleu:40.41188359260559 template_bleu:39.35997784137726
step:12601 source:(400, 18) loss:2.89474
step:12801 source:(400, 18) loss:2.77464
step:13001 source:(400, 18) loss:2.72339
step:13201 source:(400, 18) loss:2.66616
step:13401 source:(400, 18) loss:2.6203
step:13601 source:(400, 18) loss:2.55828
epoch:55 test_bleu:42.36288666725159 template_bleu:39.41940367221832
epoch:55 train_bleu:42.77321398258209 template_bleu:39.35997784137726
step:13801 source:(400, 18) loss:2.50203
step:14001 source:(400, 18) loss:2.48061
step:14201 source:(400, 18) loss:2.43862
step:14401 source:(400, 18) loss:2.41008
step:14601 source:(400, 18) loss:2.33879
step:14801 source:(400, 18) loss:2.30343
epoch:60 test_bleu:41.46260619163513 template_bleu:39.41940367221832
epoch:60 train_bleu:42.13142991065979 template_bleu:39.35997784137726
step:15001 source:(400, 18) loss:2.19208
step:15201 source:(400, 18) loss:2.1705
step:15401 source:(400, 18) loss:2.21948
step:15601 source:(400, 18) loss:2.17979
step:15801 source:(400, 18) loss:2.13119
step:16001 source:(400, 18) loss:2.12769
step:16201 source:(400, 18) loss:2.06976
epoch:65 test_bleu:40.98334014415741 template_bleu:39.41940367221832
epoch:65 train_bleu:41.82446599006653 template_bleu:39.35997784137726
step:16401 source:(400, 18) loss:2.04414
step:16601 source:(400, 18) loss:2.02737
step:16801 source:(400, 18) loss:1.93489
step:17001 source:(400, 18) loss:1.94185
step:17201 source:(400, 18) loss:1.93983
step:17401 source:(400, 18) loss:1.93458
epoch:70 test_bleu:41.693276166915894 template_bleu:39.41940367221832
epoch:70 train_bleu:42.994070053100586 template_bleu:39.35997784137726
step:17601 source:(400, 18) loss:1.9241
step:17801 source:(400, 18) loss:1.85822
step:18001 source:(400, 18) loss:1.90991
step:18201 source:(400, 18) loss:1.87519
step:18401 source:(400, 18) loss:1.85662
step:18601 source:(400, 18) loss:1.90768
epoch:75 test_bleu:42.1308696269989 template_bleu:39.41940367221832
epoch:75 train_bleu:43.749186396598816 template_bleu:39.35997784137726
step:18801 source:(400, 18) loss:1.808
step:19001 source:(400, 18) loss:1.85621
step:19201 source:(400, 18) loss:1.81414
step:19401 source:(400, 18) loss:1.79681
step:19601 source:(400, 18) loss:1.79847
step:19801 source:(400, 18) loss:1.758
epoch:80 test_bleu:41.58540964126587 template_bleu:39.41940367221832
epoch:80 train_bleu:42.81075596809387 template_bleu:39.35997784137726
step:20001 source:(400, 18) loss:1.77542
step:20201 source:(400, 18) loss:1.7511
step:20401 source:(400, 18) loss:1.74768
step:20601 source:(400, 18) loss:1.72313
step:20801 source:(400, 18) loss:1.71234
step:21001 source:(400, 18) loss:1.80198
step:21201 source:(400, 18) loss:1.73932
epoch:85 test_bleu:40.958914160728455 template_bleu:39.41940367221832
epoch:85 train_bleu:41.51342809200287 template_bleu:39.35997784137726
step:21401 source:(400, 18) loss:1.75739
step:21601 source:(400, 18) loss:1.73046
step:21801 source:(400, 18) loss:1.70782
step:22001 source:(400, 18) loss:1.7143
step:22201 source:(400, 18) loss:1.70449
step:22401 source:(400, 18) loss:1.68151
epoch:90 test_bleu:41.6064977645874 template_bleu:39.41940367221832
epoch:90 train_bleu:43.98379921913147 template_bleu:39.35997784137726
step:22601 source:(400, 18) loss:1.68199
step:22801 source:(400, 18) loss:1.67967
step:23001 source:(400, 18) loss:1.68205
step:23201 source:(400, 18) loss:1.67578
step:23401 source:(400, 18) loss:1.68208
step:23601 source:(400, 18) loss:1.66501
epoch:95 test_bleu:40.5571311712265 template_bleu:39.41940367221832
epoch:95 train_bleu:42.12999939918518 template_bleu:39.35997784137726
step:23801 source:(400, 18) loss:1.68676
step:24001 source:(400, 18) loss:1.67994
step:24201 source:(400, 18) loss:1.67115
step:24401 source:(400, 18) loss:1.66993
step:24601 source:(400, 18) loss:1.65568
step:24801 source:(400, 18) loss:1.65569
epoch:100 test_bleu:41.07069373130798 template_bleu:39.41940367221832
epoch:100 train_bleu:44.51407790184021 template_bleu:39.35997784137726
step:25001 source:(400, 18) loss:1.65134
step:25201 source:(400, 18) loss:1.64505
step:25401 source:(400, 18) loss:1.64029
step:25601 source:(400, 18) loss:1.64781
step:25801 source:(400, 18) loss:1.63493
step:26001 source:(400, 18) loss:1.64471
step:26201 source:(400, 18) loss:1.64442
epoch:105 test_bleu:41.331809759140015 template_bleu:39.41940367221832
epoch:105 train_bleu:45.88703811168671 template_bleu:39.35997784137726
step:26401 source:(400, 18) loss:1.6316
step:26601 source:(400, 18) loss:1.62639
step:26801 source:(400, 18) loss:1.63003
step:27001 source:(400, 18) loss:1.6337
step:27201 source:(400, 18) loss:1.63935
step:27401 source:(400, 18) loss:1.63545
epoch:110 test_bleu:41.67329967021942 template_bleu:39.41940367221832
epoch:110 train_bleu:49.499452114105225 template_bleu:39.35997784137726
step:27601 source:(400, 18) loss:1.61988
step:27801 source:(400, 18) loss:1.61996
step:28001 source:(400, 18) loss:1.62084
step:28201 source:(400, 18) loss:1.62934
step:28401 source:(400, 18) loss:1.60949
step:28601 source:(400, 18) loss:1.6221
epoch:115 test_bleu:42.291250824928284 template_bleu:39.41940367221832
epoch:115 train_bleu:51.46452188491821 template_bleu:39.35997784137726
step:28801 source:(400, 18) loss:1.61737
step:29001 source:(400, 18) loss:1.61544
step:29201 source:(400, 18) loss:1.62502
step:29401 source:(400, 18) loss:1.62211
step:29601 source:(400, 18) loss:1.62895
step:29801 source:(400, 18) loss:1.6091
epoch:120 test_bleu:41.54306352138519 template_bleu:39.41940367221832
epoch:120 train_bleu:49.739062786102295 template_bleu:39.35997784137726
step:30001 source:(400, 18) loss:1.62629
step:30201 source:(400, 18) loss:1.6189
step:30401 source:(400, 18) loss:1.621
step:30601 source:(400, 18) loss:1.61443
step:30801 source:(400, 18) loss:1.60664
step:31001 source:(400, 18) loss:1.63112
step:31201 source:(400, 18) loss:1.61395
epoch:125 test_bleu:41.636401414871216 template_bleu:39.41940367221832
epoch:125 train_bleu:51.05043649673462 template_bleu:39.35997784137726
step:31401 source:(400, 18) loss:1.63475
step:31601 source:(400, 18) loss:1.60734
step:31801 source:(400, 18) loss:1.6148
step:32001 source:(400, 18) loss:1.60874
step:32201 source:(400, 18) loss:1.61349
step:32401 source:(400, 18) loss:1.62557
epoch:130 test_bleu:41.21019244194031 template_bleu:39.41940367221832
epoch:130 train_bleu:47.496217489242554 template_bleu:39.35997784137726
step:32601 source:(400, 18) loss:1.60535
step:32801 source:(400, 18) loss:1.60835
step:33001 source:(400, 18) loss:1.60337
step:33201 source:(400, 18) loss:1.59695
step:33401 source:(400, 18) loss:1.60487
step:33601 source:(400, 18) loss:1.60395
epoch:135 test_bleu:41.31477177143097 template_bleu:39.41940367221832
epoch:135 train_bleu:48.92711043357849 template_bleu:39.35997784137726
step:33801 source:(400, 18) loss:1.59176
step:34001 source:(400, 18) loss:1.59828
step:34201 source:(400, 18) loss:1.59007
step:34401 source:(400, 18) loss:1.61425
step:34601 source:(400, 18) loss:1.60289
step:34801 source:(400, 18) loss:1.60958
epoch:140 test_bleu:40.969979763031006 template_bleu:39.41940367221832
epoch:140 train_bleu:47.72103726863861 template_bleu:39.35997784137726
step:35001 source:(400, 18) loss:1.59957
step:35201 source:(400, 18) loss:1.59125
step:35401 source:(400, 18) loss:1.59398
step:35601 source:(400, 18) loss:1.59385
step:35801 source:(400, 18) loss:1.5926
step:36001 source:(400, 18) loss:1.5866
step:36201 source:(400, 18) loss:1.58636
epoch:145 test_bleu:40.694910287857056 template_bleu:39.41940367221832
epoch:145 train_bleu:45.965754985809326 template_bleu:39.35997784137726
step:36401 source:(400, 18) loss:1.59476
step:36601 source:(400, 18) loss:1.58445
step:36801 source:(400, 18) loss:1.57902
step:37001 source:(400, 18) loss:1.58322
step:37201 source:(400, 18) loss:1.58599
step:37401 source:(400, 18) loss:1.57934
epoch:150 test_bleu:41.336700320243835 template_bleu:39.41940367221832
epoch:150 train_bleu:50.35610795021057 template_bleu:39.35997784137726
step:37601 source:(400, 18) loss:1.58542
step:37801 source:(400, 18) loss:1.58179
step:38001 source:(400, 18) loss:1.58706
step:38201 source:(400, 18) loss:1.58002
step:38401 source:(400, 18) loss:1.58119
step:38601 source:(400, 18) loss:1.57599
epoch:155 test_bleu:40.47252833843231 template_bleu:39.41940367221832
epoch:155 train_bleu:45.74007987976074 template_bleu:39.35997784137726
step:38801 source:(400, 18) loss:1.57175
step:39001 source:(400, 18) loss:1.5785
step:39201 source:(400, 18) loss:1.57798
step:39401 source:(400, 18) loss:1.57512
step:39601 source:(400, 18) loss:1.56884
step:39801 source:(400, 18) loss:1.57166
epoch:160 test_bleu:40.594834089279175 template_bleu:39.41940367221832
epoch:160 train_bleu:45.533958077430725 template_bleu:39.35997784137726
step:40001 source:(400, 18) loss:1.57546
step:40201 source:(400, 18) loss:1.5759
step:40401 source:(400, 18) loss:1.56775
step:40601 source:(400, 18) loss:1.57354
step:40801 source:(400, 18) loss:1.57535
step:41001 source:(400, 18) loss:1.57509
step:41201 source:(400, 18) loss:1.57924
epoch:165 test_bleu:41.509583592414856 template_bleu:39.41940367221832
epoch:165 train_bleu:48.61341416835785 template_bleu:39.35997784137726
step:41401 source:(400, 18) loss:1.57047
step:41601 source:(400, 18) loss:1.56568
step:41801 source:(400, 18) loss:1.57122
step:42001 source:(400, 18) loss:1.57012
step:42201 source:(400, 18) loss:1.57192
step:42401 source:(400, 18) loss:1.5621
epoch:170 test_bleu:40.592947602272034 template_bleu:39.41940367221832
epoch:170 train_bleu:44.263049960136414 template_bleu:39.35997784137726
step:42601 source:(400, 18) loss:1.57315
step:42801 source:(400, 18) loss:1.58049
step:43001 source:(400, 18) loss:1.57149
step:43201 source:(400, 18) loss:1.56107
step:43401 source:(400, 18) loss:1.5641
step:43601 source:(400, 18) loss:1.56823
epoch:175 test_bleu:40.30438959598541 template_bleu:39.41940367221832
epoch:175 train_bleu:43.655210733413696 template_bleu:39.35997784137726
step:43801 source:(400, 18) loss:1.5656
step:44001 source:(400, 18) loss:1.56964
step:44201 source:(400, 18) loss:1.57194
step:44401 source:(400, 18) loss:1.56794
step:44601 source:(400, 18) loss:1.56272
step:44801 source:(400, 18) loss:1.56822
epoch:180 test_bleu:41.52598977088928 template_bleu:39.41940367221832
epoch:180 train_bleu:50.322020053863525 template_bleu:39.35997784137726
step:45001 source:(400, 18) loss:1.56557
step:45201 source:(400, 18) loss:1.56898
step:45401 source:(400, 18) loss:1.55805
step:45601 source:(400, 18) loss:1.55812
step:45801 source:(400, 18) loss:1.55962
step:46001 source:(400, 18) loss:1.56408
step:46201 source:(400, 18) loss:1.56407
epoch:185 test_bleu:41.0355418920517 template_bleu:39.41940367221832
epoch:185 train_bleu:49.74353611469269 template_bleu:39.35997784137726
step:46401 source:(400, 18) loss:1.55679
step:46601 source:(400, 18) loss:1.56275
step:46801 source:(400, 18) loss:1.56153
step:47001 source:(400, 18) loss:1.56648
step:47201 source:(400, 18) loss:1.56023
step:47401 source:(400, 18) loss:1.55661
epoch:190 test_bleu:40.62592685222626 template_bleu:39.41940367221832
epoch:190 train_bleu:46.050840616226196 template_bleu:39.35997784137726
step:47601 source:(400, 18) loss:1.56095
step:47801 source:(400, 18) loss:1.5662
step:48001 source:(400, 18) loss:1.55704
step:48201 source:(400, 18) loss:1.56116
step:48401 source:(400, 18) loss:1.55859
step:48601 source:(400, 18) loss:1.55773
epoch:195 test_bleu:41.0146564245224 template_bleu:39.41940367221832
epoch:195 train_bleu:48.99941384792328 template_bleu:39.35997784137726
step:48801 source:(400, 18) loss:1.55448
step:49001 source:(400, 18) loss:1.55645
step:49201 source:(400, 18) loss:1.55728
step:49401 source:(400, 18) loss:1.55469
step:49601 source:(400, 18) loss:1.55255
step:49801 source:(400, 18) loss:1.5541
epoch:200 test_bleu:40.605780482292175 template_bleu:39.41940367221832
epoch:200 train_bleu:47.6559042930603 template_bleu:39.35997784137726
step:50001 source:(400, 18) loss:1.5561
step:50201 source:(400, 18) loss:1.56044
step:50401 source:(400, 18) loss:1.55156
step:50601 source:(400, 18) loss:1.55281
step:50801 source:(400, 18) loss:1.55405
step:51001 source:(400, 18) loss:1.55824
step:51201 source:(400, 18) loss:1.56041
epoch:205 test_bleu:40.27033448219299 template_bleu:39.41940367221832
epoch:205 train_bleu:45.436111092567444 template_bleu:39.35997784137726
step:51401 source:(400, 18) loss:1.5548
step:51601 source:(400, 18) loss:1.55193
step:51801 source:(400, 18) loss:1.5534
step:52001 source:(400, 18) loss:1.55727
step:52201 source:(400, 18) loss:1.55399
