train_file:/home/syp/zwr/txtgen/examples/long_text/yelp_data/pos/pos.train.txt
valid_file:/home/syp/zwr/txtgen/examples/long_text/yelp_data/pos/pos.valid.txt
logdir:./log_dir/pos.bsize250.epoch100.seqlen16.dynamic_lr.fixed_mask.present0.5.partition1.hidden512.gan/
epoch:70 test_bleu:48.97829592227936 template_bleu:44.368523359298706 test_loss:5.5454277992248535 test_ppl:305.1443786621094 
epoch:70 train_g_bleu:72.62235283851624 template_bleu:44.21162009239197 train_g_loss:2.1893134117126465 train_g_ppl:9.263666152954102 
step:25201 source:(250, 17) g_loss:1.957699 d_loss:0.000000 ppl:7.083008 lr:0.000278
step:25401 source:(250, 17) g_loss:1.964223 d_loss:0.000000 ppl:7.129373 lr:0.000277
step:25601 source:(250, 17) g_loss:1.882395 d_loss:0.000000 ppl:6.569219 lr:0.000276
step:25801 source:(250, 17) g_loss:1.908979 d_loss:0.000000 ppl:6.746197 lr:0.000275
step:26001 source:(250, 17) g_loss:1.928081 d_loss:0.000000 ppl:6.876299 lr:0.000274
step:26201 source:(250, 17) g_loss:1.893299 d_loss:0.000000 ppl:6.641243 lr:0.000273
step:26401 source:(250, 17) g_loss:1.930781 d_loss:0.000000 ppl:6.894897 lr:0.000272
step:26601 source:(250, 17) g_loss:1.915250 d_loss:0.000000 ppl:6.788638 lr:0.000271
step:26801 source:(250, 17) g_loss:1.941468 d_loss:0.000000 ppl:6.968971 lr:0.000270
step:27001 source:(250, 17) g_loss:1.894167 d_loss:0.000000 ppl:6.647009 lr:0.000269
epoch:75 test_bleu:48.65486919879913 template_bleu:44.368523359298706 test_loss:5.377874374389648 test_ppl:252.5582275390625 
epoch:75 train_g_bleu:70.53810358047485 template_bleu:44.21162009239197 train_g_loss:2.2588720321655273 train_g_ppl:10.025301933288574 
step:27201 source:(250, 17) g_loss:1.900376 d_loss:0.000000 ppl:6.688412 lr:0.000268
step:27401 source:(250, 17) g_loss:1.884001 d_loss:0.000000 ppl:6.579781 lr:0.000267
step:27601 source:(250, 17) g_loss:1.846701 d_loss:0.000000 ppl:6.338870 lr:0.000266
step:27801 source:(250, 17) g_loss:1.853699 d_loss:0.000000 ppl:6.383389 lr:0.000265
step:28001 source:(250, 17) g_loss:1.863866 d_loss:0.000000 ppl:6.448620 lr:0.000264
step:28201 source:(250, 17) g_loss:1.843508 d_loss:0.000000 ppl:6.318664 lr:0.000263
step:28401 source:(250, 17) g_loss:1.843860 d_loss:0.000000 ppl:6.320891 lr:0.000262
step:28601 source:(250, 17) g_loss:1.835102 d_loss:0.000000 ppl:6.265776 lr:0.000261
step:28801 source:(250, 17) g_loss:1.827008 d_loss:0.000000 ppl:6.215263 lr:0.000260
step:29001 source:(250, 17) g_loss:1.876921 d_loss:0.000000 ppl:6.533356 lr:0.000260
epoch:80 test_bleu:48.741644620895386 template_bleu:44.368523359298706 test_loss:5.553332328796387 test_ppl:307.1244812011719 
epoch:80 train_g_bleu:70.47892808914185 template_bleu:44.21162009239197 train_g_loss:2.217297077178955 train_g_ppl:9.607132911682129 
step:29201 source:(250, 17) g_loss:1.800187 d_loss:0.000000 ppl:6.050778 lr:0.000259
step:29401 source:(250, 17) g_loss:1.823209 d_loss:0.000000 ppl:6.191695 lr:0.000258
step:29601 source:(250, 17) g_loss:1.809111 d_loss:0.000000 ppl:6.105015 lr:0.000257
step:29801 source:(250, 17) g_loss:1.799421 d_loss:0.000000 ppl:6.030348 lr:0.000256
step:30001 source:(250, 17) g_loss:1.813839 d_loss:0.000000 ppl:6.118340 lr:0.000255
step:30201 source:(250, 17) g_loss:1.804653 d_loss:0.000000 ppl:6.061553 lr:0.000254
step:30401 source:(250, 17) g_loss:1.842689 d_loss:0.000000 ppl:6.296292 lr:0.000253
step:30601 source:(250, 17) g_loss:1.863733 d_loss:0.000000 ppl:6.429893 lr:0.000253
step:30801 source:(250, 17) g_loss:1.867195 d_loss:0.000000 ppl:6.452391 lr:0.000252
step:31001 source:(250, 17) g_loss:1.867762 d_loss:0.000000 ppl:6.455715 lr:0.000251
step:31201 source:(250, 17) g_loss:1.829942 d_loss:0.000000 ppl:6.215941 lr:0.000250
epoch:85 test_bleu:49.00097846984863 template_bleu:44.368523359298706 test_loss:5.3990397453308105 test_ppl:265.3922424316406 
epoch:85 train_g_bleu:71.0824966430664 template_bleu:44.21162009239197 train_g_loss:2.1896770000457764 train_g_ppl:9.350652694702148 
step:31401 source:(250, 17) g_loss:1.799455 d_loss:0.000000 ppl:6.029251 lr:0.000249
step:31601 source:(250, 17) g_loss:1.804587 d_loss:0.000000 ppl:6.060261 lr:0.000249
step:31801 source:(250, 17) g_loss:1.866475 d_loss:0.000000 ppl:6.447197 lr:0.000248
step:32001 source:(250, 17) g_loss:1.816232 d_loss:0.000000 ppl:6.131641 lr:0.000247
step:32201 source:(250, 17) g_loss:1.759150 d_loss:0.000000 ppl:5.791154 lr:0.000246
step:32401 source:(250, 17) g_loss:1.779631 d_loss:0.000000 ppl:5.910820 lr:0.000246
step:32601 source:(250, 17) g_loss:2.058572 d_loss:0.000000 ppl:7.812389 lr:0.000245
step:32801 source:(250, 17) g_loss:1.822561 d_loss:0.000000 ppl:6.170173 lr:0.000244
step:33001 source:(250, 17) g_loss:1.783466 d_loss:0.000000 ppl:5.933519 lr:0.000243
step:33201 source:(250, 17) g_loss:1.740452 d_loss:0.000000 ppl:5.683633 lr:0.000243
epoch:90 test_bleu:49.09718632698059 template_bleu:44.368523359298706 test_loss:5.482265472412109 test_ppl:296.6060791015625 
epoch:90 train_g_bleu:75.92340111732483 template_bleu:44.21162009239197 train_g_loss:2.0405144691467285 train_g_ppl:8.035236358642578 
step:33401 source:(250, 17) g_loss:1.724712 d_loss:0.000000 ppl:5.595064 lr:0.000242
step:33601 source:(250, 17) g_loss:1.758724 d_loss:0.000000 ppl:5.788381 lr:0.000241
step:33801 source:(250, 17) g_loss:1.708613 d_loss:0.000000 ppl:5.505676 lr:0.000240
step:34001 source:(250, 17) g_loss:1.683403 d_loss:0.000000 ppl:5.368461 lr:0.000240
step:34201 source:(250, 17) g_loss:1.704969 d_loss:0.000000 ppl:5.485435 lr:0.000239
step:34401 source:(250, 17) g_loss:1.706923 d_loss:0.000000 ppl:5.495983 lr:0.000238
step:34601 source:(250, 17) g_loss:1.678175 d_loss:0.000000 ppl:5.340300 lr:0.000238
step:34801 source:(250, 17) g_loss:1.676917 d_loss:0.000000 ppl:5.333878 lr:0.000237
step:35001 source:(250, 17) g_loss:1.665161 d_loss:0.000000 ppl:5.271523 lr:0.000236
step:35201 source:(250, 17) g_loss:1.670456 d_loss:0.000000 ppl:5.299792 lr:0.000236
step:35401 source:(250, 17) g_loss:1.656460 d_loss:0.000000 ppl:5.225750 lr:0.000235
epoch:95 test_bleu:48.8735169172287 template_bleu:44.368523359298706 test_loss:5.424173355102539 test_ppl:270.22412109375 
epoch:95 train_g_bleu:76.78605914115906 template_bleu:44.21162009239197 train_g_loss:2.0212833881378174 train_g_ppl:7.954620361328125 
step:35601 source:(250, 17) g_loss:1.659378 d_loss:0.000000 ppl:5.241167 lr:0.000234
step:35801 source:(250, 17) g_loss:1.663633 d_loss:0.000000 ppl:5.263800 lr:0.000234
step:36001 source:(250, 17) g_loss:1.686541 d_loss:0.000000 ppl:5.385565 lr:0.000233
step:36201 source:(250, 17) g_loss:1.677376 d_loss:0.000000 ppl:5.336547 lr:0.000232
step:36401 source:(250, 17) g_loss:1.656578 d_loss:0.000000 ppl:5.226833 lr:0.000232
step:36601 source:(250, 17) g_loss:1.649078 d_loss:0.000000 ppl:5.187714 lr:0.000231
step:36801 source:(250, 17) g_loss:1.644307 d_loss:0.000000 ppl:5.163401 lr:0.000230
step:37001 source:(250, 17) g_loss:1.652305 d_loss:0.000000 ppl:5.204270 lr:0.000230
epoch:99 test_bleu:48.86133074760437 template_bleu:44.368523359298706 test_loss:5.479355335235596 test_ppl:287.41473388671875 
epoch:99 train_g_bleu:77.5969922542572 template_bleu:44.21162009239197 train_g_loss:1.9958852529525757 train_g_ppl:7.794515609741211 
step:37201 source:(250, 17) g_loss:1.645504 d_loss:0.000000 ppl:5.169103 lr:0.000229
step:37401 source:(250, 17) g_loss:1.659601 d_loss:0.000000 ppl:5.242514 lr:0.000229
/home/syp/miniconda2/envs/newtf/lib/python3.6/importlib/_bootstrap.py:205: RuntimeWarning: compiletime version 3.5 of module 'tensorflow.python.framework.fast_tensor_util' does not match runtime version 3.6
  return f(*args, **kwds)
