train_file:/home/syp/zwr/txtgen/examples/long_text/yelp_data/pos/pos.train.txt
valid_file:/home/syp/zwr/txtgen/examples/long_text/yelp_data/pos/pos.valid.txt
logdir:./log_dir/pos.bsize400.epoch150.seqlen16.dynamic_lr.fixed_mask.present0.5.partition1.hidden512.seq2seq/
epoch:0 test_bleu:21.198350191116333 template_bleu:44.368523359298706 test_loss:8.065146446228027 test_ppl:3281.339111328125 
epoch:0 train_bleu:21.072742342948914 template_bleu:44.2195862531662 train_loss:7.986597061157227 train_ppl:2944.32861328125 
step:1 source:(400, 17) loss:8.006098 ppl:2999.190674 lr:0.000000
step:201 source:(400, 17) loss:5.493394 ppl:243.080917 lr:0.000009
step:401 source:(400, 17) loss:5.207566 ppl:182.648911 lr:0.000018
step:601 source:(400, 17) loss:5.155213 ppl:173.332703 lr:0.000027
step:801 source:(400, 17) loss:5.130334 ppl:169.073639 lr:0.000035
step:1001 source:(400, 17) loss:5.139550 ppl:170.638916 lr:0.000044
step:1201 source:(400, 17) loss:5.143080 ppl:171.242340 lr:0.000053
epoch:5 test_bleu:45.61028182506561 template_bleu:44.368523359298706 test_loss:5.10585880279541 test_ppl:173.43800354003906 
epoch:5 train_bleu:45.54164707660675 template_bleu:44.2195862531662 train_loss:5.08712100982666 train_ppl:162.09503173828125 
step:1401 source:(400, 17) loss:5.091168 ppl:162.579636 lr:0.000062
step:1601 source:(400, 17) loss:4.948621 ppl:140.980392 lr:0.000071
step:1801 source:(400, 17) loss:5.015019 ppl:150.659058 lr:0.000080
step:2001 source:(400, 17) loss:4.986686 ppl:146.450241 lr:0.000088
step:2201 source:(400, 17) loss:4.911816 ppl:135.885910 lr:0.000097
step:2401 source:(400, 17) loss:4.837879 ppl:126.201355 lr:0.000106
step:2601 source:(400, 17) loss:4.778398 ppl:118.913643 lr:0.000115
epoch:10 test_bleu:46.36543691158295 template_bleu:44.368523359298706 test_loss:4.746253490447998 test_ppl:121.73426055908203 
epoch:10 train_bleu:46.21136784553528 template_bleu:44.2195862531662 train_loss:4.7452545166015625 train_ppl:115.17259216308594 
step:2801 source:(400, 17) loss:4.662957 ppl:105.948883 lr:0.000124
step:3001 source:(400, 17) loss:4.414963 ppl:82.678802 lr:0.000133
step:3201 source:(400, 17) loss:4.389022 ppl:80.561623 lr:0.000141
step:3401 source:(400, 17) loss:4.386322 ppl:80.344330 lr:0.000150
step:3601 source:(400, 17) loss:4.362289 ppl:78.436470 lr:0.000159
step:3801 source:(400, 17) loss:4.250389 ppl:70.132660 lr:0.000168
epoch:15 test_bleu:48.47630262374878 template_bleu:44.368523359298706 test_loss:4.252880096435547 test_ppl:74.54056549072266 
epoch:15 train_bleu:48.03440570831299 template_bleu:44.2195862531662 train_loss:4.191196441650391 train_ppl:66.18383026123047 
step:4001 source:(400, 17) loss:4.196672 ppl:66.464798 lr:0.000177
step:4201 source:(400, 17) loss:4.096593 ppl:60.135052 lr:0.000186
step:4401 source:(400, 17) loss:4.079594 ppl:59.121471 lr:0.000194
step:4601 source:(400, 17) loss:3.957565 ppl:52.329727 lr:0.000203
step:4801 source:(400, 17) loss:3.991740 ppl:54.149052 lr:0.000212
step:5001 source:(400, 17) loss:3.935202 ppl:51.172466 lr:0.000221
step:5201 source:(400, 17) loss:3.826689 ppl:45.910301 lr:0.000230
epoch:20 test_bleu:49.777770042419434 template_bleu:44.368523359298706 test_loss:4.077003002166748 test_ppl:63.325599670410156 
epoch:20 train_bleu:49.528613686561584 template_bleu:44.2195862531662 train_loss:3.889230966567993 train_ppl:48.92960739135742 
step:5401 source:(400, 17) loss:3.937629 ppl:51.296833 lr:0.000239
step:5601 source:(400, 17) loss:3.820771 ppl:45.639393 lr:0.000247
step:5801 source:(400, 17) loss:3.832072 ppl:46.158092 lr:0.000256
step:6001 source:(400, 17) loss:3.742160 ppl:42.189022 lr:0.000265
step:6201 source:(400, 17) loss:3.677027 ppl:39.528698 lr:0.000274
step:6401 source:(400, 17) loss:3.594871 ppl:36.411015 lr:0.000283
epoch:25 test_bleu:50.1664936542511 template_bleu:44.368523359298706 test_loss:4.0176215171813965 test_ppl:59.91932678222656 
epoch:25 train_bleu:50.27148723602295 template_bleu:44.2195862531662 train_loss:3.677233934402466 train_ppl:39.5794677734375 
step:6601 source:(400, 17) loss:3.698875 ppl:40.401844 lr:0.000292
step:6801 source:(400, 17) loss:3.676505 ppl:39.508083 lr:0.000301
step:7001 source:(400, 17) loss:3.615738 ppl:37.178780 lr:0.000309
step:7201 source:(400, 17) loss:3.682406 ppl:39.741898 lr:0.000318
step:7401 source:(400, 17) loss:3.598736 ppl:36.552006 lr:0.000327
step:7601 source:(400, 17) loss:3.506025 ppl:33.315571 lr:0.000336
step:7801 source:(400, 17) loss:3.480184 ppl:32.465706 lr:0.000345
epoch:30 test_bleu:50.292813777923584 template_bleu:44.368523359298706 test_loss:4.041340351104736 test_ppl:61.486087799072266 
epoch:30 train_bleu:51.22472047805786 template_bleu:44.2195862531662 train_loss:3.4866464138031006 train_ppl:32.7098503112793 
step:8001 source:(400, 17) loss:3.479358 ppl:32.438881 lr:0.000354
step:8201 source:(400, 17) loss:3.417108 ppl:30.481138 lr:0.000362
step:8401 source:(400, 17) loss:3.411733 ppl:30.317730 lr:0.000371
step:8601 source:(400, 17) loss:3.386716 ppl:29.568678 lr:0.000380
step:8801 source:(400, 17) loss:3.322640 ppl:27.733461 lr:0.000389
step:9001 source:(400, 17) loss:3.202650 ppl:24.597630 lr:0.000398
epoch:35 test_bleu:50.26270151138306 template_bleu:44.368523359298706 test_loss:4.090270042419434 test_ppl:64.68362426757812 
epoch:35 train_bleu:52.01326608657837 template_bleu:44.2195862531662 train_loss:3.3415563106536865 train_ppl:28.34018898010254 
step:9201 source:(400, 17) loss:3.361726 ppl:28.838911 lr:0.000407
step:9401 source:(400, 17) loss:3.179515 ppl:24.035097 lr:0.000415
step:9601 source:(400, 17) loss:3.109258 ppl:22.404423 lr:0.000424
step:9801 source:(400, 17) loss:3.117274 ppl:22.584721 lr:0.000433
step:10001 source:(400, 17) loss:3.192625 ppl:24.352270 lr:0.000442
step:10201 source:(400, 17) loss:3.215920 ppl:24.926224 lr:0.000438
step:10401 source:(400, 17) loss:3.002485 ppl:20.135508 lr:0.000433
epoch:40 test_bleu:50.17530918121338 template_bleu:44.368523359298706 test_loss:4.2125468254089355 test_ppl:74.33069610595703 
epoch:40 train_bleu:53.45945954322815 template_bleu:44.2195862531662 train_loss:3.18092679977417 train_ppl:24.2087459564209 
step:10601 source:(400, 17) loss:2.915447 ppl:18.457056 lr:0.000429
step:10801 source:(400, 17) loss:2.902871 ppl:18.226400 lr:0.000425
step:11001 source:(400, 17) loss:3.007040 ppl:20.227428 lr:0.000421
step:11201 source:(400, 17) loss:2.811271 ppl:16.631042 lr:0.000418
step:11401 source:(400, 17) loss:2.896873 ppl:18.117409 lr:0.000414
step:11601 source:(400, 17) loss:2.782706 ppl:16.162695 lr:0.000410
epoch:45 test_bleu:49.604153633117676 template_bleu:44.368523359298706 test_loss:4.368057727813721 test_ppl:87.2495346069336 
epoch:45 train_bleu:56.18263483047485 template_bleu:44.2195862531662 train_loss:2.9470884799957275 train_ppl:19.34965705871582 
step:11801 source:(400, 17) loss:2.662454 ppl:14.331410 lr:0.000407
step:12001 source:(400, 17) loss:2.639553 ppl:14.006946 lr:0.000403
step:12201 source:(400, 17) loss:2.668980 ppl:14.425253 lr:0.000400
step:12401 source:(400, 17) loss:2.571377 ppl:13.083829 lr:0.000397
step:12601 source:(400, 17) loss:2.547408 ppl:12.773955 lr:0.000394
step:12801 source:(400, 17) loss:2.544645 ppl:12.738709 lr:0.000391
step:13001 source:(400, 17) loss:2.506195 ppl:12.258197 lr:0.000388
epoch:50 test_bleu:49.57439601421356 template_bleu:44.368523359298706 test_loss:4.667935371398926 test_ppl:121.31414031982422 
epoch:50 train_bleu:58.430659770965576 template_bleu:44.2195862531662 train_loss:2.808828115463257 train_ppl:16.965970993041992 
step:13201 source:(400, 17) loss:2.381768 ppl:10.824025 lr:0.000385
step:13401 source:(400, 17) loss:2.360301 ppl:10.594135 lr:0.000382
step:13601 source:(400, 17) loss:2.391748 ppl:10.932584 lr:0.000379
step:13801 source:(400, 17) loss:2.393762 ppl:10.954629 lr:0.000376
step:14001 source:(400, 17) loss:2.328947 ppl:10.267125 lr:0.000374
step:14201 source:(400, 17) loss:2.328948 ppl:10.267138 lr:0.000371
epoch:55 test_bleu:49.88148808479309 template_bleu:44.368523359298706 test_loss:4.810670375823975 test_ppl:141.41226196289062 
epoch:55 train_bleu:55.85678815841675 template_bleu:44.2195862531662 train_loss:3.0026676654815674 train_ppl:21.125221252441406 
step:14401 source:(400, 17) loss:2.248591 ppl:9.474377 lr:0.000368
step:14601 source:(400, 17) loss:2.251266 ppl:9.499753 lr:0.000366
step:14801 source:(400, 17) loss:2.204134 ppl:9.062402 lr:0.000363
step:15001 source:(400, 17) loss:2.283154 ppl:9.807560 lr:0.000361
step:15201 source:(400, 17) loss:2.163852 ppl:8.704603 lr:0.000358
step:15401 source:(400, 17) loss:2.155467 ppl:8.631923 lr:0.000356
step:15601 source:(400, 17) loss:2.142081 ppl:8.517148 lr:0.000354
epoch:60 test_bleu:49.40947890281677 template_bleu:44.368523359298706 test_loss:4.909739017486572 test_ppl:154.901123046875 
epoch:60 train_bleu:61.546581983566284 template_bleu:44.2195862531662 train_loss:2.624162435531616 train_ppl:14.580507278442383 
step:15801 source:(400, 17) loss:2.086374 ppl:8.055653 lr:0.000352
step:16001 source:(400, 17) loss:2.227855 ppl:9.279937 lr:0.000349
step:16201 source:(400, 17) loss:2.038022 ppl:7.675409 lr:0.000347
step:16401 source:(400, 17) loss:2.057744 ppl:7.828288 lr:0.000345
step:16601 source:(400, 17) loss:2.038813 ppl:7.681485 lr:0.000343
step:16801 source:(400, 17) loss:1.985131 ppl:7.279999 lr:0.000341
epoch:65 test_bleu:49.23594295978546 template_bleu:44.368523359298706 test_loss:5.1543192863464355 test_ppl:200.75015258789062 
epoch:65 train_bleu:63.85180354118347 template_bleu:44.2195862531662 train_loss:2.5086934566497803 train_ppl:13.027067184448242 
step:17001 source:(400, 17) loss:2.042557 ppl:7.710298 lr:0.000339
step:17201 source:(400, 17) loss:2.012865 ppl:7.484727 lr:0.000337
step:17401 source:(400, 17) loss:1.938504 ppl:6.948347 lr:0.000335
step:17601 source:(400, 17) loss:1.920860 ppl:6.826826 lr:0.000333
step:17801 source:(400, 17) loss:1.983881 ppl:7.270908 lr:0.000331
step:18001 source:(400, 17) loss:1.962697 ppl:7.118500 lr:0.000329
step:18201 source:(400, 17) loss:1.908885 ppl:6.745563 lr:0.000328
epoch:70 test_bleu:49.00481700897217 template_bleu:44.368523359298706 test_loss:5.288127899169922 test_ppl:229.01087951660156 
epoch:70 train_bleu:61.741453409194946 template_bleu:44.2195862531662 train_loss:2.673886775970459 train_ppl:15.662911415100098 
step:18401 source:(400, 17) loss:1.958976 ppl:7.092064 lr:0.000326
step:18601 source:(400, 17) loss:1.909190 ppl:6.747622 lr:0.000324
step:18801 source:(400, 17) loss:1.985255 ppl:7.280904 lr:0.000322
step:19001 source:(400, 17) loss:1.887105 ppl:6.600234 lr:0.000321
step:19201 source:(400, 17) loss:1.899391 ppl:6.681822 lr:0.000319
step:19401 source:(400, 17) loss:1.874004 ppl:6.514327 lr:0.000317
epoch:75 test_bleu:49.014341831207275 template_bleu:44.368523359298706 test_loss:5.382483959197998 test_ppl:254.79185485839844 
epoch:75 train_bleu:68.80000233650208 template_bleu:44.2195862531662 train_loss:2.3498196601867676 train_ppl:11.310140609741211 
step:19601 source:(400, 17) loss:1.899896 ppl:6.685202 lr:0.000316
step:19801 source:(400, 17) loss:1.864019 ppl:6.449607 lr:0.000314
step:20001 source:(400, 17) loss:1.884303 ppl:6.581763 lr:0.000312
step:20201 source:(400, 17) loss:1.886379 ppl:6.595441 lr:0.000311
step:20401 source:(400, 17) loss:1.867735 ppl:6.473619 lr:0.000309
step:20601 source:(400, 17) loss:1.854986 ppl:6.391608 lr:0.000308
step:20801 source:(400, 17) loss:1.842848 ppl:6.314496 lr:0.000306
epoch:80 test_bleu:48.90336096286774 template_bleu:44.368523359298706 test_loss:5.2740702629089355 test_ppl:222.29776000976562 
epoch:80 train_bleu:69.12260055541992 template_bleu:44.2195862531662 train_loss:2.336817979812622 train_ppl:11.18264389038086 
step:21001 source:(400, 17) loss:1.846368 ppl:6.336763 lr:0.000305
step:21201 source:(400, 17) loss:1.830439 ppl:6.236624 lr:0.000304
step:21401 source:(400, 17) loss:1.806225 ppl:6.087424 lr:0.000302
step:21601 source:(400, 17) loss:1.807527 ppl:6.095353 lr:0.000301
step:21801 source:(400, 17) loss:1.861206 ppl:6.431486 lr:0.000299
step:22001 source:(400, 17) loss:1.843447 ppl:6.318280 lr:0.000298
epoch:85 test_bleu:49.1790235042572 template_bleu:44.368523359298706 test_loss:5.577714443206787 test_ppl:312.9033203125 
epoch:85 train_bleu:72.89238572120667 template_bleu:44.2195862531662 train_loss:2.1982662677764893 train_ppl:9.713235855102539 
step:22201 source:(400, 17) loss:1.817512 ppl:6.156524 lr:0.000297
step:22401 source:(400, 17) loss:1.802868 ppl:6.067021 lr:0.000295
step:22601 source:(400, 17) loss:1.829001 ppl:6.227660 lr:0.000294
step:22801 source:(400, 17) loss:1.800782 ppl:6.054379 lr:0.000293
step:23001 source:(400, 17) loss:1.802288 ppl:6.063503 lr:0.000291
step:23201 source:(400, 17) loss:1.786316 ppl:5.967430 lr:0.000290
step:23401 source:(400, 17) loss:1.811965 ppl:6.122463 lr:0.000289
epoch:90 test_bleu:48.87010157108307 template_bleu:44.368523359298706 test_loss:5.398921966552734 test_ppl:257.9991455078125 
epoch:90 train_bleu:77.15567946434021 template_bleu:44.2195862531662 train_loss:2.044649600982666 train_ppl:8.16197681427002 
step:23601 source:(400, 17) loss:1.764180 ppl:5.836782 lr:0.000288
step:23801 source:(400, 17) loss:1.822239 ppl:6.185694 lr:0.000286
step:24001 source:(400, 17) loss:1.748055 ppl:5.743422 lr:0.000285
step:24201 source:(400, 17) loss:1.723013 ppl:5.601378 lr:0.000284
step:24401 source:(400, 17) loss:1.732459 ppl:5.654543 lr:0.000283
step:24601 source:(400, 17) loss:1.741004 ppl:5.703066 lr:0.000282
epoch:95 test_bleu:49.01290237903595 template_bleu:44.368523359298706 test_loss:5.39210319519043 test_ppl:256.7803649902344 
epoch:95 train_bleu:77.71958708763123 template_bleu:44.2195862531662 train_loss:2.002054452896118 train_ppl:7.829312801361084 
step:24801 source:(400, 17) loss:1.744785 ppl:5.724669 lr:0.000281
step:25001 source:(400, 17) loss:1.743934 ppl:5.719800 lr:0.000280
step:25201 source:(400, 17) loss:1.747300 ppl:5.739086 lr:0.000278
step:25401 source:(400, 17) loss:1.744965 ppl:5.725702 lr:0.000277
step:25601 source:(400, 17) loss:1.750724 ppl:5.758772 lr:0.000276
step:25801 source:(400, 17) loss:1.727227 ppl:5.625032 lr:0.000275
step:26001 source:(400, 17) loss:1.763048 ppl:5.830180 lr:0.000274
epoch:100 test_bleu:49.17040169239044 template_bleu:44.368523359298706 test_loss:5.539409160614014 test_ppl:291.9665832519531 
epoch:100 train_bleu:79.15421724319458 template_bleu:44.2195862531662 train_loss:1.9785021543502808 train_ppl:7.58964729309082 
step:26201 source:(400, 17) loss:1.775591 ppl:5.903770 lr:0.000273
step:26401 source:(400, 17) loss:1.720798 ppl:5.588989 lr:0.000272
step:26601 source:(400, 17) loss:1.686785 ppl:5.402086 lr:0.000271
step:26801 source:(400, 17) loss:1.754482 ppl:5.780455 lr:0.000270
step:27001 source:(400, 17) loss:1.711301 ppl:5.536159 lr:0.000269
step:27201 source:(400, 17) loss:1.692889 ppl:5.435159 lr:0.000268
step:27401 source:(400, 17) loss:1.687472 ppl:5.405799 lr:0.000267
epoch:105 test_bleu:48.97862374782562 template_bleu:44.368523359298706 test_loss:5.502238750457764 test_ppl:284.5548095703125 
epoch:105 train_bleu:79.06683683395386 template_bleu:44.2195862531662 train_loss:1.9597269296646118 train_ppl:7.461632251739502 
step:27601 source:(400, 17) loss:1.722480 ppl:5.598398 lr:0.000266
step:27801 source:(400, 17) loss:1.681570 ppl:5.373987 lr:0.000265
step:28001 source:(400, 17) loss:1.720533 ppl:5.587505 lr:0.000264
step:28201 source:(400, 17) loss:1.699549 ppl:5.471477 lr:0.000263
step:28401 source:(400, 17) loss:1.715744 ppl:5.560814 lr:0.000262
step:28601 source:(400, 17) loss:1.684896 ppl:5.391888 lr:0.000261
epoch:110 test_bleu:48.96238446235657 template_bleu:44.368523359298706 test_loss:5.658994197845459 test_ppl:332.0142517089844 
epoch:110 train_bleu:79.96911406517029 template_bleu:44.2195862531662 train_loss:1.9536067247390747 train_ppl:7.4214677810668945 
step:28801 source:(400, 17) loss:1.709722 ppl:5.527426 lr:0.000260
step:29001 source:(400, 17) loss:1.672341 ppl:5.324621 lr:0.000260
step:29201 source:(400, 17) loss:1.690688 ppl:5.423208 lr:0.000259
step:29401 source:(400, 17) loss:1.667812 ppl:5.300560 lr:0.000258
step:29601 source:(400, 17) loss:1.672402 ppl:5.324943 lr:0.000257
step:29801 source:(400, 17) loss:1.648826 ppl:5.200871 lr:0.000256
step:30001 source:(400, 17) loss:1.694293 ppl:5.442795 lr:0.000255
epoch:115 test_bleu:49.1311639547348 template_bleu:44.368523359298706 test_loss:5.383983612060547 test_ppl:246.89427185058594 
epoch:115 train_bleu:80.18001914024353 template_bleu:44.2195862531662 train_loss:1.9284284114837646 train_ppl:7.181014537811279 
step:30201 source:(400, 17) loss:1.663529 ppl:5.277902 lr:0.000254
step:30401 source:(400, 17) loss:1.699540 ppl:5.471429 lr:0.000253
step:30601 source:(400, 17) loss:1.653656 ppl:5.226049 lr:0.000253
step:30801 source:(400, 17) loss:1.657802 ppl:5.247764 lr:0.000252
step:31001 source:(400, 17) loss:1.680830 ppl:5.370012 lr:0.000251
step:31201 source:(400, 17) loss:1.627745 ppl:5.092379 lr:0.000250
epoch:120 test_bleu:49.02792274951935 template_bleu:44.368523359298706 test_loss:5.50924015045166 test_ppl:282.7713317871094 
epoch:120 train_bleu:81.9756805896759 template_bleu:44.2195862531662 train_loss:1.8615628480911255 train_ppl:6.696944713592529 
step:31401 source:(400, 17) loss:1.639257 ppl:5.151340 lr:0.000249
step:31601 source:(400, 17) loss:1.618764 ppl:5.046848 lr:0.000249
step:31801 source:(400, 17) loss:1.653304 ppl:5.224215 lr:0.000248
step:32001 source:(400, 17) loss:1.657000 ppl:5.243557 lr:0.000247
step:32201 source:(400, 17) loss:1.668782 ppl:5.305701 lr:0.000246
step:32401 source:(400, 17) loss:1.643350 ppl:5.172468 lr:0.000246
step:32601 source:(400, 17) loss:1.638683 ppl:5.148383 lr:0.000245
epoch:125 test_bleu:49.01795983314514 template_bleu:44.368523359298706 test_loss:5.471034526824951 test_ppl:274.751220703125 
epoch:125 train_bleu:82.61850476264954 template_bleu:44.2195862531662 train_loss:1.8511301279067993 train_ppl:6.640547752380371 
step:32801 source:(400, 17) loss:1.630997 ppl:5.108964 lr:0.000244
step:33001 source:(400, 17) loss:1.651248 ppl:5.213485 lr:0.000243
step:33201 source:(400, 17) loss:1.645624 ppl:5.184244 lr:0.000243
step:33401 source:(400, 17) loss:1.641248 ppl:5.161609 lr:0.000242
step:33601 source:(400, 17) loss:1.637750 ppl:5.143585 lr:0.000241
step:33801 source:(400, 17) loss:1.635036 ppl:5.129642 lr:0.000240
epoch:130 test_bleu:48.939862847328186 template_bleu:44.368523359298706 test_loss:5.547245025634766 test_ppl:299.26068115234375 
epoch:130 train_bleu:78.6785900592804 template_bleu:44.2195862531662 train_loss:1.95808744430542 train_ppl:7.4635114669799805 
step:34001 source:(400, 17) loss:1.665091 ppl:5.286156 lr:0.000240
step:34201 source:(400, 17) loss:1.632599 ppl:5.117155 lr:0.000239
step:34401 source:(400, 17) loss:1.622154 ppl:5.063986 lr:0.000238
step:34601 source:(400, 17) loss:1.635945 ppl:5.134307 lr:0.000238
step:34801 source:(400, 17) loss:1.633875 ppl:5.123691 lr:0.000237
step:35001 source:(400, 17) loss:1.616503 ppl:5.035448 lr:0.000236
step:35201 source:(400, 17) loss:1.623152 ppl:5.069044 lr:0.000236
epoch:135 test_bleu:48.925551772117615 template_bleu:44.368523359298706 test_loss:5.694050312042236 test_ppl:345.4707946777344 
epoch:135 train_bleu:79.93522882461548 template_bleu:44.2195862531662 train_loss:1.9392000436782837 train_ppl:7.34381628036499 
step:35401 source:(400, 17) loss:1.611008 ppl:5.007857 lr:0.000235
step:35601 source:(400, 17) loss:1.614488 ppl:5.025316 lr:0.000234
step:35801 source:(400, 17) loss:1.609577 ppl:5.000694 lr:0.000234
step:36001 source:(400, 17) loss:1.607257 ppl:4.989110 lr:0.000233
step:36201 source:(400, 17) loss:1.598954 ppl:4.947852 lr:0.000232
step:36401 source:(400, 17) loss:1.644228 ppl:5.177013 lr:0.000232
epoch:140 test_bleu:48.85181188583374 template_bleu:44.368523359298706 test_loss:5.802179336547852 test_ppl:390.892578125 
epoch:140 train_bleu:81.4404547214508 template_bleu:44.2195862531662 train_loss:1.9000694751739502 train_ppl:7.009058475494385 
step:36601 source:(400, 17) loss:1.599504 ppl:4.950578 lr:0.000231
step:36801 source:(86, 17) loss:1.567576 ppl:4.795010 lr:0.000230
step:37001 source:(400, 17) loss:1.585347 ppl:4.880983 lr:0.000230
step:37201 source:(400, 17) loss:1.609089 ppl:4.998255 lr:0.000229
step:37401 source:(400, 17) loss:1.577481 ppl:4.842743 lr:0.000229
step:37601 source:(400, 17) loss:1.580817 ppl:4.858922 lr:0.000228
step:37801 source:(400, 17) loss:1.580820 ppl:4.858940 lr:0.000227
epoch:145 test_bleu:48.82940649986267 template_bleu:44.368523359298706 test_loss:5.5385422706604 test_ppl:299.99591064453125 
epoch:145 train_bleu:81.8950355052948 template_bleu:44.2195862531662 train_loss:1.8596751689910889 train_ppl:6.69884729385376 
step:38001 source:(400, 17) loss:1.610392 ppl:5.004773 lr:0.000227
step:38201 source:(400, 17) loss:1.579499 ppl:4.852526 lr:0.000226
step:38401 source:(400, 17) loss:1.605142 ppl:4.978568 lr:0.000226
step:38601 source:(400, 17) loss:1.606213 ppl:4.983900 lr:0.000225
step:38801 source:(400, 17) loss:1.576029 ppl:4.835715 lr:0.000224
epoch:149 test_bleu:48.86458218097687 template_bleu:44.368523359298706 test_loss:5.3741278648376465 test_ppl:244.86167907714844 
epoch:149 train_bleu:79.41951751708984 template_bleu:44.2195862531662 train_loss:1.9970515966415405 train_ppl:7.859907150268555 
step:39001 source:(400, 17) loss:1.564771 ppl:4.781582 lr:0.000224
/home/syp/miniconda2/envs/newtf/lib/python3.6/importlib/_bootstrap.py:205: RuntimeWarning: compiletime version 3.5 of module 'tensorflow.python.framework.fast_tensor_util' does not match runtime version 3.6
  return f(*args, **kwds)
