train_file:/home/syp/zwr/txtgen/examples/long_text/yelp_data/pos/pos.train.txt
valid_file:/home/syp/zwr/txtgen/examples/long_text/yelp_data/pos/pos.valid.txt
logdir:./log_dir/pos.bsize250.epoch100.seqlen16.dynamic_lr.fixed_mask.present0.5.partition1.hidden512.gan/
epoch:0 test_bleu:23.979315161705017 template_bleu:44.368523359298706 test_loss:8.078317642211914 test_ppl:3324.961669921875 
epoch:0 train_g_bleu:23.73298555612564 template_bleu:44.21162009239197 train_g_loss:8.003039360046387 train_g_ppl:2994.5703125 
step:1 source:(250, 17) g_loss:8.021419 d_loss:0.689123 ppl:3045.494629 lr:0.000000
step:201 source:(250, 17) g_loss:5.401644 d_loss:0.000273 ppl:221.770752 lr:0.000009
step:401 source:(250, 17) g_loss:5.157131 d_loss:0.000084 ppl:173.665527 lr:0.000018
step:601 source:(250, 17) g_loss:5.113397 d_loss:0.000042 ppl:166.234039 lr:0.000027
step:801 source:(250, 17) g_loss:5.078111 d_loss:0.000022 ppl:160.470673 lr:0.000035
step:1001 source:(250, 17) g_loss:5.201767 d_loss:0.000020 ppl:181.592911 lr:0.000044
step:1201 source:(250, 17) g_loss:5.149106 d_loss:0.000011 ppl:172.277328 lr:0.000053
step:1401 source:(250, 17) g_loss:5.058791 d_loss:0.000008 ppl:157.400131 lr:0.000062
step:1601 source:(250, 17) g_loss:5.074226 d_loss:0.000007 ppl:159.848404 lr:0.000071
step:1801 source:(250, 17) g_loss:5.125065 d_loss:0.000004 ppl:168.185135 lr:0.000080
step:2001 source:(250, 17) g_loss:5.038229 d_loss:0.000003 ppl:154.196609 lr:0.000088
epoch:5 test_bleu:45.89064121246338 template_bleu:44.368523359298706 test_loss:4.9919023513793945 test_ppl:154.7694091796875 
epoch:5 train_g_bleu:45.740458369255066 template_bleu:44.21162009239197 train_g_loss:4.9942708015441895 train_g_ppl:147.78489685058594 
step:2201 source:(250, 17) g_loss:4.983263 d_loss:0.000003 ppl:145.949768 lr:0.000097
step:2401 source:(250, 17) g_loss:5.030199 d_loss:0.000002 ppl:152.963455 lr:0.000106
step:2601 source:(250, 17) g_loss:4.844632 d_loss:0.000002 ppl:127.056473 lr:0.000115
step:2801 source:(250, 17) g_loss:4.742726 d_loss:0.000001 ppl:114.746559 lr:0.000124
step:3001 source:(250, 17) g_loss:4.758889 d_loss:0.000002 ppl:116.616264 lr:0.000133
step:3201 source:(250, 17) g_loss:4.592975 d_loss:0.000001 ppl:98.787857 lr:0.000141
step:3401 source:(250, 17) g_loss:4.459257 d_loss:0.000001 ppl:86.423286 lr:0.000150
step:3601 source:(250, 17) g_loss:4.521292 d_loss:0.000001 ppl:91.954346 lr:0.000159
step:3801 source:(250, 17) g_loss:4.268990 d_loss:0.000001 ppl:71.449402 lr:0.000168
step:4001 source:(250, 17) g_loss:4.322263 d_loss:0.000001 ppl:75.358994 lr:0.000177
epoch:10 test_bleu:48.188021779060364 template_bleu:44.368523359298706 test_loss:4.2953009605407715 test_ppl:77.6469497680664 
epoch:10 train_g_bleu:47.649016976356506 template_bleu:44.21162009239197 train_g_loss:4.257882118225098 train_g_ppl:70.75762176513672 
step:4201 source:(250, 17) g_loss:4.270252 d_loss:0.000001 ppl:71.539642 lr:0.000186
step:4401 source:(250, 17) g_loss:4.115288 d_loss:0.000001 ppl:61.269844 lr:0.000194
step:4601 source:(250, 17) g_loss:4.230624 d_loss:0.000000 ppl:68.760139 lr:0.000203
step:4801 source:(250, 17) g_loss:4.126422 d_loss:0.000000 ppl:61.955845 lr:0.000212
step:5001 source:(250, 17) g_loss:4.019479 d_loss:0.000000 ppl:55.672081 lr:0.000221
step:5201 source:(250, 17) g_loss:4.118539 d_loss:0.000000 ppl:61.469391 lr:0.000230
step:5401 source:(250, 17) g_loss:3.965132 d_loss:0.000000 ppl:52.727215 lr:0.000239
step:5601 source:(250, 17) g_loss:3.942322 d_loss:0.000000 ppl:51.538109 lr:0.000247
step:5801 source:(250, 17) g_loss:3.943668 d_loss:0.000000 ppl:51.607533 lr:0.000256
step:6001 source:(250, 17) g_loss:4.015076 d_loss:0.000000 ppl:55.427517 lr:0.000265
step:6201 source:(250, 17) g_loss:3.879390 d_loss:0.000000 ppl:48.394707 lr:0.000274
epoch:15 test_bleu:49.89883899688721 template_bleu:44.368523359298706 test_loss:4.070574760437012 test_ppl:62.70970153808594 
epoch:15 train_g_bleu:49.480992555618286 template_bleu:44.21162009239197 train_g_loss:3.8774824142456055 train_g_ppl:48.36894226074219 
step:6401 source:(250, 17) g_loss:3.820988 d_loss:0.000000 ppl:45.649273 lr:0.000283
step:6601 source:(250, 17) g_loss:3.810333 d_loss:0.000000 ppl:45.165466 lr:0.000292
step:6801 source:(250, 17) g_loss:3.868361 d_loss:0.000000 ppl:47.863861 lr:0.000301
step:7001 source:(250, 17) g_loss:3.856609 d_loss:0.000000 ppl:47.304684 lr:0.000309
step:7201 source:(250, 17) g_loss:3.855995 d_loss:0.000000 ppl:47.275654 lr:0.000318
step:7401 source:(250, 17) g_loss:3.757850 d_loss:0.000000 ppl:42.856174 lr:0.000327
step:7601 source:(250, 17) g_loss:3.762606 d_loss:0.000000 ppl:43.060482 lr:0.000336
step:7801 source:(250, 17) g_loss:3.689025 d_loss:0.000000 ppl:40.005817 lr:0.000345
step:8001 source:(250, 17) g_loss:3.656583 d_loss:0.000000 ppl:38.728783 lr:0.000354
step:8201 source:(250, 17) g_loss:3.657846 d_loss:0.000000 ppl:38.777725 lr:0.000362
epoch:20 test_bleu:50.240105390548706 template_bleu:44.368523359298706 test_loss:4.019150257110596 test_ppl:59.812137603759766 
epoch:20 train_g_bleu:50.655001401901245 template_bleu:44.21162009239197 train_g_loss:3.5924105644226074 train_g_ppl:36.36808395385742 
step:8401 source:(250, 17) g_loss:3.552746 d_loss:0.000000 ppl:34.909031 lr:0.000371
step:8601 source:(250, 17) g_loss:3.606517 d_loss:0.000000 ppl:36.837528 lr:0.000380
step:8801 source:(250, 17) g_loss:3.500117 d_loss:0.000000 ppl:33.119312 lr:0.000389
step:9001 source:(250, 17) g_loss:3.471513 d_loss:0.000000 ppl:32.185402 lr:0.000398
step:9201 source:(250, 17) g_loss:3.597018 d_loss:0.000000 ppl:36.489243 lr:0.000407
step:9401 source:(250, 17) g_loss:3.492846 d_loss:0.000000 ppl:32.879391 lr:0.000415
step:9601 source:(250, 17) g_loss:3.449006 d_loss:0.000000 ppl:31.469107 lr:0.000424
step:9801 source:(250, 17) g_loss:3.441360 d_loss:0.000000 ppl:31.229393 lr:0.000433
step:10001 source:(250, 17) g_loss:3.374903 d_loss:0.000000 ppl:29.221455 lr:0.000442
step:10201 source:(250, 17) g_loss:3.379306 d_loss:0.000000 ppl:29.350397 lr:0.000438
step:10401 source:(250, 17) g_loss:3.258734 d_loss:0.000000 ppl:26.016592 lr:0.000433
epoch:25 test_bleu:50.19197463989258 template_bleu:44.368523359298706 test_loss:4.149984359741211 test_ppl:69.7813491821289 
epoch:25 train_g_bleu:52.0686149597168 template_bleu:44.21162009239197 train_g_loss:3.3882553577423096 train_g_ppl:29.71933937072754 
step:10601 source:(250, 17) g_loss:3.339772 d_loss:0.000000 ppl:28.212706 lr:0.000429
step:10801 source:(250, 17) g_loss:3.310962 d_loss:0.000000 ppl:27.411482 lr:0.000425
step:11001 source:(250, 17) g_loss:3.238671 d_loss:0.000000 ppl:25.499805 lr:0.000421
step:11201 source:(250, 17) g_loss:3.260496 d_loss:0.000000 ppl:26.062452 lr:0.000418
step:11401 source:(250, 17) g_loss:3.174594 d_loss:0.000000 ppl:23.917112 lr:0.000414
step:11601 source:(250, 17) g_loss:3.174037 d_loss:0.000000 ppl:23.903801 lr:0.000410
step:11801 source:(250, 17) g_loss:3.088969 d_loss:0.000000 ppl:21.954432 lr:0.000407
step:12001 source:(250, 17) g_loss:3.173029 d_loss:0.000000 ppl:23.879717 lr:0.000403
step:12201 source:(250, 17) g_loss:3.077435 d_loss:0.000000 ppl:21.702654 lr:0.000400
step:12401 source:(250, 17) g_loss:2.999262 d_loss:0.000000 ppl:20.070726 lr:0.000397
epoch:30 test_bleu:49.91253614425659 template_bleu:44.368523359298706 test_loss:4.225600719451904 test_ppl:76.08843231201172 
epoch:30 train_g_bleu:53.45165133476257 template_bleu:44.21162009239197 train_g_loss:3.1550447940826416 train_g_ppl:23.67066764831543 
step:12601 source:(250, 17) g_loss:2.977563 d_loss:0.000000 ppl:19.639889 lr:0.000394
step:12801 source:(250, 17) g_loss:2.858982 d_loss:0.000000 ppl:17.443754 lr:0.000391
step:13001 source:(250, 17) g_loss:2.906058 d_loss:0.000000 ppl:18.284576 lr:0.000388
step:13201 source:(250, 17) g_loss:2.930424 d_loss:0.000000 ppl:18.735577 lr:0.000385
step:13401 source:(250, 17) g_loss:2.864320 d_loss:0.000000 ppl:17.537128 lr:0.000382
step:13601 source:(250, 17) g_loss:2.816729 d_loss:0.000000 ppl:16.722069 lr:0.000379
step:13801 source:(250, 17) g_loss:2.780931 d_loss:0.000000 ppl:16.134031 lr:0.000376
step:14001 source:(250, 17) g_loss:2.916509 d_loss:0.000000 ppl:18.476681 lr:0.000374
step:14201 source:(250, 17) g_loss:2.680792 d_loss:0.000000 ppl:14.596651 lr:0.000371
step:14401 source:(250, 17) g_loss:2.704473 d_loss:0.000000 ppl:14.946442 lr:0.000368
epoch:35 test_bleu:49.67024624347687 template_bleu:44.368523359298706 test_loss:4.507829189300537 test_ppl:102.72492980957031 
epoch:35 train_g_bleu:56.298184394836426 template_bleu:44.21162009239197 train_g_loss:2.950972318649292 train_g_ppl:19.43875503540039 
step:14601 source:(250, 17) g_loss:2.699026 d_loss:0.000000 ppl:14.865248 lr:0.000366
step:14801 source:(250, 17) g_loss:2.625731 d_loss:0.000000 ppl:13.814669 lr:0.000363
step:15001 source:(250, 17) g_loss:2.613601 d_loss:0.000000 ppl:13.648108 lr:0.000361
step:15201 source:(250, 17) g_loss:2.536292 d_loss:0.000000 ppl:12.632746 lr:0.000358
step:15401 source:(250, 17) g_loss:2.515571 d_loss:0.000000 ppl:12.373673 lr:0.000356
step:15601 source:(250, 17) g_loss:2.496055 d_loss:0.000000 ppl:12.134530 lr:0.000354
step:15801 source:(250, 17) g_loss:2.500885 d_loss:0.000000 ppl:12.193286 lr:0.000352
step:16001 source:(250, 17) g_loss:2.481152 d_loss:0.000000 ppl:11.955032 lr:0.000349
step:16201 source:(250, 17) g_loss:2.437764 d_loss:0.000000 ppl:11.447417 lr:0.000347
step:16401 source:(250, 17) g_loss:2.390523 d_loss:0.000000 ppl:10.919200 lr:0.000345
step:16601 source:(250, 17) g_loss:2.490069 d_loss:0.000000 ppl:12.062113 lr:0.000343
epoch:40 test_bleu:49.293527007102966 template_bleu:44.368523359298706 test_loss:4.717235565185547 test_ppl:129.23814392089844 
epoch:40 train_g_bleu:59.792560338974 template_bleu:44.21162009239197 train_g_loss:2.7358148097991943 train_g_ppl:15.97532844543457 
step:16801 source:(250, 17) g_loss:2.449458 d_loss:0.000000 ppl:11.582069 lr:0.000341
step:17001 source:(250, 17) g_loss:2.412832 d_loss:0.000000 ppl:11.165538 lr:0.000339
step:17201 source:(250, 17) g_loss:2.363576 d_loss:0.000000 ppl:10.628889 lr:0.000337
step:17401 source:(250, 17) g_loss:2.299163 d_loss:0.000000 ppl:9.965837 lr:0.000335
step:17601 source:(250, 17) g_loss:2.339118 d_loss:0.000000 ppl:10.372080 lr:0.000333
step:17801 source:(250, 17) g_loss:2.243134 d_loss:0.000000 ppl:9.422821 lr:0.000331
step:18001 source:(250, 17) g_loss:2.334083 d_loss:0.000000 ppl:10.319993 lr:0.000329
step:18201 source:(250, 17) g_loss:2.232474 d_loss:0.000000 ppl:9.322906 lr:0.000328
step:18401 source:(250, 17) g_loss:2.195154 d_loss:0.000000 ppl:8.981383 lr:0.000326
step:18601 source:(250, 17) g_loss:2.345314 d_loss:0.000000 ppl:10.436547 lr:0.000324
epoch:45 test_bleu:49.285465478897095 template_bleu:44.368523359298706 test_loss:4.95844841003418 test_ppl:163.28125 
epoch:45 train_g_bleu:62.06081509590149 template_bleu:44.21162009239197 train_g_loss:2.6160192489624023 train_g_ppl:14.217986106872559 
step:18801 source:(250, 17) g_loss:2.209756 d_loss:0.000000 ppl:9.113489 lr:0.000322
step:19001 source:(250, 17) g_loss:2.245970 d_loss:0.000000 ppl:9.449577 lr:0.000321
step:19201 source:(250, 17) g_loss:2.177382 d_loss:0.000000 ppl:8.823176 lr:0.000319
step:19401 source:(250, 17) g_loss:2.174158 d_loss:0.000000 ppl:8.794773 lr:0.000317
step:19601 source:(250, 17) g_loss:2.227448 d_loss:0.000000 ppl:9.276167 lr:0.000316
step:19801 source:(250, 17) g_loss:2.224407 d_loss:0.000000 ppl:9.248001 lr:0.000314
step:20001 source:(250, 17) g_loss:2.161572 d_loss:0.000000 ppl:8.684777 lr:0.000312
step:20201 source:(250, 17) g_loss:2.114781 d_loss:0.000000 ppl:8.287769 lr:0.000311
step:20401 source:(250, 17) g_loss:2.134111 d_loss:0.000000 ppl:8.449531 lr:0.000309
step:20601 source:(250, 17) g_loss:2.130609 d_loss:0.000000 ppl:8.419995 lr:0.000308
step:20801 source:(250, 17) g_loss:2.126085 d_loss:0.000000 ppl:8.381984 lr:0.000306
epoch:50 test_bleu:48.994192481040955 template_bleu:44.368523359298706 test_loss:5.1813435554504395 test_ppl:207.68873596191406 
epoch:50 train_g_bleu:60.5769157409668 template_bleu:44.21162009239197 train_g_loss:2.7127645015716553 train_g_ppl:15.97663402557373 
step:21001 source:(250, 17) g_loss:2.071379 d_loss:0.000000 ppl:7.935757 lr:0.000305
step:21201 source:(250, 17) g_loss:2.066289 d_loss:0.000000 ppl:7.895468 lr:0.000304
step:21401 source:(250, 17) g_loss:2.020488 d_loss:0.000000 ppl:7.542003 lr:0.000302
step:21601 source:(250, 17) g_loss:2.043125 d_loss:0.000000 ppl:7.714681 lr:0.000301
step:21801 source:(250, 17) g_loss:2.002636 d_loss:0.000000 ppl:7.408561 lr:0.000299
step:22001 source:(250, 17) g_loss:2.122053 d_loss:0.000000 ppl:8.348258 lr:0.000298
step:22201 source:(250, 17) g_loss:2.035965 d_loss:0.000000 ppl:7.659644 lr:0.000297
step:22401 source:(250, 17) g_loss:1.981676 d_loss:0.000000 ppl:7.254889 lr:0.000295
step:22601 source:(250, 17) g_loss:2.038328 d_loss:0.000000 ppl:7.677759 lr:0.000294
step:22801 source:(250, 17) g_loss:1.988071 d_loss:0.000000 ppl:7.301435 lr:0.000293
epoch:55 test_bleu:48.798781633377075 template_bleu:44.368523359298706 test_loss:5.208370208740234 test_ppl:210.07281494140625 
epoch:55 train_g_bleu:68.91614198684692 template_bleu:44.21162009239197 train_g_loss:2.290304660797119 train_g_ppl:10.209245681762695 
step:23001 source:(250, 17) g_loss:2.025997 d_loss:0.000000 ppl:7.583666 lr:0.000291
step:23201 source:(250, 17) g_loss:1.956213 d_loss:0.000000 ppl:7.072490 lr:0.000290
step:23401 source:(250, 17) g_loss:1.968584 d_loss:0.000000 ppl:7.160529 lr:0.000289
step:23601 source:(250, 17) g_loss:1.964697 d_loss:0.000000 ppl:7.132752 lr:0.000288
step:23801 source:(250, 17) g_loss:1.981691 d_loss:0.000000 ppl:7.254998 lr:0.000286
step:24001 source:(250, 17) g_loss:1.908012 d_loss:0.000000 ppl:6.739674 lr:0.000285
step:24201 source:(250, 17) g_loss:1.957319 d_loss:0.000000 ppl:7.080322 lr:0.000284
step:24401 source:(250, 17) g_loss:1.953869 d_loss:0.000000 ppl:7.055935 lr:0.000283
step:24601 source:(250, 17) g_loss:1.934401 d_loss:0.000000 ppl:6.919897 lr:0.000282
step:24801 source:(250, 17) g_loss:1.912477 d_loss:0.000000 ppl:6.769835 lr:0.000281
step:25001 source:(250, 17) g_loss:1.940763 d_loss:0.000000 ppl:6.964063 lr:0.000280
epoch:60 test_bleu:48.97829592227936 template_bleu:44.368523359298706 test_loss:5.5454277992248535 test_ppl:305.1443786621094 
epoch:60 train_g_bleu:72.62235283851624 template_bleu:44.21162009239197 train_g_loss:2.1893134117126465 train_g_ppl:9.263666152954102 
step:25201 source:(250, 17) g_loss:1.939941 d_loss:0.000000 ppl:6.958341 lr:0.000278
step:25401 source:(250, 17) g_loss:1.948334 d_loss:0.000000 ppl:7.016986 lr:0.000277
step:25601 source:(250, 17) g_loss:1.890021 d_loss:0.000000 ppl:6.619511 lr:0.000276
step:25801 source:(250, 17) g_loss:1.895021 d_loss:0.000000 ppl:6.652691 lr:0.000275
