train_file:/home/syp/zwr/txtgen/examples/long_text/yelp_data/pos/pos.train.txt
valid_file:/home/syp/zwr/txtgen/examples/long_text/yelp_data/pos/pos.valid.txt
logdir:./log_dir/pos.bsize250.epoch150.seqlen16.dynamic_lr.fixed_mask.present0.5.partition2.hidden512.gan/
epoch:0 test_bleu:10.381074249744415 template_bleu:32.497718930244446 test_loss:8.199865341186523 test_ppl:3731.031494140625 
epoch:0 train_g_bleu:10.2266825735569 template_bleu:32.185012102127075 train_g_loss:8.132879257202148 train_g_ppl:3408.66943359375 
step:1 source:(250, 17) g_loss:8.149984 d_loss:0.747789 ppl:3463.324951 lr:0.000000
step:201 source:(250, 17) g_loss:5.002415 d_loss:0.000270 ppl:148.771973 lr:0.000009
step:401 source:(250, 17) g_loss:4.653133 d_loss:0.000084 ppl:104.913155 lr:0.000018
step:601 source:(250, 17) g_loss:4.718524 d_loss:0.000043 ppl:112.002869 lr:0.000027
step:801 source:(250, 17) g_loss:4.613947 d_loss:0.000024 ppl:100.881538 lr:0.000035
step:1001 source:(250, 17) g_loss:4.728093 d_loss:0.000016 ppl:113.079674 lr:0.000044
step:1201 source:(250, 17) g_loss:4.734644 d_loss:0.000011 ppl:113.822975 lr:0.000053
step:1401 source:(250, 17) g_loss:4.663907 d_loss:0.000008 ppl:106.049614 lr:0.000062
step:1601 source:(250, 17) g_loss:4.568197 d_loss:0.000006 ppl:96.370224 lr:0.000071
step:1801 source:(250, 17) g_loss:4.691814 d_loss:0.000005 ppl:109.050812 lr:0.000080
step:2001 source:(250, 17) g_loss:4.593038 d_loss:0.000003 ppl:98.794121 lr:0.000088
epoch:5 test_bleu:34.978851675987244 template_bleu:32.497718930244446 test_loss:4.608549118041992 test_ppl:103.4052963256836 
epoch:5 train_g_bleu:34.702932834625244 template_bleu:32.185012102127075 train_g_loss:4.600530624389648 train_g_ppl:99.66455078125 
step:2201 source:(250, 17) g_loss:4.549527 d_loss:0.000003 ppl:94.587631 lr:0.000097
step:2401 source:(250, 17) g_loss:4.542210 d_loss:0.000002 ppl:93.898048 lr:0.000106
step:2601 source:(250, 17) g_loss:4.308081 d_loss:0.000002 ppl:74.297752 lr:0.000115
step:2801 source:(250, 17) g_loss:4.158541 d_loss:0.000001 ppl:63.978092 lr:0.000124
step:3001 source:(250, 17) g_loss:4.143809 d_loss:0.000001 ppl:63.042515 lr:0.000133
step:3201 source:(250, 17) g_loss:4.012259 d_loss:0.000001 ppl:55.271561 lr:0.000141
step:3401 source:(250, 17) g_loss:3.930175 d_loss:0.000001 ppl:50.915867 lr:0.000150
step:3601 source:(250, 17) g_loss:3.922105 d_loss:0.000001 ppl:50.506630 lr:0.000159
step:3801 source:(250, 17) g_loss:3.693893 d_loss:0.000001 ppl:40.201054 lr:0.000168
step:4001 source:(250, 17) g_loss:3.686164 d_loss:0.000001 ppl:39.891518 lr:0.000177
epoch:10 test_bleu:41.154834628105164 template_bleu:32.497718930244446 test_loss:3.756861925125122 test_ppl:44.673828125 
epoch:10 train_g_bleu:40.32635688781738 template_bleu:32.185012102127075 train_g_loss:3.704918384552002 train_g_ppl:40.70857238769531 
step:4201 source:(250, 17) g_loss:3.695815 d_loss:0.000001 ppl:40.278370 lr:0.000186
step:4401 source:(250, 17) g_loss:3.524606 d_loss:0.000001 ppl:33.940399 lr:0.000194
step:4601 source:(250, 17) g_loss:3.641747 d_loss:0.000000 ppl:38.158440 lr:0.000203
step:4801 source:(250, 17) g_loss:3.605570 d_loss:0.000000 ppl:36.802666 lr:0.000212
step:5001 source:(250, 17) g_loss:3.517940 d_loss:0.000000 ppl:33.714905 lr:0.000221
step:5201 source:(250, 17) g_loss:3.581457 d_loss:0.000000 ppl:35.925850 lr:0.000230
step:5401 source:(250, 17) g_loss:3.420640 d_loss:0.000000 ppl:30.588978 lr:0.000239
step:5601 source:(250, 17) g_loss:3.389507 d_loss:0.000000 ppl:29.651325 lr:0.000247
step:5801 source:(250, 17) g_loss:3.430650 d_loss:0.000000 ppl:30.896704 lr:0.000256
step:6001 source:(250, 17) g_loss:3.447179 d_loss:0.000000 ppl:31.411650 lr:0.000265
step:6201 source:(250, 17) g_loss:3.326809 d_loss:0.000000 ppl:27.849331 lr:0.000274
epoch:15 test_bleu:43.283721804618835 template_bleu:32.497718930244446 test_loss:3.5571630001068115 test_ppl:36.683372497558594 
epoch:15 train_g_bleu:43.01289618015289 template_bleu:32.185012102127075 train_g_loss:3.347017765045166 train_g_ppl:28.452836990356445 
step:6401 source:(250, 17) g_loss:3.255084 d_loss:0.000000 ppl:25.921793 lr:0.000283
step:6601 source:(250, 17) g_loss:3.291080 d_loss:0.000000 ppl:26.871876 lr:0.000292
step:6801 source:(250, 17) g_loss:3.352117 d_loss:0.000000 ppl:28.563147 lr:0.000301
step:7001 source:(250, 17) g_loss:3.312070 d_loss:0.000000 ppl:27.441881 lr:0.000309
step:7201 source:(250, 17) g_loss:3.262699 d_loss:0.000000 ppl:26.119936 lr:0.000318
step:7401 source:(250, 17) g_loss:3.273877 d_loss:0.000000 ppl:26.413549 lr:0.000327
step:7601 source:(250, 17) g_loss:3.247387 d_loss:0.000000 ppl:25.723030 lr:0.000336
step:7801 source:(250, 17) g_loss:3.208039 d_loss:0.000000 ppl:24.730537 lr:0.000345
step:8001 source:(250, 17) g_loss:3.092649 d_loss:0.000000 ppl:22.035362 lr:0.000354
step:8201 source:(250, 17) g_loss:3.120666 d_loss:0.000000 ppl:22.661472 lr:0.000362
epoch:20 test_bleu:44.17717456817627 template_bleu:32.497718930244446 test_loss:3.521240234375 test_ppl:35.5973014831543 
epoch:20 train_g_bleu:45.642128586769104 template_bleu:32.185012102127075 train_g_loss:3.0811822414398193 train_g_ppl:21.811290740966797 
step:8401 source:(250, 17) g_loss:3.064636 d_loss:0.000000 ppl:21.426651 lr:0.000371
step:8601 source:(250, 17) g_loss:3.054152 d_loss:0.000000 ppl:21.203194 lr:0.000380
step:8801 source:(250, 17) g_loss:3.090188 d_loss:0.000000 ppl:21.981211 lr:0.000389
step:9001 source:(250, 17) g_loss:3.022462 d_loss:0.000000 ppl:20.541801 lr:0.000398
step:9201 source:(250, 17) g_loss:3.124511 d_loss:0.000000 ppl:22.748758 lr:0.000407
step:9401 source:(250, 17) g_loss:2.947139 d_loss:0.000000 ppl:19.051365 lr:0.000415
step:9601 source:(250, 17) g_loss:2.957605 d_loss:0.000000 ppl:19.251802 lr:0.000424
step:9801 source:(250, 17) g_loss:2.983970 d_loss:0.000000 ppl:19.766127 lr:0.000433
step:10001 source:(250, 17) g_loss:2.921638 d_loss:0.000000 ppl:18.571692 lr:0.000442
step:10201 source:(250, 17) g_loss:2.927539 d_loss:0.000000 ppl:18.681591 lr:0.000438
step:10401 source:(250, 17) g_loss:2.820678 d_loss:0.000000 ppl:16.788233 lr:0.000433
epoch:25 test_bleu:44.156670570373535 template_bleu:32.497718930244446 test_loss:3.6044838428497314 test_ppl:39.30792999267578 
epoch:25 train_g_bleu:47.531941533088684 template_bleu:32.185012102127075 train_g_loss:2.8797593116760254 train_g_ppl:17.842479705810547 
step:10601 source:(250, 17) g_loss:2.779386 d_loss:0.000000 ppl:16.109119 lr:0.000429
step:10801 source:(250, 17) g_loss:2.806330 d_loss:0.000000 ppl:16.549070 lr:0.000425
step:11001 source:(250, 17) g_loss:2.758732 d_loss:0.000000 ppl:15.779822 lr:0.000421
step:11201 source:(250, 17) g_loss:2.662632 d_loss:0.000000 ppl:14.333970 lr:0.000418
step:11401 source:(250, 17) g_loss:2.741820 d_loss:0.000000 ppl:15.515203 lr:0.000414
step:11601 source:(250, 17) g_loss:2.670431 d_loss:0.000000 ppl:14.446199 lr:0.000410
step:11801 source:(250, 17) g_loss:2.634569 d_loss:0.000000 ppl:13.937304 lr:0.000407
step:12001 source:(250, 17) g_loss:2.665366 d_loss:0.000000 ppl:14.373215 lr:0.000403
step:12201 source:(250, 17) g_loss:2.542532 d_loss:0.000000 ppl:12.711813 lr:0.000400
step:12401 source:(250, 17) g_loss:2.582197 d_loss:0.000000 ppl:13.226170 lr:0.000397
epoch:30 test_bleu:43.17963421344757 template_bleu:32.497718930244446 test_loss:3.741901159286499 test_ppl:45.541446685791016 
epoch:30 train_g_bleu:50.949543714523315 template_bleu:32.185012102127075 train_g_loss:2.6453897953033447 train_g_ppl:14.152074813842773 
step:12601 source:(250, 17) g_loss:2.541664 d_loss:0.000000 ppl:12.700789 lr:0.000394
step:12801 source:(250, 17) g_loss:2.500470 d_loss:0.000000 ppl:12.188223 lr:0.000391
step:13001 source:(250, 17) g_loss:2.502949 d_loss:0.000000 ppl:12.218468 lr:0.000388
step:13201 source:(250, 17) g_loss:2.465636 d_loss:0.000000 ppl:11.770969 lr:0.000385
step:13401 source:(250, 17) g_loss:2.522843 d_loss:0.000000 ppl:12.463983 lr:0.000382
step:13601 source:(250, 17) g_loss:2.432844 d_loss:0.000000 ppl:11.391229 lr:0.000379
step:13801 source:(250, 17) g_loss:2.402041 d_loss:0.000000 ppl:11.045700 lr:0.000376
step:14001 source:(250, 17) g_loss:2.341476 d_loss:0.000000 ppl:10.396567 lr:0.000374
step:14201 source:(250, 17) g_loss:2.255238 d_loss:0.000000 ppl:9.537561 lr:0.000371
step:14401 source:(250, 17) g_loss:2.334102 d_loss:0.000000 ppl:10.320185 lr:0.000368
epoch:35 test_bleu:43.153199553489685 template_bleu:32.497718930244446 test_loss:3.9514458179473877 test_ppl:57.33274841308594 
epoch:35 train_g_bleu:57.457923889160156 template_bleu:32.185012102127075 train_g_loss:2.3493294715881348 train_g_ppl:10.550088882446289 
step:14601 source:(250, 17) g_loss:2.189873 d_loss:0.000000 ppl:8.934074 lr:0.000366
step:14801 source:(250, 17) g_loss:2.208615 d_loss:0.000000 ppl:9.103098 lr:0.000363
step:15001 source:(250, 17) g_loss:2.169523 d_loss:0.000000 ppl:8.754103 lr:0.000361
step:15201 source:(250, 17) g_loss:2.202690 d_loss:0.000000 ppl:9.049322 lr:0.000358
step:15401 source:(250, 17) g_loss:2.107626 d_loss:0.000000 ppl:8.228684 lr:0.000356
step:15601 source:(250, 17) g_loss:2.142419 d_loss:0.000000 ppl:8.520025 lr:0.000354
step:15801 source:(250, 17) g_loss:2.077288 d_loss:0.000000 ppl:7.982788 lr:0.000352
step:16001 source:(250, 17) g_loss:2.088396 d_loss:0.000000 ppl:8.071958 lr:0.000349
step:16201 source:(250, 17) g_loss:2.153820 d_loss:0.000000 ppl:8.617716 lr:0.000347
step:16401 source:(250, 17) g_loss:2.069234 d_loss:0.000000 ppl:7.918758 lr:0.000345
step:16601 source:(250, 17) g_loss:2.084121 d_loss:0.000000 ppl:8.037523 lr:0.000343
epoch:40 test_bleu:43.34037005901337 template_bleu:32.497718930244446 test_loss:4.0658278465271 test_ppl:65.27521514892578 
epoch:40 train_g_bleu:59.56724286079407 template_bleu:32.185012102127075 train_g_loss:2.2448859214782715 train_g_ppl:9.541671752929688 
step:16801 source:(250, 17) g_loss:2.055646 d_loss:0.000000 ppl:7.811882 lr:0.000341
step:17001 source:(250, 17) g_loss:2.002376 d_loss:0.000000 ppl:7.406632 lr:0.000339
step:17201 source:(250, 17) g_loss:1.955011 d_loss:0.000000 ppl:7.063996 lr:0.000337
step:17401 source:(250, 17) g_loss:1.967228 d_loss:0.000000 ppl:7.150825 lr:0.000335
step:17601 source:(250, 17) g_loss:1.981274 d_loss:0.000000 ppl:7.251980 lr:0.000333
step:17801 source:(250, 17) g_loss:1.971033 d_loss:0.000000 ppl:7.178084 lr:0.000331
step:18001 source:(250, 17) g_loss:1.953326 d_loss:0.000000 ppl:7.052105 lr:0.000329
step:18201 source:(250, 17) g_loss:1.936803 d_loss:0.000000 ppl:6.936538 lr:0.000328
step:18401 source:(250, 17) g_loss:1.916047 d_loss:0.000000 ppl:6.794051 lr:0.000326
step:18601 source:(250, 17) g_loss:1.985280 d_loss:0.000000 ppl:7.281083 lr:0.000324
epoch:45 test_bleu:43.03039908409119 template_bleu:32.497718930244446 test_loss:4.200108051300049 test_ppl:75.1451187133789 
epoch:45 train_g_bleu:70.75331807136536 template_bleu:32.185012102127075 train_g_loss:1.964314579963684 train_g_ppl:7.197578430175781 
step:18801 source:(250, 17) g_loss:1.888407 d_loss:0.000000 ppl:6.608829 lr:0.000322
step:19001 source:(250, 17) g_loss:1.862505 d_loss:0.000000 ppl:6.439850 lr:0.000321
step:19201 source:(250, 17) g_loss:1.861883 d_loss:0.000000 ppl:6.435844 lr:0.000319
step:19401 source:(250, 17) g_loss:1.880569 d_loss:0.000000 ppl:6.557238 lr:0.000317
step:19601 source:(250, 17) g_loss:1.875060 d_loss:0.000000 ppl:6.521209 lr:0.000316
step:19801 source:(250, 17) g_loss:1.835875 d_loss:0.000000 ppl:6.270621 lr:0.000314
step:20001 source:(250, 17) g_loss:1.836598 d_loss:0.000000 ppl:6.275152 lr:0.000312
step:20201 source:(250, 17) g_loss:1.850577 d_loss:0.000000 ppl:6.363488 lr:0.000311
step:20401 source:(250, 17) g_loss:1.822711 d_loss:0.000000 ppl:6.188615 lr:0.000309
step:20601 source:(250, 17) g_loss:1.822004 d_loss:0.000000 ppl:6.184237 lr:0.000308
step:20801 source:(250, 17) g_loss:1.776548 d_loss:0.000000 ppl:5.909421 lr:0.000306
epoch:50 test_bleu:42.686209082603455 template_bleu:32.497718930244446 test_loss:4.3475260734558105 test_ppl:86.87230682373047 
epoch:50 train_g_bleu:66.76976680755615 template_bleu:32.185012102127075 train_g_loss:2.0520920753479004 train_g_ppl:7.932443141937256 
step:21001 source:(250, 17) g_loss:1.792665 d_loss:0.000000 ppl:6.005435 lr:0.000305
step:21201 source:(250, 17) g_loss:1.776271 d_loss:0.000000 ppl:5.907787 lr:0.000304
step:21401 source:(250, 17) g_loss:1.752018 d_loss:0.000000 ppl:5.766227 lr:0.000302
step:21601 source:(250, 17) g_loss:1.742237 d_loss:0.000000 ppl:5.710101 lr:0.000301
step:21801 source:(250, 17) g_loss:1.756925 d_loss:0.000000 ppl:5.794594 lr:0.000299
step:22001 source:(250, 17) g_loss:1.782611 d_loss:0.000000 ppl:5.945360 lr:0.000298
step:22201 source:(250, 17) g_loss:1.739246 d_loss:0.000000 ppl:5.693050 lr:0.000297
step:22401 source:(250, 17) g_loss:1.730366 d_loss:0.000000 ppl:5.642717 lr:0.000295
step:22601 source:(250, 17) g_loss:1.731243 d_loss:0.000000 ppl:5.647672 lr:0.000294
step:22801 source:(250, 17) g_loss:1.700100 d_loss:0.000000 ppl:5.474493 lr:0.000293
epoch:55 test_bleu:42.927077412605286 template_bleu:32.497718930244446 test_loss:4.325523853302002 test_ppl:85.84622192382812 
epoch:55 train_g_bleu:72.21131324768066 template_bleu:32.185012102127075 train_g_loss:1.9226150512695312 train_g_ppl:7.005758285522461 
step:23001 source:(250, 17) g_loss:1.747008 d_loss:0.000000 ppl:5.737411 lr:0.000291
step:23201 source:(250, 17) g_loss:1.704333 d_loss:0.000000 ppl:5.497719 lr:0.000290
step:23401 source:(250, 17) g_loss:1.690400 d_loss:0.000000 ppl:5.421649 lr:0.000289
step:23601 source:(250, 17) g_loss:1.721165 d_loss:0.000000 ppl:5.591037 lr:0.000288
step:23801 source:(250, 17) g_loss:1.690442 d_loss:0.000000 ppl:5.421878 lr:0.000286
step:24001 source:(250, 17) g_loss:1.725940 d_loss:0.000000 ppl:5.617797 lr:0.000285
step:24201 source:(250, 17) g_loss:1.705530 d_loss:0.000000 ppl:5.504301 lr:0.000284
step:24401 source:(250, 17) g_loss:1.714131 d_loss:0.000000 ppl:5.551848 lr:0.000283
step:24601 source:(250, 17) g_loss:1.680652 d_loss:0.000000 ppl:5.369053 lr:0.000282
step:24801 source:(250, 17) g_loss:1.710066 d_loss:0.000000 ppl:5.529324 lr:0.000281
step:25001 source:(250, 17) g_loss:1.674736 d_loss:0.000000 ppl:5.337383 lr:0.000280
epoch:60 test_bleu:42.337676882743835 template_bleu:32.497718930244446 test_loss:4.403769016265869 test_ppl:94.0022201538086 
epoch:60 train_g_bleu:69.90618705749512 template_bleu:32.185012102127075 train_g_loss:1.986215353012085 train_g_ppl:7.520334243774414 
step:25201 source:(250, 17) g_loss:1.666135 d_loss:0.000000 ppl:5.291676 lr:0.000278
step:25401 source:(250, 17) g_loss:1.674825 d_loss:0.000000 ppl:5.337860 lr:0.000277
step:25601 source:(250, 17) g_loss:1.648354 d_loss:0.000000 ppl:5.198415 lr:0.000276
step:25801 source:(250, 17) g_loss:1.643627 d_loss:0.000000 ppl:5.173903 lr:0.000275
step:26001 source:(250, 17) g_loss:1.684585 d_loss:0.000000 ppl:5.390215 lr:0.000274
step:26201 source:(250, 17) g_loss:1.643323 d_loss:0.000000 ppl:5.172329 lr:0.000273
step:26401 source:(250, 17) g_loss:1.648333 d_loss:0.000000 ppl:5.198307 lr:0.000272
step:26601 source:(250, 17) g_loss:1.626266 d_loss:0.000000 ppl:5.084850 lr:0.000271
step:26801 source:(250, 17) g_loss:1.659692 d_loss:0.000000 ppl:5.257691 lr:0.000270
step:27001 source:(250, 17) g_loss:1.630491 d_loss:0.000000 ppl:5.106380 lr:0.000269
epoch:65 test_bleu:42.60334074497223 template_bleu:32.497718930244446 test_loss:4.5130510330200195 test_ppl:104.27056884765625 
epoch:65 train_g_bleu:69.48777437210083 template_bleu:32.185012102127075 train_g_loss:2.0260627269744873 train_g_ppl:7.834169864654541 
step:27201 source:(250, 17) g_loss:1.639810 d_loss:0.000000 ppl:5.154189 lr:0.000268
step:27401 source:(250, 17) g_loss:1.646821 d_loss:0.000000 ppl:5.190456 lr:0.000267
step:27601 source:(250, 17) g_loss:1.628842 d_loss:0.000000 ppl:5.097969 lr:0.000266
step:27801 source:(250, 17) g_loss:1.629319 d_loss:0.000000 ppl:5.100399 lr:0.000265
step:28001 source:(250, 17) g_loss:1.611418 d_loss:0.000000 ppl:5.009909 lr:0.000264
step:28201 source:(250, 17) g_loss:1.597844 d_loss:0.000000 ppl:4.942368 lr:0.000263
step:28401 source:(250, 17) g_loss:1.634364 d_loss:0.000000 ppl:5.126194 lr:0.000262
step:28601 source:(250, 17) g_loss:1.594723 d_loss:0.000000 ppl:4.926965 lr:0.000261
step:28801 source:(250, 17) g_loss:1.638637 d_loss:0.000000 ppl:5.148149 lr:0.000260
step:29001 source:(250, 17) g_loss:1.618539 d_loss:0.000000 ppl:5.045715 lr:0.000260
epoch:70 test_bleu:42.34055578708649 template_bleu:32.497718930244446 test_loss:4.500871181488037 test_ppl:103.54955291748047 
epoch:70 train_g_bleu:66.16734862327576 template_bleu:32.185012102127075 train_g_loss:2.0690455436706543 train_g_ppl:8.189852714538574 
step:29201 source:(250, 17) g_loss:1.640092 d_loss:0.000000 ppl:5.155645 lr:0.000259
step:29401 source:(250, 17) g_loss:1.621283 d_loss:0.000000 ppl:5.059576 lr:0.000258
step:29601 source:(250, 17) g_loss:1.644386 d_loss:0.000000 ppl:5.177831 lr:0.000257
step:29801 source:(250, 17) g_loss:1.607101 d_loss:0.000000 ppl:4.988330 lr:0.000256
step:30001 source:(250, 17) g_loss:1.641993 d_loss:0.000000 ppl:5.165453 lr:0.000255
step:30201 source:(250, 17) g_loss:1.625362 d_loss:0.000000 ppl:5.080258 lr:0.000254
step:30401 source:(250, 17) g_loss:1.612992 d_loss:0.000000 ppl:5.017800 lr:0.000253
step:30601 source:(250, 17) g_loss:1.619542 d_loss:0.000000 ppl:5.050778 lr:0.000253
step:30801 source:(250, 17) g_loss:1.573743 d_loss:0.000000 ppl:4.824674 lr:0.000252
step:31001 source:(250, 17) g_loss:1.590083 d_loss:0.000000 ppl:4.904157 lr:0.000251
step:31201 source:(250, 17) g_loss:1.574078 d_loss:0.000000 ppl:4.826291 lr:0.000250
epoch:75 test_bleu:42.46841073036194 template_bleu:32.497718930244446 test_loss:4.492975234985352 test_ppl:103.85293579101562 
epoch:75 train_g_bleu:68.55619549751282 template_bleu:32.185012102127075 train_g_loss:2.0507683753967285 train_g_ppl:8.084864616394043 
step:31401 source:(250, 17) g_loss:1.596551 d_loss:0.000000 ppl:4.935978 lr:0.000249
step:31601 source:(250, 17) g_loss:1.569095 d_loss:0.000000 ppl:4.802302 lr:0.000249
step:31801 source:(250, 17) g_loss:1.581873 d_loss:0.000000 ppl:4.864058 lr:0.000248
step:32001 source:(250, 17) g_loss:1.582224 d_loss:0.000000 ppl:4.865764 lr:0.000247
step:32201 source:(250, 17) g_loss:1.578771 d_loss:0.000000 ppl:4.848994 lr:0.000246
step:32401 source:(250, 17) g_loss:1.550738 d_loss:0.000000 ppl:4.714951 lr:0.000246
step:32601 source:(250, 17) g_loss:1.573876 d_loss:0.000000 ppl:4.825314 lr:0.000245
step:32801 source:(250, 17) g_loss:1.570062 d_loss:0.000000 ppl:4.806948 lr:0.000244
step:33001 source:(250, 17) g_loss:1.591350 d_loss:0.000000 ppl:4.910371 lr:0.000243
step:33201 source:(250, 17) g_loss:1.580050 d_loss:0.000000 ppl:4.855197 lr:0.000243
epoch:80 test_bleu:42.7040696144104 template_bleu:32.497718930244446 test_loss:4.399277210235596 test_ppl:94.21649169921875 
epoch:80 train_g_bleu:69.47254538536072 template_bleu:32.185012102127075 train_g_loss:1.9690299034118652 train_g_ppl:7.418363094329834 
step:33401 source:(250, 17) g_loss:1.593769 d_loss:0.000000 ppl:4.922268 lr:0.000242
step:33601 source:(250, 17) g_loss:1.598831 d_loss:0.000000 ppl:4.947245 lr:0.000241
step:33801 source:(250, 17) g_loss:1.575415 d_loss:0.000000 ppl:4.832748 lr:0.000240
step:34001 source:(250, 17) g_loss:1.564374 d_loss:0.000000 ppl:4.779682 lr:0.000240
step:34201 source:(250, 17) g_loss:1.543424 d_loss:0.000000 ppl:4.680589 lr:0.000239
step:34401 source:(250, 17) g_loss:1.545158 d_loss:0.000000 ppl:4.688711 lr:0.000238
step:34601 source:(250, 17) g_loss:1.555469 d_loss:0.000000 ppl:4.737309 lr:0.000238
step:34801 source:(250, 17) g_loss:1.532468 d_loss:0.000000 ppl:4.629588 lr:0.000237
step:35001 source:(250, 17) g_loss:1.558525 d_loss:0.000000 ppl:4.751809 lr:0.000236
step:35201 source:(250, 17) g_loss:1.535591 d_loss:0.000000 ppl:4.644071 lr:0.000236
step:35401 source:(250, 17) g_loss:1.539580 d_loss:0.000000 ppl:4.662632 lr:0.000235
epoch:85 test_bleu:42.63664782047272 template_bleu:32.497718930244446 test_loss:4.414376735687256 test_ppl:94.71276092529297 
epoch:85 train_g_bleu:71.46516442298889 template_bleu:32.185012102127075 train_g_loss:1.927555799484253 train_g_ppl:7.121492385864258 
step:35601 source:(250, 17) g_loss:1.542940 d_loss:0.000000 ppl:4.678325 lr:0.000234
step:35801 source:(250, 17) g_loss:1.534641 d_loss:0.000000 ppl:4.639658 lr:0.000234
step:36001 source:(250, 17) g_loss:1.559456 d_loss:0.000000 ppl:4.756233 lr:0.000233
step:36201 source:(250, 17) g_loss:1.538971 d_loss:0.000000 ppl:4.659791 lr:0.000232
