train_file:/home/syp/zwr/txtgen/examples/long_text/yahoo_data/yahoo.train.txt
valid_file:/home/syp/zwr/txtgen/examples/long_text/yahoo_data/yahoo.valid.txt
logdir:./log_dir/bsize200.epoch150.seqlen16.random.present0.5.partition2.hidden512/
step:1 source:(200, 18) loss:6.7281 lr:0.000354
step:201 source:(200, 18) loss:4.09216 lr:0.000354
step:401 source:(200, 18) loss:3.96724 lr:0.000354
epoch:0 test_present_rate:0.5 test_bleu:35.20069718360901 template_bleu:35.29728949069977
epoch:0 test_present_rate:0.5 test_bleu:35.564208030700684 template_bleu:35.580700635910034
step:601 source:(200, 18) loss:3.90248 lr:0.000354
step:801 source:(200, 18) loss:3.86975 lr:0.000354
step:1001 source:(200, 18) loss:3.85593 lr:0.000354
step:1201 source:(200, 18) loss:3.87776 lr:0.000354
step:1401 source:(200, 18) loss:3.87606 lr:0.000354
step:1601 source:(200, 18) loss:3.91291 lr:0.000354
step:1801 source:(200, 18) loss:3.86758 lr:0.000354
step:2001 source:(200, 18) loss:3.8161 lr:0.000354
step:2201 source:(200, 18) loss:3.84092 lr:0.000354
step:2401 source:(200, 18) loss:3.8414 lr:0.000354
step:2601 source:(200, 18) loss:3.84759 lr:0.000354
step:2801 source:(200, 18) loss:3.76886 lr:0.000354
epoch:5 test_present_rate:0.5 test_bleu:36.84067726135254 template_bleu:35.53663194179535
epoch:5 test_present_rate:0.5 test_bleu:37.1790885925293 template_bleu:35.556426644325256
step:3001 source:(200, 18) loss:3.78787 lr:0.000354
step:3201 source:(200, 18) loss:3.83612 lr:0.000354
step:3401 source:(200, 18) loss:3.75839 lr:0.000354
step:3601 source:(200, 18) loss:3.80015 lr:0.000354
step:3801 source:(200, 18) loss:3.78456 lr:0.000354
step:4001 source:(200, 18) loss:3.77185 lr:0.000354
step:4201 source:(200, 18) loss:3.79715 lr:0.000354
step:4401 source:(200, 18) loss:3.76516 lr:0.000354
step:4601 source:(200, 18) loss:3.83755 lr:0.000354
step:4801 source:(200, 18) loss:3.84373 lr:0.000354
step:5001 source:(200, 18) loss:3.78229 lr:0.000354
step:5201 source:(200, 18) loss:3.84071 lr:0.000354
step:5401 source:(200, 18) loss:3.77673 lr:0.000354
epoch:10 test_present_rate:0.5 test_bleu:37.84780204296112 template_bleu:35.728442668914795
epoch:10 test_present_rate:0.5 test_bleu:38.29599916934967 template_bleu:35.64454913139343
step:5601 source:(200, 18) loss:3.86708 lr:0.000354
step:5801 source:(200, 18) loss:3.77843 lr:0.000354
step:6001 source:(200, 18) loss:3.75722 lr:0.000354
step:6201 source:(200, 18) loss:3.85961 lr:0.000354
step:6401 source:(200, 18) loss:3.8021 lr:0.000354
step:6601 source:(200, 18) loss:3.8693 lr:0.000354
step:6801 source:(200, 18) loss:3.79584 lr:0.000354
step:7001 source:(200, 18) loss:3.93663 lr:0.000354
step:7201 source:(200, 18) loss:3.75773 lr:0.000354
step:7401 source:(200, 18) loss:4.43751 lr:0.000354
step:7601 source:(200, 18) loss:3.89852 lr:0.000354
step:7801 source:(200, 18) loss:3.84841 lr:0.000354
epoch:15 test_present_rate:0.5 test_bleu:38.261422514915466 template_bleu:35.68239212036133
epoch:15 test_present_rate:0.5 test_bleu:38.179442286491394 template_bleu:35.49990355968475
step:8001 source:(200, 18) loss:3.79055 lr:0.000354
step:8201 source:(200, 18) loss:3.82089 lr:0.000354
step:8401 source:(200, 18) loss:4.48247 lr:0.000354
step:8601 source:(200, 18) loss:4.33104 lr:0.000354
step:8801 source:(200, 18) loss:4.32322 lr:0.000354
step:9001 source:(200, 18) loss:3.85641 lr:0.000354
step:9201 source:(200, 18) loss:3.87719 lr:0.000354
step:9401 source:(200, 18) loss:4.42284 lr:0.000354
step:9601 source:(200, 18) loss:4.13048 lr:0.000354
step:9801 source:(200, 18) loss:3.86919 lr:0.000354
step:10001 source:(200, 18) loss:3.88639 lr:0.000354
step:10201 source:(200, 18) loss:4.56503 lr:0.000354
step:10401 source:(200, 18) loss:4.47319 lr:0.000354
epoch:20 test_present_rate:0.5 test_bleu:35.9578400850296 template_bleu:35.54718792438507
epoch:20 test_present_rate:0.5 test_bleu:36.433982849121094 template_bleu:35.55991351604462
step:10601 source:(200, 18) loss:3.94815 lr:0.000354
step:10801 source:(200, 18) loss:3.88959 lr:0.000354
step:11001 source:(200, 18) loss:4.08607 lr:0.000354
step:11201 source:(200, 18) loss:4.03857 lr:0.000354
step:11401 source:(200, 18) loss:3.94711 lr:0.000354
step:11601 source:(200, 18) loss:4.49159 lr:0.000354
step:11801 source:(200, 18) loss:4.01343 lr:0.000354
step:12001 source:(200, 18) loss:3.92858 lr:0.000354
step:12201 source:(200, 18) loss:4.55133 lr:0.000354
step:12401 source:(200, 18) loss:4.41436 lr:0.000354
step:12601 source:(200, 18) loss:4.27939 lr:0.000354
step:12801 source:(200, 18) loss:4.45923 lr:0.000354
epoch:25 test_present_rate:0.5 test_bleu:37.19799816608429 template_bleu:35.20638644695282
epoch:25 test_present_rate:0.5 test_bleu:37.61056065559387 template_bleu:35.628023743629456
step:13001 source:(200, 18) loss:4.01195 lr:0.000354
step:13201 source:(200, 18) loss:4.3883 lr:0.000354
step:13401 source:(200, 18) loss:4.22896 lr:0.000354
step:13601 source:(200, 18) loss:4.04564 lr:0.000354
step:13801 source:(200, 18) loss:3.96426 lr:0.000354
step:14001 source:(200, 18) loss:4.50154 lr:0.000035
step:14201 source:(200, 18) loss:4.19727 lr:0.000035
step:14401 source:(200, 18) loss:4.07271 lr:0.000035
step:14601 source:(200, 18) loss:4.10918 lr:0.000035
step:14801 source:(200, 18) loss:4.02411 lr:0.000035
step:15001 source:(200, 18) loss:4.0237 lr:0.000035
step:15201 source:(200, 18) loss:4.02046 lr:0.000035
step:15401 source:(200, 18) loss:3.97424 lr:0.000035
epoch:30 test_present_rate:0.5 test_bleu:36.671486496925354 template_bleu:35.30630171298981
epoch:30 test_present_rate:0.5 test_bleu:37.013792991638184 template_bleu:35.47563850879669
step:15601 source:(200, 18) loss:4.03469 lr:0.000035
step:15801 source:(200, 18) loss:3.95473 lr:0.000035
step:16001 source:(200, 18) loss:3.92106 lr:0.000035
step:16201 source:(200, 18) loss:3.95449 lr:0.000035
step:16401 source:(200, 18) loss:3.94526 lr:0.000035
step:16601 source:(200, 18) loss:4.01708 lr:0.000035
step:16801 source:(200, 18) loss:3.9051 lr:0.000035
step:17001 source:(200, 18) loss:3.91411 lr:0.000035
step:17201 source:(200, 18) loss:3.93819 lr:0.000035
step:17401 source:(200, 18) loss:3.87477 lr:0.000035
step:17601 source:(200, 18) loss:4.00759 lr:0.000035
step:17801 source:(200, 18) loss:3.87291 lr:0.000035
epoch:35 test_present_rate:0.5 test_bleu:37.492844462394714 template_bleu:35.688406229019165
epoch:35 test_present_rate:0.5 test_bleu:37.513267993927 template_bleu:35.55803298950195
step:18001 source:(200, 18) loss:3.91806 lr:0.000035
step:18201 source:(200, 18) loss:3.93999 lr:0.000035
step:18401 source:(200, 18) loss:3.91986 lr:0.000035
step:18601 source:(200, 18) loss:3.98109 lr:0.000035
step:18801 source:(200, 18) loss:3.91726 lr:0.000035
step:19001 source:(200, 18) loss:3.90228 lr:0.000035
step:19201 source:(200, 18) loss:3.96724 lr:0.000035
step:19401 source:(200, 18) loss:3.91604 lr:0.000035
step:19601 source:(200, 18) loss:3.98073 lr:0.000035
step:19801 source:(200, 18) loss:3.90351 lr:0.000035
step:20001 source:(200, 18) loss:3.88687 lr:0.000035
step:20201 source:(200, 18) loss:3.93525 lr:0.000035
step:20401 source:(200, 18) loss:3.89314 lr:0.000035
epoch:40 test_present_rate:0.5 test_bleu:37.139421701431274 template_bleu:35.60666739940643
epoch:40 test_present_rate:0.5 test_bleu:37.57992386817932 template_bleu:35.573941469192505
step:20601 source:(200, 18) loss:3.94649 lr:0.000035
step:20801 source:(200, 18) loss:3.89282 lr:0.000035
step:21001 source:(200, 18) loss:3.93317 lr:0.000035
step:21201 source:(200, 18) loss:3.93131 lr:0.000035
step:21401 source:(200, 18) loss:3.91614 lr:0.000035
step:21601 source:(200, 18) loss:3.97211 lr:0.000004
step:21801 source:(200, 18) loss:3.9216 lr:0.000004
step:22001 source:(200, 18) loss:3.89994 lr:0.000004
step:22201 source:(200, 18) loss:3.9176 lr:0.000004
step:22401 source:(200, 18) loss:3.90847 lr:0.000004
step:22601 source:(200, 18) loss:3.96773 lr:0.000004
step:22801 source:(200, 18) loss:3.89644 lr:0.000004
epoch:45 test_present_rate:0.5 test_bleu:37.346577644348145 template_bleu:35.667720437049866
epoch:45 test_present_rate:0.5 test_bleu:37.672820687294006 template_bleu:35.56158244609833
step:23001 source:(200, 18) loss:3.8531 lr:0.000004
step:23201 source:(200, 18) loss:3.91457 lr:0.000004
step:23401 source:(200, 18) loss:3.91124 lr:0.000004
step:23601 source:(200, 18) loss:3.91699 lr:0.000004
step:23801 source:(200, 18) loss:3.9352 lr:0.000004
step:24001 source:(200, 18) loss:3.89656 lr:0.000004
step:24201 source:(200, 18) loss:3.93683 lr:0.000004
step:24401 source:(200, 18) loss:3.9522 lr:0.000004
step:24601 source:(200, 18) loss:3.96013 lr:0.000004
step:24801 source:(200, 18) loss:3.93726 lr:0.000004
