train_file:/home/syp/zwr/txtgen/examples/long_text/nmt_data.medium/nmt.train.txt
valid_file:/home/syp/zwr/txtgen/examples/long_text/nmt_data.medium/nmt.valid.txt
logdir:./log_dir/nmt.bsize400.epoch150.seqlen16.random.present0.5.partition2.hidden512.seq2seq/
epoch:0 test_bleu:16.216331720352173 template_bleu:43.5827374458313
epoch:0 train_bleu:17.997050285339355 template_bleu:45.790937542915344
step:1 source:(400, 18) loss:6.17665
step:201 source:(400, 18) loss:4.83
step:401 source:(400, 18) loss:4.05147
step:601 source:(400, 18) loss:4.03917
step:801 source:(400, 18) loss:4.06055
step:1001 source:(400, 18) loss:4.05507
step:1201 source:(400, 18) loss:4.0366
step:1401 source:(400, 18) loss:4.05965
step:1601 source:(400, 18) loss:4.10631
step:1801 source:(400, 18) loss:4.0381
step:2001 source:(400, 18) loss:4.02616
step:2201 source:(400, 18) loss:4.0257
step:2401 source:(400, 18) loss:3.99208
step:2601 source:(400, 18) loss:4.00428
step:2801 source:(400, 18) loss:3.98642
step:3001 source:(400, 18) loss:3.98171
step:3201 source:(400, 18) loss:4.04833
step:3401 source:(400, 18) loss:4.05809
step:3601 source:(400, 18) loss:3.96614
step:3801 source:(400, 18) loss:4.02401
step:4001 source:(400, 18) loss:4.00068
step:4201 source:(400, 18) loss:3.98496
step:4401 source:(400, 18) loss:4.0301
step:4601 source:(400, 18) loss:4.00652
step:4801 source:(400, 18) loss:3.95859
step:5001 source:(400, 18) loss:3.94741
step:5201 source:(400, 18) loss:3.95611
step:5401 source:(400, 18) loss:3.94834
step:5601 source:(400, 18) loss:3.93069
step:5801 source:(400, 18) loss:3.9466
step:6001 source:(400, 18) loss:3.94676
step:6201 source:(400, 18) loss:3.90996
epoch:5 test_bleu:45.011645555496216 template_bleu:43.576279282569885
epoch:5 train_bleu:50.7768988609314 template_bleu:45.64357101917267
step:6401 source:(400, 18) loss:3.9324
step:6601 source:(400, 18) loss:3.98286
step:6801 source:(400, 18) loss:3.94335
step:7001 source:(400, 18) loss:3.94297
step:7201 source:(400, 18) loss:3.94016
step:7401 source:(400, 18) loss:3.89979
step:7601 source:(400, 18) loss:3.8946
step:7801 source:(400, 18) loss:3.86247
step:8001 source:(400, 18) loss:3.85729
step:8201 source:(400, 18) loss:3.90477
step:8401 source:(400, 18) loss:3.89196
step:8601 source:(400, 18) loss:3.79113
step:8801 source:(400, 18) loss:3.81541
step:9001 source:(400, 18) loss:3.81887
step:9201 source:(400, 18) loss:3.76087
step:9401 source:(400, 18) loss:3.74906
step:9601 source:(400, 18) loss:3.77413
step:9801 source:(400, 18) loss:3.75096
step:10001 source:(400, 18) loss:3.68722
step:10201 source:(400, 18) loss:3.65905
step:10401 source:(400, 18) loss:3.67484
step:10601 source:(400, 18) loss:3.68439
step:10801 source:(400, 18) loss:3.66059
step:11001 source:(400, 18) loss:3.63267
step:11201 source:(400, 18) loss:3.64249
step:11401 source:(400, 18) loss:3.6207
step:11601 source:(400, 18) loss:3.69773
step:11801 source:(400, 18) loss:3.60907
step:12001 source:(400, 18) loss:3.62151
step:12201 source:(400, 18) loss:3.61039
step:12401 source:(400, 18) loss:3.53798
epoch:10 test_bleu:45.44949531555176 template_bleu:43.580809235572815
epoch:10 train_bleu:50.579577684402466 template_bleu:45.61410844326019
step:12601 source:(400, 18) loss:3.53849
step:12801 source:(400, 18) loss:3.55371
step:13001 source:(400, 18) loss:3.59123
step:13201 source:(400, 18) loss:3.57641
step:13401 source:(400, 18) loss:3.5771
step:13601 source:(400, 18) loss:3.52563
step:13801 source:(400, 18) loss:3.51005
step:14001 source:(400, 18) loss:3.50458
step:14201 source:(400, 18) loss:3.5108
step:14401 source:(400, 18) loss:3.48591
step:14601 source:(400, 18) loss:3.45988
step:14801 source:(400, 18) loss:3.46701
step:15001 source:(400, 18) loss:3.43977
step:15201 source:(400, 18) loss:3.41728
step:15401 source:(400, 18) loss:3.42306
step:15601 source:(400, 18) loss:3.43568
step:15801 source:(400, 18) loss:3.45064
step:16001 source:(400, 18) loss:3.40816
step:16201 source:(400, 18) loss:3.39247
step:16401 source:(400, 18) loss:3.42784
step:16601 source:(400, 18) loss:3.47248
step:16801 source:(400, 18) loss:3.40811
step:17001 source:(400, 18) loss:3.44929
step:17201 source:(400, 18) loss:3.43109
step:17401 source:(400, 18) loss:3.36534
step:17601 source:(400, 18) loss:3.3758
step:17801 source:(400, 18) loss:3.42087
step:18001 source:(400, 18) loss:3.38214
step:18201 source:(400, 18) loss:3.42778
step:18401 source:(400, 18) loss:3.41256
step:18601 source:(400, 18) loss:3.36857
epoch:15 test_bleu:45.28706967830658 template_bleu:43.44788193702698
epoch:15 train_bleu:51.98826789855957 template_bleu:45.6463098526001
step:18801 source:(400, 18) loss:3.33037
step:19001 source:(400, 18) loss:3.35906
step:19201 source:(400, 18) loss:3.38555
step:19401 source:(400, 18) loss:3.37929
step:19601 source:(400, 18) loss:3.34191
step:19801 source:(400, 18) loss:3.36541
step:20001 source:(400, 18) loss:3.31028
step:20201 source:(400, 18) loss:3.30769
step:20401 source:(400, 18) loss:3.30453
step:20601 source:(400, 18) loss:3.34688
step:20801 source:(400, 18) loss:3.35117
step:21001 source:(400, 18) loss:3.30129
step:21201 source:(400, 18) loss:3.32558
step:21401 source:(400, 18) loss:3.36421
step:21601 source:(400, 18) loss:3.42449
step:21801 source:(400, 18) loss:3.30594
step:22001 source:(400, 18) loss:3.37467
step:22201 source:(400, 18) loss:3.34788
step:22401 source:(400, 18) loss:3.28938
step:22601 source:(400, 18) loss:3.29427
step:22801 source:(400, 18) loss:3.30521
step:23001 source:(400, 18) loss:3.29382
step:23201 source:(400, 18) loss:3.36901
step:23401 source:(400, 18) loss:3.33858
step:23601 source:(400, 18) loss:3.29276
step:23801 source:(400, 18) loss:3.29488
step:24001 source:(400, 18) loss:3.31203
step:24201 source:(400, 18) loss:3.31934
step:24401 source:(400, 18) loss:3.33785
step:24601 source:(400, 18) loss:3.28648
step:24801 source:(400, 18) loss:3.32397
epoch:20 test_bleu:44.937071204185486 template_bleu:43.482500314712524
epoch:20 train_bleu:51.68616771697998 template_bleu:45.662543177604675
step:25001 source:(400, 18) loss:3.31315
step:25201 source:(400, 18) loss:3.23478
step:25401 source:(400, 18) loss:3.29764
step:25601 source:(400, 18) loss:3.25514
step:25801 source:(400, 18) loss:3.32644
step:26001 source:(400, 18) loss:3.26502
step:26201 source:(400, 18) loss:3.25367
step:26401 source:(400, 18) loss:3.31438
step:26601 source:(400, 18) loss:3.32164
step:26801 source:(400, 18) loss:3.28193
step:27001 source:(400, 18) loss:3.33935
step:27201 source:(400, 18) loss:3.32136
step:27401 source:(400, 18) loss:3.26054
step:27601 source:(400, 18) loss:3.27101
step:27801 source:(400, 18) loss:3.2958
step:28001 source:(400, 18) loss:3.29523
step:28201 source:(400, 18) loss:3.32299
step:28401 source:(400, 18) loss:3.29776
step:28601 source:(400, 18) loss:3.26884
step:28801 source:(400, 18) loss:3.2381
step:29001 source:(400, 18) loss:3.2946
step:29201 source:(400, 18) loss:3.29211
step:29401 source:(400, 18) loss:3.29694
step:29601 source:(400, 18) loss:3.26474
step:29801 source:(400, 18) loss:3.26944
step:30001 source:(400, 18) loss:3.27003
step:30201 source:(400, 18) loss:3.23231
step:30401 source:(400, 18) loss:3.23699
step:30601 source:(400, 18) loss:3.23668
step:30801 source:(400, 18) loss:3.27288
step:31001 source:(400, 18) loss:3.22135
step:31201 source:(400, 18) loss:3.26509
epoch:25 test_bleu:44.71846520900726 template_bleu:43.46520006656647
epoch:25 train_bleu:52.01652646064758 template_bleu:45.710283517837524
step:31401 source:(400, 18) loss:3.26602
step:31601 source:(400, 18) loss:3.329
step:31801 source:(400, 18) loss:3.22971
step:32001 source:(400, 18) loss:3.2946
step:32201 source:(400, 18) loss:3.29756
step:32401 source:(400, 18) loss:3.22599
step:32601 source:(400, 18) loss:3.22283
step:32801 source:(400, 18) loss:3.2456
step:33001 source:(400, 18) loss:3.23475
step:33201 source:(400, 18) loss:3.2927
step:33401 source:(400, 18) loss:3.25987
step:33601 source:(400, 18) loss:3.25546
step:33801 source:(400, 18) loss:3.24961
step:34001 source:(400, 18) loss:3.28759
step:34201 source:(400, 18) loss:3.2813
step:34401 source:(400, 18) loss:3.25287
step:34601 source:(400, 18) loss:3.23281
step:34801 source:(400, 18) loss:3.25187
step:35001 source:(400, 18) loss:3.22998
step:35201 source:(400, 18) loss:3.21402
step:35401 source:(400, 18) loss:3.23079
step:35601 source:(400, 18) loss:3.23456
step:35801 source:(400, 18) loss:3.26138
step:36001 source:(400, 18) loss:3.21904
step:36201 source:(400, 18) loss:3.23145
step:36401 source:(400, 18) loss:3.25102
step:36601 source:(400, 18) loss:3.28473
step:36801 source:(400, 18) loss:3.22888
step:37001 source:(400, 18) loss:3.27423
step:37201 source:(400, 18) loss:3.27939
step:37401 source:(400, 18) loss:3.20249
epoch:30 test_bleu:44.93703544139862 template_bleu:43.73103678226471
epoch:30 train_bleu:52.62935161590576 template_bleu:45.715731382369995
step:37601 source:(400, 18) loss:3.22545
step:37801 source:(400, 18) loss:3.25429
step:38001 source:(400, 18) loss:3.23504
step:38201 source:(400, 18) loss:3.30335
step:38401 source:(400, 18) loss:3.25873
step:38601 source:(400, 18) loss:3.2468
step:38801 source:(400, 18) loss:3.2325
step:39001 source:(400, 18) loss:3.23779
step:39201 source:(400, 18) loss:3.25593
step:39401 source:(400, 18) loss:3.26799
step:39601 source:(400, 18) loss:3.22922
step:39801 source:(400, 18) loss:3.27479
step:40001 source:(400, 18) loss:3.23101
step:40201 source:(400, 18) loss:3.1828
step:40401 source:(400, 18) loss:3.23399
step:40601 source:(400, 18) loss:3.19944
step:40801 source:(400, 18) loss:3.2644
step:41001 source:(400, 18) loss:3.18851
step:41201 source:(400, 18) loss:3.25603
step:41401 source:(400, 18) loss:3.22638
step:41601 source:(400, 18) loss:3.28591
step:41801 source:(400, 18) loss:3.22811
step:42001 source:(400, 18) loss:3.27224
step:42201 source:(400, 18) loss:3.25454
step:42401 source:(400, 18) loss:3.18395
step:42601 source:(400, 18) loss:3.20925
step:42801 source:(400, 18) loss:3.2195
step:43001 source:(400, 18) loss:3.21741
step:43201 source:(400, 18) loss:3.25014
step:43401 source:(400, 18) loss:3.25762
step:43601 source:(400, 18) loss:3.24166
epoch:35 test_bleu:44.41319406032562 template_bleu:43.413081765174866
epoch:35 train_bleu:52.5896430015564 template_bleu:45.73860764503479
step:43801 source:(400, 18) loss:3.23053
step:44001 source:(400, 18) loss:3.24641
step:44201 source:(400, 18) loss:3.25701
step:44401 source:(400, 18) loss:3.24466
step:44601 source:(400, 18) loss:3.22527
step:44801 source:(400, 18) loss:3.23727
step:45001 source:(400, 18) loss:3.18863
step:45201 source:(400, 18) loss:3.19813
step:45401 source:(400, 18) loss:3.22086
step:45601 source:(400, 18) loss:3.18922
step:45801 source:(400, 18) loss:3.23545
step:46001 source:(400, 18) loss:3.18357
step:46201 source:(400, 18) loss:3.23758
step:46401 source:(400, 18) loss:3.24758
step:46601 source:(400, 18) loss:3.26493
step:46801 source:(400, 18) loss:3.20082
step:47001 source:(400, 18) loss:3.23724
step:47201 source:(400, 18) loss:3.22861
step:47401 source:(400, 18) loss:3.20548
step:47601 source:(400, 18) loss:3.217
step:47801 source:(400, 18) loss:3.21837
step:48001 source:(400, 18) loss:3.2292
step:48201 source:(400, 18) loss:3.26608
step:48401 source:(400, 18) loss:3.24319
step:48601 source:(400, 18) loss:3.20614
step:48801 source:(400, 18) loss:3.198
step:49001 source:(400, 18) loss:3.23053
step:49201 source:(400, 18) loss:3.24944
step:49401 source:(400, 18) loss:3.25353
step:49601 source:(400, 18) loss:3.17493
step:49801 source:(400, 18) loss:3.2303
epoch:40 test_bleu:44.674500823020935 template_bleu:43.35179924964905
epoch:40 train_bleu:52.969521284103394 template_bleu:45.71378231048584
step:50001 source:(400, 18) loss:3.18115
step:50201 source:(400, 18) loss:3.15977
step:50401 source:(400, 18) loss:3.20961
step:50601 source:(400, 18) loss:3.20489
step:50801 source:(400, 18) loss:3.21457
step:51001 source:(400, 18) loss:3.19044
step:51201 source:(400, 18) loss:3.1875
step:51401 source:(400, 18) loss:3.20975
step:51601 source:(400, 18) loss:3.26781
step:51801 source:(400, 18) loss:3.19486
step:52001 source:(400, 18) loss:3.23437
step:52201 source:(400, 18) loss:3.23424
step:52401 source:(400, 18) loss:3.14321
step:52601 source:(400, 18) loss:3.19994
step:52801 source:(400, 18) loss:3.21402
step:53001 source:(400, 18) loss:3.20979
step:53201 source:(400, 18) loss:3.2575
step:53401 source:(400, 18) loss:3.23417
step:53601 source:(400, 18) loss:3.19393
step:53801 source:(400, 18) loss:3.22965
step:54001 source:(400, 18) loss:3.2087
step:54201 source:(400, 18) loss:3.23253
step:54401 source:(400, 18) loss:3.24139
step:54601 source:(400, 18) loss:3.18518
step:54801 source:(400, 18) loss:3.22301
step:55001 source:(400, 18) loss:3.21538
step:55201 source:(400, 18) loss:3.16671
step:55401 source:(400, 18) loss:3.19689
step:55601 source:(400, 18) loss:3.18444
step:55801 source:(400, 18) loss:3.18799
step:56001 source:(400, 18) loss:3.15742
step:56201 source:(400, 18) loss:3.1986
epoch:45 test_bleu:45.134711265563965 template_bleu:43.54371428489685
epoch:45 train_bleu:52.89252996444702 template_bleu:45.72924077510834
step:56401 source:(400, 18) loss:3.21408
step:56601 source:(400, 18) loss:3.25239
step:56801 source:(400, 18) loss:3.19898
step:57001 source:(400, 18) loss:3.23164
step:57201 source:(400, 18) loss:3.24138
step:57401 source:(400, 18) loss:3.15729
step:57601 source:(400, 18) loss:3.18434
step:57801 source:(400, 18) loss:3.2012
step:58001 source:(400, 18) loss:3.21791
step:58201 source:(400, 18) loss:3.25161
step:58401 source:(400, 18) loss:3.18368
step:58601 source:(400, 18) loss:3.2055
step:58801 source:(400, 18) loss:3.21003
step:59001 source:(400, 18) loss:3.22184
step:59201 source:(400, 18) loss:3.22661
step:59401 source:(400, 18) loss:3.24372
step:59601 source:(400, 18) loss:3.18852
step:59801 source:(400, 18) loss:3.23168
step:60001 source:(400, 18) loss:3.19393
step:60201 source:(400, 18) loss:3.16158
step:60401 source:(400, 18) loss:3.21346
step:60601 source:(400, 18) loss:3.19668
step:60801 source:(400, 18) loss:3.19927
step:61001 source:(400, 18) loss:3.13443
step:61201 source:(400, 18) loss:3.20105
step:61401 source:(400, 18) loss:3.22285
step:61601 source:(400, 18) loss:3.24115
step:61801 source:(400, 18) loss:3.19981
step:62001 source:(400, 18) loss:3.24212
step:62201 source:(400, 18) loss:3.22681
step:62401 source:(400, 18) loss:3.17867
epoch:50 test_bleu:45.49284875392914 template_bleu:43.588435649871826
epoch:50 train_bleu:52.85528302192688 template_bleu:45.66439986228943
step:62601 source:(400, 18) loss:3.19085
step:62801 source:(400, 18) loss:3.19417
step:63001 source:(400, 18) loss:3.21147
step:63201 source:(400, 18) loss:3.24473
step:63401 source:(400, 18) loss:3.24244
step:63601 source:(400, 18) loss:3.19612
step:63801 source:(400, 18) loss:3.18413
step:64001 source:(400, 18) loss:3.20688
step:64201 source:(400, 18) loss:3.21052
step:64401 source:(400, 18) loss:3.24274
step:64601 source:(400, 18) loss:3.17803
step:64801 source:(400, 18) loss:3.2072
step:65001 source:(400, 18) loss:3.21603
step:65201 source:(400, 18) loss:3.1701
step:65401 source:(400, 18) loss:3.2166
step:65601 source:(400, 18) loss:3.20587
step:65801 source:(400, 18) loss:3.25297
step:66001 source:(400, 18) loss:3.17164
step:66201 source:(400, 18) loss:3.22636
step:66401 source:(400, 18) loss:3.20877
step:66601 source:(400, 18) loss:3.25543
step:66801 source:(400, 18) loss:3.19237
step:67001 source:(400, 18) loss:3.25831
step:67201 source:(400, 18) loss:3.2176
step:67401 source:(400, 18) loss:3.14373
step:67601 source:(400, 18) loss:3.19092
step:67801 source:(400, 18) loss:3.18989
step:68001 source:(400, 18) loss:3.19701
step:68201 source:(400, 18) loss:3.2316
step:68401 source:(400, 18) loss:3.20719
step:68601 source:(400, 18) loss:3.1998
epoch:55 test_bleu:45.8909809589386 template_bleu:43.7025249004364
epoch:55 train_bleu:52.989280223846436 template_bleu:45.70606052875519
step:68801 source:(400, 18) loss:3.20084
step:69001 source:(400, 18) loss:3.21444
step:69201 source:(400, 18) loss:3.22095
step:69401 source:(400, 18) loss:3.26467
step:69601 source:(400, 18) loss:3.16293
step:69801 source:(400, 18) loss:3.22423
step:70001 source:(400, 18) loss:3.22988
step:70201 source:(400, 18) loss:3.15646
step:70401 source:(400, 18) loss:3.19798
step:70601 source:(400, 18) loss:3.18425
step:70801 source:(400, 18) loss:3.22395
step:71001 source:(400, 18) loss:3.18127
step:71201 source:(400, 18) loss:3.18599
step:71401 source:(400, 18) loss:3.20945
step:71601 source:(400, 18) loss:3.25848
step:71801 source:(400, 18) loss:3.19614
step:72001 source:(400, 18) loss:3.23373
step:72201 source:(400, 18) loss:3.22531
step:72401 source:(400, 18) loss:3.17954
step:72601 source:(400, 18) loss:3.17698
step:72801 source:(400, 18) loss:3.18373
step:73001 source:(400, 18) loss:3.16862
step:73201 source:(400, 18) loss:3.21174
step:73401 source:(400, 18) loss:3.22687
step:73601 source:(400, 18) loss:3.21799
step:73801 source:(400, 18) loss:3.19154
step:74001 source:(400, 18) loss:3.21433
step:74201 source:(400, 18) loss:3.21344
step:74401 source:(400, 18) loss:3.22048
step:74601 source:(400, 18) loss:3.16962
step:74801 source:(400, 18) loss:3.2024
epoch:60 test_bleu:44.071412086486816 template_bleu:43.66412162780762
epoch:60 train_bleu:53.268444538116455 template_bleu:45.67563831806183
step:75001 source:(400, 18) loss:3.15553
step:75201 source:(400, 18) loss:3.13953
step:75401 source:(400, 18) loss:3.18798
step:75601 source:(400, 18) loss:3.15986
step:75801 source:(400, 18) loss:3.21517
step:76001 source:(400, 18) loss:3.13914
step:76201 source:(400, 18) loss:3.19026
step:76401 source:(400, 18) loss:3.20414
step:76601 source:(400, 18) loss:3.25005
step:76801 source:(400, 18) loss:3.17167
step:77001 source:(400, 18) loss:3.21229
step:77201 source:(400, 18) loss:3.21549
step:77401 source:(400, 18) loss:3.16066
step:77601 source:(400, 18) loss:3.16266
step:77801 source:(400, 18) loss:3.17731
step:78001 source:(400, 18) loss:3.20426
step:78201 source:(400, 18) loss:3.2435
step:78401 source:(400, 18) loss:3.19432
step:78601 source:(400, 18) loss:3.19755
step:78801 source:(400, 18) loss:3.17872
step:79001 source:(400, 18) loss:3.21668
step:79201 source:(400, 18) loss:3.24491
step:79401 source:(400, 18) loss:3.23744
step:79601 source:(400, 18) loss:3.16857
step:79801 source:(400, 18) loss:3.20091
step:80001 source:(400, 18) loss:3.16904
step:80201 source:(400, 18) loss:3.13093
step:80401 source:(400, 18) loss:3.19004
step:80601 source:(400, 18) loss:3.16344
step:80801 source:(400, 18) loss:3.21195
step:81001 source:(400, 18) loss:3.12831
step:81201 source:(400, 18) loss:3.20658
epoch:65 test_bleu:44.10776495933533 template_bleu:43.50701570510864
epoch:65 train_bleu:53.136658668518066 template_bleu:45.67236304283142
step:81401 source:(400, 18) loss:3.19282
step:81601 source:(400, 18) loss:3.2434
step:81801 source:(400, 18) loss:3.17419
step:82001 source:(400, 18) loss:3.24363
step:82201 source:(400, 18) loss:3.22058
step:82401 source:(400, 18) loss:3.16419
step:82601 source:(400, 18) loss:3.16216
step:82801 source:(400, 18) loss:3.18562
step:83001 source:(400, 18) loss:3.20226
step:83201 source:(400, 18) loss:3.25591
step:83401 source:(400, 18) loss:3.23628
step:83601 source:(400, 18) loss:3.18662
step:83801 source:(400, 18) loss:3.19331
step:84001 source:(400, 18) loss:3.21571
step:84201 source:(400, 18) loss:3.21967
step:84401 source:(400, 18) loss:3.22215
step:84601 source:(400, 18) loss:3.14011
step:84801 source:(400, 18) loss:3.19032
step:85001 source:(400, 18) loss:3.16216
step:85201 source:(400, 18) loss:3.15772
step:85401 source:(400, 18) loss:3.16876
step:85601 source:(400, 18) loss:3.16098
step:85801 source:(400, 18) loss:3.21517
step:86001 source:(400, 18) loss:3.12195
step:86201 source:(400, 18) loss:3.21035
step:86401 source:(400, 18) loss:3.19564
step:86601 source:(400, 18) loss:3.21923
step:86801 source:(400, 18) loss:3.15125
step:87001 source:(400, 18) loss:3.20551
step:87201 source:(400, 18) loss:3.22152
step:87401 source:(400, 18) loss:3.16468
epoch:70 test_bleu:42.72325336933136 template_bleu:43.47603619098663
epoch:70 train_bleu:52.952080965042114 template_bleu:45.694950222969055
step:87601 source:(400, 18) loss:3.16381
step:87801 source:(400, 18) loss:3.17359
step:88001 source:(400, 18) loss:3.17009
step:88201 source:(400, 18) loss:3.23061
step:88401 source:(400, 18) loss:3.22767
step:88601 source:(400, 18) loss:3.19022
step:88801 source:(400, 18) loss:3.17675
step:89001 source:(400, 18) loss:3.194
step:89201 source:(400, 18) loss:3.23067
step:89401 source:(400, 18) loss:3.18869
step:89601 source:(400, 18) loss:3.19045
step:89801 source:(400, 18) loss:3.20218
step:90001 source:(400, 18) loss:3.19658
step:90201 source:(400, 18) loss:3.14433
step:90401 source:(400, 18) loss:3.18352
step:90601 source:(400, 18) loss:3.20725
step:90801 source:(400, 18) loss:3.22417
step:91001 source:(400, 18) loss:3.1416
step:91201 source:(400, 18) loss:3.19989
step:91401 source:(400, 18) loss:3.19213
step:91601 source:(400, 18) loss:3.22743
step:91801 source:(400, 18) loss:3.17837
step:92001 source:(400, 18) loss:3.21927
step:92201 source:(400, 18) loss:3.18672
step:92401 source:(400, 18) loss:3.13494
step:92601 source:(400, 18) loss:3.16826
step:92801 source:(400, 18) loss:3.18274
step:93001 source:(400, 18) loss:3.17501
step:93201 source:(400, 18) loss:3.25629
step:93401 source:(400, 18) loss:3.20241
step:93601 source:(400, 18) loss:3.18536
epoch:75 test_bleu:41.64628982543945 template_bleu:43.51371228694916
epoch:75 train_bleu:51.8770694732666 template_bleu:45.65698504447937
step:93801 source:(400, 18) loss:3.19257
step:94001 source:(400, 18) loss:3.19235
step:94201 source:(400, 18) loss:3.24074
step:94401 source:(400, 18) loss:3.19885
step:94601 source:(400, 18) loss:3.16747
step:94801 source:(400, 18) loss:3.19992
step:95001 source:(400, 18) loss:3.16353
step:95201 source:(400, 18) loss:3.14522
step:95401 source:(400, 18) loss:3.17127
step:95601 source:(400, 18) loss:3.17215
step:95801 source:(400, 18) loss:3.21078
step:96001 source:(400, 18) loss:3.1415
step:96201 source:(400, 18) loss:3.2057
step:96401 source:(400, 18) loss:3.18605
step:96601 source:(400, 18) loss:3.22733
step:96801 source:(400, 18) loss:3.18372
step:97001 source:(400, 18) loss:3.23326
step:97201 source:(400, 18) loss:3.21321
step:97401 source:(400, 18) loss:3.15646
step:97601 source:(400, 18) loss:3.16185
step:97801 source:(400, 18) loss:3.19421
step:98001 source:(400, 18) loss:3.19353
step:98201 source:(400, 18) loss:3.2624
step:98401 source:(400, 18) loss:3.21892
step:98601 source:(400, 18) loss:3.18288
step:98801 source:(400, 18) loss:3.16142
step:99001 source:(400, 18) loss:3.19752
step:99201 source:(400, 18) loss:3.2194
step:99401 source:(400, 18) loss:3.20287
step:99601 source:(400, 18) loss:3.13518
step:99801 source:(400, 18) loss:3.1723
epoch:80 test_bleu:44.08265948295593 template_bleu:43.487030267715454
epoch:80 train_bleu:53.22299599647522 template_bleu:45.72309851646423
step:100001 source:(400, 18) loss:3.17789
step:100201 source:(400, 18) loss:3.12965
step:100401 source:(400, 18) loss:3.17624
step:100601 source:(400, 18) loss:3.17842
step:100801 source:(400, 18) loss:3.19228
step:101001 source:(400, 18) loss:3.15029
step:101201 source:(400, 18) loss:3.17902
step:101401 source:(400, 18) loss:3.18086
step:101601 source:(400, 18) loss:3.21435
step:101801 source:(400, 18) loss:3.15519
step:102001 source:(400, 18) loss:3.20854
step:102201 source:(400, 18) loss:3.2217
step:102401 source:(400, 18) loss:3.13959
step:102601 source:(400, 18) loss:3.15374
step:102801 source:(400, 18) loss:3.14816
step:103001 source:(400, 18) loss:3.18296
step:103201 source:(400, 18) loss:3.23701
step:103401 source:(400, 18) loss:3.17975
step:103601 source:(400, 18) loss:3.17582
step:103801 source:(400, 18) loss:3.18577
step:104001 source:(400, 18) loss:3.18158
step:104201 source:(400, 18) loss:3.20871
step:104401 source:(400, 18) loss:3.1968
step:104601 source:(400, 18) loss:3.16361
step:104801 source:(400, 18) loss:3.18915
step:105001 source:(400, 18) loss:3.18465
step:105201 source:(400, 18) loss:3.12044
step:105401 source:(400, 18) loss:3.20036
step:105601 source:(400, 18) loss:3.17046
step:105801 source:(400, 18) loss:3.20414
step:106001 source:(400, 18) loss:3.14333
step:106201 source:(400, 18) loss:3.18994
epoch:85 test_bleu:44.02914643287659 template_bleu:43.50195527076721
epoch:85 train_bleu:53.122133016586304 template_bleu:45.73644995689392
step:106401 source:(400, 18) loss:3.21753
step:106601 source:(400, 18) loss:3.23168
step:106801 source:(400, 18) loss:3.18686
step:107001 source:(400, 18) loss:3.23043
step:107201 source:(400, 18) loss:3.20977
step:107401 source:(400, 18) loss:3.15029
step:107601 source:(400, 18) loss:3.16174
step:107801 source:(400, 18) loss:3.16507
step:108001 source:(400, 18) loss:3.19866
step:108201 source:(400, 18) loss:3.24695
step:108401 source:(400, 18) loss:3.19287
step:108601 source:(400, 18) loss:3.17369
step:108801 source:(400, 18) loss:3.16949
step:109001 source:(400, 18) loss:3.21036
step:109201 source:(400, 18) loss:3.20368
step:109401 source:(400, 18) loss:3.1802
step:109601 source:(400, 18) loss:3.15516
step:109801 source:(400, 18) loss:3.21135
step:110001 source:(400, 18) loss:3.1787
step:110201 source:(400, 18) loss:3.1241
step:110401 source:(400, 18) loss:3.17538
step:110601 source:(400, 18) loss:3.1638
step:110801 source:(400, 18) loss:3.21058
step:111001 source:(400, 18) loss:3.14289
step:111201 source:(400, 18) loss:3.20906
step:111401 source:(400, 18) loss:3.22128
step:111601 source:(400, 18) loss:3.21367
step:111801 source:(400, 18) loss:3.14655
step:112001 source:(400, 18) loss:3.2081
step:112201 source:(400, 18) loss:3.20046
step:112401 source:(400, 18) loss:3.17307
epoch:90 test_bleu:44.17816996574402 template_bleu:43.37066411972046
epoch:90 train_bleu:53.23408246040344 template_bleu:45.71809768676758
step:112601 source:(400, 18) loss:3.15928
step:112801 source:(400, 18) loss:3.16528
step:113001 source:(400, 18) loss:3.19379
step:113201 source:(400, 18) loss:3.25818
step:113401 source:(400, 18) loss:3.19656
step:113601 source:(400, 18) loss:3.17819
step:113801 source:(400, 18) loss:3.17841
step:114001 source:(400, 18) loss:3.18768
step:114201 source:(400, 18) loss:3.19012
step:114401 source:(400, 18) loss:3.20115
step:114601 source:(400, 18) loss:3.14655
step:114801 source:(400, 18) loss:3.18918
step:115001 source:(400, 18) loss:3.14817
step:115201 source:(400, 18) loss:3.14126
step:115401 source:(400, 18) loss:3.19185
step:115601 source:(400, 18) loss:3.17765
step:115801 source:(400, 18) loss:3.18927
step:116001 source:(400, 18) loss:3.12781
step:116201 source:(400, 18) loss:3.19826
step:116401 source:(400, 18) loss:3.17892
step:116601 source:(400, 18) loss:3.20726
step:116801 source:(400, 18) loss:3.16474
step:117001 source:(400, 18) loss:3.21891
step:117201 source:(400, 18) loss:3.19941
step:117401 source:(400, 18) loss:3.11994
step:117601 source:(400, 18) loss:3.16284
step:117801 source:(400, 18) loss:3.14619
step:118001 source:(400, 18) loss:3.16778
step:118201 source:(400, 18) loss:3.20871
step:118401 source:(400, 18) loss:3.21076
step:118601 source:(400, 18) loss:3.17295
epoch:95 test_bleu:45.53837776184082 template_bleu:43.53392720222473
epoch:95 train_bleu:53.243041038513184 template_bleu:45.708709955215454
step:118801 source:(400, 18) loss:3.18401
step:119001 source:(400, 18) loss:3.15705
step:119201 source:(400, 18) loss:3.2085
step:119401 source:(400, 18) loss:3.19103
step:119601 source:(400, 18) loss:3.16209
step:119801 source:(400, 18) loss:3.16648
step:120001 source:(400, 18) loss:3.18904
step:120201 source:(400, 18) loss:3.10084
step:120401 source:(400, 18) loss:3.15371
step:120601 source:(400, 18) loss:3.17252
step:120801 source:(400, 18) loss:3.1882
step:121001 source:(400, 18) loss:3.12175
step:121201 source:(400, 18) loss:3.1843
step:121401 source:(400, 18) loss:3.20753
step:121601 source:(400, 18) loss:3.19841
step:121801 source:(400, 18) loss:3.14542
step:122001 source:(400, 18) loss:3.23178
step:122201 source:(400, 18) loss:3.18873
step:122401 source:(400, 18) loss:3.13261
step:122601 source:(400, 18) loss:3.17707
step:122801 source:(400, 18) loss:3.19814
step:123001 source:(400, 18) loss:3.17407
step:123201 source:(400, 18) loss:3.22577
step:123401 source:(400, 18) loss:3.22475
step:123601 source:(400, 18) loss:3.18042
step:123801 source:(400, 18) loss:3.15733
step:124001 source:(400, 18) loss:3.16472
step:124201 source:(400, 18) loss:3.2102
step:124401 source:(400, 18) loss:3.20358
step:124601 source:(400, 18) loss:3.13756
step:124801 source:(400, 18) loss:3.18003
epoch:100 test_bleu:45.90568542480469 template_bleu:43.68433356285095
epoch:100 train_bleu:53.352510929107666 template_bleu:45.73686420917511
step:125001 source:(400, 18) loss:3.16824
step:125201 source:(400, 18) loss:3.10881
step:125401 source:(400, 18) loss:3.18025
step:125601 source:(400, 18) loss:3.15671
step:125801 source:(400, 18) loss:3.19236
step:126001 source:(400, 18) loss:3.11955
step:126201 source:(400, 18) loss:3.17041
step:126401 source:(400, 18) loss:3.19551
step:126601 source:(400, 18) loss:3.21857
step:126801 source:(400, 18) loss:3.14506
step:127001 source:(400, 18) loss:3.23472
step:127201 source:(400, 18) loss:3.20164
step:127401 source:(400, 18) loss:3.12777
step:127601 source:(400, 18) loss:3.13738
step:127801 source:(400, 18) loss:3.1747
step:128001 source:(400, 18) loss:3.21069
step:128201 source:(400, 18) loss:3.22794
step:128401 source:(400, 18) loss:3.19336
step:128601 source:(400, 18) loss:3.16615
step:128801 source:(400, 18) loss:3.16155
step:129001 source:(400, 18) loss:3.16375
step:129201 source:(400, 18) loss:3.19005
step:129401 source:(400, 18) loss:3.21361
step:129601 source:(400, 18) loss:3.12703
step:129801 source:(400, 18) loss:3.19292
step:130001 source:(400, 18) loss:3.16654
step:130201 source:(400, 18) loss:3.12608
step:130401 source:(400, 18) loss:3.16941
step:130601 source:(400, 18) loss:3.16692
step:130801 source:(400, 18) loss:3.20311
step:131001 source:(400, 18) loss:3.12728
step:131201 source:(400, 18) loss:3.18587
epoch:105 test_bleu:45.95499336719513 template_bleu:43.53829324245453
epoch:105 train_bleu:53.477656841278076 template_bleu:45.79254388809204
step:131401 source:(400, 18) loss:3.17785
step:131601 source:(400, 18) loss:3.22546
step:131801 source:(400, 18) loss:3.13313
step:132001 source:(400, 18) loss:3.20902
step:132201 source:(400, 18) loss:3.20454
step:132401 source:(400, 18) loss:3.12915
step:132601 source:(400, 18) loss:3.15313
step:132801 source:(400, 18) loss:3.18228
step:133001 source:(400, 18) loss:3.15014
step:133201 source:(400, 18) loss:3.21229
step:133401 source:(400, 18) loss:3.19538
step:133601 source:(400, 18) loss:3.1592
step:133801 source:(400, 18) loss:3.16852
step:134001 source:(400, 18) loss:3.16436
step:134201 source:(400, 18) loss:3.19641
step:134401 source:(400, 18) loss:3.18936
step:134601 source:(400, 18) loss:3.14846
step:134801 source:(400, 18) loss:3.19807
step:135001 source:(400, 18) loss:3.15406
step:135201 source:(400, 18) loss:3.15253
step:135401 source:(400, 18) loss:3.15859
step:135601 source:(400, 18) loss:3.13429
step:135801 source:(400, 18) loss:3.15453
step:136001 source:(400, 18) loss:3.1174
step:136201 source:(400, 18) loss:3.1826
step:136401 source:(400, 18) loss:3.17688
step:136601 source:(400, 18) loss:3.18742
step:136801 source:(400, 18) loss:3.1587
step:137001 source:(400, 18) loss:3.21696
step:137201 source:(400, 18) loss:3.16801
step:137401 source:(400, 18) loss:3.13983
epoch:110 test_bleu:45.81559896469116 template_bleu:43.5560405254364
epoch:110 train_bleu:53.31767797470093 template_bleu:45.75793147087097
step:137601 source:(400, 18) loss:3.13842
step:137801 source:(400, 18) loss:3.14936
step:138001 source:(400, 18) loss:3.17379
step:138201 source:(400, 18) loss:3.20211
step:138401 source:(400, 18) loss:3.18023
step:138601 source:(400, 18) loss:3.1524
step:138801 source:(400, 18) loss:3.19269
step:139001 source:(400, 18) loss:3.14653
step:139201 source:(400, 18) loss:3.19171
step:139401 source:(400, 18) loss:3.18737
step:139601 source:(400, 18) loss:3.12942
step:139801 source:(400, 18) loss:3.17514
step:140001 source:(400, 18) loss:3.17509
step:140201 source:(400, 18) loss:3.10829
step:140401 source:(400, 18) loss:3.1617
step:140601 source:(400, 18) loss:3.17526
step:140801 source:(400, 18) loss:3.16742
step:141001 source:(400, 18) loss:3.1201
step:141201 source:(400, 18) loss:3.17622
step:141401 source:(400, 18) loss:3.16833
step:141601 source:(400, 18) loss:3.20673
step:141801 source:(400, 18) loss:3.1656
step:142001 source:(400, 18) loss:3.18945
step:142201 source:(400, 18) loss:3.19303
step:142401 source:(400, 18) loss:3.12596
step:142601 source:(400, 18) loss:3.13073
step:142801 source:(400, 18) loss:3.19523
step:143001 source:(400, 18) loss:3.17931
step:143201 source:(400, 18) loss:3.24295
step:143401 source:(400, 18) loss:3.18656
step:143601 source:(400, 18) loss:3.17688
epoch:115 test_bleu:45.74759304523468 template_bleu:43.51073205471039
epoch:115 train_bleu:53.44313383102417 template_bleu:45.827218890190125
step:143801 source:(400, 18) loss:3.16504
step:144001 source:(400, 18) loss:3.17557
step:144201 source:(400, 18) loss:3.18191
step:144401 source:(400, 18) loss:3.19273
step:144601 source:(400, 18) loss:3.12096
step:144801 source:(400, 18) loss:3.18469
step:145001 source:(400, 18) loss:3.1625
step:145201 source:(400, 18) loss:3.12593
step:145401 source:(400, 18) loss:3.15833
step:145601 source:(400, 18) loss:3.12407
step:145801 source:(400, 18) loss:3.19748
step:146001 source:(400, 18) loss:3.13617
step:146201 source:(400, 18) loss:3.17378
step:146401 source:(400, 18) loss:3.16891
step:146601 source:(400, 18) loss:3.21173
step:146801 source:(400, 18) loss:3.1348
step:147001 source:(400, 18) loss:3.22054
step:147201 source:(400, 18) loss:3.16083
step:147401 source:(400, 18) loss:3.12043
step:147601 source:(400, 18) loss:3.15677
step:147801 source:(400, 18) loss:3.16142
step:148001 source:(400, 18) loss:3.16968
step:148201 source:(400, 18) loss:3.22201
step:148401 source:(400, 18) loss:3.19087
step:148601 source:(400, 18) loss:3.15921
step:148801 source:(400, 18) loss:3.149
step:149001 source:(400, 18) loss:3.16855
step:149201 source:(400, 18) loss:3.16983
step:149401 source:(400, 18) loss:3.17769
step:149601 source:(400, 18) loss:3.12747
step:149801 source:(400, 18) loss:3.19927
epoch:120 test_bleu:45.87514400482178 template_bleu:43.61649751663208
epoch:120 train_bleu:53.513169288635254 template_bleu:45.67840397357941
step:150001 source:(400, 18) loss:3.15974
step:150201 source:(400, 18) loss:3.12284
step:150401 source:(400, 18) loss:3.15054
step:150601 source:(400, 18) loss:3.17074
step:150801 source:(400, 18) loss:3.17584
step:151001 source:(400, 18) loss:3.11782
step:151201 source:(400, 18) loss:3.18728
step:151401 source:(400, 18) loss:3.18382
step:151601 source:(400, 18) loss:3.18506
step:151801 source:(400, 18) loss:3.13444
step:152001 source:(400, 18) loss:3.2034
step:152201 source:(400, 18) loss:3.18673
step:152401 source:(400, 18) loss:3.1373
