train_file:/home/syp/zwr/txtgen/examples/long_text/yelp_data/pos/pos.train.txt
valid_file:/home/syp/zwr/txtgen/examples/long_text/yelp_data/pos/pos.valid.txt
logdir:./log_dir/pos.bsize400.epoch150.seqlen16.dynamic_lr.fixed_mask.present0.6.partition1.hidden512/
epoch:0 test_present_rate:0.6 test_bleu:30.93721866607666 template_bleu:56.838154792785645 test_loss:8.685717582702637 test_ppl:6279.58056640625 
epoch:0 test_present_rate:0.6 train_bleu:30.63787817955017 template_bleu:56.631070375442505 train_loss:8.606783866882324 train_ppl:5479.68408203125 
step:1 source:(400, 17) loss:8.624087 ppl:5564.082031 lr:0.000000
step:201 source:(400, 17) loss:6.752480 ppl:856.179077 lr:0.000003
step:401 source:(400, 17) loss:5.875720 ppl:356.280914 lr:0.000005
step:601 source:(400, 17) loss:5.433347 ppl:228.914185 lr:0.000008
step:801 source:(400, 17) loss:5.161428 ppl:174.413422 lr:0.000011
step:1001 source:(400, 17) loss:4.999475 ppl:148.335190 lr:0.000013
step:1201 source:(400, 17) loss:4.884748 ppl:132.257065 lr:0.000016
epoch:5 test_present_rate:0.6 test_bleu:58.849191665649414 template_bleu:56.838154792785645 test_loss:4.712316513061523 test_ppl:119.69446563720703 
epoch:5 test_present_rate:0.6 train_bleu:58.49381685256958 template_bleu:56.631070375442505 train_loss:4.75730037689209 train_ppl:116.64226531982422 
step:1401 source:(400, 17) loss:4.756516 ppl:116.339890 lr:0.000019
step:1601 source:(400, 17) loss:4.567010 ppl:96.255867 lr:0.000021
step:1801 source:(400, 17) loss:4.615527 ppl:101.041031 lr:0.000024
step:2001 source:(400, 17) loss:4.577204 ppl:97.242104 lr:0.000027
step:2201 source:(400, 17) loss:4.457458 ppl:86.267982 lr:0.000029
step:2401 source:(400, 17) loss:4.396269 ppl:81.147568 lr:0.000032
step:2601 source:(400, 17) loss:4.416380 ppl:82.796013 lr:0.000034
epoch:10 test_present_rate:0.6 test_bleu:58.73025059700012 template_bleu:56.838154792785645 test_loss:4.359346866607666 test_ppl:84.15482330322266 
epoch:10 test_present_rate:0.6 train_bleu:58.37915539741516 template_bleu:56.631070375442505 train_loss:4.361828804016113 train_ppl:78.53675842285156 
step:2801 source:(400, 17) loss:4.383831 ppl:80.144440 lr:0.000037
step:3001 source:(400, 17) loss:4.229877 ppl:68.708748 lr:0.000040
step:3201 source:(400, 17) loss:4.272922 ppl:71.730896 lr:0.000042
step:3401 source:(400, 17) loss:4.330924 ppl:76.014458 lr:0.000045
step:3601 source:(400, 17) loss:4.320072 ppl:75.194016 lr:0.000048
step:3801 source:(400, 17) loss:4.192861 ppl:66.211929 lr:0.000050
epoch:15 test_present_rate:0.6 test_bleu:58.756351470947266 template_bleu:56.838154792785645 test_loss:4.1677656173706055 test_ppl:69.77179718017578 
epoch:15 test_present_rate:0.6 train_bleu:58.39853286743164 template_bleu:56.631070375442505 train_loss:4.100893020629883 train_ppl:60.483726501464844 
step:4001 source:(400, 17) loss:4.181592 ppl:65.470001 lr:0.000053
step:4201 source:(400, 17) loss:4.135793 ppl:62.539146 lr:0.000056
step:4401 source:(400, 17) loss:4.056535 ppl:57.773766 lr:0.000058
step:4601 source:(400, 17) loss:3.928879 ppl:50.849945 lr:0.000061
step:4801 source:(400, 17) loss:3.966538 ppl:52.801426 lr:0.000064
step:5001 source:(400, 17) loss:3.930806 ppl:50.948032 lr:0.000066
step:5201 source:(400, 17) loss:3.858464 ppl:47.392479 lr:0.000069
epoch:20 test_present_rate:0.6 test_bleu:59.712153673172 template_bleu:56.838154792785645 test_loss:3.974029779434204 test_ppl:57.799503326416016 
epoch:20 test_present_rate:0.6 train_bleu:59.26496982574463 template_bleu:56.631070375442505 train_loss:3.8344106674194336 train_ppl:46.329200744628906 
step:5401 source:(400, 17) loss:3.974360 ppl:53.216022 lr:0.000072
step:5601 source:(400, 17) loss:3.866828 ppl:47.790562 lr:0.000074
step:5801 source:(400, 17) loss:3.895849 ppl:49.197792 lr:0.000077
step:6001 source:(400, 17) loss:3.759985 ppl:42.947800 lr:0.000080
step:6201 source:(400, 17) loss:3.757877 ppl:42.857338 lr:0.000082
step:6401 source:(400, 17) loss:3.683476 ppl:39.784454 lr:0.000085
epoch:25 test_present_rate:0.6 test_bleu:60.26201844215393 template_bleu:56.838154792785645 test_loss:3.838383436203003 test_ppl:50.438995361328125 
epoch:25 test_present_rate:0.6 train_bleu:60.0317120552063 template_bleu:56.631070375442505 train_loss:3.5977187156677246 train_ppl:36.558616638183594 
step:6601 source:(400, 17) loss:3.795845 ppl:44.515827 lr:0.000088
step:6801 source:(400, 17) loss:3.704146 ppl:40.615364 lr:0.000090
step:7001 source:(400, 17) loss:3.578303 ppl:35.812729 lr:0.000093
step:7201 source:(400, 17) loss:3.701715 ppl:40.516720 lr:0.000095
step:7401 source:(400, 17) loss:3.548308 ppl:34.754452 lr:0.000098
step:7601 source:(400, 17) loss:3.505323 ppl:33.292187 lr:0.000101
step:7801 source:(400, 17) loss:3.550053 ppl:34.815159 lr:0.000103
epoch:30 test_present_rate:0.6 test_bleu:61.20358109474182 template_bleu:56.838154792785645 test_loss:3.769289016723633 test_ppl:47.110374450683594 
epoch:30 test_present_rate:0.6 train_bleu:60.74867248535156 template_bleu:56.631070375442505 train_loss:3.4062721729278564 train_ppl:30.1828556060791 
step:8001 source:(400, 17) loss:3.568935 ppl:35.478775 lr:0.000106
step:8201 source:(400, 17) loss:3.413946 ppl:30.384897 lr:0.000109
step:8401 source:(400, 17) loss:3.441856 ppl:31.244907 lr:0.000111
step:8601 source:(400, 17) loss:3.445230 ppl:31.350500 lr:0.000114
step:8801 source:(400, 17) loss:3.426543 ppl:30.770071 lr:0.000117
step:9001 source:(400, 17) loss:3.365224 ppl:28.939976 lr:0.000119
epoch:35 test_present_rate:0.6 test_bleu:61.45008206367493 template_bleu:56.838154792785645 test_loss:3.723789691925049 test_ppl:45.163753509521484 
epoch:35 test_present_rate:0.6 train_bleu:61.39246225357056 template_bleu:56.631070375442505 train_loss:3.2353196144104004 train_ppl:25.436819076538086 
step:9201 source:(400, 17) loss:3.494585 ppl:32.936604 lr:0.000122
step:9401 source:(400, 17) loss:3.333228 ppl:28.028669 lr:0.000125
step:9601 source:(400, 17) loss:3.357675 ppl:28.722322 lr:0.000127
step:9801 source:(400, 17) loss:3.286146 ppl:26.739609 lr:0.000130
step:10001 source:(400, 17) loss:3.390748 ppl:29.688137 lr:0.000133
step:10201 source:(400, 17) loss:3.336097 ppl:28.109188 lr:0.000131
step:10401 source:(400, 17) loss:3.255764 ppl:25.939419 lr:0.000130
epoch:40 test_present_rate:0.6 test_bleu:61.89935803413391 template_bleu:56.838154792785645 test_loss:3.711536169052124 test_ppl:44.953521728515625 
epoch:40 test_present_rate:0.6 train_bleu:61.95767521858215 template_bleu:56.631070375442505 train_loss:3.1099793910980225 train_ppl:22.438508987426758 
step:10601 source:(400, 17) loss:3.327828 ppl:27.877724 lr:0.000129
step:10801 source:(400, 17) loss:3.257780 ppl:25.991779 lr:0.000128
step:11001 source:(400, 17) loss:3.299263 ppl:27.092670 lr:0.000126
step:11201 source:(400, 17) loss:3.256205 ppl:25.950863 lr:0.000125
step:11401 source:(400, 17) loss:3.243674 ppl:25.627693 lr:0.000124
step:11601 source:(400, 17) loss:3.191302 ppl:24.320066 lr:0.000123
epoch:45 test_present_rate:0.6 test_bleu:62.00640797615051 template_bleu:56.838154792785645 test_loss:3.715409278869629 test_ppl:45.436683654785156 
epoch:45 test_present_rate:0.6 train_bleu:62.421590089797974 template_bleu:56.631070375442505 train_loss:3.017584800720215 train_ppl:20.45684051513672 
step:11801 source:(400, 17) loss:3.218649 ppl:24.994328 lr:0.000122
step:12001 source:(400, 17) loss:3.223317 ppl:25.111286 lr:0.000121
step:12201 source:(400, 17) loss:3.156904 ppl:23.497746 lr:0.000120
step:12401 source:(400, 17) loss:3.212391 ppl:24.838413 lr:0.000119
step:12601 source:(400, 17) loss:3.155928 ppl:23.474821 lr:0.000118
step:12801 source:(400, 17) loss:3.215998 ppl:24.928156 lr:0.000117
step:13001 source:(400, 17) loss:3.165014 ppl:23.689075 lr:0.000116
epoch:50 test_present_rate:0.6 test_bleu:62.30638027191162 template_bleu:56.838154792785645 test_loss:3.6805505752563477 test_ppl:44.099796295166016 
epoch:50 test_present_rate:0.6 train_bleu:62.821757793426514 template_bleu:56.631070375442505 train_loss:2.9440014362335205 train_ppl:19.004337310791016 
step:13201 source:(400, 17) loss:3.192440 ppl:24.347771 lr:0.000115
step:13401 source:(400, 17) loss:3.087943 ppl:21.931919 lr:0.000115
step:13601 source:(400, 17) loss:3.081359 ppl:21.787985 lr:0.000114
step:13801 source:(400, 17) loss:3.130136 ppl:22.877102 lr:0.000113
step:14001 source:(400, 17) loss:3.108742 ppl:22.392862 lr:0.000112
step:14201 source:(400, 17) loss:3.168848 ppl:23.780075 lr:0.000111
epoch:55 test_present_rate:0.6 test_bleu:62.52189874649048 template_bleu:56.838154792785645 test_loss:3.684093713760376 test_ppl:44.31253433227539 
epoch:55 test_present_rate:0.6 train_bleu:63.07634711265564 template_bleu:56.631070375442505 train_loss:2.9002840518951416 train_ppl:18.19170570373535 
step:14401 source:(400, 17) loss:3.078725 ppl:21.730675 lr:0.000110
step:14601 source:(400, 17) loss:3.056565 ppl:21.254419 lr:0.000110
step:14801 source:(400, 17) loss:3.079302 ppl:21.743227 lr:0.000109
step:15001 source:(400, 17) loss:3.078944 ppl:21.735441 lr:0.000108
step:15201 source:(400, 17) loss:3.108403 ppl:22.385277 lr:0.000108
step:15401 source:(400, 17) loss:3.122118 ppl:22.694395 lr:0.000107
step:15601 source:(400, 17) loss:3.107568 ppl:22.366583 lr:0.000106
epoch:60 test_present_rate:0.6 test_bleu:62.48367428779602 template_bleu:56.838154792785645 test_loss:3.680607795715332 test_ppl:44.49446105957031 
epoch:60 test_present_rate:0.6 train_bleu:63.51744532585144 template_bleu:56.631070375442505 train_loss:2.857543706893921 train_ppl:17.430408477783203 
step:15801 source:(400, 17) loss:3.080621 ppl:21.771908 lr:0.000105
step:16001 source:(400, 17) loss:3.045864 ppl:21.028198 lr:0.000105
step:16201 source:(400, 17) loss:3.075199 ppl:21.654198 lr:0.000104
step:16401 source:(400, 17) loss:3.109799 ppl:22.416531 lr:0.000104
step:16601 source:(400, 17) loss:3.022236 ppl:20.537169 lr:0.000103
step:16801 source:(400, 17) loss:2.994099 ppl:19.967360 lr:0.000102
epoch:65 test_present_rate:0.6 test_bleu:62.9040002822876 template_bleu:56.838154792785645 test_loss:3.663381338119507 test_ppl:43.56403350830078 
epoch:65 test_present_rate:0.6 train_bleu:63.71011734008789 template_bleu:56.631070375442505 train_loss:2.834319591522217 train_ppl:17.030006408691406 
step:17001 source:(400, 17) loss:3.055624 ppl:21.234432 lr:0.000102
step:17201 source:(400, 17) loss:3.073425 ppl:21.615801 lr:0.000101
step:17401 source:(400, 17) loss:2.968855 ppl:19.469608 lr:0.000101
step:17601 source:(400, 17) loss:2.978164 ppl:19.651707 lr:0.000100
step:17801 source:(400, 17) loss:3.016758 ppl:20.424971 lr:0.000099
step:18001 source:(400, 17) loss:3.053720 ppl:21.194050 lr:0.000099
step:18201 source:(400, 17) loss:3.011998 ppl:20.327978 lr:0.000098
epoch:70 test_present_rate:0.6 test_bleu:62.968993186950684 template_bleu:56.838154792785645 test_loss:3.6511898040771484 test_ppl:43.067771911621094 
epoch:70 test_present_rate:0.6 train_bleu:64.05602097511292 template_bleu:56.631070375442505 train_loss:2.799253225326538 train_ppl:16.443143844604492 
step:18401 source:(400, 17) loss:3.113452 ppl:22.498575 lr:0.000098
step:18601 source:(400, 17) loss:3.074848 ppl:21.646585 lr:0.000097
step:18801 source:(400, 17) loss:3.072026 ppl:21.585581 lr:0.000097
step:19001 source:(400, 17) loss:2.984441 ppl:19.775450 lr:0.000096
step:19201 source:(400, 17) loss:2.993433 ppl:19.954058 lr:0.000096
step:19401 source:(400, 17) loss:3.007005 ppl:20.226730 lr:0.000095
epoch:75 test_present_rate:0.6 test_bleu:62.91385293006897 template_bleu:56.838154792785645 test_loss:3.6559343338012695 test_ppl:43.363643646240234 
epoch:75 test_present_rate:0.6 train_bleu:64.39569592475891 template_bleu:56.631070375442505 train_loss:2.7738795280456543 train_ppl:16.03056526184082 
step:19601 source:(400, 17) loss:3.042688 ppl:20.961504 lr:0.000095
step:19801 source:(400, 17) loss:2.947317 ppl:19.054764 lr:0.000094
step:20001 source:(400, 17) loss:3.028544 ppl:20.667118 lr:0.000094
step:20201 source:(400, 17) loss:2.987354 ppl:19.833139 lr:0.000093
step:20401 source:(400, 17) loss:3.086614 ppl:21.902782 lr:0.000093
step:20601 source:(400, 17) loss:3.045781 ppl:21.026449 lr:0.000092
step:20801 source:(400, 17) loss:2.993937 ppl:19.964123 lr:0.000092
epoch:80 test_present_rate:0.6 test_bleu:62.92675733566284 template_bleu:56.838154792785645 test_loss:3.6620116233825684 test_ppl:43.57815933227539 
epoch:80 test_present_rate:0.6 train_bleu:64.57844376564026 template_bleu:56.631070375442505 train_loss:2.7606799602508545 train_ppl:15.820428848266602 
step:21001 source:(400, 17) loss:2.985519 ppl:19.796778 lr:0.000091
step:21201 source:(400, 17) loss:2.923401 ppl:18.604452 lr:0.000091
step:21401 source:(400, 17) loss:2.946432 ppl:19.037899 lr:0.000091
step:21601 source:(400, 17) loss:2.999796 ppl:20.081434 lr:0.000090
step:21801 source:(400, 17) loss:2.915602 ppl:18.459930 lr:0.000090
step:22001 source:(400, 17) loss:2.993770 ppl:19.960787 lr:0.000089
epoch:85 test_present_rate:0.6 test_bleu:62.85989284515381 template_bleu:56.838154792785645 test_loss:3.6769509315490723 test_ppl:44.340476989746094 
epoch:85 test_present_rate:0.6 train_bleu:64.92411494255066 template_bleu:56.631070375442505 train_loss:2.7253730297088623 train_ppl:15.271429061889648 
step:22201 source:(400, 17) loss:2.976431 ppl:19.617670 lr:0.000089
step:22401 source:(400, 17) loss:2.937444 ppl:18.867554 lr:0.000089
step:22601 source:(400, 17) loss:2.970945 ppl:19.510355 lr:0.000088
step:22801 source:(400, 17) loss:2.906298 ppl:18.288961 lr:0.000088
step:23001 source:(400, 17) loss:2.929535 ppl:18.718931 lr:0.000087
step:23201 source:(400, 17) loss:2.981957 ppl:19.726377 lr:0.000087
step:23401 source:(400, 17) loss:2.954474 ppl:19.191620 lr:0.000087
epoch:90 test_present_rate:0.6 test_bleu:62.94231414794922 template_bleu:56.838154792785645 test_loss:3.6651785373687744 test_ppl:43.881065368652344 
epoch:90 test_present_rate:0.6 train_bleu:65.1552140712738 template_bleu:56.631070375442505 train_loss:2.703977108001709 train_ppl:14.947903633117676 
step:23601 source:(400, 17) loss:3.014874 ppl:20.386517 lr:0.000086
step:23801 source:(400, 17) loss:2.882315 ppl:17.855555 lr:0.000086
step:24001 source:(400, 17) loss:2.983261 ppl:19.752115 lr:0.000086
step:24201 source:(400, 17) loss:2.902277 ppl:18.215580 lr:0.000085
step:24401 source:(400, 17) loss:2.921684 ppl:18.572533 lr:0.000085
step:24601 source:(400, 17) loss:2.900222 ppl:18.178181 lr:0.000085
epoch:95 test_present_rate:0.6 test_bleu:63.01093101501465 template_bleu:56.838154792785645 test_loss:3.677694320678711 test_ppl:44.5640869140625 
epoch:95 test_present_rate:0.6 train_bleu:65.40257930755615 template_bleu:56.631070375442505 train_loss:2.691938638687134 train_ppl:14.769991874694824 
step:24801 source:(400, 17) loss:2.850872 ppl:17.302868 lr:0.000084
step:25001 source:(400, 17) loss:2.998865 ppl:20.062746 lr:0.000084
step:25201 source:(400, 17) loss:2.889564 ppl:17.985472 lr:0.000084
step:25401 source:(400, 17) loss:2.860095 ppl:17.463179 lr:0.000083
step:25601 source:(400, 17) loss:2.963233 ppl:19.360468 lr:0.000083
step:25801 source:(400, 17) loss:2.944090 ppl:18.993378 lr:0.000083
step:26001 source:(400, 17) loss:2.810384 ppl:16.616295 lr:0.000082
epoch:100 test_present_rate:0.6 test_bleu:63.00642490386963 template_bleu:56.838154792785645 test_loss:3.6593198776245117 test_ppl:43.666263580322266 
epoch:100 test_present_rate:0.6 train_bleu:65.63456058502197 template_bleu:56.631070375442505 train_loss:2.6578991413116455 train_ppl:14.275063514709473 
step:26201 source:(400, 17) loss:2.889284 ppl:17.980425 lr:0.000082
step:26401 source:(400, 17) loss:2.894947 ppl:18.082535 lr:0.000082
step:26601 source:(400, 17) loss:2.948781 ppl:19.082682 lr:0.000081
step:26801 source:(400, 17) loss:2.907291 ppl:18.307131 lr:0.000081
step:27001 source:(400, 17) loss:2.920479 ppl:18.550167 lr:0.000081
step:27201 source:(400, 17) loss:2.898121 ppl:18.140036 lr:0.000080
step:27401 source:(400, 17) loss:2.904680 ppl:18.259409 lr:0.000080
epoch:105 test_present_rate:0.6 test_bleu:63.37537169456482 template_bleu:56.838154792785645 test_loss:3.678778886795044 test_ppl:44.69065475463867 
epoch:105 test_present_rate:0.6 train_bleu:65.81995487213135 template_bleu:56.631070375442505 train_loss:2.6561167240142822 train_ppl:14.249913215637207 
step:27601 source:(400, 17) loss:2.964946 ppl:19.393652 lr:0.000080
step:27801 source:(400, 17) loss:2.893225 ppl:18.051426 lr:0.000080
step:28001 source:(400, 17) loss:2.890459 ppl:18.001568 lr:0.000079
step:28201 source:(400, 17) loss:2.913542 ppl:18.421938 lr:0.000079
step:28401 source:(400, 17) loss:2.898255 ppl:18.142462 lr:0.000079
step:28601 source:(400, 17) loss:2.911612 ppl:18.386414 lr:0.000078
epoch:110 test_present_rate:0.6 test_bleu:63.27322721481323 template_bleu:56.838154792785645 test_loss:3.6767189502716064 test_ppl:44.55519104003906 
epoch:110 test_present_rate:0.6 train_bleu:66.03986024856567 template_bleu:56.631070375442505 train_loss:2.631110429763794 train_ppl:13.897794723510742 
step:28801 source:(400, 17) loss:2.941782 ppl:18.949579 lr:0.000078
step:29001 source:(400, 17) loss:2.818521 ppl:16.752056 lr:0.000078
step:29201 source:(400, 17) loss:2.867421 ppl:17.591593 lr:0.000078
step:29401 source:(400, 17) loss:2.921067 ppl:18.561081 lr:0.000077
step:29601 source:(400, 17) loss:2.873444 ppl:17.697866 lr:0.000077
step:29801 source:(400, 17) loss:2.835978 ppl:17.047064 lr:0.000077
step:30001 source:(400, 17) loss:2.909267 ppl:18.343351 lr:0.000077
epoch:115 test_present_rate:0.6 test_bleu:63.561224937438965 template_bleu:56.838154792785645 test_loss:3.6791226863861084 test_ppl:44.77326965332031 
epoch:115 test_present_rate:0.6 train_bleu:66.29701852798462 template_bleu:56.631070375442505 train_loss:2.6287057399749756 train_ppl:13.865826606750488 
step:30201 source:(400, 17) loss:2.908441 ppl:18.328196 lr:0.000076
step:30401 source:(400, 17) loss:2.814655 ppl:16.687418 lr:0.000076
step:30601 source:(400, 17) loss:2.882426 ppl:17.857534 lr:0.000076
step:30801 source:(400, 17) loss:2.823318 ppl:16.832605 lr:0.000076
step:31001 source:(400, 17) loss:2.901569 ppl:18.202684 lr:0.000075
step:31201 source:(400, 17) loss:2.879501 ppl:17.805387 lr:0.000075
epoch:120 test_present_rate:0.6 test_bleu:63.47454786300659 template_bleu:56.838154792785645 test_loss:3.674675703048706 test_ppl:44.81016159057617 
epoch:120 test_present_rate:0.6 train_bleu:66.55162572860718 template_bleu:56.631070375442505 train_loss:2.5986318588256836 train_ppl:13.454288482666016 
step:31401 source:(400, 17) loss:2.836250 ppl:17.051702 lr:0.000075
step:31601 source:(400, 17) loss:2.911605 ppl:18.386292 lr:0.000075
step:31801 source:(400, 17) loss:2.839229 ppl:17.102568 lr:0.000074
step:32001 source:(400, 17) loss:2.872297 ppl:17.677574 lr:0.000074
step:32201 source:(400, 17) loss:2.808515 ppl:16.585276 lr:0.000074
step:32401 source:(400, 17) loss:2.834920 ppl:17.029032 lr:0.000074
step:32601 source:(400, 17) loss:2.860990 ppl:17.478827 lr:0.000073
epoch:125 test_present_rate:0.6 test_bleu:62.6404345035553 template_bleu:56.838154792785645 test_loss:3.6834065914154053 test_ppl:45.1268196105957 
epoch:125 test_present_rate:0.6 train_bleu:66.85291528701782 template_bleu:56.631070375442505 train_loss:2.5778279304504395 train_ppl:13.177157402038574 
step:32801 source:(400, 17) loss:2.880965 ppl:17.831469 lr:0.000073
step:33001 source:(400, 17) loss:2.848254 ppl:17.257627 lr:0.000073
step:33201 source:(400, 17) loss:2.878452 ppl:17.786711 lr:0.000073
step:33401 source:(400, 17) loss:2.866703 ppl:17.578966 lr:0.000073
step:33601 source:(400, 17) loss:2.872783 ppl:17.686165 lr:0.000072
step:33801 source:(400, 17) loss:2.854871 ppl:17.372189 lr:0.000072
epoch:130 test_present_rate:0.6 test_bleu:63.50843906402588 template_bleu:56.838154792785645 test_loss:3.6683928966522217 test_ppl:44.42909622192383 
epoch:130 test_present_rate:0.6 train_bleu:66.92065596580505 template_bleu:56.631070375442505 train_loss:2.5523791313171387 train_ppl:12.844645500183105 
step:34001 source:(400, 17) loss:3.258090 ppl:25.999830 lr:0.000072
step:34201 source:(400, 17) loss:2.861375 ppl:17.485554 lr:0.000072
step:34401 source:(400, 17) loss:2.851806 ppl:17.319038 lr:0.000071
step:34601 source:(400, 17) loss:2.826317 ppl:16.883163 lr:0.000071
step:34801 source:(400, 17) loss:2.869023 ppl:17.619801 lr:0.000071
step:35001 source:(400, 17) loss:2.828283 ppl:16.916395 lr:0.000071
step:35201 source:(400, 17) loss:2.819635 ppl:16.770727 lr:0.000071
epoch:135 test_present_rate:0.6 test_bleu:63.42402696609497 template_bleu:56.838154792785645 test_loss:3.6625092029571533 test_ppl:44.11279296875 
epoch:135 test_present_rate:0.6 train_bleu:67.23613739013672 template_bleu:56.631070375442505 train_loss:2.538038730621338 train_ppl:12.66228199005127 
step:35401 source:(400, 17) loss:2.902847 ppl:18.225958 lr:0.000070
step:35601 source:(400, 17) loss:2.889783 ppl:17.989399 lr:0.000070
step:35801 source:(400, 17) loss:2.883987 ppl:17.885439 lr:0.000070
step:36001 source:(400, 17) loss:2.843359 ppl:17.173363 lr:0.000070
step:36201 source:(400, 17) loss:2.870872 ppl:17.652405 lr:0.000070
step:36401 source:(400, 17) loss:2.804391 ppl:16.517012 lr:0.000069
epoch:140 test_present_rate:0.6 test_bleu:63.42753767967224 template_bleu:56.838154792785645 test_loss:3.7265028953552246 test_ppl:47.604339599609375 
epoch:140 test_present_rate:0.6 train_bleu:67.21051931381226 template_bleu:56.631070375442505 train_loss:2.575709819793701 train_ppl:13.15054702758789 
step:36601 source:(400, 17) loss:2.871177 ppl:17.657797 lr:0.000069
step:36801 source:(86, 17) loss:1.882091 ppl:6.567225 lr:0.000069
step:37001 source:(400, 17) loss:2.748848 ppl:15.624625 lr:0.000069
step:37201 source:(400, 17) loss:2.865876 ppl:17.564428 lr:0.000069
step:37401 source:(400, 17) loss:2.789397 ppl:16.271206 lr:0.000069
step:37601 source:(400, 17) loss:2.852778 ppl:17.335882 lr:0.000068
step:37801 source:(400, 17) loss:2.779259 ppl:16.107080 lr:0.000068
epoch:145 test_present_rate:0.6 test_bleu:63.45045566558838 template_bleu:56.838154792785645 test_loss:3.6661288738250732 test_ppl:44.47657775878906 
epoch:145 test_present_rate:0.6 train_bleu:67.56735444068909 template_bleu:56.631070375442505 train_loss:2.511357069015503 train_ppl:12.328760147094727 
step:38001 source:(400, 17) loss:2.813768 ppl:16.672617 lr:0.000068
step:38201 source:(400, 17) loss:2.830284 ppl:16.950272 lr:0.000068
step:38401 source:(400, 17) loss:2.868773 ppl:17.615398 lr:0.000068
step:38601 source:(400, 17) loss:2.798762 ppl:16.424299 lr:0.000067
step:38801 source:(400, 17) loss:2.742849 ppl:15.531176 lr:0.000067
epoch:149 test_present_rate:0.6 test_bleu:63.54316473007202 template_bleu:56.838154792785645 test_loss:3.6763062477111816 test_ppl:44.86443328857422 
epoch:149 test_present_rate:0.6 train_bleu:67.3840582370758 template_bleu:56.631070375442505 train_loss:2.53847336769104 train_ppl:12.66664981842041 
step:39001 source:(400, 17) loss:2.791768 ppl:16.309832 lr:0.000067
/home/syp/miniconda2/envs/newtf/lib/python3.6/importlib/_bootstrap.py:205: RuntimeWarning: compiletime version 3.5 of module 'tensorflow.python.framework.fast_tensor_util' does not match runtime version 3.6
  return f(*args, **kwds)
