train_file:/home/syp/zwr/txtgen/examples/long_text/yelp_data/pos/pos.train.txt
valid_file:/home/syp/zwr/txtgen/examples/long_text/yelp_data/pos/pos.valid.txt
logdir:./log_dir/pos.bsize400.epoch150.seqlen16.static_lr.fixed_mask.present0.6.partition2.hidden512.seq2seq/
epoch:0 test_bleu:12.527918815612793 template_bleu:38.33605349063873
epoch:0 train_bleu:12.269073724746704 template_bleu:37.789154052734375
step:1 source:(400, 17) loss:8.25807 lr:0.001000
step:201 source:(400, 17) loss:4.20155 lr:0.001000
step:401 source:(400, 17) loss:4.05638 lr:0.001000
step:601 source:(400, 17) loss:3.90194 lr:0.001000
step:801 source:(400, 17) loss:3.70582 lr:0.001000
step:1001 source:(400, 17) loss:3.6504 lr:0.001000
step:1201 source:(400, 17) loss:3.58117 lr:0.001000
epoch:5 test_bleu:55.86406588554382 template_bleu:38.33605349063873
epoch:5 train_bleu:55.79218864440918 template_bleu:37.789154052734375
step:1401 source:(400, 17) loss:3.45264 lr:0.001000
step:1601 source:(400, 17) loss:3.30024 lr:0.001000
step:1801 source:(400, 17) loss:3.33468 lr:0.001000
step:2001 source:(400, 17) loss:3.34082 lr:0.001000
step:2201 source:(400, 17) loss:3.22349 lr:0.001000
step:2401 source:(400, 17) loss:3.17372 lr:0.001000
step:2601 source:(400, 17) loss:3.13543 lr:0.001000
epoch:10 test_bleu:56.178122758865356 template_bleu:38.33605349063873
epoch:10 train_bleu:56.03837966918945 template_bleu:37.789154052734375
step:2801 source:(400, 17) loss:3.09535 lr:0.001000
step:3001 source:(400, 17) loss:3.01824 lr:0.001000
step:3201 source:(400, 17) loss:3.01254 lr:0.001000
step:3401 source:(400, 17) loss:2.97419 lr:0.001000
step:3601 source:(400, 17) loss:2.93258 lr:0.001000
step:3801 source:(400, 17) loss:2.94006 lr:0.001000
epoch:15 test_bleu:56.303393840789795 template_bleu:38.33605349063873
epoch:15 train_bleu:56.144994497299194 template_bleu:37.789154052734375
step:4001 source:(400, 17) loss:2.84514 lr:0.001000
step:4201 source:(400, 17) loss:2.83863 lr:0.001000
step:4401 source:(400, 17) loss:2.80096 lr:0.001000
step:4601 source:(400, 17) loss:2.71773 lr:0.001000
step:4801 source:(400, 17) loss:2.72434 lr:0.001000
step:5001 source:(400, 17) loss:2.65163 lr:0.001000
step:5201 source:(400, 17) loss:2.63712 lr:0.001000
epoch:20 test_bleu:56.22853636741638 template_bleu:38.33605349063873
epoch:20 train_bleu:56.416523456573486 template_bleu:37.789154052734375
step:5401 source:(400, 17) loss:2.63485 lr:0.001000
step:5601 source:(400, 17) loss:2.61997 lr:0.001000
step:5801 source:(400, 17) loss:2.58342 lr:0.001000
step:6001 source:(400, 17) loss:2.55078 lr:0.001000
step:6201 source:(400, 17) loss:2.51546 lr:0.001000
step:6401 source:(400, 17) loss:2.48626 lr:0.001000
epoch:25 test_bleu:56.139492988586426 template_bleu:38.33605349063873
epoch:25 train_bleu:56.22367858886719 template_bleu:37.789154052734375
step:6601 source:(400, 17) loss:2.47502 lr:0.001000
step:6801 source:(400, 17) loss:2.44539 lr:0.001000
step:7001 source:(400, 17) loss:2.43958 lr:0.001000
step:7201 source:(400, 17) loss:2.38619 lr:0.001000
step:7401 source:(400, 17) loss:2.36014 lr:0.001000
step:7601 source:(400, 17) loss:2.35344 lr:0.001000
step:7801 source:(400, 17) loss:2.33431 lr:0.001000
epoch:30 test_bleu:56.065428256988525 template_bleu:38.33605349063873
epoch:30 train_bleu:56.466859579086304 template_bleu:37.789154052734375
step:8001 source:(400, 17) loss:2.28881 lr:0.001000
step:8201 source:(400, 17) loss:2.27707 lr:0.001000
step:8401 source:(400, 17) loss:2.31499 lr:0.001000
step:8601 source:(400, 17) loss:2.29702 lr:0.001000
step:8801 source:(400, 17) loss:2.2809 lr:0.001000
step:9001 source:(400, 17) loss:2.26501 lr:0.001000
epoch:35 test_bleu:56.313639879226685 template_bleu:38.33605349063873
epoch:35 train_bleu:56.55860900878906 template_bleu:37.789154052734375
step:9201 source:(400, 17) loss:2.21066 lr:0.001000
step:9401 source:(400, 17) loss:2.20944 lr:0.001000
step:9601 source:(400, 17) loss:2.20684 lr:0.001000
step:9801 source:(400, 17) loss:2.20001 lr:0.001000
step:10001 source:(400, 17) loss:2.18242 lr:0.001000
step:10201 source:(400, 17) loss:2.15491 lr:0.001000
step:10401 source:(400, 17) loss:2.14465 lr:0.001000
epoch:40 test_bleu:56.07002377510071 template_bleu:38.33605349063873
epoch:40 train_bleu:56.695181131362915 template_bleu:37.789154052734375
step:10601 source:(400, 17) loss:2.14836 lr:0.001000
step:10801 source:(400, 17) loss:2.11555 lr:0.001000
step:11001 source:(400, 17) loss:2.11171 lr:0.001000
step:11201 source:(400, 17) loss:2.1424 lr:0.001000
step:11401 source:(400, 17) loss:2.11535 lr:0.001000
step:11601 source:(400, 17) loss:2.1175 lr:0.001000
epoch:45 test_bleu:56.16058707237244 template_bleu:38.33605349063873
epoch:45 train_bleu:57.51517415046692 template_bleu:37.789154052734375
step:11801 source:(400, 17) loss:2.0621 lr:0.001000
step:12001 source:(400, 17) loss:2.09994 lr:0.001000
step:12201 source:(400, 17) loss:2.04929 lr:0.001000
step:12401 source:(400, 17) loss:2.0913 lr:0.001000
step:12601 source:(400, 17) loss:2.02762 lr:0.001000
step:12801 source:(400, 17) loss:2.07034 lr:0.001000
step:13001 source:(400, 17) loss:2.01875 lr:0.001000
epoch:50 test_bleu:54.06946539878845 template_bleu:38.33605349063873
epoch:50 train_bleu:57.85292387008667 template_bleu:37.789154052734375
step:13201 source:(400, 17) loss:2.0256 lr:0.001000
step:13401 source:(400, 17) loss:2.03043 lr:0.001000
step:13601 source:(400, 17) loss:1.99718 lr:0.001000
step:13801 source:(400, 17) loss:1.97365 lr:0.001000
step:14001 source:(400, 17) loss:1.99392 lr:0.001000
step:14201 source:(400, 17) loss:1.99092 lr:0.001000
epoch:55 test_bleu:55.00924587249756 template_bleu:38.33605349063873
epoch:55 train_bleu:58.85125994682312 template_bleu:37.789154052734375
step:14401 source:(400, 17) loss:1.98149 lr:0.001000
step:14601 source:(400, 17) loss:1.97024 lr:0.001000
step:14801 source:(400, 17) loss:1.96343 lr:0.001000
step:15001 source:(400, 17) loss:1.97887 lr:0.001000
step:15201 source:(400, 17) loss:1.9481 lr:0.001000
step:15401 source:(400, 17) loss:2.00096 lr:0.001000
step:15601 source:(400, 17) loss:1.94143 lr:0.001000
epoch:60 test_bleu:55.92384338378906 template_bleu:38.33605349063873
epoch:60 train_bleu:58.55960249900818 template_bleu:37.789154052734375
step:15801 source:(400, 17) loss:1.96278 lr:0.001000
step:16001 source:(400, 17) loss:1.97196 lr:0.001000
step:16201 source:(400, 17) loss:1.95599 lr:0.001000
step:16401 source:(400, 17) loss:1.92596 lr:0.001000
step:16601 source:(400, 17) loss:1.9097 lr:0.001000
step:16801 source:(400, 17) loss:1.96277 lr:0.001000
epoch:65 test_bleu:53.80617380142212 template_bleu:38.33605349063873
epoch:65 train_bleu:60.719358921051025 template_bleu:37.789154052734375
step:17001 source:(400, 17) loss:1.91106 lr:0.001000
step:17201 source:(400, 17) loss:1.89455 lr:0.001000
step:17401 source:(400, 17) loss:1.93684 lr:0.001000
step:17601 source:(400, 17) loss:1.92681 lr:0.001000
step:17801 source:(400, 17) loss:1.93072 lr:0.001000
step:18001 source:(400, 17) loss:1.90796 lr:0.001000
step:18201 source:(400, 17) loss:1.89862 lr:0.001000
epoch:70 test_bleu:56.311964988708496 template_bleu:38.33605349063873
epoch:70 train_bleu:57.42565393447876 template_bleu:37.789154052734375
step:18401 source:(400, 17) loss:1.91853 lr:0.001000
step:18601 source:(400, 17) loss:1.89693 lr:0.001000
step:18801 source:(400, 17) loss:1.91955 lr:0.001000
step:19001 source:(400, 17) loss:1.91413 lr:0.001000
step:19201 source:(400, 17) loss:1.86633 lr:0.001000
step:19401 source:(400, 17) loss:1.92686 lr:0.001000
epoch:75 test_bleu:56.02121353149414 template_bleu:38.33605349063873
epoch:75 train_bleu:59.60479378700256 template_bleu:37.789154052734375
step:19601 source:(400, 17) loss:1.88315 lr:0.001000
step:19801 source:(400, 17) loss:1.8695 lr:0.001000
step:20001 source:(400, 17) loss:1.86519 lr:0.001000
step:20201 source:(400, 17) loss:1.87322 lr:0.001000
step:20401 source:(400, 17) loss:1.89488 lr:0.001000
step:20601 source:(400, 17) loss:1.86798 lr:0.001000
step:20801 source:(400, 17) loss:1.92726 lr:0.001000
epoch:80 test_bleu:55.47766089439392 template_bleu:38.33605349063873
epoch:80 train_bleu:60.979270935058594 template_bleu:37.789154052734375
step:21001 source:(400, 17) loss:1.86117 lr:0.001000
step:21201 source:(400, 17) loss:1.82746 lr:0.001000
step:21401 source:(400, 17) loss:1.85352 lr:0.001000
step:21601 source:(400, 17) loss:1.90561 lr:0.001000
step:21801 source:(400, 17) loss:1.86895 lr:0.001000
step:22001 source:(400, 17) loss:1.8766 lr:0.001000
epoch:85 test_bleu:56.187039613723755 template_bleu:38.33605349063873
epoch:85 train_bleu:58.79490375518799 template_bleu:37.789154052734375
step:22201 source:(400, 17) loss:1.87714 lr:0.001000
step:22401 source:(400, 17) loss:1.84916 lr:0.001000
step:22601 source:(400, 17) loss:1.86707 lr:0.001000
step:22801 source:(400, 17) loss:1.87344 lr:0.001000
step:23001 source:(400, 17) loss:1.86322 lr:0.001000
step:23201 source:(400, 17) loss:1.83972 lr:0.001000
step:23401 source:(400, 17) loss:1.86968 lr:0.001000
epoch:90 test_bleu:56.04413151741028 template_bleu:38.33605349063873
epoch:90 train_bleu:56.4974844455719 template_bleu:37.789154052734375
step:23601 source:(400, 17) loss:1.83433 lr:0.001000
step:23801 source:(400, 17) loss:1.84834 lr:0.001000
step:24001 source:(400, 17) loss:1.86568 lr:0.001000
step:24201 source:(400, 17) loss:1.83828 lr:0.001000
step:24401 source:(400, 17) loss:1.84068 lr:0.001000
step:24601 source:(400, 17) loss:1.87254 lr:0.001000
epoch:95 test_bleu:54.0074348449707 template_bleu:38.33605349063873
epoch:95 train_bleu:62.37568259239197 template_bleu:37.789154052734375
step:24801 source:(400, 17) loss:1.84042 lr:0.001000
step:25001 source:(400, 17) loss:1.87032 lr:0.001000
step:25201 source:(400, 17) loss:1.85755 lr:0.001000
step:25401 source:(400, 17) loss:1.86927 lr:0.001000
step:25601 source:(400, 17) loss:1.82186 lr:0.001000
step:25801 source:(400, 17) loss:1.84551 lr:0.001000
step:26001 source:(400, 17) loss:1.83591 lr:0.001000
epoch:100 test_bleu:54.43150997161865 template_bleu:38.33605349063873
epoch:100 train_bleu:62.77517080307007 template_bleu:37.789154052734375
step:26201 source:(400, 17) loss:1.83458 lr:0.001000
step:26401 source:(400, 17) loss:1.81736 lr:0.001000
step:26601 source:(400, 17) loss:1.85842 lr:0.001000
step:26801 source:(400, 17) loss:1.85805 lr:0.001000
step:27001 source:(400, 17) loss:1.81743 lr:0.001000
step:27201 source:(400, 17) loss:1.83525 lr:0.001000
step:27401 source:(400, 17) loss:1.86769 lr:0.001000
epoch:105 test_bleu:56.07648491859436 template_bleu:38.33605349063873
epoch:105 train_bleu:57.5233519077301 template_bleu:37.789154052734375
step:27601 source:(400, 17) loss:1.8614 lr:0.001000
step:27801 source:(400, 17) loss:1.81803 lr:0.001000
step:28001 source:(400, 17) loss:1.90845 lr:0.001000
step:28201 source:(400, 17) loss:1.78088 lr:0.001000
step:28401 source:(400, 17) loss:1.86173 lr:0.001000
step:28601 source:(400, 17) loss:1.81467 lr:0.001000
epoch:110 test_bleu:47.8946715593338 template_bleu:38.33605349063873
epoch:110 train_bleu:56.74203634262085 template_bleu:37.789154052734375
step:28801 source:(400, 17) loss:1.86409 lr:0.001000
step:29001 source:(400, 17) loss:1.81902 lr:0.001000
step:29201 source:(400, 17) loss:1.78479 lr:0.001000
step:29401 source:(400, 17) loss:1.85877 lr:0.001000
step:29601 source:(400, 17) loss:1.8254 lr:0.001000
step:29801 source:(400, 17) loss:1.83385 lr:0.001000
step:30001 source:(400, 17) loss:1.8322 lr:0.001000
epoch:115 test_bleu:56.03935718536377 template_bleu:38.33605349063873
epoch:115 train_bleu:56.9593608379364 template_bleu:37.789154052734375
step:30201 source:(400, 17) loss:1.95602 lr:0.001000
step:30401 source:(400, 17) loss:1.87953 lr:0.001000
step:30601 source:(400, 17) loss:1.85434 lr:0.001000
step:30801 source:(400, 17) loss:1.84931 lr:0.001000
step:31001 source:(400, 17) loss:1.80644 lr:0.001000
step:31201 source:(400, 17) loss:1.79856 lr:0.001000
epoch:120 test_bleu:56.05493783950806 template_bleu:38.33605349063873
epoch:120 train_bleu:57.864922285079956 template_bleu:37.789154052734375
step:31401 source:(400, 17) loss:1.86718 lr:0.001000
step:31601 source:(400, 17) loss:1.80652 lr:0.001000
step:31801 source:(400, 17) loss:1.90486 lr:0.001000
step:32001 source:(400, 17) loss:1.86355 lr:0.001000
step:32201 source:(400, 17) loss:1.90304 lr:0.001000
step:32401 source:(400, 17) loss:1.822 lr:0.001000
step:32601 source:(400, 17) loss:1.81126 lr:0.001000
epoch:125 test_bleu:53.757017850875854 template_bleu:38.33605349063873
epoch:125 train_bleu:62.25579380989075 template_bleu:37.789154052734375
step:32801 source:(400, 17) loss:1.81196 lr:0.001000
step:33001 source:(400, 17) loss:1.86161 lr:0.001000
step:33201 source:(400, 17) loss:1.78728 lr:0.001000
step:33401 source:(400, 17) loss:1.78981 lr:0.001000
step:33601 source:(400, 17) loss:1.88446 lr:0.001000
step:33801 source:(400, 17) loss:1.8909 lr:0.001000
epoch:130 test_bleu:55.78317642211914 template_bleu:38.33605349063873
epoch:130 train_bleu:60.34283638000488 template_bleu:37.789154052734375
step:34001 source:(400, 17) loss:1.85866 lr:0.001000
step:34201 source:(400, 17) loss:1.80423 lr:0.001000
step:34401 source:(400, 17) loss:1.8408 lr:0.001000
step:34601 source:(400, 17) loss:1.83005 lr:0.001000
step:34801 source:(400, 17) loss:1.77301 lr:0.001000
step:35001 source:(400, 17) loss:1.804 lr:0.001000
step:35201 source:(400, 17) loss:1.8947 lr:0.001000
epoch:135 test_bleu:56.08304738998413 template_bleu:38.33605349063873
epoch:135 train_bleu:58.258628845214844 template_bleu:37.789154052734375
step:35401 source:(400, 17) loss:1.86119 lr:0.001000
step:35601 source:(400, 17) loss:1.87158 lr:0.001000
step:35801 source:(400, 17) loss:1.78599 lr:0.001000
step:36001 source:(400, 17) loss:1.81287 lr:0.001000
step:36201 source:(400, 17) loss:1.89067 lr:0.001000
step:36401 source:(400, 17) loss:1.80461 lr:0.001000
epoch:140 test_bleu:55.75858950614929 template_bleu:38.33605349063873
epoch:140 train_bleu:60.78377962112427 template_bleu:37.789154052734375
step:36601 source:(400, 17) loss:1.81887 lr:0.001000
step:36801 source:(86, 17) loss:1.69099 lr:0.001000
step:37001 source:(400, 17) loss:1.86859 lr:0.001000
step:37201 source:(400, 17) loss:1.80612 lr:0.001000
step:37401 source:(400, 17) loss:1.85662 lr:0.001000
step:37601 source:(400, 17) loss:1.7871 lr:0.001000
step:37801 source:(400, 17) loss:1.83661 lr:0.001000
epoch:145 test_bleu:50.73079466819763 template_bleu:38.33605349063873
epoch:145 train_bleu:60.91603636741638 template_bleu:37.789154052734375
step:38001 source:(400, 17) loss:1.80761 lr:0.001000
step:38201 source:(400, 17) loss:1.79852 lr:0.001000
step:38401 source:(400, 17) loss:1.77203 lr:0.001000
step:38601 source:(400, 17) loss:1.795 lr:0.001000
step:38801 source:(400, 17) loss:1.81909 lr:0.001000
epoch:149 test_bleu:56.08210563659668 template_bleu:38.33605349063873
epoch:149 train_bleu:58.865028619766235 template_bleu:37.789154052734375
step:39001 source:(400, 17) loss:1.80529 lr:0.001000
/home/syp/miniconda2/envs/newtf/lib/python3.6/importlib/_bootstrap.py:205: RuntimeWarning: compiletime version 3.5 of module 'tensorflow.python.framework.fast_tensor_util' does not match runtime version 3.6
  return f(*args, **kwds)
