train_file:/home/syp/zwr/txtgen/examples/long_text/yelp_data/pos/pos.train.txt
valid_file:/home/syp/zwr/txtgen/examples/long_text/yelp_data/pos/pos.valid.txt
logdir:./log_dir/pos.bsize400.epoch150.seqlen16.dynamic_lr.fixed_mask.present0.6.partition2.hidden512/
epoch:0 test_present_rate:0.6 test_bleu:14.391641318798065 template_bleu:38.278621435165405 test_loss:8.996654510498047 test_ppl:8459.947265625 
epoch:0 test_present_rate:0.6 train_bleu:14.178816974163055 template_bleu:37.767183780670166 train_loss:8.924492835998535 train_ppl:7525.17724609375 
step:1 source:(400, 17) loss:8.873430 ppl:7139.729980 lr:0.000000
step:201 source:(400, 17) loss:6.403535 ppl:603.976562 lr:0.000003
step:401 source:(400, 17) loss:5.443260 ppl:231.194580 lr:0.000005
step:601 source:(400, 17) loss:4.957881 ppl:142.292023 lr:0.000008
step:801 source:(400, 17) loss:4.687048 ppl:108.532364 lr:0.000011
step:1001 source:(400, 17) loss:4.516728 ppl:91.535599 lr:0.000013
step:1201 source:(400, 17) loss:4.473666 ppl:87.677536 lr:0.000016
epoch:5 test_present_rate:0.6 test_bleu:38.547009229660034 template_bleu:38.278621435165405 test_loss:4.374456882476807 test_ppl:82.9724349975586 
epoch:5 test_present_rate:0.6 train_bleu:38.56053352355957 template_bleu:37.767183780670166 train_loss:4.364056587219238 train_ppl:78.6612777709961 
step:1401 source:(400, 17) loss:4.361446 ppl:78.370407 lr:0.000019
step:1601 source:(400, 17) loss:4.220771 ppl:68.085983 lr:0.000021
step:1801 source:(400, 17) loss:4.257538 ppl:70.635887 lr:0.000024
step:2001 source:(400, 17) loss:4.210781 ppl:67.409142 lr:0.000027
step:2201 source:(400, 17) loss:4.174462 ppl:65.004875 lr:0.000029
step:2401 source:(400, 17) loss:4.167881 ppl:64.578468 lr:0.000032
step:2601 source:(400, 17) loss:4.169938 ppl:64.711449 lr:0.000034
epoch:10 test_present_rate:0.6 test_bleu:39.96410071849823 template_bleu:38.278621435165405 test_loss:4.134050369262695 test_ppl:65.18640899658203 
epoch:10 test_present_rate:0.6 train_bleu:39.87362086772919 template_bleu:37.767183780670166 train_loss:4.097091197967529 train_ppl:60.227542877197266 
step:2801 source:(400, 17) loss:4.105201 ppl:60.654949 lr:0.000037
step:3001 source:(400, 17) loss:3.940666 ppl:51.452869 lr:0.000040
step:3201 source:(400, 17) loss:4.011569 ppl:55.233490 lr:0.000042
step:3401 source:(400, 17) loss:4.003397 ppl:54.783909 lr:0.000045
step:3601 source:(400, 17) loss:3.989719 ppl:54.039711 lr:0.000048
step:3801 source:(400, 17) loss:3.933860 ppl:51.103848 lr:0.000050
epoch:15 test_present_rate:0.6 test_bleu:43.285030126571655 template_bleu:38.278621435165405 test_loss:3.852358818054199 test_ppl:49.54689407348633 
epoch:15 test_present_rate:0.6 train_bleu:43.70085000991821 template_bleu:37.767183780670166 train_loss:3.781080961227417 train_ppl:43.90876007080078 
step:4001 source:(400, 17) loss:3.789625 ppl:44.239826 lr:0.000053
step:4201 source:(400, 17) loss:3.741950 ppl:42.180141 lr:0.000056
step:4401 source:(400, 17) loss:3.706268 ppl:40.701618 lr:0.000058
step:4601 source:(400, 17) loss:3.632916 ppl:37.822937 lr:0.000061
step:4801 source:(400, 17) loss:3.596074 ppl:36.454819 lr:0.000064
step:5001 source:(400, 17) loss:3.539717 ppl:34.457157 lr:0.000066
step:5201 source:(400, 17) loss:3.431420 ppl:30.920521 lr:0.000069
epoch:20 test_present_rate:0.6 test_bleu:45.79893946647644 template_bleu:38.278621435165405 test_loss:3.5534322261810303 test_ppl:36.805423736572266 
epoch:20 test_present_rate:0.6 train_bleu:46.195629239082336 template_bleu:37.767183780670166 train_loss:3.434094190597534 train_ppl:31.035863876342773 
step:5401 source:(400, 17) loss:3.530046 ppl:34.125538 lr:0.000072
step:5601 source:(400, 17) loss:3.486921 ppl:32.685158 lr:0.000074
step:5801 source:(400, 17) loss:3.413085 ppl:30.358742 lr:0.000077
step:6001 source:(400, 17) loss:3.380092 ppl:29.373484 lr:0.000080
step:6201 source:(400, 17) loss:3.384470 ppl:29.502338 lr:0.000082
step:6401 source:(400, 17) loss:3.317548 ppl:27.592611 lr:0.000085
epoch:25 test_present_rate:0.6 test_bleu:47.45810627937317 template_bleu:38.278621435165405 test_loss:3.4178826808929443 test_ppl:32.272830963134766 
epoch:25 test_present_rate:0.6 train_bleu:48.049476742744446 template_bleu:37.767183780670166 train_loss:3.2361459732055664 train_ppl:25.46015739440918 
step:6601 source:(400, 17) loss:3.321371 ppl:27.698301 lr:0.000088
step:6801 source:(400, 17) loss:3.282129 ppl:26.632408 lr:0.000090
step:7001 source:(400, 17) loss:3.241283 ppl:25.566494 lr:0.000093
step:7201 source:(400, 17) loss:3.345917 ppl:28.386580 lr:0.000095
step:7401 source:(400, 17) loss:3.251147 ppl:25.819933 lr:0.000098
step:7601 source:(400, 17) loss:3.146255 ppl:23.248846 lr:0.000101
step:7801 source:(400, 17) loss:3.165272 ppl:23.695189 lr:0.000103
epoch:30 test_present_rate:0.6 test_bleu:49.05460178852081 template_bleu:38.278621435165405 test_loss:3.326748847961426 test_ppl:29.55438804626465 
epoch:30 test_present_rate:0.6 train_bleu:50.31246542930603 template_bleu:37.767183780670166 train_loss:3.0755534172058105 train_ppl:21.679994583129883 
step:8001 source:(400, 17) loss:3.162538 ppl:23.630495 lr:0.000106
step:8201 source:(400, 17) loss:3.082731 ppl:21.817917 lr:0.000109
step:8401 source:(400, 17) loss:3.096326 ppl:22.116549 lr:0.000111
step:8601 source:(400, 17) loss:3.083606 ppl:21.836994 lr:0.000114
step:8801 source:(400, 17) loss:3.064803 ppl:21.430233 lr:0.000117
step:9001 source:(400, 17) loss:2.969229 ppl:19.476887 lr:0.000119
epoch:35 test_present_rate:0.6 test_bleu:50.17194747924805 template_bleu:38.278621435165405 test_loss:3.270739793777466 test_ppl:27.940710067749023 
epoch:35 test_present_rate:0.6 train_bleu:51.9783079624176 template_bleu:37.767183780670166 train_loss:2.9401848316192627 train_ppl:18.9322566986084 
step:9201 source:(400, 17) loss:3.093547 ppl:22.055161 lr:0.000122
step:9401 source:(400, 17) loss:3.003457 ppl:20.155094 lr:0.000125
step:9601 source:(400, 17) loss:2.983544 ppl:19.757717 lr:0.000127
step:9801 source:(400, 17) loss:2.951135 ppl:19.127655 lr:0.000130
step:10001 source:(400, 17) loss:2.998555 ppl:20.056534 lr:0.000133
step:10201 source:(400, 17) loss:3.016109 ppl:20.411711 lr:0.000131
step:10401 source:(400, 17) loss:2.902634 ppl:18.222082 lr:0.000130
epoch:40 test_present_rate:0.6 test_bleu:51.614171266555786 template_bleu:38.278621435165405 test_loss:3.2469875812530518 test_ppl:27.274789810180664 
epoch:40 test_present_rate:0.6 train_bleu:54.1958212852478 template_bleu:37.767183780670166 train_loss:2.8369133472442627 train_ppl:17.07301139831543 
step:10601 source:(400, 17) loss:2.959417 ppl:19.286726 lr:0.000129
step:10801 source:(400, 17) loss:2.898971 ppl:18.155447 lr:0.000128
step:11001 source:(400, 17) loss:2.951144 ppl:19.127819 lr:0.000126
step:11201 source:(400, 17) loss:2.944136 ppl:18.994247 lr:0.000125
step:11401 source:(400, 17) loss:2.910986 ppl:18.374914 lr:0.000124
step:11601 source:(400, 17) loss:2.903306 ppl:18.234333 lr:0.000123
epoch:45 test_present_rate:0.6 test_bleu:52.47108340263367 template_bleu:38.278621435165405 test_loss:3.218965530395508 test_ppl:26.621662139892578 
epoch:45 test_present_rate:0.6 train_bleu:55.81979751586914 template_bleu:37.767183780670166 train_loss:2.741804838180542 train_ppl:15.522994995117188 
step:11801 source:(400, 17) loss:2.859882 ppl:17.459465 lr:0.000122
step:12001 source:(400, 17) loss:2.880194 ppl:17.817724 lr:0.000121
step:12201 source:(400, 17) loss:2.863245 ppl:17.518290 lr:0.000120
step:12401 source:(400, 17) loss:2.854501 ppl:17.365765 lr:0.000119
step:12601 source:(400, 17) loss:2.812569 ppl:16.652637 lr:0.000118
step:12801 source:(400, 17) loss:2.864448 ppl:17.539362 lr:0.000117
step:13001 source:(400, 17) loss:2.812733 ppl:16.655375 lr:0.000116
epoch:50 test_present_rate:0.6 test_bleu:54.97289299964905 template_bleu:38.278621435165405 test_loss:3.201843500137329 test_ppl:26.236835479736328 
epoch:50 test_present_rate:0.6 train_bleu:57.336944341659546 template_bleu:37.767183780670166 train_loss:2.674718141555786 train_ppl:14.515253067016602 
step:13201 source:(400, 17) loss:2.804794 ppl:16.523676 lr:0.000115
step:13401 source:(400, 17) loss:2.758356 ppl:15.773883 lr:0.000115
step:13601 source:(400, 17) loss:2.818220 ppl:16.747017 lr:0.000114
step:13801 source:(400, 17) loss:2.785931 ppl:16.214905 lr:0.000113
step:14001 source:(400, 17) loss:2.755254 ppl:15.725039 lr:0.000112
step:14201 source:(400, 17) loss:2.803561 ppl:16.503315 lr:0.000111
epoch:55 test_present_rate:0.6 test_bleu:56.13177418708801 template_bleu:38.278621435165405 test_loss:3.1962804794311523 test_ppl:26.189044952392578 
epoch:55 test_present_rate:0.6 train_bleu:58.60399603843689 template_bleu:37.767183780670166 train_loss:2.6174116134643555 train_ppl:13.706482887268066 
step:14401 source:(400, 17) loss:2.680355 ppl:14.590266 lr:0.000110
step:14601 source:(400, 17) loss:2.682790 ppl:14.625847 lr:0.000110
step:14801 source:(400, 17) loss:2.732412 ppl:15.369920 lr:0.000109
step:15001 source:(400, 17) loss:2.739058 ppl:15.472396 lr:0.000108
step:15201 source:(400, 17) loss:2.707741 ppl:14.995367 lr:0.000108
step:15401 source:(400, 17) loss:2.732674 ppl:15.373947 lr:0.000107
step:15601 source:(400, 17) loss:2.714998 ppl:15.104580 lr:0.000106
epoch:60 test_present_rate:0.6 test_bleu:56.655073165893555 template_bleu:38.278621435165405 test_loss:3.1811599731445312 test_ppl:25.853628158569336 
epoch:60 test_present_rate:0.6 train_bleu:59.23014283180237 template_bleu:37.767183780670166 train_loss:2.565748691558838 train_ppl:13.016035079956055 
step:15801 source:(400, 17) loss:2.702200 ppl:14.912509 lr:0.000105
step:16001 source:(400, 17) loss:2.713676 ppl:15.084620 lr:0.000105
step:16201 source:(400, 17) loss:2.686107 ppl:14.674436 lr:0.000104
step:16401 source:(400, 17) loss:2.669164 ppl:14.427898 lr:0.000104
step:16601 source:(400, 17) loss:2.661478 ppl:14.317435 lr:0.000103
step:16801 source:(400, 17) loss:2.729148 ppl:15.319831 lr:0.000102
epoch:65 test_present_rate:0.6 test_bleu:57.34402537345886 template_bleu:38.278621435165405 test_loss:3.1754567623138428 test_ppl:25.762880325317383 
epoch:65 test_present_rate:0.6 train_bleu:60.24177074432373 template_bleu:37.767183780670166 train_loss:2.5248560905456543 train_ppl:12.494405746459961 
step:17001 source:(400, 17) loss:2.708274 ppl:15.003352 lr:0.000102
step:17201 source:(400, 17) loss:2.682687 ppl:14.624340 lr:0.000101
step:17401 source:(400, 17) loss:2.665056 ppl:14.368757 lr:0.000101
step:17601 source:(400, 17) loss:2.608504 ppl:13.578723 lr:0.000100
step:17801 source:(400, 17) loss:2.661271 ppl:14.314476 lr:0.000099
step:18001 source:(400, 17) loss:2.661664 ppl:14.320102 lr:0.000099
step:18201 source:(400, 17) loss:2.673799 ppl:14.494931 lr:0.000098
epoch:70 test_present_rate:0.6 test_bleu:57.69768953323364 template_bleu:38.278621435165405 test_loss:3.155087471008301 test_ppl:25.2861270904541 
epoch:70 test_present_rate:0.6 train_bleu:60.729193687438965 template_bleu:37.767183780670166 train_loss:2.4883620738983154 train_ppl:12.046693801879883 
step:18401 source:(400, 17) loss:2.685338 ppl:14.663154 lr:0.000098
step:18601 source:(400, 17) loss:2.691166 ppl:14.748865 lr:0.000097
step:18801 source:(400, 17) loss:2.631739 ppl:13.897920 lr:0.000097
step:19001 source:(400, 17) loss:2.631490 ppl:13.894461 lr:0.000096
step:19201 source:(400, 17) loss:2.591858 ppl:13.354557 lr:0.000096
step:19401 source:(400, 17) loss:2.627109 ppl:13.833716 lr:0.000095
epoch:75 test_present_rate:0.6 test_bleu:57.81828165054321 template_bleu:38.278621435165405 test_loss:3.1531760692596436 test_ppl:25.237199783325195 
epoch:75 test_present_rate:0.6 train_bleu:61.01509928703308 template_bleu:37.767183780670166 train_loss:2.467648506164551 train_ppl:11.800016403198242 
step:19601 source:(400, 17) loss:2.627803 ppl:13.843328 lr:0.000095
step:19801 source:(400, 17) loss:2.628364 ppl:13.851086 lr:0.000094
step:20001 source:(400, 17) loss:2.634781 ppl:13.940265 lr:0.000094
step:20201 source:(400, 17) loss:2.612319 ppl:13.630620 lr:0.000093
step:20401 source:(400, 17) loss:2.701453 ppl:14.901367 lr:0.000093
step:20601 source:(400, 17) loss:2.638416 ppl:13.991022 lr:0.000092
step:20801 source:(400, 17) loss:2.613188 ppl:13.642467 lr:0.000092
epoch:80 test_present_rate:0.6 test_bleu:48.85677695274353 template_bleu:38.278621435165405 test_loss:3.189101219177246 test_ppl:26.31170654296875 
epoch:80 test_present_rate:0.6 train_bleu:55.12673854827881 template_bleu:37.767183780670166 train_loss:2.4927520751953125 train_ppl:12.100789070129395 
step:21001 source:(400, 17) loss:2.558977 ppl:12.922595 lr:0.000091
step:21201 source:(400, 17) loss:2.561918 ppl:12.960655 lr:0.000091
step:21401 source:(400, 17) loss:2.521087 ppl:12.442116 lr:0.000091
step:21601 source:(400, 17) loss:2.609227 ppl:13.588549 lr:0.000090
step:21801 source:(400, 17) loss:2.555730 ppl:12.880700 lr:0.000090
step:22001 source:(400, 17) loss:2.607410 ppl:13.563877 lr:0.000089
epoch:85 test_present_rate:0.6 test_bleu:58.0585777759552 template_bleu:38.278621435165405 test_loss:3.169616460800171 test_ppl:25.8276424407959 
epoch:85 test_present_rate:0.6 train_bleu:62.12090253829956 template_bleu:37.767183780670166 train_loss:2.414886713027954 train_ppl:11.193188667297363 
step:22201 source:(400, 17) loss:2.542616 ppl:12.712889 lr:0.000089
step:22401 source:(400, 17) loss:2.547842 ppl:12.779490 lr:0.000089
step:22601 source:(400, 17) loss:2.570023 ppl:13.066123 lr:0.000088
step:22801 source:(400, 17) loss:2.531185 ppl:12.568396 lr:0.000088
step:23001 source:(400, 17) loss:2.526789 ppl:12.513267 lr:0.000087
step:23201 source:(400, 17) loss:2.607779 ppl:13.568881 lr:0.000087
step:23401 source:(400, 17) loss:2.617156 ppl:13.696715 lr:0.000087
epoch:90 test_present_rate:0.6 test_bleu:34.6493124961853 template_bleu:38.278621435165405 test_loss:3.239011526107788 test_ppl:27.810853958129883 
epoch:90 test_present_rate:0.6 train_bleu:34.15121138095856 template_bleu:37.767183780670166 train_loss:2.524326801300049 train_ppl:12.488982200622559 
step:23601 source:(400, 17) loss:2.572328 ppl:13.096272 lr:0.000086
step:23801 source:(400, 17) loss:2.491484 ppl:12.079185 lr:0.000086
step:24001 source:(400, 17) loss:2.593349 ppl:13.374484 lr:0.000086
step:24201 source:(400, 17) loss:2.534572 ppl:12.611033 lr:0.000085
step:24401 source:(400, 17) loss:2.515587 ppl:12.373868 lr:0.000085
step:24601 source:(400, 17) loss:2.519168 ppl:12.418259 lr:0.000085
epoch:95 test_present_rate:0.6 test_bleu:16.62072241306305 template_bleu:38.278621435165405 test_loss:3.661898612976074 test_ppl:43.0529899597168 
epoch:95 test_present_rate:0.6 train_bleu:17.991678416728973 template_bleu:37.767183780670166 train_loss:3.0765175819396973 train_ppl:21.72963523864746 
step:24801 source:(400, 17) loss:2.494619 ppl:12.117115 lr:0.000084
step:25001 source:(400, 17) loss:2.572453 ppl:13.097912 lr:0.000084
step:25201 source:(400, 17) loss:2.500549 ppl:12.189179 lr:0.000084
step:25401 source:(400, 17) loss:2.487995 ppl:12.037119 lr:0.000083
step:25601 source:(400, 17) loss:2.515719 ppl:12.375505 lr:0.000083
step:25801 source:(400, 17) loss:2.509073 ppl:12.293523 lr:0.000083
step:26001 source:(400, 17) loss:2.443975 ppl:11.518737 lr:0.000082
epoch:100 test_present_rate:0.6 test_bleu:41.981905698776245 template_bleu:38.278621435165405 test_loss:3.253244400024414 test_ppl:28.263471603393555 
epoch:100 test_present_rate:0.6 train_bleu:41.64400398731232 template_bleu:37.767183780670166 train_loss:2.506976842880249 train_ppl:12.275284767150879 
step:26201 source:(400, 17) loss:2.536254 ppl:12.632257 lr:0.000082
step:26401 source:(400, 17) loss:2.575253 ppl:13.134640 lr:0.000082
step:26601 source:(400, 17) loss:2.483062 ppl:11.977882 lr:0.000081
step:26801 source:(400, 17) loss:2.495408 ppl:12.126684 lr:0.000081
step:27001 source:(400, 17) loss:2.535348 ppl:12.620828 lr:0.000081
step:27201 source:(400, 17) loss:2.489215 ppl:12.051816 lr:0.000080
step:27401 source:(400, 17) loss:2.493718 ppl:12.106199 lr:0.000080
epoch:105 test_present_rate:0.6 test_bleu:21.201777458190918 template_bleu:38.278621435165405 test_loss:3.658616542816162 test_ppl:42.5052604675293 
epoch:105 test_present_rate:0.6 train_bleu:26.403722167015076 template_bleu:37.767183780670166 train_loss:3.0293707847595215 train_ppl:20.716814041137695 
step:27601 source:(400, 17) loss:2.471897 ppl:11.844894 lr:0.000080
step:27801 source:(400, 17) loss:2.487893 ppl:12.035885 lr:0.000080
step:28001 source:(400, 17) loss:2.478285 ppl:11.920801 lr:0.000079
step:28201 source:(400, 17) loss:2.481549 ppl:11.959779 lr:0.000079
step:28401 source:(400, 17) loss:2.440605 ppl:11.479983 lr:0.000079
step:28601 source:(400, 17) loss:2.474746 ppl:11.878684 lr:0.000078
epoch:110 test_present_rate:0.6 test_bleu:11.8749238550663 template_bleu:38.278621435165405 test_loss:4.666777610778809 test_ppl:115.23016357421875 
epoch:110 test_present_rate:0.6 train_bleu:12.251634895801544 template_bleu:37.767183780670166 train_loss:4.279761791229248 train_ppl:72.41841888427734 
step:28801 source:(400, 17) loss:2.751594 ppl:15.667583 lr:0.000078
step:29001 source:(400, 17) loss:2.501673 ppl:12.202892 lr:0.000078
step:29201 source:(400, 17) loss:2.447975 ppl:11.564900 lr:0.000078
step:29401 source:(400, 17) loss:2.452082 ppl:11.612498 lr:0.000077
step:29601 source:(400, 17) loss:2.478262 ppl:11.920525 lr:0.000077
step:29801 source:(400, 17) loss:2.493080 ppl:12.098481 lr:0.000077
step:30001 source:(400, 17) loss:2.518777 ppl:12.413404 lr:0.000077
epoch:115 test_present_rate:0.6 test_bleu:24.548886716365814 template_bleu:38.278621435165405 test_loss:3.786149263381958 test_ppl:47.536949157714844 
epoch:115 test_present_rate:0.6 train_bleu:29.70854341983795 template_bleu:37.767183780670166 train_loss:3.2311713695526123 train_ppl:25.350290298461914 
step:30201 source:(400, 17) loss:2.476981 ppl:11.905272 lr:0.000076
step:30401 source:(400, 17) loss:2.459670 ppl:11.700948 lr:0.000076
step:30601 source:(400, 17) loss:2.494061 ppl:12.110353 lr:0.000076
step:30801 source:(400, 17) loss:2.481449 ppl:11.958584 lr:0.000076
step:31001 source:(400, 17) loss:2.491280 ppl:12.076728 lr:0.000075
step:31201 source:(400, 17) loss:2.449337 ppl:11.580667 lr:0.000075
epoch:120 test_present_rate:0.6 test_bleu:33.76120626926422 template_bleu:38.278621435165405 test_loss:3.4196527004241943 test_ppl:33.457130432128906 
epoch:120 test_present_rate:0.6 train_bleu:36.9148850440979 template_bleu:37.767183780670166 train_loss:2.684206247329712 train_ppl:14.665752410888672 
step:31401 source:(400, 17) loss:2.436415 ppl:11.431989 lr:0.000075
step:31601 source:(400, 17) loss:2.463444 ppl:11.745193 lr:0.000075
step:31801 source:(400, 17) loss:2.385004 ppl:10.859101 lr:0.000074
step:32001 source:(400, 17) loss:2.410079 ppl:11.134835 lr:0.000074
step:32201 source:(400, 17) loss:2.399481 ppl:11.017457 lr:0.000074
step:32401 source:(400, 17) loss:2.441238 ppl:11.487258 lr:0.000074
step:32601 source:(400, 17) loss:2.439002 ppl:11.461592 lr:0.000073
epoch:125 test_present_rate:0.6 test_bleu:29.751628637313843 template_bleu:38.278621435165405 test_loss:3.468759775161743 test_ppl:34.673404693603516 
epoch:125 test_present_rate:0.6 train_bleu:31.18782639503479 template_bleu:37.767183780670166 train_loss:2.788499593734741 train_ppl:16.276348114013672 
step:32801 source:(400, 17) loss:2.419809 ppl:11.243712 lr:0.000073
step:33001 source:(400, 17) loss:2.427035 ppl:11.325252 lr:0.000073
step:33201 source:(400, 17) loss:2.422270 ppl:11.271417 lr:0.000073
step:33401 source:(400, 17) loss:2.451768 ppl:11.608855 lr:0.000073
step:33601 source:(400, 17) loss:2.468564 ppl:11.805485 lr:0.000072
step:33801 source:(400, 17) loss:2.421057 ppl:11.257747 lr:0.000072
epoch:130 test_present_rate:0.6 test_bleu:57.84800052642822 template_bleu:38.278621435165405 test_loss:3.191324234008789 test_ppl:26.561634063720703 
epoch:130 test_present_rate:0.6 train_bleu:62.17167377471924 template_bleu:37.767183780670166 train_loss:2.282407522201538 train_ppl:9.804597854614258 
step:34001 source:(400, 17) loss:2.424809 ppl:11.300068 lr:0.000072
step:34201 source:(400, 17) loss:2.381675 ppl:10.823022 lr:0.000072
step:34401 source:(400, 17) loss:2.402555 ppl:11.051373 lr:0.000071
step:34601 source:(400, 17) loss:2.345716 ppl:10.440743 lr:0.000071
step:34801 source:(400, 17) loss:2.397290 ppl:10.993339 lr:0.000071
step:35001 source:(400, 17) loss:2.390217 ppl:10.915860 lr:0.000071
step:35201 source:(400, 17) loss:2.364745 ppl:10.641329 lr:0.000071
epoch:135 test_present_rate:0.6 test_bleu:59.20836925506592 template_bleu:38.278621435165405 test_loss:3.1692044734954834 test_ppl:25.87862777709961 
epoch:135 test_present_rate:0.6 train_bleu:66.60542488098145 template_bleu:37.767183780670166 train_loss:2.2301576137542725 train_ppl:9.305033683776855 
step:35401 source:(400, 17) loss:2.394239 ppl:10.959854 lr:0.000070
step:35601 source:(400, 17) loss:2.404600 ppl:11.073998 lr:0.000070
step:35801 source:(400, 17) loss:2.566566 ppl:13.021033 lr:0.000070
step:36001 source:(400, 17) loss:2.433508 ppl:11.398804 lr:0.000070
step:36201 source:(400, 17) loss:2.407624 ppl:11.107533 lr:0.000070
step:36401 source:(400, 17) loss:2.415480 ppl:11.195139 lr:0.000069
epoch:140 test_present_rate:0.6 test_bleu:58.99108648300171 template_bleu:38.278621435165405 test_loss:3.146730661392212 test_ppl:25.231279373168945 
epoch:140 test_present_rate:0.6 train_bleu:68.08686256408691 template_bleu:37.767183780670166 train_loss:2.169630527496338 train_ppl:8.75766658782959 
step:36601 source:(400, 17) loss:2.404040 ppl:11.067803 lr:0.000069
step:36801 source:(86, 17) loss:1.672455 ppl:5.325226 lr:0.000069
step:37001 source:(400, 17) loss:2.352241 ppl:10.509089 lr:0.000069
step:37201 source:(400, 17) loss:2.459576 ppl:11.699851 lr:0.000069
step:37401 source:(400, 17) loss:2.372177 ppl:10.720707 lr:0.000069
step:37601 source:(400, 17) loss:2.412939 ppl:11.166727 lr:0.000068
step:37801 source:(400, 17) loss:2.388826 ppl:10.900690 lr:0.000068
epoch:145 test_present_rate:0.6 test_bleu:58.971887826919556 template_bleu:38.278621435165405 test_loss:3.1616437435150146 test_ppl:25.76754379272461 
epoch:145 test_present_rate:0.6 train_bleu:68.00875663757324 template_bleu:37.767183780670166 train_loss:2.156796932220459 train_ppl:8.646112442016602 
step:38001 source:(400, 17) loss:2.357030 ppl:10.559542 lr:0.000068
step:38201 source:(400, 17) loss:2.386947 ppl:10.880230 lr:0.000068
step:38401 source:(400, 17) loss:2.375996 ppl:10.761727 lr:0.000068
step:38601 source:(400, 17) loss:2.405596 ppl:11.085040 lr:0.000067
step:38801 source:(400, 17) loss:2.308798 ppl:10.062324 lr:0.000067
epoch:149 test_present_rate:0.6 test_bleu:59.1919481754303 template_bleu:38.278621435165405 test_loss:3.1667680740356445 test_ppl:25.913780212402344 
epoch:149 test_present_rate:0.6 train_bleu:69.06686425209045 template_bleu:37.767183780670166 train_loss:2.1346921920776367 train_ppl:8.456936836242676 
step:39001 source:(400, 17) loss:2.354150 ppl:10.529171 lr:0.000067
/home/syp/miniconda2/envs/newtf/lib/python3.6/importlib/_bootstrap.py:205: RuntimeWarning: compiletime version 3.5 of module 'tensorflow.python.framework.fast_tensor_util' does not match runtime version 3.6
  return f(*args, **kwds)
