train_file:/home/syp/zwr/txtgen/examples/long_text/yelp_data/pos/pos.train.txt
valid_file:/home/syp/zwr/txtgen/examples/long_text/yelp_data/pos/pos.valid.txt
logdir:./log_dir/pos.bsize400.epoch150.seqlen16.dynamic_lr.fixed_mask.present0.6.partition1.hidden512.seq2seq/
epoch:0 test_bleu:26.837044954299927 template_bleu:56.838154792785645 test_loss:8.163132667541504 test_ppl:3684.8818359375 
epoch:0 train_bleu:26.56618058681488 template_bleu:56.631070375442505 train_loss:8.09546947479248 train_ppl:3284.926025390625 
step:1 source:(400, 17) loss:8.103868 ppl:3307.234131 lr:0.000000
step:201 source:(400, 17) loss:5.299024 ppl:200.141296 lr:0.000009
step:401 source:(400, 17) loss:4.945452 ppl:140.534317 lr:0.000018
step:601 source:(400, 17) loss:4.907073 ppl:135.242920 lr:0.000027
step:801 source:(400, 17) loss:4.895112 ppl:133.634918 lr:0.000035
step:1001 source:(400, 17) loss:4.878580 ppl:131.443893 lr:0.000044
step:1201 source:(400, 17) loss:4.880763 ppl:131.731079 lr:0.000053
epoch:5 test_bleu:58.127111196517944 template_bleu:56.838154792785645 test_loss:4.955415725708008 test_ppl:157.51268005371094 
epoch:5 train_bleu:57.972556352615356 template_bleu:56.631070375442505 train_loss:4.881163120269775 train_ppl:131.97694396972656 
step:1401 source:(400, 17) loss:4.865613 ppl:129.750504 lr:0.000062
step:1601 source:(400, 17) loss:4.696288 ppl:109.539764 lr:0.000071
step:1801 source:(400, 17) loss:4.803463 ppl:121.931877 lr:0.000080
step:2001 source:(400, 17) loss:4.811235 ppl:122.883339 lr:0.000088
step:2201 source:(400, 17) loss:4.702127 ppl:110.181274 lr:0.000097
step:2401 source:(400, 17) loss:4.631045 ppl:102.621231 lr:0.000106
step:2601 source:(400, 17) loss:4.629532 ppl:102.466133 lr:0.000115
epoch:10 test_bleu:58.841025829315186 template_bleu:56.838154792785645 test_loss:4.639954566955566 test_ppl:114.06356811523438 
epoch:10 train_bleu:58.54111313819885 template_bleu:56.631070375442505 train_loss:4.60103178024292 train_ppl:99.74346160888672 
step:2801 source:(400, 17) loss:4.531448 ppl:92.892960 lr:0.000124
step:3001 source:(400, 17) loss:4.374549 ppl:79.404053 lr:0.000133
step:3201 source:(400, 17) loss:4.328706 ppl:75.846062 lr:0.000141
step:3401 source:(400, 17) loss:4.301406 ppl:73.803482 lr:0.000150
step:3601 source:(400, 17) loss:4.244404 ppl:69.714188 lr:0.000159
step:3801 source:(400, 17) loss:4.156481 ppl:63.846439 lr:0.000168
epoch:15 test_bleu:60.099250078201294 template_bleu:56.838154792785645 test_loss:4.252410411834717 test_ppl:80.7323989868164 
epoch:15 train_bleu:59.71629023551941 template_bleu:56.631070375442505 train_loss:4.086026191711426 train_ppl:59.60551834106445 
step:4001 source:(400, 17) loss:4.089588 ppl:59.715267 lr:0.000177
step:4201 source:(400, 17) loss:4.008627 ppl:55.071228 lr:0.000186
step:4401 source:(400, 17) loss:3.963017 ppl:52.615852 lr:0.000194
step:4601 source:(400, 17) loss:3.784511 ppl:44.014126 lr:0.000203
step:4801 source:(400, 17) loss:3.812441 ppl:45.260769 lr:0.000212
step:5001 source:(400, 17) loss:3.739491 ppl:42.076546 lr:0.000221
step:5201 source:(400, 17) loss:3.709418 ppl:40.830029 lr:0.000230
epoch:20 test_bleu:61.26100420951843 template_bleu:56.838154792785645 test_loss:4.052593231201172 test_ppl:66.64242553710938 
epoch:20 train_bleu:60.9957754611969 template_bleu:56.631070375442505 train_loss:3.752678871154785 train_ppl:42.6956672668457 
step:5401 source:(400, 17) loss:3.780084 ppl:43.819729 lr:0.000239
step:5601 source:(400, 17) loss:3.644043 ppl:38.246151 lr:0.000247
step:5801 source:(400, 17) loss:3.691709 ppl:40.113354 lr:0.000256
step:6001 source:(400, 17) loss:3.555448 ppl:35.003483 lr:0.000265
step:6201 source:(400, 17) loss:3.549171 ppl:34.784485 lr:0.000274
step:6401 source:(400, 17) loss:3.453995 ppl:31.626503 lr:0.000283
epoch:25 test_bleu:61.964040994644165 template_bleu:56.838154792785645 test_loss:3.9994585514068604 test_ppl:64.91060638427734 
epoch:25 train_bleu:61.981743574142456 template_bleu:56.631070375442505 train_loss:3.507481098175049 train_ppl:33.4069709777832 
step:6601 source:(400, 17) loss:3.555969 ppl:35.021732 lr:0.000292
step:6801 source:(400, 17) loss:3.505781 ppl:33.307446 lr:0.000301
step:7001 source:(400, 17) loss:3.378558 ppl:29.328461 lr:0.000309
step:7201 source:(400, 17) loss:3.522386 ppl:33.865120 lr:0.000318
step:7401 source:(400, 17) loss:3.330135 ppl:27.942123 lr:0.000327
step:7601 source:(400, 17) loss:3.330786 ppl:27.960302 lr:0.000336
step:7801 source:(400, 17) loss:3.352306 ppl:28.568546 lr:0.000345
epoch:30 test_bleu:62.2406542301178 template_bleu:56.838154792785645 test_loss:4.008639335632324 test_ppl:65.81095886230469 
epoch:30 train_bleu:62.98697590827942 template_bleu:56.631070375442505 train_loss:3.3169076442718506 train_ppl:27.610811233520508 
step:8001 source:(400, 17) loss:3.278147 ppl:26.526585 lr:0.000354
step:8201 source:(400, 17) loss:3.217766 ppl:24.972265 lr:0.000362
step:8401 source:(400, 17) loss:3.180856 ppl:24.067347 lr:0.000371
step:8601 source:(400, 17) loss:3.128238 ppl:22.833721 lr:0.000380
step:8801 source:(400, 17) loss:3.114729 ppl:22.527323 lr:0.000389
step:9001 source:(400, 17) loss:3.033920 ppl:20.778526 lr:0.000398
epoch:35 test_bleu:62.168288230895996 template_bleu:56.838154792785645 test_loss:4.072950839996338 test_ppl:70.50188446044922 
epoch:35 train_bleu:64.61021900177002 template_bleu:56.631070375442505 train_loss:3.0883336067199707 train_ppl:22.006622314453125 
step:9201 source:(400, 17) loss:3.186026 ppl:24.192093 lr:0.000407
step:9401 source:(400, 17) loss:2.908183 ppl:18.323471 lr:0.000415
step:9601 source:(400, 17) loss:3.005155 ppl:20.189337 lr:0.000424
step:9801 source:(400, 17) loss:2.879377 ppl:17.803177 lr:0.000433
step:10001 source:(400, 17) loss:2.952004 ppl:19.144279 lr:0.000442
step:10201 source:(400, 17) loss:2.988740 ppl:19.860651 lr:0.000438
step:10401 source:(400, 17) loss:2.818184 ppl:16.746414 lr:0.000433
epoch:40 test_bleu:61.73529028892517 template_bleu:56.838154792785645 test_loss:4.301798343658447 test_ppl:103.3440170288086 
epoch:40 train_bleu:65.38640260696411 template_bleu:56.631070375442505 train_loss:2.9622154235839844 train_ppl:19.395063400268555 
step:10601 source:(400, 17) loss:2.803689 ppl:16.505426 lr:0.000429
step:10801 source:(400, 17) loss:2.715940 ppl:15.118808 lr:0.000425
step:11001 source:(400, 17) loss:2.652863 ppl:14.194624 lr:0.000421
step:11201 source:(400, 17) loss:2.548880 ppl:12.792763 lr:0.000418
step:11401 source:(400, 17) loss:2.632101 ppl:13.902944 lr:0.000414
step:11601 source:(400, 17) loss:2.562558 ppl:12.968946 lr:0.000410
epoch:45 test_bleu:61.59457564353943 template_bleu:56.838154792785645 test_loss:4.657410144805908 test_ppl:204.3791046142578 
epoch:45 train_bleu:68.54627728462219 template_bleu:56.631070375442505 train_loss:2.7064895629882812 train_ppl:15.079448699951172 
step:11801 source:(400, 17) loss:2.504008 ppl:12.231423 lr:0.000407
step:12001 source:(400, 17) loss:2.396175 ppl:10.981095 lr:0.000403
step:12201 source:(400, 17) loss:2.299013 ppl:9.964339 lr:0.000400
step:12401 source:(400, 17) loss:2.390631 ppl:10.920387 lr:0.000397
step:12601 source:(400, 17) loss:2.352171 ppl:10.508358 lr:0.000394
step:12801 source:(400, 17) loss:2.352740 ppl:10.514335 lr:0.000391
step:13001 source:(400, 17) loss:2.272468 ppl:9.703318 lr:0.000388
epoch:50 test_bleu:61.55251860618591 template_bleu:56.838154792785645 test_loss:4.725152492523193 test_ppl:184.87864685058594 
epoch:50 train_bleu:70.96706032752991 template_bleu:56.631070375442505 train_loss:2.528660297393799 train_ppl:12.842510223388672 
step:13201 source:(400, 17) loss:2.112483 ppl:8.268749 lr:0.000385
step:13401 source:(400, 17) loss:2.106399 ppl:8.218594 lr:0.000382
step:13601 source:(400, 17) loss:2.070456 ppl:7.928434 lr:0.000379
step:13801 source:(400, 17) loss:2.128229 ppl:8.399975 lr:0.000376
step:14001 source:(400, 17) loss:2.009254 ppl:7.457750 lr:0.000374
step:14201 source:(400, 17) loss:2.009737 ppl:7.461355 lr:0.000371
epoch:55 test_bleu:61.48754954338074 template_bleu:56.838154792785645 test_loss:4.720065116882324 test_ppl:144.03282165527344 
epoch:55 train_bleu:74.281907081604 template_bleu:56.631070375442505 train_loss:2.3545315265655518 train_ppl:10.800433158874512 
step:14401 source:(400, 17) loss:1.923231 ppl:6.843030 lr:0.000368
step:14601 source:(400, 17) loss:1.947352 ppl:7.010102 lr:0.000366
step:14801 source:(400, 17) loss:1.921594 ppl:6.831838 lr:0.000363
step:15001 source:(400, 17) loss:1.914534 ppl:6.783777 lr:0.000361
step:15201 source:(400, 17) loss:1.885316 ppl:6.588437 lr:0.000358
step:15401 source:(400, 17) loss:1.856870 ppl:6.403664 lr:0.000356
step:15601 source:(400, 17) loss:1.895419 ppl:6.655334 lr:0.000354
epoch:60 test_bleu:61.23480200767517 template_bleu:56.838154792785645 test_loss:4.896067142486572 test_ppl:171.28439331054688 
epoch:60 train_bleu:76.58432722091675 template_bleu:56.631070375442505 train_loss:2.2524709701538086 train_ppl:9.908018112182617 
step:15801 source:(400, 17) loss:1.845719 ppl:6.332653 lr:0.000352
step:16001 source:(400, 17) loss:1.873603 ppl:6.511713 lr:0.000349
step:16201 source:(400, 17) loss:1.798118 ppl:6.038270 lr:0.000347
step:16401 source:(400, 17) loss:1.840184 ppl:6.297699 lr:0.000345
step:16601 source:(400, 17) loss:1.787239 ppl:5.972941 lr:0.000343
step:16801 source:(400, 17) loss:1.749454 ppl:5.751459 lr:0.000341
epoch:65 test_bleu:61.072659492492676 template_bleu:56.838154792785645 test_loss:4.920107841491699 test_ppl:171.8339385986328 
epoch:65 train_bleu:75.67554712295532 template_bleu:56.631070375442505 train_loss:2.286527395248413 train_ppl:10.288320541381836 
step:17001 source:(400, 17) loss:1.755485 ppl:5.786254 lr:0.000339
step:17201 source:(400, 17) loss:1.758662 ppl:5.804663 lr:0.000337
step:17401 source:(400, 17) loss:1.784844 ppl:5.958651 lr:0.000335
step:17601 source:(400, 17) loss:1.755827 ppl:5.788232 lr:0.000333
step:17801 source:(400, 17) loss:1.738083 ppl:5.686430 lr:0.000331
step:18001 source:(400, 17) loss:1.724645 ppl:5.610527 lr:0.000329
step:18201 source:(400, 17) loss:1.756085 ppl:5.789729 lr:0.000328
epoch:70 test_bleu:61.43959164619446 template_bleu:56.838154792785645 test_loss:4.877166271209717 test_ppl:164.38665771484375 
epoch:70 train_bleu:80.96126914024353 template_bleu:56.631070375442505 train_loss:2.046288251876831 train_ppl:8.110730171203613 
step:18401 source:(400, 17) loss:1.714476 ppl:5.553762 lr:0.000326
step:18601 source:(400, 17) loss:1.762201 ppl:5.825246 lr:0.000324
step:18801 source:(400, 17) loss:1.700722 ppl:5.477902 lr:0.000322
step:19001 source:(400, 17) loss:1.674989 ppl:5.338737 lr:0.000321
step:19201 source:(400, 17) loss:1.689693 ppl:5.417816 lr:0.000319
step:19401 source:(400, 17) loss:1.658445 ppl:5.251141 lr:0.000317
epoch:75 test_bleu:61.16499304771423 template_bleu:56.838154792785645 test_loss:5.044561386108398 test_ppl:200.6098175048828 
epoch:75 train_bleu:83.2945168018341 template_bleu:56.631070375442505 train_loss:1.993760585784912 train_ppl:7.736621379852295 
step:19601 source:(400, 17) loss:1.655223 ppl:5.234246 lr:0.000316
step:19801 source:(400, 17) loss:1.640012 ppl:5.155232 lr:0.000314
step:20001 source:(400, 17) loss:1.703327 ppl:5.492189 lr:0.000312
step:20201 source:(400, 17) loss:1.660317 ppl:5.260978 lr:0.000311
step:20401 source:(400, 17) loss:1.680128 ppl:5.366242 lr:0.000309
step:20601 source:(400, 17) loss:1.636223 ppl:5.135736 lr:0.000308
step:20801 source:(400, 17) loss:1.650680 ppl:5.210524 lr:0.000306
epoch:80 test_bleu:61.25227212905884 template_bleu:56.838154792785645 test_loss:5.082085132598877 test_ppl:243.86717224121094 
epoch:80 train_bleu:87.9910945892334 template_bleu:56.631070375442505 train_loss:1.8081337213516235 train_ppl:6.302672386169434 
step:21001 source:(400, 17) loss:1.638483 ppl:5.147355 lr:0.000305
step:21201 source:(400, 17) loss:1.632448 ppl:5.116385 lr:0.000304
step:21401 source:(400, 17) loss:1.656088 ppl:5.238778 lr:0.000302
step:21601 source:(400, 17) loss:1.640249 ppl:5.156452 lr:0.000301
step:21801 source:(400, 17) loss:1.628446 ppl:5.095949 lr:0.000299
step:22001 source:(400, 17) loss:1.610855 ppl:5.007093 lr:0.000298
epoch:85 test_bleu:61.4118754863739 template_bleu:56.838154792785645 test_loss:5.018600940704346 test_ppl:253.9932098388672 
epoch:85 train_bleu:89.36801552772522 template_bleu:56.631070375442505 train_loss:1.7473068237304688 train_ppl:5.872462272644043 
step:22201 source:(400, 17) loss:1.668989 ppl:5.306799 lr:0.000297
step:22401 source:(400, 17) loss:1.603308 ppl:4.969446 lr:0.000295
step:22601 source:(400, 17) loss:1.614996 ppl:5.027869 lr:0.000294
step:22801 source:(400, 17) loss:1.619474 ppl:5.050435 lr:0.000293
step:23001 source:(400, 17) loss:1.641239 ppl:5.161560 lr:0.000291
step:23201 source:(400, 17) loss:1.588180 ppl:4.894832 lr:0.000290
step:23401 source:(400, 17) loss:1.597845 ppl:4.942372 lr:0.000289
epoch:90 test_bleu:61.309242248535156 template_bleu:56.838154792785645 test_loss:5.084780693054199 test_ppl:243.93296813964844 
epoch:90 train_bleu:93.02053451538086 template_bleu:56.631070375442505 train_loss:1.647948145866394 train_ppl:5.262977600097656 
step:23601 source:(400, 17) loss:1.586642 ppl:4.887308 lr:0.000288
step:23801 source:(400, 17) loss:1.656337 ppl:5.240081 lr:0.000286
step:24001 source:(400, 17) loss:1.649950 ppl:5.206718 lr:0.000285
step:24201 source:(400, 17) loss:1.589679 ppl:4.902174 lr:0.000284
step:24401 source:(400, 17) loss:1.581511 ppl:4.862297 lr:0.000283
step:24601 source:(400, 17) loss:1.623448 ppl:5.070544 lr:0.000282
epoch:95 test_bleu:61.48773431777954 template_bleu:56.838154792785645 test_loss:4.9893035888671875 test_ppl:209.0871124267578 
epoch:95 train_bleu:91.4208471775055 template_bleu:56.631070375442505 train_loss:1.677564263343811 train_ppl:5.43738317489624 
step:24801 source:(400, 17) loss:1.578614 ppl:4.848232 lr:0.000281
step:25001 source:(400, 17) loss:1.577738 ppl:4.843985 lr:0.000280
step:25201 source:(400, 17) loss:1.574169 ppl:4.826730 lr:0.000278
step:25401 source:(400, 17) loss:1.618644 ppl:5.046244 lr:0.000277
step:25601 source:(400, 17) loss:1.575106 ppl:4.831253 lr:0.000276
step:25801 source:(400, 17) loss:1.590992 ppl:4.908617 lr:0.000275
step:26001 source:(400, 17) loss:1.589936 ppl:4.903437 lr:0.000274
epoch:100 test_bleu:61.211103200912476 template_bleu:56.838154792785645 test_loss:5.13298225402832 test_ppl:253.21360778808594 
epoch:100 train_bleu:93.01525354385376 template_bleu:56.631070375442505 train_loss:1.641002893447876 train_ppl:5.2347798347473145 
step:26201 source:(400, 17) loss:1.645522 ppl:5.183715 lr:0.000273
step:26401 source:(400, 17) loss:1.561044 ppl:4.763793 lr:0.000272
step:26601 source:(400, 17) loss:1.568374 ppl:4.798841 lr:0.000271
step:26801 source:(400, 17) loss:1.572081 ppl:4.816662 lr:0.000270
step:27001 source:(400, 17) loss:1.600542 ppl:4.955716 lr:0.000269
step:27201 source:(400, 17) loss:1.551926 ppl:4.720553 lr:0.000268
step:27401 source:(400, 17) loss:1.566154 ppl:4.788198 lr:0.000267
epoch:105 test_bleu:61.302173137664795 template_bleu:56.838154792785645 test_loss:5.111752510070801 test_ppl:238.28538513183594 
epoch:105 train_bleu:92.41294264793396 template_bleu:56.631070375442505 train_loss:1.6835328340530396 train_ppl:5.501125812530518 
step:27601 source:(400, 17) loss:1.577241 ppl:4.841581 lr:0.000266
step:27801 source:(400, 17) loss:1.594240 ppl:4.924585 lr:0.000265
step:28001 source:(400, 17) loss:1.561719 ppl:4.767010 lr:0.000264
step:28201 source:(400, 17) loss:1.560293 ppl:4.760217 lr:0.000263
step:28401 source:(400, 17) loss:1.542564 ppl:4.676566 lr:0.000262
step:28601 source:(400, 17) loss:1.558529 ppl:4.751824 lr:0.000261
epoch:110 test_bleu:61.395394802093506 template_bleu:56.838154792785645 test_loss:5.006591320037842 test_ppl:215.20437622070312 
epoch:110 train_bleu:93.17482113838196 template_bleu:56.631070375442505 train_loss:1.6290347576141357 train_ppl:5.175673961639404 
step:28801 source:(400, 17) loss:1.538367 ppl:4.656980 lr:0.000260
step:29001 source:(400, 17) loss:1.532357 ppl:4.629076 lr:0.000260
step:29201 source:(400, 17) loss:1.549118 ppl:4.707317 lr:0.000259
step:29401 source:(400, 17) loss:1.567138 ppl:4.792910 lr:0.000258
step:29601 source:(400, 17) loss:1.562463 ppl:4.770556 lr:0.000257
step:29801 source:(400, 17) loss:1.526908 ppl:4.603919 lr:0.000256
step:30001 source:(400, 17) loss:1.554840 ppl:4.734328 lr:0.000255
epoch:115 test_bleu:61.53454780578613 template_bleu:56.838154792785645 test_loss:5.048018932342529 test_ppl:222.5194549560547 
epoch:115 train_bleu:93.55090260505676 template_bleu:56.631070375442505 train_loss:1.6145081520080566 train_ppl:5.101998805999756 
step:30201 source:(400, 17) loss:1.547699 ppl:4.700643 lr:0.000254
step:30401 source:(400, 17) loss:1.556526 ppl:4.742318 lr:0.000253
step:30601 source:(400, 17) loss:1.511710 ppl:4.534478 lr:0.000253
step:30801 source:(400, 17) loss:1.569291 ppl:4.803240 lr:0.000252
step:31001 source:(400, 17) loss:1.519289 ppl:4.568977 lr:0.000251
step:31201 source:(400, 17) loss:1.511675 ppl:4.534318 lr:0.000250
epoch:120 test_bleu:61.43818497657776 template_bleu:56.838154792785645 test_loss:5.05143928527832 test_ppl:223.22637939453125 
epoch:120 train_bleu:93.09434294700623 template_bleu:56.631070375442505 train_loss:1.6304810047149658 train_ppl:5.189390659332275 
step:31401 source:(400, 17) loss:1.509149 ppl:4.522880 lr:0.000249
step:31601 source:(400, 17) loss:1.527714 ppl:4.607631 lr:0.000249
step:31801 source:(400, 17) loss:1.528266 ppl:4.610177 lr:0.000248
step:32001 source:(400, 17) loss:1.543297 ppl:4.679995 lr:0.000247
step:32201 source:(400, 17) loss:1.513383 ppl:4.542068 lr:0.000246
step:32401 source:(400, 17) loss:1.526600 ppl:4.602501 lr:0.000246
step:32601 source:(400, 17) loss:1.539556 ppl:4.662521 lr:0.000245
epoch:125 test_bleu:61.4632785320282 template_bleu:56.838154792785645 test_loss:4.944189548492432 test_ppl:194.56875610351562 
epoch:125 train_bleu:91.83557629585266 template_bleu:56.631070375442505 train_loss:1.6861330270767212 train_ppl:5.514692783355713 
step:32801 source:(400, 17) loss:1.540847 ppl:4.668542 lr:0.000244
step:33001 source:(400, 17) loss:1.539302 ppl:4.661336 lr:0.000243
step:33201 source:(400, 17) loss:1.517106 ppl:4.559011 lr:0.000243
step:33401 source:(400, 17) loss:1.504962 ppl:4.503983 lr:0.000242
step:33601 source:(400, 17) loss:1.544933 ppl:4.687655 lr:0.000241
step:33801 source:(400, 17) loss:1.509343 ppl:4.523756 lr:0.000240
epoch:130 test_bleu:61.68124079704285 template_bleu:56.838154792785645 test_loss:5.013009548187256 test_ppl:217.96109008789062 
epoch:130 train_bleu:87.60247230529785 template_bleu:56.631070375442505 train_loss:1.8381068706512451 train_ppl:6.480136394500732 
step:34001 source:(400, 17) loss:1.497157 ppl:4.468966 lr:0.000240
step:34201 source:(400, 17) loss:1.539550 ppl:4.662491 lr:0.000239
step:34401 source:(400, 17) loss:1.512579 ppl:4.538421 lr:0.000238
step:34601 source:(400, 17) loss:1.495585 ppl:4.461944 lr:0.000238
step:34801 source:(400, 17) loss:1.499023 ppl:4.477311 lr:0.000237
step:35001 source:(400, 17) loss:1.521653 ppl:4.579790 lr:0.000236
step:35201 source:(400, 17) loss:1.530838 ppl:4.622050 lr:0.000236
epoch:135 test_bleu:61.50451302528381 template_bleu:56.838154792785645 test_loss:5.004769325256348 test_ppl:218.83216857910156 
epoch:135 train_bleu:92.22890138626099 template_bleu:56.631070375442505 train_loss:1.630733609199524 train_ppl:5.177692890167236 
step:35401 source:(400, 17) loss:1.492272 ppl:4.447190 lr:0.000235
step:35601 source:(400, 17) loss:1.487491 ppl:4.425976 lr:0.000234
step:35801 source:(400, 17) loss:1.502085 ppl:4.491041 lr:0.000234
step:36001 source:(400, 17) loss:1.522155 ppl:4.582088 lr:0.000233
step:36201 source:(400, 17) loss:1.495368 ppl:4.460980 lr:0.000232
step:36401 source:(400, 17) loss:1.496847 ppl:4.467582 lr:0.000232
epoch:140 test_bleu:61.13753318786621 template_bleu:56.838154792785645 test_loss:5.169248104095459 test_ppl:230.3085174560547 
epoch:140 train_bleu:87.462717294693 template_bleu:56.631070375442505 train_loss:2.0188469886779785 train_ppl:7.843966960906982 
step:36601 source:(400, 17) loss:1.494482 ppl:4.457028 lr:0.000231
step:36801 source:(86, 17) loss:1.471168 ppl:4.354318 lr:0.000230
step:37001 source:(400, 17) loss:1.500743 ppl:4.485019 lr:0.000230
step:37201 source:(400, 17) loss:1.468147 ppl:4.341182 lr:0.000229
step:37401 source:(400, 17) loss:1.488686 ppl:4.431268 lr:0.000229
step:37601 source:(400, 17) loss:1.508989 ppl:4.522155 lr:0.000228
step:37801 source:(400, 17) loss:1.474287 ppl:4.367921 lr:0.000227
epoch:145 test_bleu:61.18097901344299 template_bleu:56.838154792785645 test_loss:5.018445014953613 test_ppl:212.4548797607422 
epoch:145 train_bleu:95.76717615127563 template_bleu:56.631070375442505 train_loss:1.5424578189849854 train_ppl:4.72183895111084 
step:38001 source:(400, 17) loss:1.473905 ppl:4.366252 lr:0.000227
step:38201 source:(400, 17) loss:1.479934 ppl:4.392653 lr:0.000226
step:38401 source:(400, 17) loss:1.482227 ppl:4.402740 lr:0.000226
step:38601 source:(400, 17) loss:1.470627 ppl:4.351964 lr:0.000225
step:38801 source:(400, 17) loss:1.487439 ppl:4.425745 lr:0.000224
epoch:149 test_bleu:61.30926012992859 template_bleu:56.838154792785645 test_loss:5.0392866134643555 test_ppl:202.71450805664062 
epoch:149 train_bleu:92.13401079177856 template_bleu:56.631070375442505 train_loss:1.6536476612091064 train_ppl:5.3354644775390625 
step:39001 source:(400, 17) loss:1.482207 ppl:4.402651 lr:0.000224
/home/syp/miniconda2/envs/newtf/lib/python3.6/importlib/_bootstrap.py:205: RuntimeWarning: compiletime version 3.5 of module 'tensorflow.python.framework.fast_tensor_util' does not match runtime version 3.6
  return f(*args, **kwds)
