train_file:/home/syp/zwr/txtgen/examples/long_text/yelp_data/pos/pos.train.txt
valid_file:/home/syp/zwr/txtgen/examples/long_text/yelp_data/pos/pos.valid.txt
logdir:./log_dir/pos.bsize250.epoch150.seqlen16.dynamic_lr.fixed_mask.present0.6.partition2.hidden512.gan/
epoch:0 test_bleu:13.133282959461212 template_bleu:38.278621435165405 test_loss:8.312689781188965 test_ppl:4224.31201171875 
epoch:0 train_g_bleu:12.946906685829163 template_bleu:37.78722882270813 train_g_loss:8.257882118225098 train_g_ppl:3864.843994140625 
step:1 source:(250, 17) g_loss:8.283277 d_loss:0.704637 ppl:3957.138916 lr:0.000000
step:201 source:(250, 17) g_loss:4.841190 d_loss:0.000323 ppl:126.619919 lr:0.000009
step:401 source:(250, 17) g_loss:4.420233 d_loss:0.000091 ppl:83.115631 lr:0.000018
step:601 source:(250, 17) g_loss:4.440298 d_loss:0.000044 ppl:84.800217 lr:0.000027
step:801 source:(250, 17) g_loss:4.287959 d_loss:0.000027 ppl:72.817703 lr:0.000035
step:1001 source:(250, 17) g_loss:4.403261 d_loss:0.000016 ppl:81.716888 lr:0.000044
step:1201 source:(250, 17) g_loss:4.454207 d_loss:0.000011 ppl:85.987930 lr:0.000053
step:1401 source:(250, 17) g_loss:4.338891 d_loss:0.000009 ppl:76.622520 lr:0.000062
step:1601 source:(250, 17) g_loss:4.293159 d_loss:0.000005 ppl:73.197296 lr:0.000071
step:1801 source:(250, 17) g_loss:4.356845 d_loss:0.000005 ppl:78.010612 lr:0.000080
step:2001 source:(250, 17) g_loss:4.341757 d_loss:0.000004 ppl:76.842453 lr:0.000088
epoch:5 test_bleu:45.55443227291107 template_bleu:38.278621435165405 test_loss:4.3549885749816895 test_ppl:84.32014465332031 
epoch:5 train_g_bleu:45.065465569496155 template_bleu:37.78722882270813 train_g_loss:4.312297344207764 train_g_ppl:74.73140716552734 
step:2201 source:(250, 17) g_loss:4.314620 d_loss:0.000003 ppl:74.785202 lr:0.000097
step:2401 source:(250, 17) g_loss:4.325041 d_loss:0.000003 ppl:75.568596 lr:0.000106
step:2601 source:(250, 17) g_loss:4.164769 d_loss:0.000002 ppl:64.377792 lr:0.000115
step:2801 source:(250, 17) g_loss:4.112301 d_loss:0.000002 ppl:61.087109 lr:0.000124
step:3001 source:(250, 17) g_loss:4.029748 d_loss:0.000001 ppl:56.246761 lr:0.000133
step:3201 source:(250, 17) g_loss:3.880175 d_loss:0.000002 ppl:48.432671 lr:0.000141
step:3401 source:(250, 17) g_loss:3.712083 d_loss:0.000001 ppl:40.939007 lr:0.000150
step:3601 source:(250, 17) g_loss:3.713997 d_loss:0.000001 ppl:41.017410 lr:0.000159
step:3801 source:(250, 17) g_loss:3.583520 d_loss:0.000001 ppl:36.000027 lr:0.000168
step:4001 source:(250, 17) g_loss:3.442999 d_loss:0.000001 ppl:31.280640 lr:0.000177
epoch:10 test_bleu:51.62753462791443 template_bleu:38.278621435165405 test_loss:3.651059865951538 test_ppl:45.18138122558594 
epoch:10 train_g_bleu:51.55956745147705 template_bleu:37.78722882270813 train_g_loss:3.479142904281616 train_g_ppl:32.48782730102539 
step:4201 source:(250, 17) g_loss:3.520688 d_loss:0.000000 ppl:33.807682 lr:0.000186
step:4401 source:(250, 17) g_loss:3.335692 d_loss:0.000001 ppl:28.097818 lr:0.000194
step:4601 source:(250, 17) g_loss:3.373599 d_loss:0.000000 ppl:29.183363 lr:0.000203
step:4801 source:(250, 17) g_loss:3.383709 d_loss:0.000000 ppl:29.479921 lr:0.000212
step:5001 source:(250, 17) g_loss:3.287265 d_loss:0.000000 ppl:26.769556 lr:0.000221
step:5201 source:(250, 17) g_loss:3.335868 d_loss:0.000000 ppl:28.102757 lr:0.000230
step:5401 source:(250, 17) g_loss:3.210881 d_loss:0.000000 ppl:24.800920 lr:0.000239
step:5601 source:(250, 17) g_loss:3.216700 d_loss:0.000000 ppl:24.945671 lr:0.000247
step:5801 source:(250, 17) g_loss:3.152180 d_loss:0.000000 ppl:23.386997 lr:0.000256
step:6001 source:(250, 17) g_loss:3.193224 d_loss:0.000000 ppl:24.366871 lr:0.000265
step:6201 source:(250, 17) g_loss:3.096733 d_loss:0.000000 ppl:22.125540 lr:0.000274
epoch:15 test_bleu:54.395222663879395 template_bleu:38.278621435165405 test_loss:3.4830169677734375 test_ppl:39.7135009765625 
epoch:15 train_g_bleu:54.82127666473389 template_bleu:37.78722882270813 train_g_loss:3.1297011375427246 train_g_ppl:22.897993087768555 
step:6401 source:(250, 17) g_loss:3.090672 d_loss:0.000000 ppl:21.991842 lr:0.000283
step:6601 source:(250, 17) g_loss:3.039913 d_loss:0.000000 ppl:20.903433 lr:0.000292
step:6801 source:(250, 17) g_loss:3.110453 d_loss:0.000000 ppl:22.431211 lr:0.000301
step:7001 source:(250, 17) g_loss:3.059345 d_loss:0.000000 ppl:21.313597 lr:0.000309
step:7201 source:(250, 17) g_loss:3.030613 d_loss:0.000000 ppl:20.709929 lr:0.000318
step:7401 source:(250, 17) g_loss:3.026778 d_loss:0.000000 ppl:20.630653 lr:0.000327
step:7601 source:(250, 17) g_loss:2.974887 d_loss:0.000000 ppl:19.587402 lr:0.000336
step:7801 source:(250, 17) g_loss:2.993994 d_loss:0.000000 ppl:19.965256 lr:0.000345
step:8001 source:(250, 17) g_loss:2.877830 d_loss:0.000000 ppl:17.775663 lr:0.000354
step:8201 source:(250, 17) g_loss:2.910910 d_loss:0.000000 ppl:18.373514 lr:0.000362
epoch:20 test_bleu:55.2578866481781 template_bleu:38.278621435165405 test_loss:3.4456276893615723 test_ppl:37.19478988647461 
epoch:20 train_g_bleu:57.316648960113525 template_bleu:37.78722882270813 train_g_loss:2.9044384956359863 train_g_ppl:18.27893829345703 
step:8401 source:(250, 17) g_loss:2.814758 d_loss:0.000000 ppl:16.689138 lr:0.000371
step:8601 source:(250, 17) g_loss:2.885473 d_loss:0.000000 ppl:17.912046 lr:0.000380
step:8801 source:(250, 17) g_loss:2.844274 d_loss:0.000000 ppl:17.189079 lr:0.000389
step:9001 source:(250, 17) g_loss:2.804602 d_loss:0.000000 ppl:16.520498 lr:0.000398
step:9201 source:(250, 17) g_loss:2.946879 d_loss:0.000000 ppl:19.046419 lr:0.000407
step:9401 source:(250, 17) g_loss:2.758356 d_loss:0.000000 ppl:15.773894 lr:0.000415
step:9601 source:(250, 17) g_loss:2.749648 d_loss:0.000000 ppl:15.637124 lr:0.000424
step:9801 source:(250, 17) g_loss:2.760008 d_loss:0.000000 ppl:15.799967 lr:0.000433
step:10001 source:(250, 17) g_loss:2.659768 d_loss:0.000000 ppl:14.292974 lr:0.000442
step:10201 source:(250, 17) g_loss:2.635924 d_loss:0.000000 ppl:13.956206 lr:0.000438
step:10401 source:(250, 17) g_loss:2.578704 d_loss:0.000000 ppl:13.180041 lr:0.000433
epoch:25 test_bleu:55.65040707588196 template_bleu:38.278621435165405 test_loss:3.4740030765533447 test_ppl:39.03330993652344 
epoch:25 train_g_bleu:60.474807024002075 template_bleu:37.78722882270813 train_g_loss:2.651068925857544 train_g_ppl:14.196175575256348 
step:10601 source:(250, 17) g_loss:2.528507 d_loss:0.000000 ppl:12.534775 lr:0.000429
step:10801 source:(250, 17) g_loss:2.563440 d_loss:0.000000 ppl:12.980392 lr:0.000425
step:11001 source:(250, 17) g_loss:2.503121 d_loss:0.000000 ppl:12.220573 lr:0.000421
step:11201 source:(250, 17) g_loss:2.480767 d_loss:0.000000 ppl:11.950427 lr:0.000418
step:11401 source:(250, 17) g_loss:2.453435 d_loss:0.000000 ppl:11.628221 lr:0.000414
step:11601 source:(250, 17) g_loss:2.398607 d_loss:0.000000 ppl:11.007827 lr:0.000410
step:11801 source:(250, 17) g_loss:2.377817 d_loss:0.000000 ppl:10.781343 lr:0.000407
step:12001 source:(250, 17) g_loss:2.390650 d_loss:0.000000 ppl:10.920588 lr:0.000403
step:12201 source:(250, 17) g_loss:2.325217 d_loss:0.000000 ppl:10.228897 lr:0.000400
step:12401 source:(250, 17) g_loss:2.349810 d_loss:0.000000 ppl:10.483574 lr:0.000397
epoch:30 test_bleu:55.02995848655701 template_bleu:38.278621435165405 test_loss:3.625725746154785 test_ppl:48.64299011230469 
epoch:30 train_g_bleu:64.29937481880188 template_bleu:37.78722882270813 train_g_loss:2.42305326461792 train_g_ppl:11.32238483428955 
step:12601 source:(250, 17) g_loss:2.231788 d_loss:0.000000 ppl:9.316506 lr:0.000394
step:12801 source:(250, 17) g_loss:2.284253 d_loss:0.000000 ppl:9.818348 lr:0.000391
step:13001 source:(250, 17) g_loss:2.197282 d_loss:0.000000 ppl:9.000520 lr:0.000388
step:13201 source:(250, 17) g_loss:2.265615 d_loss:0.000000 ppl:9.637054 lr:0.000385
step:13401 source:(250, 17) g_loss:2.182394 d_loss:0.000000 ppl:8.867510 lr:0.000382
step:13601 source:(250, 17) g_loss:2.184219 d_loss:0.000000 ppl:8.883709 lr:0.000379
step:13801 source:(250, 17) g_loss:2.159045 d_loss:0.000000 ppl:8.662865 lr:0.000376
step:14001 source:(250, 17) g_loss:2.136304 d_loss:0.000000 ppl:8.468082 lr:0.000374
step:14201 source:(250, 17) g_loss:2.018544 d_loss:0.000000 ppl:7.527360 lr:0.000371
step:14401 source:(250, 17) g_loss:2.060431 d_loss:0.000000 ppl:7.849356 lr:0.000368
epoch:35 test_bleu:55.25965094566345 template_bleu:38.278621435165405 test_loss:3.7153964042663574 test_ppl:56.66145324707031 
epoch:35 train_g_bleu:70.63136696815491 template_bleu:37.78722882270813 train_g_loss:2.168571710586548 train_g_ppl:8.81305980682373 
step:14601 source:(250, 17) g_loss:1.997109 d_loss:0.000000 ppl:7.367722 lr:0.000366
step:14801 source:(250, 17) g_loss:2.037573 d_loss:0.000000 ppl:7.671964 lr:0.000363
step:15001 source:(250, 17) g_loss:1.942879 d_loss:0.000000 ppl:6.978812 lr:0.000361
step:15201 source:(250, 17) g_loss:1.960652 d_loss:0.000000 ppl:7.103960 lr:0.000358
step:15401 source:(250, 17) g_loss:1.998892 d_loss:0.000000 ppl:7.380875 lr:0.000356
step:15601 source:(250, 17) g_loss:2.002530 d_loss:0.000000 ppl:7.407775 lr:0.000354
step:15801 source:(250, 17) g_loss:1.927696 d_loss:0.000000 ppl:6.873656 lr:0.000352
step:16001 source:(250, 17) g_loss:1.970067 d_loss:0.000000 ppl:7.171156 lr:0.000349
step:16201 source:(250, 17) g_loss:1.851628 d_loss:0.000000 ppl:6.370183 lr:0.000347
step:16401 source:(250, 17) g_loss:1.946548 d_loss:0.000000 ppl:7.004468 lr:0.000345
step:16601 source:(250, 17) g_loss:1.894122 d_loss:0.000000 ppl:6.646712 lr:0.000343
epoch:40 test_bleu:55.44505715370178 template_bleu:38.278621435165405 test_loss:3.8817923069000244 test_ppl:71.87443542480469 
epoch:40 train_g_bleu:75.54820775985718 template_bleu:37.78722882270813 train_g_loss:2.0236763954162598 train_g_ppl:7.631844997406006 
step:16801 source:(250, 17) g_loss:1.876212 d_loss:0.000000 ppl:6.528724 lr:0.000341
step:17001 source:(250, 17) g_loss:1.841027 d_loss:0.000000 ppl:6.303005 lr:0.000339
step:17201 source:(250, 17) g_loss:1.839807 d_loss:0.000000 ppl:6.295322 lr:0.000337
step:17401 source:(250, 17) g_loss:1.842739 d_loss:0.000000 ppl:6.313807 lr:0.000335
step:17601 source:(250, 17) g_loss:1.790192 d_loss:0.000000 ppl:5.990601 lr:0.000333
step:17801 source:(250, 17) g_loss:1.838361 d_loss:0.000000 ppl:6.286224 lr:0.000331
step:18001 source:(250, 17) g_loss:1.811310 d_loss:0.000000 ppl:6.118455 lr:0.000329
step:18201 source:(250, 17) g_loss:1.779398 d_loss:0.000000 ppl:5.926291 lr:0.000328
step:18401 source:(250, 17) g_loss:1.751217 d_loss:0.000000 ppl:5.761610 lr:0.000326
step:18601 source:(250, 17) g_loss:1.764877 d_loss:0.000000 ppl:5.840854 lr:0.000324
epoch:45 test_bleu:54.75966930389404 template_bleu:38.278621435165405 test_loss:4.014251232147217 test_ppl:76.39668273925781 
epoch:45 train_g_bleu:78.09947729110718 template_bleu:37.78722882270813 train_g_loss:1.9594075679779053 train_g_ppl:7.175511360168457 
step:18801 source:(250, 17) g_loss:1.772921 d_loss:0.000000 ppl:5.888026 lr:0.000322
step:19001 source:(250, 17) g_loss:1.760746 d_loss:0.000000 ppl:5.816776 lr:0.000321
step:19201 source:(250, 17) g_loss:1.793782 d_loss:0.000000 ppl:6.012150 lr:0.000319
step:19401 source:(250, 17) g_loss:1.739257 d_loss:0.000000 ppl:5.693113 lr:0.000317
step:19601 source:(250, 17) g_loss:1.715954 d_loss:0.000000 ppl:5.561979 lr:0.000316
step:19801 source:(250, 17) g_loss:1.731825 d_loss:0.000000 ppl:5.650960 lr:0.000314
step:20001 source:(250, 17) g_loss:1.740294 d_loss:0.000000 ppl:5.699016 lr:0.000312
step:20201 source:(250, 17) g_loss:1.741580 d_loss:0.000000 ppl:5.706355 lr:0.000311
step:20401 source:(250, 17) g_loss:1.742713 d_loss:0.000000 ppl:5.712821 lr:0.000309
step:20601 source:(250, 17) g_loss:1.686990 d_loss:0.000000 ppl:5.403192 lr:0.000308
step:20801 source:(250, 17) g_loss:1.724390 d_loss:0.000000 ppl:5.609097 lr:0.000306
epoch:50 test_bleu:55.26432991027832 template_bleu:38.278621435165405 test_loss:3.8905107975006104 test_ppl:71.7445297241211 
epoch:50 train_g_bleu:83.45929980278015 template_bleu:37.78722882270813 train_g_loss:1.7881202697753906 train_g_ppl:6.038714408874512 
step:21001 source:(250, 17) g_loss:1.668396 d_loss:0.000000 ppl:5.303656 lr:0.000305
step:21201 source:(250, 17) g_loss:1.718870 d_loss:0.000000 ppl:5.578219 lr:0.000304
step:21401 source:(250, 17) g_loss:1.698628 d_loss:0.000000 ppl:5.466441 lr:0.000302
step:21601 source:(250, 17) g_loss:1.703900 d_loss:0.000000 ppl:5.495335 lr:0.000301
step:21801 source:(250, 17) g_loss:1.683418 d_loss:0.000000 ppl:5.383929 lr:0.000299
step:22001 source:(250, 17) g_loss:1.688661 d_loss:0.000000 ppl:5.412227 lr:0.000298
step:22201 source:(250, 17) g_loss:1.668400 d_loss:0.000000 ppl:5.303677 lr:0.000297
step:22401 source:(250, 17) g_loss:1.639838 d_loss:0.000000 ppl:5.154334 lr:0.000295
step:22601 source:(250, 17) g_loss:1.638587 d_loss:0.000000 ppl:5.147891 lr:0.000294
step:22801 source:(250, 17) g_loss:1.639067 d_loss:0.000000 ppl:5.150362 lr:0.000293
epoch:55 test_bleu:55.28596043586731 template_bleu:38.278621435165405 test_loss:3.9242029190063477 test_ppl:73.42961120605469 
epoch:55 train_g_bleu:85.93922853469849 template_bleu:37.78722882270813 train_g_loss:1.7230229377746582 train_g_ppl:5.6458210945129395 
step:23001 source:(250, 17) g_loss:1.659163 d_loss:0.000000 ppl:5.254908 lr:0.000291
step:23201 source:(250, 17) g_loss:1.650619 d_loss:0.000000 ppl:5.210204 lr:0.000290
step:23401 source:(250, 17) g_loss:1.638893 d_loss:0.000000 ppl:5.149468 lr:0.000289
step:23601 source:(250, 17) g_loss:1.628136 d_loss:0.000000 ppl:5.094369 lr:0.000288
step:23801 source:(250, 17) g_loss:1.621759 d_loss:0.000000 ppl:5.061986 lr:0.000286
step:24001 source:(250, 17) g_loss:1.640950 d_loss:0.000000 ppl:5.160068 lr:0.000285
step:24201 source:(250, 17) g_loss:1.626683 d_loss:0.000000 ppl:5.086976 lr:0.000284
step:24401 source:(250, 17) g_loss:1.625949 d_loss:0.000000 ppl:5.083239 lr:0.000283
step:24601 source:(250, 17) g_loss:1.659833 d_loss:0.000000 ppl:5.258432 lr:0.000282
step:24801 source:(250, 17) g_loss:1.637737 d_loss:0.000000 ppl:5.143517 lr:0.000281
step:25001 source:(250, 17) g_loss:1.681705 d_loss:0.000000 ppl:5.374714 lr:0.000280
epoch:60 test_bleu:54.56251502037048 template_bleu:38.278621435165405 test_loss:4.021025657653809 test_ppl:76.09979248046875 
epoch:60 train_g_bleu:89.01400566101074 template_bleu:37.78722882270813 train_g_loss:1.6909548044204712 train_g_ppl:5.467430114746094 
step:25201 source:(250, 17) g_loss:1.623933 d_loss:0.000000 ppl:5.073002 lr:0.000278
step:25401 source:(250, 17) g_loss:1.661375 d_loss:0.000000 ppl:5.266545 lr:0.000277
step:25601 source:(250, 17) g_loss:1.607585 d_loss:0.000000 ppl:4.990745 lr:0.000276
step:25801 source:(250, 17) g_loss:1.663550 d_loss:0.000000 ppl:5.278015 lr:0.000275
step:26001 source:(250, 17) g_loss:1.631266 d_loss:0.000000 ppl:5.110340 lr:0.000274
step:26201 source:(250, 17) g_loss:1.611557 d_loss:0.000000 ppl:5.010606 lr:0.000273
step:26401 source:(250, 17) g_loss:1.601585 d_loss:0.000000 ppl:4.960891 lr:0.000272
step:26601 source:(250, 17) g_loss:1.595018 d_loss:0.000000 ppl:4.928418 lr:0.000271
step:26801 source:(250, 17) g_loss:1.615035 d_loss:0.000000 ppl:5.028065 lr:0.000270
step:27001 source:(250, 17) g_loss:1.591412 d_loss:0.000000 ppl:4.910676 lr:0.000269
epoch:65 test_bleu:55.505627393722534 template_bleu:38.278621435165405 test_loss:4.003345489501953 test_ppl:73.61084747314453 
epoch:65 train_g_bleu:90.07623195648193 template_bleu:37.78722882270813 train_g_loss:1.6901304721832275 train_g_ppl:5.446188926696777 
step:27201 source:(250, 17) g_loss:1.590452 d_loss:0.000000 ppl:4.905964 lr:0.000268
step:27401 source:(250, 17) g_loss:1.617787 d_loss:0.000000 ppl:5.041918 lr:0.000267
step:27601 source:(250, 17) g_loss:1.572595 d_loss:0.000000 ppl:4.819140 lr:0.000266
step:27801 source:(250, 17) g_loss:1.557841 d_loss:0.000000 ppl:4.748557 lr:0.000265
step:28001 source:(250, 17) g_loss:1.588508 d_loss:0.000000 ppl:4.896441 lr:0.000264
step:28201 source:(250, 17) g_loss:1.562371 d_loss:0.000000 ppl:4.770120 lr:0.000263
step:28401 source:(250, 17) g_loss:1.639220 d_loss:0.000000 ppl:5.151149 lr:0.000262
step:28601 source:(250, 17) g_loss:1.589239 d_loss:0.000000 ppl:4.900019 lr:0.000261
step:28801 source:(250, 17) g_loss:1.602353 d_loss:0.000000 ppl:4.964701 lr:0.000260
step:29001 source:(250, 17) g_loss:1.566627 d_loss:0.000000 ppl:4.790462 lr:0.000260
epoch:70 test_bleu:54.29881811141968 template_bleu:38.278621435165405 test_loss:4.136662483215332 test_ppl:86.28285217285156 
epoch:70 train_g_bleu:91.53362512588501 template_bleu:37.78722882270813 train_g_loss:1.6656224727630615 train_g_ppl:5.326887130737305 
step:29201 source:(250, 17) g_loss:1.584577 d_loss:0.000000 ppl:4.877229 lr:0.000259
step:29401 source:(250, 17) g_loss:1.571183 d_loss:0.000000 ppl:4.812336 lr:0.000258
step:29601 source:(250, 17) g_loss:1.579119 d_loss:0.000000 ppl:4.850682 lr:0.000257
step:29801 source:(250, 17) g_loss:1.567026 d_loss:0.000000 ppl:4.792374 lr:0.000256
step:30001 source:(250, 17) g_loss:1.573123 d_loss:0.000000 ppl:4.821684 lr:0.000255
step:30201 source:(250, 17) g_loss:1.576666 d_loss:0.000000 ppl:4.838799 lr:0.000254
step:30401 source:(250, 17) g_loss:1.589959 d_loss:0.000000 ppl:4.903546 lr:0.000253
step:30601 source:(250, 17) g_loss:1.571238 d_loss:0.000000 ppl:4.812604 lr:0.000253
step:30801 source:(250, 17) g_loss:1.566768 d_loss:0.000000 ppl:4.791137 lr:0.000252
step:31001 source:(250, 17) g_loss:1.580427 d_loss:0.000000 ppl:4.857031 lr:0.000251
step:31201 source:(250, 17) g_loss:1.569771 d_loss:0.000000 ppl:4.805548 lr:0.000250
epoch:75 test_bleu:54.597753286361694 template_bleu:38.278621435165405 test_loss:4.083130359649658 test_ppl:78.88801574707031 
epoch:75 train_g_bleu:93.06767582893372 template_bleu:37.78722882270813 train_g_loss:1.5895899534225464 train_g_ppl:4.938974380493164 
step:31401 source:(250, 17) g_loss:1.553230 d_loss:0.000000 ppl:4.726714 lr:0.000249
step:31601 source:(250, 17) g_loss:1.564794 d_loss:0.000000 ppl:4.781690 lr:0.000249
step:31801 source:(250, 17) g_loss:1.550426 d_loss:0.000000 ppl:4.713480 lr:0.000248
step:32001 source:(250, 17) g_loss:1.551166 d_loss:0.000000 ppl:4.716969 lr:0.000247
step:32201 source:(250, 17) g_loss:1.564410 d_loss:0.000000 ppl:4.779856 lr:0.000246
step:32401 source:(250, 17) g_loss:1.568841 d_loss:0.000000 ppl:4.801080 lr:0.000246
step:32601 source:(250, 17) g_loss:1.545675 d_loss:0.000000 ppl:4.691136 lr:0.000245
step:32801 source:(250, 17) g_loss:1.545766 d_loss:0.000000 ppl:4.691563 lr:0.000244
step:33001 source:(250, 17) g_loss:1.570542 d_loss:0.000000 ppl:4.809253 lr:0.000243
step:33201 source:(250, 17) g_loss:1.558661 d_loss:0.000000 ppl:4.752452 lr:0.000243
epoch:80 test_bleu:55.32117486000061 template_bleu:38.278621435165405 test_loss:3.9998085498809814 test_ppl:79.0503921508789 
epoch:80 train_g_bleu:91.82242155075073 template_bleu:37.78722882270813 train_g_loss:1.619353175163269 train_g_ppl:5.07942008972168 
step:33401 source:(250, 17) g_loss:1.557847 d_loss:0.000000 ppl:4.748585 lr:0.000242
step:33601 source:(250, 17) g_loss:1.526038 d_loss:0.000000 ppl:4.599914 lr:0.000241
step:33801 source:(250, 17) g_loss:1.522680 d_loss:0.000000 ppl:4.584497 lr:0.000240
step:34001 source:(250, 17) g_loss:1.535355 d_loss:0.000000 ppl:4.642974 lr:0.000240
step:34201 source:(250, 17) g_loss:1.530507 d_loss:0.000000 ppl:4.620520 lr:0.000239
step:34401 source:(250, 17) g_loss:1.529797 d_loss:0.000000 ppl:4.617239 lr:0.000238
step:34601 source:(250, 17) g_loss:1.511421 d_loss:0.000000 ppl:4.533166 lr:0.000238
step:34801 source:(250, 17) g_loss:1.517567 d_loss:0.000000 ppl:4.561114 lr:0.000237
step:35001 source:(250, 17) g_loss:1.516405 d_loss:0.000000 ppl:4.555820 lr:0.000236
