train_file:/home/syp/zwr/txtgen/examples/long_text/yelp_data/pos/pos.train.txt
valid_file:/home/syp/zwr/txtgen/examples/long_text/yelp_data/pos/pos.valid.txt
logdir:./log_dir/pos.bsize400.epoch300.seqlen16.fixed.present0.6.partition1.hidden512.seq2seq/
epoch:0 test_bleu:27.90551483631134 template_bleu:56.838154792785645
epoch:0 train_bleu:27.653825283050537 template_bleu:56.631070375442505
step:1 source:(400, 17) loss:8.10583 lr:0.001000
step:201 source:(400, 17) loss:4.48011 lr:0.001000
step:401 source:(400, 17) loss:4.29457 lr:0.001000
step:601 source:(400, 17) loss:4.25855 lr:0.001000
step:801 source:(400, 17) loss:4.20079 lr:0.001000
step:1001 source:(400, 17) loss:4.14157 lr:0.001000
step:1201 source:(400, 17) loss:4.06286 lr:0.001000
epoch:5 test_bleu:58.583009243011475 template_bleu:56.838154792785645
epoch:5 train_bleu:58.26672315597534 template_bleu:56.631070375442505
step:1401 source:(400, 17) loss:3.99167 lr:0.001000
step:1601 source:(400, 17) loss:3.82879 lr:0.001000
step:1801 source:(400, 17) loss:3.83925 lr:0.001000
step:2001 source:(400, 17) loss:3.81889 lr:0.001000
step:2201 source:(400, 17) loss:3.61189 lr:0.001000
step:2401 source:(400, 17) loss:3.61744 lr:0.001000
step:2601 source:(400, 17) loss:3.63281 lr:0.001000
epoch:10 test_bleu:59.81942415237427 template_bleu:56.838154792785645
epoch:10 train_bleu:59.20623540878296 template_bleu:56.631070375442505
step:2801 source:(400, 17) loss:3.49108 lr:0.001000
step:3001 source:(400, 17) loss:3.38419 lr:0.001000
step:3201 source:(400, 17) loss:3.39991 lr:0.001000
step:3401 source:(400, 17) loss:3.33245 lr:0.001000
step:3601 source:(400, 17) loss:3.31682 lr:0.001000
step:3801 source:(400, 17) loss:3.29201 lr:0.001000
epoch:15 test_bleu:60.66170930862427 template_bleu:56.838154792785645
epoch:15 train_bleu:60.50817370414734 template_bleu:56.631070375442505
step:4001 source:(400, 17) loss:3.20955 lr:0.001000
step:4201 source:(400, 17) loss:3.17058 lr:0.001000
step:4401 source:(400, 17) loss:3.05429 lr:0.001000
step:4601 source:(400, 17) loss:3.02467 lr:0.001000
step:4801 source:(400, 17) loss:2.98943 lr:0.001000
step:5001 source:(400, 17) loss:2.94524 lr:0.001000
step:5201 source:(400, 17) loss:2.92832 lr:0.001000
epoch:20 test_bleu:60.99289059638977 template_bleu:56.838154792785645
epoch:20 train_bleu:61.24395728111267 template_bleu:56.631070375442505
step:5401 source:(400, 17) loss:2.88667 lr:0.001000
step:5601 source:(400, 17) loss:2.88952 lr:0.001000
step:5801 source:(400, 17) loss:2.81277 lr:0.001000
step:6001 source:(400, 17) loss:2.77787 lr:0.001000
step:6201 source:(400, 17) loss:2.74929 lr:0.001000
step:6401 source:(400, 17) loss:2.6946 lr:0.001000
epoch:25 test_bleu:61.48297190666199 template_bleu:56.838154792785645
epoch:25 train_bleu:61.745816469192505 template_bleu:56.631070375442505
step:6601 source:(400, 17) loss:2.66931 lr:0.001000
step:6801 source:(400, 17) loss:2.64271 lr:0.001000
step:7001 source:(400, 17) loss:2.60131 lr:0.001000
step:7201 source:(400, 17) loss:2.61078 lr:0.001000
step:7401 source:(400, 17) loss:2.57778 lr:0.001000
step:7601 source:(400, 17) loss:2.55255 lr:0.001000
step:7801 source:(400, 17) loss:2.553 lr:0.001000
epoch:30 test_bleu:61.33818030357361 template_bleu:56.838154792785645
epoch:30 train_bleu:61.95191740989685 template_bleu:56.631070375442505
step:8001 source:(400, 17) loss:2.5178 lr:0.001000
step:8201 source:(400, 17) loss:2.4751 lr:0.001000
step:8401 source:(400, 17) loss:2.45726 lr:0.001000
step:8601 source:(400, 17) loss:2.46544 lr:0.001000
step:8801 source:(400, 17) loss:2.44108 lr:0.001000
step:9001 source:(400, 17) loss:2.37223 lr:0.001000
epoch:35 test_bleu:61.3155722618103 template_bleu:56.838154792785645
epoch:35 train_bleu:62.998390197753906 template_bleu:56.631070375442505
step:9201 source:(400, 17) loss:2.41021 lr:0.001000
step:9401 source:(400, 17) loss:2.32065 lr:0.001000
step:9601 source:(400, 17) loss:2.36106 lr:0.001000
step:9801 source:(400, 17) loss:2.36138 lr:0.001000
step:10001 source:(400, 17) loss:2.29503 lr:0.001000
step:10201 source:(400, 17) loss:2.33859 lr:0.001000
step:10401 source:(400, 17) loss:2.27024 lr:0.001000
epoch:40 test_bleu:61.37658357620239 template_bleu:56.838154792785645
epoch:40 train_bleu:63.504815101623535 template_bleu:56.631070375442505
step:10601 source:(400, 17) loss:2.28659 lr:0.001000
step:10801 source:(400, 17) loss:2.28275 lr:0.001000
step:11001 source:(400, 17) loss:2.25008 lr:0.001000
step:11201 source:(400, 17) loss:2.23445 lr:0.001000
step:11401 source:(400, 17) loss:2.20605 lr:0.001000
step:11601 source:(400, 17) loss:2.20077 lr:0.001000
epoch:45 test_bleu:61.22395396232605 template_bleu:56.838154792785645
epoch:45 train_bleu:63.99935483932495 template_bleu:56.631070375442505
step:11801 source:(400, 17) loss:2.22265 lr:0.001000
step:12001 source:(400, 17) loss:2.16874 lr:0.001000
step:12201 source:(400, 17) loss:2.14226 lr:0.001000
step:12401 source:(400, 17) loss:2.15695 lr:0.001000
step:12601 source:(400, 17) loss:2.12571 lr:0.001000
step:12801 source:(400, 17) loss:2.11046 lr:0.001000
step:13001 source:(400, 17) loss:2.14252 lr:0.001000
epoch:50 test_bleu:60.98293662071228 template_bleu:56.838154792785645
epoch:50 train_bleu:65.31449556350708 template_bleu:56.631070375442505
step:13201 source:(400, 17) loss:2.12618 lr:0.001000
step:13401 source:(400, 17) loss:2.10195 lr:0.001000
step:13601 source:(400, 17) loss:2.06421 lr:0.001000
step:13801 source:(400, 17) loss:2.04893 lr:0.001000
step:14001 source:(400, 17) loss:2.05792 lr:0.001000
step:14201 source:(400, 17) loss:2.0488 lr:0.001000
epoch:55 test_bleu:60.69076061248779 template_bleu:56.838154792785645
epoch:55 train_bleu:65.1202917098999 template_bleu:56.631070375442505
step:14401 source:(400, 17) loss:2.03718 lr:0.001000
step:14601 source:(400, 17) loss:2.0317 lr:0.001000
step:14801 source:(400, 17) loss:2.0097 lr:0.001000
step:15001 source:(400, 17) loss:1.98771 lr:0.001000
step:15201 source:(400, 17) loss:1.98718 lr:0.001000
step:15401 source:(400, 17) loss:2.0026 lr:0.001000
step:15601 source:(400, 17) loss:1.98225 lr:0.001000
epoch:60 test_bleu:60.71447134017944 template_bleu:56.838154792785645
epoch:60 train_bleu:66.72285795211792 template_bleu:56.631070375442505
step:15801 source:(400, 17) loss:1.93529 lr:0.001000
step:16001 source:(400, 17) loss:1.93002 lr:0.001000
step:16201 source:(400, 17) loss:1.94346 lr:0.001000
step:16401 source:(400, 17) loss:1.91629 lr:0.001000
step:16601 source:(400, 17) loss:1.88878 lr:0.001000
step:16801 source:(400, 17) loss:1.90932 lr:0.001000
epoch:65 test_bleu:60.836201906204224 template_bleu:56.838154792785645
epoch:65 train_bleu:67.68952012062073 template_bleu:56.631070375442505
step:17001 source:(400, 17) loss:1.86679 lr:0.001000
step:17201 source:(400, 17) loss:1.83353 lr:0.001000
step:17401 source:(400, 17) loss:1.84527 lr:0.001000
step:17601 source:(400, 17) loss:1.86373 lr:0.001000
step:17801 source:(400, 17) loss:1.83792 lr:0.001000
step:18001 source:(400, 17) loss:1.82809 lr:0.001000
step:18201 source:(400, 17) loss:1.82138 lr:0.001000
epoch:70 test_bleu:60.47511696815491 template_bleu:56.838154792785645
epoch:70 train_bleu:66.54661297798157 template_bleu:56.631070375442505
step:18401 source:(400, 17) loss:1.80316 lr:0.001000
step:18601 source:(400, 17) loss:1.82619 lr:0.001000
step:18801 source:(400, 17) loss:1.80304 lr:0.001000
step:19001 source:(400, 17) loss:1.81337 lr:0.001000
step:19201 source:(400, 17) loss:1.74847 lr:0.001000
step:19401 source:(400, 17) loss:1.79803 lr:0.001000
epoch:75 test_bleu:60.69510579109192 template_bleu:56.838154792785645
epoch:75 train_bleu:68.51261854171753 template_bleu:56.631070375442505
step:19601 source:(400, 17) loss:1.76729 lr:0.001000
step:19801 source:(400, 17) loss:1.7632 lr:0.001000
step:20001 source:(400, 17) loss:1.76845 lr:0.001000
step:20201 source:(400, 17) loss:1.77793 lr:0.001000
step:20401 source:(400, 17) loss:1.77831 lr:0.001000
step:20601 source:(400, 17) loss:1.73706 lr:0.001000
step:20801 source:(400, 17) loss:1.72814 lr:0.001000
epoch:80 test_bleu:60.72954535484314 template_bleu:56.838154792785645
epoch:80 train_bleu:70.17395496368408 template_bleu:56.631070375442505
step:21001 source:(400, 17) loss:1.75895 lr:0.001000
step:21201 source:(400, 17) loss:1.73435 lr:0.001000
step:21401 source:(400, 17) loss:1.71687 lr:0.001000
step:21601 source:(400, 17) loss:1.73194 lr:0.001000
step:21801 source:(400, 17) loss:1.70049 lr:0.001000
step:22001 source:(400, 17) loss:1.72069 lr:0.001000
epoch:85 test_bleu:60.825735330581665 template_bleu:56.838154792785645
epoch:85 train_bleu:71.37163877487183 template_bleu:56.631070375442505
step:22201 source:(400, 17) loss:1.68444 lr:0.001000
step:22401 source:(400, 17) loss:1.66589 lr:0.001000
step:22601 source:(400, 17) loss:1.70581 lr:0.001000
step:22801 source:(400, 17) loss:1.682 lr:0.001000
step:23001 source:(400, 17) loss:1.68718 lr:0.001000
step:23201 source:(400, 17) loss:1.67483 lr:0.001000
step:23401 source:(400, 17) loss:1.65935 lr:0.001000
epoch:90 test_bleu:60.78055500984192 template_bleu:56.838154792785645
epoch:90 train_bleu:71.95925712585449 template_bleu:56.631070375442505
step:23601 source:(400, 17) loss:1.66853 lr:0.001000
step:23801 source:(400, 17) loss:1.65767 lr:0.001000
step:24001 source:(400, 17) loss:1.67908 lr:0.001000
step:24201 source:(400, 17) loss:1.65137 lr:0.001000
step:24401 source:(400, 17) loss:1.62386 lr:0.001000
step:24601 source:(400, 17) loss:1.62499 lr:0.001000
epoch:95 test_bleu:60.22730469703674 template_bleu:56.838154792785645
epoch:95 train_bleu:73.33463430404663 template_bleu:56.631070375442505
step:24801 source:(400, 17) loss:1.63539 lr:0.001000
step:25001 source:(400, 17) loss:1.62062 lr:0.001000
step:25201 source:(400, 17) loss:1.6355 lr:0.001000
step:25401 source:(400, 17) loss:1.62617 lr:0.001000
step:25601 source:(400, 17) loss:1.61731 lr:0.001000
step:25801 source:(400, 17) loss:1.62324 lr:0.001000
step:26001 source:(400, 17) loss:1.62002 lr:0.001000
epoch:100 test_bleu:60.69144606590271 template_bleu:56.838154792785645
epoch:100 train_bleu:73.94270896911621 template_bleu:56.631070375442505
step:26201 source:(400, 17) loss:1.61465 lr:0.001000
step:26401 source:(400, 17) loss:1.61868 lr:0.001000
step:26601 source:(400, 17) loss:1.61749 lr:0.001000
step:26801 source:(400, 17) loss:1.60367 lr:0.001000
step:27001 source:(400, 17) loss:1.57703 lr:0.001000
step:27201 source:(400, 17) loss:1.59988 lr:0.001000
step:27401 source:(400, 17) loss:1.58744 lr:0.001000
epoch:105 test_bleu:60.40905714035034 template_bleu:56.838154792785645
epoch:105 train_bleu:75.44726729393005 template_bleu:56.631070375442505
step:27601 source:(400, 17) loss:1.60369 lr:0.001000
step:27801 source:(400, 17) loss:1.59406 lr:0.001000
step:28001 source:(400, 17) loss:1.57902 lr:0.001000
step:28201 source:(400, 17) loss:1.57633 lr:0.001000
step:28401 source:(400, 17) loss:1.58111 lr:0.001000
step:28601 source:(400, 17) loss:1.56785 lr:0.001000
epoch:110 test_bleu:60.601967573165894 template_bleu:56.838154792785645
epoch:110 train_bleu:75.09633302688599 template_bleu:56.631070375442505
step:28801 source:(400, 17) loss:1.56461 lr:0.001000
step:29001 source:(400, 17) loss:1.57206 lr:0.001000
step:29201 source:(400, 17) loss:1.58246 lr:0.001000
step:29401 source:(400, 17) loss:1.57577 lr:0.001000
step:29601 source:(400, 17) loss:1.57408 lr:0.001000
step:29801 source:(400, 17) loss:1.56368 lr:0.001000
step:30001 source:(400, 17) loss:1.55029 lr:0.001000
epoch:115 test_bleu:60.30980944633484 template_bleu:56.838154792785645
epoch:115 train_bleu:75.26863813400269 template_bleu:56.631070375442505
step:30201 source:(400, 17) loss:1.56889 lr:0.001000
step:30401 source:(400, 17) loss:1.56243 lr:0.001000
step:30601 source:(400, 17) loss:1.5557 lr:0.001000
step:30801 source:(400, 17) loss:1.54902 lr:0.001000
step:31001 source:(400, 17) loss:1.55046 lr:0.001000
step:31201 source:(400, 17) loss:1.5424 lr:0.001000
epoch:120 test_bleu:60.46704053878784 template_bleu:56.838154792785645
epoch:120 train_bleu:74.72056746482849 template_bleu:56.631070375442505
step:31401 source:(400, 17) loss:1.53418 lr:0.001000
step:31601 source:(400, 17) loss:1.53099 lr:0.001000
step:31801 source:(400, 17) loss:1.54238 lr:0.001000
step:32001 source:(400, 17) loss:1.53885 lr:0.001000
step:32201 source:(400, 17) loss:1.5464 lr:0.001000
step:32401 source:(400, 17) loss:1.5295 lr:0.001000
step:32601 source:(400, 17) loss:1.54436 lr:0.001000
epoch:125 test_bleu:60.33017635345459 template_bleu:56.838154792785645
epoch:125 train_bleu:75.82154273986816 template_bleu:56.631070375442505
step:32801 source:(400, 17) loss:1.52801 lr:0.001000
step:33001 source:(400, 17) loss:1.52912 lr:0.001000
step:33201 source:(400, 17) loss:1.5227 lr:0.001000
step:33401 source:(400, 17) loss:1.52418 lr:0.001000
step:33601 source:(400, 17) loss:1.53413 lr:0.001000
step:33801 source:(400, 17) loss:1.53185 lr:0.001000
epoch:130 test_bleu:60.49408316612244 template_bleu:56.838154792785645
epoch:130 train_bleu:76.44110321998596 template_bleu:56.631070375442505
step:34001 source:(400, 17) loss:1.5333 lr:0.001000
step:34201 source:(400, 17) loss:1.53643 lr:0.001000
step:34401 source:(400, 17) loss:1.5112 lr:0.001000
step:34601 source:(400, 17) loss:1.50685 lr:0.001000
step:34801 source:(400, 17) loss:1.51479 lr:0.001000
step:35001 source:(400, 17) loss:1.52655 lr:0.001000
step:35201 source:(400, 17) loss:1.52127 lr:0.001000
epoch:135 test_bleu:60.629695653915405 template_bleu:56.838154792785645
epoch:135 train_bleu:76.75932049751282 template_bleu:56.631070375442505
step:35401 source:(400, 17) loss:1.51953 lr:0.001000
step:35601 source:(400, 17) loss:1.51142 lr:0.001000
step:35801 source:(400, 17) loss:1.52636 lr:0.001000
step:36001 source:(400, 17) loss:1.51354 lr:0.001000
step:36201 source:(400, 17) loss:1.51451 lr:0.001000
step:36401 source:(400, 17) loss:1.50718 lr:0.001000
epoch:140 test_bleu:60.815078020095825 template_bleu:56.838154792785645
epoch:140 train_bleu:77.00627446174622 template_bleu:56.631070375442505
step:36601 source:(400, 17) loss:1.50399 lr:0.001000
step:36801 source:(86, 17) loss:1.47901 lr:0.001000
step:37001 source:(400, 17) loss:1.51821 lr:0.001000
step:37201 source:(400, 17) loss:1.5037 lr:0.001000
step:37401 source:(400, 17) loss:1.50591 lr:0.001000
step:37601 source:(400, 17) loss:1.51101 lr:0.001000
step:37801 source:(400, 17) loss:1.50062 lr:0.001000
epoch:145 test_bleu:60.28696894645691 template_bleu:56.838154792785645
epoch:145 train_bleu:78.17189693450928 template_bleu:56.631070375442505
step:38001 source:(400, 17) loss:1.49495 lr:0.001000
step:38201 source:(400, 17) loss:1.488 lr:0.001000
step:38401 source:(400, 17) loss:1.49662 lr:0.001000
step:38601 source:(400, 17) loss:1.49984 lr:0.001000
step:38801 source:(400, 17) loss:1.49305 lr:0.001000
step:39001 source:(400, 17) loss:1.48364 lr:0.001000
epoch:150 test_bleu:60.693198442459106 template_bleu:56.838154792785645
epoch:150 train_bleu:75.98333954811096 template_bleu:56.631070375442505
step:39201 source:(400, 17) loss:1.48289 lr:0.001000
step:39401 source:(400, 17) loss:1.50341 lr:0.001000
step:39601 source:(400, 17) loss:1.49436 lr:0.001000
step:39801 source:(400, 17) loss:1.4911 lr:0.001000
step:40001 source:(400, 17) loss:1.4764 lr:0.001000
step:40201 source:(400, 17) loss:1.47965 lr:0.001000
step:40401 source:(400, 17) loss:1.48833 lr:0.001000
epoch:155 test_bleu:60.84960103034973 template_bleu:56.838154792785645
epoch:155 train_bleu:79.72357869148254 template_bleu:56.631070375442505
step:40601 source:(400, 17) loss:1.48107 lr:0.001000
step:40801 source:(400, 17) loss:1.47644 lr:0.001000
step:41001 source:(400, 17) loss:1.49423 lr:0.001000
step:41201 source:(400, 17) loss:1.48744 lr:0.001000
step:41401 source:(400, 17) loss:1.48854 lr:0.001000
step:41601 source:(400, 17) loss:1.46787 lr:0.001000
epoch:160 test_bleu:60.37312150001526 template_bleu:56.838154792785645
epoch:160 train_bleu:76.49508714675903 template_bleu:56.631070375442505
step:41801 source:(400, 17) loss:1.48862 lr:0.001000
step:42001 source:(400, 17) loss:1.48413 lr:0.001000
step:42201 source:(400, 17) loss:1.46923 lr:0.001000
step:42401 source:(400, 17) loss:1.4789 lr:0.001000
step:42601 source:(400, 17) loss:1.46908 lr:0.001000
step:42801 source:(400, 17) loss:1.47408 lr:0.001000
step:43001 source:(400, 17) loss:1.46878 lr:0.001000
epoch:165 test_bleu:60.50899624824524 template_bleu:56.838154792785645
epoch:165 train_bleu:79.36588525772095 template_bleu:56.631070375442505
step:43201 source:(400, 17) loss:1.47559 lr:0.001000
step:43401 source:(400, 17) loss:1.47369 lr:0.001000
step:43601 source:(400, 17) loss:1.47972 lr:0.001000
step:43801 source:(400, 17) loss:1.48426 lr:0.001000
step:44001 source:(400, 17) loss:1.46745 lr:0.001000
step:44201 source:(400, 17) loss:1.46271 lr:0.001000
epoch:170 test_bleu:60.59945225715637 template_bleu:56.838154792785645
epoch:170 train_bleu:77.73520350456238 template_bleu:56.631070375442505
step:44401 source:(400, 17) loss:1.46507 lr:0.001000
step:44601 source:(400, 17) loss:1.46226 lr:0.001000
step:44801 source:(400, 17) loss:1.44843 lr:0.001000
step:45001 source:(400, 17) loss:1.46847 lr:0.001000
step:45201 source:(400, 17) loss:1.45712 lr:0.001000
step:45401 source:(400, 17) loss:1.46978 lr:0.001000
step:45601 source:(400, 17) loss:1.46046 lr:0.001000
epoch:175 test_bleu:60.46566367149353 template_bleu:56.838154792785645
epoch:175 train_bleu:78.73267531394958 template_bleu:56.631070375442505
step:45801 source:(400, 17) loss:1.4552 lr:0.001000
step:46001 source:(400, 17) loss:1.45199 lr:0.001000
step:46201 source:(400, 17) loss:1.45505 lr:0.001000
step:46401 source:(400, 17) loss:1.46127 lr:0.001000
step:46601 source:(400, 17) loss:1.45656 lr:0.001000
step:46801 source:(400, 17) loss:1.46425 lr:0.001000
epoch:180 test_bleu:60.6447696685791 template_bleu:56.838154792785645
epoch:180 train_bleu:78.26375365257263 template_bleu:56.631070375442505
step:47001 source:(400, 17) loss:1.44452 lr:0.001000
step:47201 source:(400, 17) loss:1.4617 lr:0.001000
step:47401 source:(400, 17) loss:1.45129 lr:0.001000
step:47601 source:(400, 17) loss:1.45368 lr:0.001000
step:47801 source:(400, 17) loss:1.45037 lr:0.001000
step:48001 source:(400, 17) loss:1.46057 lr:0.001000
step:48201 source:(400, 17) loss:1.44828 lr:0.001000
epoch:185 test_bleu:60.79245209693909 template_bleu:56.838154792785645
epoch:185 train_bleu:77.9298484325409 template_bleu:56.631070375442505
step:48401 source:(400, 17) loss:1.45376 lr:0.001000
step:48601 source:(400, 17) loss:1.44831 lr:0.001000
step:48801 source:(400, 17) loss:1.44031 lr:0.001000
step:49001 source:(400, 17) loss:1.44673 lr:0.001000
step:49201 source:(400, 17) loss:1.45566 lr:0.001000
step:49401 source:(400, 17) loss:1.45899 lr:0.001000
epoch:190 test_bleu:60.660624504089355 template_bleu:56.838154792785645
epoch:190 train_bleu:79.25869822502136 template_bleu:56.631070375442505
step:49601 source:(400, 17) loss:1.44798 lr:0.001000
step:49801 source:(400, 17) loss:1.44755 lr:0.001000
step:50001 source:(400, 17) loss:1.44879 lr:0.001000
step:50201 source:(400, 17) loss:1.44564 lr:0.001000
step:50401 source:(400, 17) loss:1.45203 lr:0.001000
step:50601 source:(400, 17) loss:1.45012 lr:0.001000
step:50801 source:(400, 17) loss:1.44305 lr:0.001000
epoch:195 test_bleu:60.24245023727417 template_bleu:56.838154792785645
epoch:195 train_bleu:80.90878129005432 template_bleu:56.631070375442505
step:51001 source:(400, 17) loss:1.453 lr:0.001000
step:51201 source:(400, 17) loss:1.44501 lr:0.001000
step:51401 source:(400, 17) loss:1.44286 lr:0.001000
step:51601 source:(400, 17) loss:1.44636 lr:0.001000
step:51801 source:(400, 17) loss:1.44567 lr:0.001000
step:52001 source:(400, 17) loss:1.43493 lr:0.001000
epoch:200 test_bleu:60.60550808906555 template_bleu:56.838154792785645
epoch:200 train_bleu:82.05609917640686 template_bleu:56.631070375442505
step:52201 source:(400, 17) loss:1.45056 lr:0.001000
step:52401 source:(400, 17) loss:1.43651 lr:0.001000
step:52601 source:(400, 17) loss:1.43326 lr:0.001000
step:52801 source:(400, 17) loss:1.43295 lr:0.001000
step:53001 source:(400, 17) loss:1.44102 lr:0.001000
step:53201 source:(400, 17) loss:1.44181 lr:0.001000
step:53401 source:(400, 17) loss:1.44936 lr:0.001000
epoch:205 test_bleu:60.88749170303345 template_bleu:56.838154792785645
epoch:205 train_bleu:79.66245412826538 template_bleu:56.631070375442505
step:53601 source:(400, 17) loss:1.43183 lr:0.001000
step:53801 source:(400, 17) loss:1.43506 lr:0.001000
step:54001 source:(400, 17) loss:1.44164 lr:0.001000
step:54201 source:(400, 17) loss:1.4407 lr:0.001000
step:54401 source:(400, 17) loss:1.43083 lr:0.001000
step:54601 source:(400, 17) loss:1.43444 lr:0.001000
step:54801 source:(400, 17) loss:1.43184 lr:0.001000
epoch:210 test_bleu:60.787153244018555 template_bleu:56.838154792785645
epoch:210 train_bleu:78.79853844642639 template_bleu:56.631070375442505
step:55001 source:(400, 17) loss:1.44032 lr:0.001000
step:55201 source:(400, 17) loss:1.43156 lr:0.001000
step:55401 source:(400, 17) loss:1.43331 lr:0.001000
step:55601 source:(400, 17) loss:1.43243 lr:0.001000
step:55801 source:(400, 17) loss:1.43557 lr:0.001000
step:56001 source:(400, 17) loss:1.42122 lr:0.001000
epoch:215 test_bleu:60.677510499954224 template_bleu:56.838154792785645
epoch:215 train_bleu:80.96784353256226 template_bleu:56.631070375442505
step:56201 source:(400, 17) loss:1.42906 lr:0.001000
step:56401 source:(400, 17) loss:1.43741 lr:0.001000
step:56601 source:(400, 17) loss:1.43298 lr:0.001000
step:56801 source:(400, 17) loss:1.43269 lr:0.001000
step:57001 source:(400, 17) loss:1.42738 lr:0.001000
step:57201 source:(400, 17) loss:1.43731 lr:0.001000
step:57401 source:(400, 17) loss:1.42793 lr:0.001000
epoch:220 test_bleu:60.61956286430359 template_bleu:56.838154792785645
epoch:220 train_bleu:80.20050525665283 template_bleu:56.631070375442505
step:57601 source:(400, 17) loss:1.42116 lr:0.001000
step:57801 source:(400, 17) loss:1.42933 lr:0.001000
step:58001 source:(400, 17) loss:1.42112 lr:0.001000
step:58201 source:(400, 17) loss:1.4256 lr:0.001000
step:58401 source:(400, 17) loss:1.43043 lr:0.001000
step:58601 source:(400, 17) loss:1.42012 lr:0.001000
epoch:225 test_bleu:60.7634961605072 template_bleu:56.838154792785645
epoch:225 train_bleu:82.00613856315613 template_bleu:56.631070375442505
step:58801 source:(400, 17) loss:1.42604 lr:0.001000
step:59001 source:(400, 17) loss:1.43064 lr:0.001000
step:59201 source:(400, 17) loss:1.43167 lr:0.001000
step:59401 source:(400, 17) loss:1.43009 lr:0.001000
step:59601 source:(400, 17) loss:1.42315 lr:0.001000
step:59801 source:(400, 17) loss:1.42461 lr:0.001000
step:60001 source:(400, 17) loss:1.4241 lr:0.001000
epoch:230 test_bleu:60.846710205078125 template_bleu:56.838154792785645
epoch:230 train_bleu:80.83017468452454 template_bleu:56.631070375442505
step:60201 source:(400, 17) loss:1.42302 lr:0.001000
step:60401 source:(400, 17) loss:1.41873 lr:0.001000
step:60601 source:(400, 17) loss:1.42578 lr:0.001000
step:60801 source:(400, 17) loss:1.43148 lr:0.001000
step:61001 source:(400, 17) loss:1.41451 lr:0.001000
step:61201 source:(400, 17) loss:1.42286 lr:0.001000
epoch:235 test_bleu:60.83380579948425 template_bleu:56.838154792785645
epoch:235 train_bleu:80.57253956794739 template_bleu:56.631070375442505
step:61401 source:(400, 17) loss:1.41963 lr:0.001000
step:61601 source:(400, 17) loss:1.42689 lr:0.001000
step:61801 source:(400, 17) loss:1.42756 lr:0.001000
step:62001 source:(400, 17) loss:1.42305 lr:0.001000
step:62201 source:(400, 17) loss:1.41606 lr:0.001000
step:62401 source:(400, 17) loss:1.42645 lr:0.001000
step:62601 source:(400, 17) loss:1.41223 lr:0.001000
epoch:240 test_bleu:60.724037885665894 template_bleu:56.838154792785645
epoch:240 train_bleu:80.9377670288086 template_bleu:56.631070375442505
step:62801 source:(400, 17) loss:1.41714 lr:0.001000
step:63001 source:(400, 17) loss:1.43393 lr:0.001000
step:63201 source:(400, 17) loss:1.40772 lr:0.001000
step:63401 source:(400, 17) loss:1.41457 lr:0.001000
step:63601 source:(400, 17) loss:1.40925 lr:0.001000
step:63801 source:(400, 17) loss:1.41937 lr:0.001000
epoch:245 test_bleu:60.685908794403076 template_bleu:56.838154792785645
epoch:245 train_bleu:81.12409710884094 template_bleu:56.631070375442505
step:64001 source:(400, 17) loss:1.40994 lr:0.001000
step:64201 source:(400, 17) loss:1.40397 lr:0.001000
step:64401 source:(400, 17) loss:1.40937 lr:0.001000
step:64601 source:(400, 17) loss:1.42301 lr:0.001000
step:64801 source:(400, 17) loss:1.42266 lr:0.001000
step:65001 source:(400, 17) loss:1.41462 lr:0.001000
step:65201 source:(400, 17) loss:1.40861 lr:0.001000
epoch:250 test_bleu:60.62668561935425 template_bleu:56.838154792785645
epoch:250 train_bleu:81.19317889213562 template_bleu:56.631070375442505
step:65401 source:(400, 17) loss:1.41159 lr:0.001000
step:65601 source:(400, 17) loss:1.40884 lr:0.001000
step:65801 source:(400, 17) loss:1.41492 lr:0.001000
step:66001 source:(400, 17) loss:1.40501 lr:0.001000
step:66201 source:(400, 17) loss:1.41809 lr:0.001000
step:66401 source:(400, 17) loss:1.41148 lr:0.001000
epoch:255 test_bleu:60.675036907196045 template_bleu:56.838154792785645
epoch:255 train_bleu:81.04085326194763 template_bleu:56.631070375442505
step:66601 source:(400, 17) loss:1.40917 lr:0.001000
step:66801 source:(400, 17) loss:1.40656 lr:0.001000
step:67001 source:(400, 17) loss:1.4078 lr:0.001000
step:67201 source:(400, 17) loss:1.41778 lr:0.001000
step:67401 source:(400, 17) loss:1.42267 lr:0.001000
step:67601 source:(400, 17) loss:1.41125 lr:0.001000
step:67801 source:(400, 17) loss:1.40294 lr:0.001000
epoch:260 test_bleu:60.70598363876343 template_bleu:56.838154792785645
epoch:260 train_bleu:80.92875480651855 template_bleu:56.631070375442505
step:68001 source:(400, 17) loss:1.41762 lr:0.001000
step:68201 source:(400, 17) loss:1.41987 lr:0.001000
step:68401 source:(400, 17) loss:1.41064 lr:0.001000
step:68601 source:(400, 17) loss:1.42272 lr:0.001000
step:68801 source:(400, 17) loss:1.40961 lr:0.001000
step:69001 source:(400, 17) loss:1.40725 lr:0.001000
epoch:265 test_bleu:60.725051164627075 template_bleu:56.838154792785645
epoch:265 train_bleu:79.91644740104675 template_bleu:56.631070375442505
step:69201 source:(400, 17) loss:1.39913 lr:0.001000
step:69401 source:(400, 17) loss:1.40681 lr:0.001000
step:69601 source:(400, 17) loss:1.40685 lr:0.001000
step:69801 source:(400, 17) loss:1.40437 lr:0.001000
step:70001 source:(400, 17) loss:1.40236 lr:0.001000
step:70201 source:(400, 17) loss:1.40112 lr:0.001000
step:70401 source:(400, 17) loss:1.40751 lr:0.001000
epoch:270 test_bleu:60.44116020202637 template_bleu:56.838154792785645
epoch:270 train_bleu:81.52762651443481 template_bleu:56.631070375442505
step:70601 source:(400, 17) loss:1.40176 lr:0.001000
step:70801 source:(400, 17) loss:1.40848 lr:0.001000
step:71001 source:(400, 17) loss:1.42003 lr:0.001000
step:71201 source:(400, 17) loss:1.40091 lr:0.001000
step:71401 source:(400, 17) loss:1.40189 lr:0.001000
step:71601 source:(400, 17) loss:1.40236 lr:0.001000
epoch:275 test_bleu:60.52588224411011 template_bleu:56.838154792785645
epoch:275 train_bleu:82.19050168991089 template_bleu:56.631070375442505
step:71801 source:(400, 17) loss:1.4012 lr:0.001000
step:72001 source:(400, 17) loss:1.40675 lr:0.001000
step:72201 source:(400, 17) loss:1.40388 lr:0.001000
step:72401 source:(400, 17) loss:1.40042 lr:0.001000
step:72601 source:(400, 17) loss:1.39542 lr:0.001000
step:72801 source:(400, 17) loss:1.40776 lr:0.001000
step:73001 source:(400, 17) loss:1.4117 lr:0.001000
epoch:280 test_bleu:60.40613055229187 template_bleu:56.838154792785645
epoch:280 train_bleu:81.6035807132721 template_bleu:56.631070375442505
step:73201 source:(400, 17) loss:1.40486 lr:0.001000
step:73401 source:(400, 17) loss:1.4051 lr:0.001000
step:73601 source:(400, 17) loss:1.3979 lr:0.001000
step:73801 source:(400, 17) loss:1.40313 lr:0.001000
step:74001 source:(400, 17) loss:1.39197 lr:0.001000
step:74201 source:(400, 17) loss:1.39772 lr:0.001000
epoch:285 test_bleu:60.4465126991272 template_bleu:56.838154792785645
epoch:285 train_bleu:83.87375473976135 template_bleu:56.631070375442505
step:74401 source:(400, 17) loss:1.40287 lr:0.001000
step:74601 source:(400, 17) loss:1.39934 lr:0.001000
step:74801 source:(400, 17) loss:1.40028 lr:0.001000
step:75001 source:(400, 17) loss:1.3977 lr:0.001000
step:75201 source:(400, 17) loss:1.40048 lr:0.001000
step:75401 source:(400, 17) loss:1.3944 lr:0.001000
step:75601 source:(400, 17) loss:1.39592 lr:0.001000
epoch:290 test_bleu:60.82960367202759 template_bleu:56.838154792785645
epoch:290 train_bleu:82.15328454971313 template_bleu:56.631070375442505
step:75801 source:(400, 17) loss:1.41068 lr:0.001000
step:76001 source:(400, 17) loss:1.40366 lr:0.001000
step:76201 source:(400, 17) loss:1.39388 lr:0.001000
step:76401 source:(400, 17) loss:1.40335 lr:0.001000
step:76601 source:(400, 17) loss:1.39647 lr:0.001000
step:76801 source:(400, 17) loss:1.40677 lr:0.001000
epoch:295 test_bleu:60.721397399902344 template_bleu:56.838154792785645
epoch:295 train_bleu:81.7523181438446 template_bleu:56.631070375442505
step:77001 source:(400, 17) loss:1.39457 lr:0.001000
step:77201 source:(400, 17) loss:1.39882 lr:0.001000
step:77401 source:(400, 17) loss:1.40353 lr:0.001000
step:77601 source:(400, 17) loss:1.3946 lr:0.001000
step:77801 source:(400, 17) loss:1.39636 lr:0.001000
step:78001 source:(400, 17) loss:1.39896 lr:0.001000
step:78201 source:(400, 17) loss:1.39556 lr:0.001000
/home/syp/miniconda2/envs/newtf/lib/python3.6/importlib/_bootstrap.py:205: RuntimeWarning: compiletime version 3.5 of module 'tensorflow.python.framework.fast_tensor_util' does not match runtime version 3.6
  return f(*args, **kwds)
