train_file:/home/syp/zwr/txtgen/examples/long_text/yelp_data/pos/pos.train.txt
valid_file:/home/syp/zwr/txtgen/examples/long_text/yelp_data/pos/pos.valid.txt
logdir:./log_dir/pos.bsize250.epoch100.seqlen16.dynamic_lr.fixed_mask.present0.6.partition1.hidden512.gan/
epoch:0 test_bleu:27.758312225341797 template_bleu:56.838154792785645 test_loss:8.159578323364258 test_ppl:3671.915283203125 
epoch:0 train_g_bleu:27.663737535476685 template_bleu:56.618112325668335 train_g_loss:8.095220565795898 train_g_ppl:3286.7841796875 
step:1 source:(250, 17) g_loss:8.123750 d_loss:0.741282 ppl:3373.647217 lr:0.000000
step:201 source:(250, 17) g_loss:5.218524 d_loss:0.000263 ppl:184.661423 lr:0.000009
step:401 source:(250, 17) g_loss:4.967145 d_loss:0.000081 ppl:143.616272 lr:0.000018
step:601 source:(250, 17) g_loss:4.813009 d_loss:0.000042 ppl:123.101509 lr:0.000027
step:801 source:(250, 17) g_loss:4.833562 d_loss:0.000024 ppl:125.657806 lr:0.000035
step:1001 source:(250, 17) g_loss:4.969648 d_loss:0.000016 ppl:143.976181 lr:0.000044
step:1201 source:(250, 17) g_loss:4.913914 d_loss:0.000010 ppl:136.171371 lr:0.000053
step:1401 source:(250, 17) g_loss:4.805707 d_loss:0.000007 ppl:122.205856 lr:0.000062
step:1601 source:(250, 17) g_loss:4.872324 d_loss:0.000006 ppl:130.624130 lr:0.000071
step:1801 source:(250, 17) g_loss:4.812624 d_loss:0.000005 ppl:123.054146 lr:0.000080
step:2001 source:(250, 17) g_loss:4.834494 d_loss:0.000004 ppl:125.774879 lr:0.000088
epoch:5 test_bleu:58.49769711494446 template_bleu:56.838154792785645 test_loss:4.810708999633789 test_ppl:134.21109008789062 
epoch:5 train_g_bleu:58.25070142745972 template_bleu:56.618112325668335 train_g_loss:4.789074897766113 train_g_ppl:120.47203826904297 
step:2201 source:(250, 17) g_loss:4.778608 d_loss:0.000003 ppl:118.938652 lr:0.000097
step:2401 source:(250, 17) g_loss:4.914454 d_loss:0.000003 ppl:136.244904 lr:0.000106
step:2601 source:(250, 17) g_loss:4.644485 d_loss:0.000002 ppl:104.009735 lr:0.000115
step:2801 source:(250, 17) g_loss:4.631414 d_loss:0.000001 ppl:102.659119 lr:0.000124
step:3001 source:(250, 17) g_loss:4.570859 d_loss:0.000002 ppl:96.627121 lr:0.000133
step:3201 source:(250, 17) g_loss:4.461703 d_loss:0.000002 ppl:86.634911 lr:0.000141
step:3401 source:(250, 17) g_loss:4.382071 d_loss:0.000001 ppl:80.003510 lr:0.000150
step:3601 source:(250, 17) g_loss:4.484223 d_loss:0.000001 ppl:88.608109 lr:0.000159
step:3801 source:(250, 17) g_loss:4.198123 d_loss:0.000001 ppl:66.561249 lr:0.000168
step:4001 source:(250, 17) g_loss:4.148419 d_loss:0.000000 ppl:63.333813 lr:0.000177
epoch:10 test_bleu:59.930574893951416 template_bleu:56.838154792785645 test_loss:4.295148849487305 test_ppl:85.4763412475586 
epoch:10 train_g_bleu:59.481823444366455 template_bleu:56.618112325668335 train_g_loss:4.131397247314453 train_g_ppl:62.39295196533203 
step:4201 source:(250, 17) g_loss:4.139150 d_loss:0.000001 ppl:62.749439 lr:0.000186
step:4401 source:(250, 17) g_loss:3.963941 d_loss:0.000000 ppl:52.664459 lr:0.000194
step:4601 source:(250, 17) g_loss:4.110724 d_loss:0.000000 ppl:60.990856 lr:0.000203
step:4801 source:(250, 17) g_loss:4.024546 d_loss:0.000000 ppl:55.954880 lr:0.000212
step:5001 source:(250, 17) g_loss:3.839822 d_loss:0.000000 ppl:46.517208 lr:0.000221
step:5201 source:(250, 17) g_loss:3.974361 d_loss:0.000000 ppl:53.216099 lr:0.000230
step:5401 source:(250, 17) g_loss:3.789002 d_loss:0.000000 ppl:44.212261 lr:0.000239
step:5601 source:(250, 17) g_loss:3.776603 d_loss:0.000000 ppl:43.667473 lr:0.000247
step:5801 source:(250, 17) g_loss:3.852437 d_loss:0.000000 ppl:47.107716 lr:0.000256
step:6001 source:(250, 17) g_loss:3.799440 d_loss:0.000000 ppl:44.676144 lr:0.000265
step:6201 source:(250, 17) g_loss:3.716970 d_loss:0.000000 ppl:41.139549 lr:0.000274
epoch:15 test_bleu:61.38213872909546 template_bleu:56.838154792785645 test_loss:4.070289134979248 test_ppl:69.20523834228516 
epoch:15 train_g_bleu:61.00220084190369 template_bleu:56.618112325668335 train_g_loss:3.738464832305908 train_g_ppl:42.1087532043457 
step:6401 source:(250, 17) g_loss:3.685654 d_loss:0.000000 ppl:39.871178 lr:0.000283
step:6601 source:(250, 17) g_loss:3.646674 d_loss:0.000000 ppl:38.346928 lr:0.000292
step:6801 source:(250, 17) g_loss:3.617616 d_loss:0.000000 ppl:37.248657 lr:0.000301
step:7001 source:(250, 17) g_loss:3.759396 d_loss:0.000000 ppl:42.922485 lr:0.000309
step:7201 source:(250, 17) g_loss:3.742258 d_loss:0.000000 ppl:42.193150 lr:0.000318
step:7401 source:(250, 17) g_loss:3.542048 d_loss:0.000000 ppl:34.537586 lr:0.000327
step:7601 source:(250, 17) g_loss:3.592130 d_loss:0.000000 ppl:36.311344 lr:0.000336
step:7801 source:(250, 17) g_loss:3.491850 d_loss:0.000000 ppl:32.846672 lr:0.000345
step:8001 source:(250, 17) g_loss:3.436872 d_loss:0.000000 ppl:31.089573 lr:0.000354
step:8201 source:(250, 17) g_loss:3.522437 d_loss:0.000000 ppl:33.866856 lr:0.000362
epoch:20 test_bleu:61.739540100097656 template_bleu:56.838154792785645 test_loss:4.0553202629089355 test_ppl:69.97262573242188 
epoch:20 train_g_bleu:62.21291422843933 template_bleu:56.618112325668335 train_g_loss:3.4579060077667236 train_g_ppl:31.80743408203125 
step:8401 source:(250, 17) g_loss:3.413298 d_loss:0.000000 ppl:30.365221 lr:0.000371
step:8601 source:(250, 17) g_loss:3.423285 d_loss:0.000000 ppl:30.669994 lr:0.000380
step:8801 source:(250, 17) g_loss:3.413753 d_loss:0.000000 ppl:30.379044 lr:0.000389
step:9001 source:(250, 17) g_loss:3.328526 d_loss:0.000000 ppl:27.897198 lr:0.000398
step:9201 source:(250, 17) g_loss:3.424625 d_loss:0.000000 ppl:30.711117 lr:0.000407
step:9401 source:(250, 17) g_loss:3.366242 d_loss:0.000000 ppl:28.969467 lr:0.000415
step:9601 source:(250, 17) g_loss:3.324712 d_loss:0.000000 ppl:27.790989 lr:0.000424
step:9801 source:(250, 17) g_loss:3.316726 d_loss:0.000000 ppl:27.569939 lr:0.000433
step:10001 source:(250, 17) g_loss:3.300077 d_loss:0.000000 ppl:27.114738 lr:0.000442
step:10201 source:(250, 17) g_loss:3.249601 d_loss:0.000000 ppl:25.780048 lr:0.000438
step:10401 source:(250, 17) g_loss:3.117532 d_loss:0.000000 ppl:22.590563 lr:0.000433
epoch:25 test_bleu:62.32101321220398 template_bleu:56.838154792785645 test_loss:4.044571399688721 test_ppl:67.6975326538086 
epoch:25 train_g_bleu:63.56745958328247 template_bleu:56.618112325668335 train_g_loss:3.1976876258850098 train_g_ppl:24.53676414489746 
step:10601 source:(250, 17) g_loss:3.104039 d_loss:0.000000 ppl:22.287800 lr:0.000429
step:10801 source:(250, 17) g_loss:3.115460 d_loss:0.000000 ppl:22.543797 lr:0.000425
step:11001 source:(250, 17) g_loss:3.055317 d_loss:0.000000 ppl:21.227922 lr:0.000421
step:11201 source:(250, 17) g_loss:3.059532 d_loss:0.000000 ppl:21.317572 lr:0.000418
step:11401 source:(250, 17) g_loss:2.965829 d_loss:0.000000 ppl:19.410782 lr:0.000414
step:11601 source:(250, 17) g_loss:3.007326 d_loss:0.000000 ppl:20.233227 lr:0.000410
step:11801 source:(250, 17) g_loss:2.810958 d_loss:0.000000 ppl:16.625834 lr:0.000407
step:12001 source:(250, 17) g_loss:2.835129 d_loss:0.000000 ppl:17.032589 lr:0.000403
step:12201 source:(250, 17) g_loss:2.796248 d_loss:0.000000 ppl:16.383057 lr:0.000400
step:12401 source:(250, 17) g_loss:2.772901 d_loss:0.000000 ppl:16.004997 lr:0.000397
epoch:30 test_bleu:61.96789741516113 template_bleu:56.838154792785645 test_loss:4.580047130584717 test_ppl:465.372314453125 
epoch:30 train_g_bleu:66.22552871704102 template_bleu:56.618112325668335 train_g_loss:2.8995232582092285 train_g_ppl:18.294048309326172 
step:12601 source:(250, 17) g_loss:2.712559 d_loss:0.000000 ppl:15.067792 lr:0.000394
step:12801 source:(250, 17) g_loss:2.648577 d_loss:0.000000 ppl:14.133908 lr:0.000391
step:13001 source:(250, 17) g_loss:2.556034 d_loss:0.000000 ppl:12.884614 lr:0.000388
step:13201 source:(250, 17) g_loss:2.765843 d_loss:0.000000 ppl:15.892438 lr:0.000385
step:13401 source:(250, 17) g_loss:2.529479 d_loss:0.000000 ppl:12.546965 lr:0.000382
step:13601 source:(250, 17) g_loss:2.545658 d_loss:0.000000 ppl:12.751617 lr:0.000379
step:13801 source:(250, 17) g_loss:2.577559 d_loss:0.000000 ppl:13.164967 lr:0.000376
step:14001 source:(250, 17) g_loss:2.597783 d_loss:0.000000 ppl:13.433927 lr:0.000374
step:14201 source:(250, 17) g_loss:2.566056 d_loss:0.000000 ppl:13.014400 lr:0.000371
step:14401 source:(250, 17) g_loss:2.452171 d_loss:0.000000 ppl:11.613528 lr:0.000368
epoch:35 test_bleu:61.547404527664185 template_bleu:56.838154792785645 test_loss:4.8092474937438965 test_ppl:596.4622802734375 
epoch:35 train_g_bleu:70.57492136955261 template_bleu:56.618112325668335 train_g_loss:2.5614254474639893 train_g_ppl:13.065984725952148 
step:14601 source:(250, 17) g_loss:2.407113 d_loss:0.000000 ppl:11.101868 lr:0.000366
step:14801 source:(250, 17) g_loss:2.445104 d_loss:0.000000 ppl:11.531753 lr:0.000363
step:15001 source:(250, 17) g_loss:2.400879 d_loss:0.000000 ppl:11.032871 lr:0.000361
step:15201 source:(250, 17) g_loss:2.342521 d_loss:0.000000 ppl:10.407437 lr:0.000358
step:15401 source:(250, 17) g_loss:2.286101 d_loss:0.000000 ppl:9.836509 lr:0.000356
step:15601 source:(250, 17) g_loss:2.273127 d_loss:0.000000 ppl:9.709719 lr:0.000354
step:15801 source:(250, 17) g_loss:2.277206 d_loss:0.000000 ppl:9.749399 lr:0.000352
step:16001 source:(250, 17) g_loss:2.253726 d_loss:0.000000 ppl:9.523155 lr:0.000349
step:16201 source:(250, 17) g_loss:2.215879 d_loss:0.000000 ppl:9.169467 lr:0.000347
step:16401 source:(250, 17) g_loss:2.197265 d_loss:0.000000 ppl:9.000367 lr:0.000345
step:16601 source:(250, 17) g_loss:2.148498 d_loss:0.000000 ppl:8.571974 lr:0.000343
epoch:40 test_bleu:61.58250570297241 template_bleu:56.838154792785645 test_loss:4.659419536590576 test_ppl:138.25645446777344 
epoch:40 train_g_bleu:73.4937310218811 template_bleu:56.618112325668335 train_g_loss:2.3602750301361084 train_g_ppl:10.850099563598633 
step:16801 source:(250, 17) g_loss:2.291744 d_loss:0.000000 ppl:9.892177 lr:0.000341
step:17001 source:(250, 17) g_loss:2.109805 d_loss:0.000000 ppl:8.246630 lr:0.000339
step:17201 source:(250, 17) g_loss:2.071535 d_loss:0.000000 ppl:7.937000 lr:0.000337
step:17401 source:(250, 17) g_loss:2.046395 d_loss:0.000000 ppl:7.739949 lr:0.000335
step:17601 source:(250, 17) g_loss:2.089597 d_loss:0.000000 ppl:8.081659 lr:0.000333
step:17801 source:(250, 17) g_loss:1.981279 d_loss:0.000000 ppl:7.252011 lr:0.000331
step:18001 source:(250, 17) g_loss:1.985633 d_loss:0.000000 ppl:7.283655 lr:0.000329
step:18201 source:(250, 17) g_loss:1.964977 d_loss:0.000000 ppl:7.134745 lr:0.000328
step:18401 source:(250, 17) g_loss:1.961325 d_loss:0.000000 ppl:7.108743 lr:0.000326
step:18601 source:(250, 17) g_loss:1.941903 d_loss:0.000000 ppl:6.972007 lr:0.000324
epoch:45 test_bleu:61.469095945358276 template_bleu:56.838154792785645 test_loss:4.797149181365967 test_ppl:157.45384216308594 
epoch:45 train_g_bleu:76.88376307487488 template_bleu:56.618112325668335 train_g_loss:2.2185707092285156 train_g_ppl:9.511480331420898 
step:18801 source:(250, 17) g_loss:1.986972 d_loss:0.000000 ppl:7.293414 lr:0.000322
step:19001 source:(250, 17) g_loss:1.946207 d_loss:0.000000 ppl:7.002076 lr:0.000321
step:19201 source:(250, 17) g_loss:1.867753 d_loss:0.000000 ppl:6.473736 lr:0.000319
step:19401 source:(250, 17) g_loss:1.827039 d_loss:0.000000 ppl:6.215453 lr:0.000317
step:19601 source:(250, 17) g_loss:1.868530 d_loss:0.000000 ppl:6.478764 lr:0.000316
step:19801 source:(250, 17) g_loss:1.778998 d_loss:0.000000 ppl:5.923917 lr:0.000314
step:20001 source:(250, 17) g_loss:1.881839 d_loss:0.000000 ppl:6.565567 lr:0.000312
step:20201 source:(250, 17) g_loss:1.821278 d_loss:0.000000 ppl:6.179751 lr:0.000311
step:20401 source:(250, 17) g_loss:1.847269 d_loss:0.000000 ppl:6.342475 lr:0.000309
step:20601 source:(250, 17) g_loss:1.852716 d_loss:0.000000 ppl:6.377119 lr:0.000308
step:20801 source:(250, 17) g_loss:1.824173 d_loss:0.000000 ppl:6.197667 lr:0.000306
epoch:50 test_bleu:61.15732192993164 template_bleu:56.838154792785645 test_loss:4.938023090362549 test_ppl:186.38540649414062 
epoch:50 train_g_bleu:78.44852805137634 template_bleu:56.618112325668335 train_g_loss:2.1521284580230713 train_g_ppl:8.900304794311523 
step:21001 source:(250, 17) g_loss:1.829156 d_loss:0.000000 ppl:6.228628 lr:0.000305
step:21201 source:(250, 17) g_loss:1.805188 d_loss:0.000000 ppl:6.081117 lr:0.000304
step:21401 source:(250, 17) g_loss:1.765760 d_loss:0.000000 ppl:5.846014 lr:0.000302
step:21601 source:(250, 17) g_loss:1.796607 d_loss:0.000000 ppl:6.029157 lr:0.000301
step:21801 source:(250, 17) g_loss:1.816601 d_loss:0.000000 ppl:6.150918 lr:0.000299
step:22001 source:(250, 17) g_loss:1.757196 d_loss:0.000000 ppl:5.796165 lr:0.000298
step:22201 source:(250, 17) g_loss:1.791337 d_loss:0.000000 ppl:5.997465 lr:0.000297
step:22401 source:(250, 17) g_loss:1.743210 d_loss:0.000000 ppl:5.715662 lr:0.000295
step:22601 source:(250, 17) g_loss:1.783165 d_loss:0.000000 ppl:5.948656 lr:0.000294
step:22801 source:(250, 17) g_loss:1.751643 d_loss:0.000000 ppl:5.764063 lr:0.000293
epoch:55 test_bleu:61.48664951324463 template_bleu:56.838154792785645 test_loss:5.021670818328857 test_ppl:197.32127380371094 
epoch:55 train_g_bleu:81.16139769554138 template_bleu:56.618112325668335 train_g_loss:2.046937942504883 train_g_ppl:8.042780876159668 
step:23001 source:(250, 17) g_loss:1.751603 d_loss:0.000000 ppl:5.763835 lr:0.000291
step:23201 source:(250, 17) g_loss:1.706512 d_loss:0.000000 ppl:5.509712 lr:0.000290
step:23401 source:(250, 17) g_loss:1.741492 d_loss:0.000000 ppl:5.705850 lr:0.000289
step:23601 source:(250, 17) g_loss:1.693472 d_loss:0.000000 ppl:5.438332 lr:0.000288
step:23801 source:(250, 17) g_loss:1.741334 d_loss:0.000000 ppl:5.704948 lr:0.000286
step:24001 source:(250, 17) g_loss:1.699745 d_loss:0.000000 ppl:5.472551 lr:0.000285
step:24201 source:(250, 17) g_loss:1.708842 d_loss:0.000000 ppl:5.522564 lr:0.000284
step:24401 source:(250, 17) g_loss:1.693532 d_loss:0.000000 ppl:5.438657 lr:0.000283
step:24601 source:(250, 17) g_loss:1.714956 d_loss:0.000000 ppl:5.556432 lr:0.000282
step:24801 source:(250, 17) g_loss:1.685620 d_loss:0.000000 ppl:5.395795 lr:0.000281
step:25001 source:(250, 17) g_loss:1.676916 d_loss:0.000000 ppl:5.349036 lr:0.000280
epoch:60 test_bleu:61.33723258972168 template_bleu:56.838154792785645 test_loss:5.069757461547852 test_ppl:246.69515991210938 
epoch:60 train_g_bleu:89.42270278930664 template_bleu:56.618112325668335 train_g_loss:1.7770198583602905 train_g_ppl:6.0038838386535645 
step:25201 source:(250, 17) g_loss:1.664455 d_loss:0.000000 ppl:5.282792 lr:0.000278
step:25401 source:(250, 17) g_loss:1.677226 d_loss:0.000000 ppl:5.350691 lr:0.000277
step:25601 source:(250, 17) g_loss:1.719041 d_loss:0.000000 ppl:5.579177 lr:0.000276
step:25801 source:(250, 17) g_loss:1.689550 d_loss:0.000000 ppl:5.417041 lr:0.000275
