train_file:/home/syp/zwr/txtgen/examples/long_text/yelp_data/pos/pos.train.txt
valid_file:/home/syp/zwr/txtgen/examples/long_text/yelp_data/pos/pos.valid.txt
logdir:./log_dir/pos.bsize250.epoch100.seqlen16.dynamic_lr.fixed_mask.present0.7.partition1.hidden512.gan/
epoch:0 test_bleu:31.311523914337158 template_bleu:63.916170597076416 test_loss:8.089255332946777 test_ppl:3464.51904296875 
epoch:0 train_g_bleu:31.03363811969757 template_bleu:63.743793964385986 train_g_loss:7.959517955780029 train_g_ppl:2866.030517578125 
step:1 source:(250, 17) g_loss:7.967695 d_loss:0.707043 ppl:2886.197754 lr:0.000000
step:201 source:(250, 17) g_loss:4.993359 d_loss:0.000267 ppl:147.430756 lr:0.000009
step:401 source:(250, 17) g_loss:4.680894 d_loss:0.000085 ppl:107.866447 lr:0.000018
step:601 source:(250, 17) g_loss:4.566706 d_loss:0.000038 ppl:96.226585 lr:0.000027
step:801 source:(250, 17) g_loss:4.642622 d_loss:0.000023 ppl:103.816200 lr:0.000035
step:1001 source:(250, 17) g_loss:4.755871 d_loss:0.000013 ppl:116.264908 lr:0.000044
step:1201 source:(250, 17) g_loss:4.648896 d_loss:0.000010 ppl:104.469612 lr:0.000053
step:1401 source:(250, 17) g_loss:4.608723 d_loss:0.000007 ppl:100.355881 lr:0.000062
step:1601 source:(250, 17) g_loss:4.602651 d_loss:0.000006 ppl:99.748413 lr:0.000071
step:1801 source:(250, 17) g_loss:4.575378 d_loss:0.000004 ppl:97.064720 lr:0.000080
step:2001 source:(250, 17) g_loss:4.649213 d_loss:0.000004 ppl:104.502739 lr:0.000088
epoch:5 test_bleu:65.77973961830139 template_bleu:63.916170597076416 test_loss:4.605666637420654 test_ppl:105.04037475585938 
epoch:5 train_g_bleu:65.67999124526978 template_bleu:63.743793964385986 train_g_loss:4.599207878112793 train_g_ppl:99.60822296142578 
step:2201 source:(250, 17) g_loss:4.606002 d_loss:0.000003 ppl:100.083199 lr:0.000097
step:2401 source:(250, 17) g_loss:4.673474 d_loss:0.000003 ppl:107.069038 lr:0.000106
step:2601 source:(250, 17) g_loss:4.499825 d_loss:0.000002 ppl:90.001335 lr:0.000115
step:2801 source:(250, 17) g_loss:4.384715 d_loss:0.000001 ppl:80.215324 lr:0.000124
step:3001 source:(250, 17) g_loss:4.346994 d_loss:0.000001 ppl:77.245903 lr:0.000133
step:3201 source:(250, 17) g_loss:4.256675 d_loss:0.000001 ppl:70.574913 lr:0.000141
step:3401 source:(250, 17) g_loss:4.161408 d_loss:0.000001 ppl:64.161827 lr:0.000150
step:3601 source:(250, 17) g_loss:4.280653 d_loss:0.000001 ppl:72.287628 lr:0.000159
step:3801 source:(250, 17) g_loss:3.978219 d_loss:0.000001 ppl:53.421806 lr:0.000168
step:4001 source:(250, 17) g_loss:3.989871 d_loss:0.000001 ppl:54.047916 lr:0.000177
epoch:10 test_bleu:67.8690493106842 template_bleu:63.916170597076416 test_loss:3.960012197494507 test_ppl:56.1077766418457 
epoch:10 train_g_bleu:67.27852821350098 template_bleu:63.743793964385986 train_g_loss:3.904313802719116 train_g_ppl:49.7284049987793 
step:4201 source:(250, 17) g_loss:3.879760 d_loss:0.000000 ppl:48.412609 lr:0.000186
step:4401 source:(250, 17) g_loss:3.808761 d_loss:0.000001 ppl:45.094517 lr:0.000194
step:4601 source:(250, 17) g_loss:3.925147 d_loss:0.000000 ppl:50.660515 lr:0.000203
step:4801 source:(250, 17) g_loss:3.770253 d_loss:0.000000 ppl:43.391029 lr:0.000212
step:5001 source:(250, 17) g_loss:3.593308 d_loss:0.000000 ppl:36.354145 lr:0.000221
step:5201 source:(250, 17) g_loss:3.762402 d_loss:0.000000 ppl:43.051693 lr:0.000230
step:5401 source:(250, 17) g_loss:3.620712 d_loss:0.000000 ppl:37.364162 lr:0.000239
step:5601 source:(250, 17) g_loss:3.553890 d_loss:0.000000 ppl:34.949013 lr:0.000247
step:5801 source:(250, 17) g_loss:3.665557 d_loss:0.000000 ppl:39.077904 lr:0.000256
step:6001 source:(250, 17) g_loss:3.611557 d_loss:0.000000 ppl:37.023636 lr:0.000265
step:6201 source:(250, 17) g_loss:3.595493 d_loss:0.000000 ppl:36.433643 lr:0.000274
epoch:15 test_bleu:68.73365044593811 template_bleu:63.916170597076416 test_loss:3.7889435291290283 test_ppl:47.667842864990234 
epoch:15 train_g_bleu:68.53177547454834 template_bleu:63.743793964385986 train_g_loss:3.5515472888946533 train_g_ppl:34.939918518066406 
step:6401 source:(250, 17) g_loss:3.483463 d_loss:0.000000 ppl:32.572311 lr:0.000283
step:6601 source:(250, 17) g_loss:3.527956 d_loss:0.000000 ppl:34.054283 lr:0.000292
step:6801 source:(250, 17) g_loss:3.532215 d_loss:0.000000 ppl:34.199638 lr:0.000301
step:7001 source:(250, 17) g_loss:3.583223 d_loss:0.000000 ppl:35.989334 lr:0.000309
step:7201 source:(250, 17) g_loss:3.559064 d_loss:0.000000 ppl:35.130314 lr:0.000318
step:7401 source:(250, 17) g_loss:3.408491 d_loss:0.000000 ppl:30.219599 lr:0.000327
step:7601 source:(250, 17) g_loss:3.426364 d_loss:0.000000 ppl:30.764578 lr:0.000336
step:7801 source:(250, 17) g_loss:3.368299 d_loss:0.000000 ppl:29.029100 lr:0.000345
step:8001 source:(250, 17) g_loss:3.247124 d_loss:0.000000 ppl:25.716267 lr:0.000354
step:8201 source:(250, 17) g_loss:3.325829 d_loss:0.000000 ppl:27.822048 lr:0.000362
epoch:20 test_bleu:69.38366293907166 template_bleu:63.916170597076416 test_loss:3.809704303741455 test_ppl:49.57044982910156 
epoch:20 train_g_bleu:69.83352899551392 template_bleu:63.743793964385986 train_g_loss:3.291125535964966 train_g_ppl:26.92068099975586 
step:8401 source:(250, 17) g_loss:3.180308 d_loss:0.000000 ppl:24.054157 lr:0.000371
step:8601 source:(250, 17) g_loss:3.214702 d_loss:0.000000 ppl:24.895868 lr:0.000380
step:8801 source:(250, 17) g_loss:3.215102 d_loss:0.000000 ppl:24.905830 lr:0.000389
step:9001 source:(250, 17) g_loss:3.158700 d_loss:0.000000 ppl:23.539968 lr:0.000398
step:9201 source:(250, 17) g_loss:3.280539 d_loss:0.000000 ppl:26.590101 lr:0.000407
step:9401 source:(250, 17) g_loss:3.223083 d_loss:0.000000 ppl:25.105413 lr:0.000415
step:9601 source:(250, 17) g_loss:3.211486 d_loss:0.000000 ppl:24.815931 lr:0.000424
step:9801 source:(250, 17) g_loss:3.059521 d_loss:0.000000 ppl:21.317348 lr:0.000433
step:10001 source:(250, 17) g_loss:3.048678 d_loss:0.000000 ppl:21.087452 lr:0.000442
step:10201 source:(250, 17) g_loss:3.051072 d_loss:0.000000 ppl:21.138000 lr:0.000438
step:10401 source:(250, 17) g_loss:3.014070 d_loss:0.000000 ppl:20.370138 lr:0.000433
epoch:25 test_bleu:69.49477791786194 template_bleu:63.916170597076416 test_loss:3.856285333633423 test_ppl:52.65241241455078 
epoch:25 train_g_bleu:71.53598666191101 template_bleu:63.743793964385986 train_g_loss:3.01413631439209 train_g_ppl:20.427978515625 
step:10601 source:(250, 17) g_loss:2.972572 d_loss:0.000000 ppl:19.542110 lr:0.000429
step:10801 source:(250, 17) g_loss:2.947439 d_loss:0.000000 ppl:19.057085 lr:0.000425
step:11001 source:(250, 17) g_loss:2.906313 d_loss:0.000000 ppl:18.289236 lr:0.000421
step:11201 source:(250, 17) g_loss:2.780945 d_loss:0.000000 ppl:16.134266 lr:0.000418
step:11401 source:(250, 17) g_loss:2.869440 d_loss:0.000000 ppl:17.627150 lr:0.000414
step:11601 source:(250, 17) g_loss:2.665848 d_loss:0.000000 ppl:14.380132 lr:0.000410
step:11801 source:(250, 17) g_loss:2.782502 d_loss:0.000000 ppl:16.159405 lr:0.000407
step:12001 source:(250, 17) g_loss:2.628255 d_loss:0.000000 ppl:13.849586 lr:0.000403
step:12201 source:(250, 17) g_loss:2.641621 d_loss:0.000000 ppl:14.035939 lr:0.000400
step:12401 source:(250, 17) g_loss:2.631140 d_loss:0.000000 ppl:13.889595 lr:0.000397
epoch:30 test_bleu:69.16492581367493 template_bleu:63.916170597076416 test_loss:4.029169082641602 test_ppl:64.29289245605469 
epoch:30 train_g_bleu:74.38275814056396 template_bleu:63.743793964385986 train_g_loss:2.6853628158569336 train_g_ppl:14.756848335266113 
step:12601 source:(250, 17) g_loss:2.585981 d_loss:0.000000 ppl:13.276312 lr:0.000394
step:12801 source:(250, 17) g_loss:2.508131 d_loss:0.000000 ppl:12.281957 lr:0.000391
step:13001 source:(250, 17) g_loss:2.523354 d_loss:0.000000 ppl:12.470356 lr:0.000388
step:13201 source:(250, 17) g_loss:2.568851 d_loss:0.000000 ppl:13.050817 lr:0.000385
step:13401 source:(250, 17) g_loss:2.432549 d_loss:0.000000 ppl:11.387878 lr:0.000382
step:13601 source:(250, 17) g_loss:2.413668 d_loss:0.000000 ppl:11.174871 lr:0.000379
step:13801 source:(250, 17) g_loss:2.402580 d_loss:0.000000 ppl:11.051650 lr:0.000376
step:14001 source:(250, 17) g_loss:2.358769 d_loss:0.000000 ppl:10.577921 lr:0.000374
step:14201 source:(250, 17) g_loss:2.284225 d_loss:0.000000 ppl:9.818069 lr:0.000371
step:14401 source:(250, 17) g_loss:2.351991 d_loss:0.000000 ppl:10.506472 lr:0.000368
epoch:35 test_bleu:68.75317692756653 template_bleu:63.916170597076416 test_loss:4.203268051147461 test_ppl:77.99832153320312 
epoch:35 train_g_bleu:77.3050844669342 template_bleu:63.743793964385986 train_g_loss:2.4259331226348877 train_g_ppl:11.469953536987305 
step:14601 source:(250, 17) g_loss:2.232776 d_loss:0.000000 ppl:9.325715 lr:0.000366
step:14801 source:(250, 17) g_loss:2.161819 d_loss:0.000000 ppl:8.686929 lr:0.000363
step:15001 source:(250, 17) g_loss:2.176387 d_loss:0.000000 ppl:8.814401 lr:0.000361
step:15201 source:(250, 17) g_loss:2.172137 d_loss:0.000000 ppl:8.777019 lr:0.000358
step:15401 source:(250, 17) g_loss:2.133904 d_loss:0.000000 ppl:8.447786 lr:0.000356
step:15601 source:(250, 17) g_loss:2.120565 d_loss:0.000000 ppl:8.335845 lr:0.000354
step:15801 source:(250, 17) g_loss:2.113678 d_loss:0.000000 ppl:8.278636 lr:0.000352
step:16001 source:(250, 17) g_loss:2.160545 d_loss:0.000000 ppl:8.675868 lr:0.000349
step:16201 source:(250, 17) g_loss:2.117239 d_loss:0.000000 ppl:8.308171 lr:0.000347
step:16401 source:(250, 17) g_loss:2.001657 d_loss:0.000000 ppl:7.401313 lr:0.000345
step:16601 source:(250, 17) g_loss:2.086788 d_loss:0.000000 ppl:8.058991 lr:0.000343
epoch:40 test_bleu:68.79157423973083 template_bleu:63.916170597076416 test_loss:4.43894100189209 test_ppl:101.26705169677734 
epoch:40 train_g_bleu:82.65174627304077 template_bleu:63.743793964385986 train_g_loss:2.131723403930664 train_g_ppl:8.54060173034668 
step:16801 source:(250, 17) g_loss:1.978730 d_loss:0.000000 ppl:7.233549 lr:0.000341
step:17001 source:(250, 17) g_loss:1.941770 d_loss:0.000000 ppl:6.971079 lr:0.000339
step:17201 source:(250, 17) g_loss:1.979152 d_loss:0.000000 ppl:7.236605 lr:0.000337
step:17401 source:(250, 17) g_loss:1.938045 d_loss:0.000000 ppl:6.945161 lr:0.000335
step:17601 source:(250, 17) g_loss:1.880005 d_loss:0.000000 ppl:6.553537 lr:0.000333
step:17801 source:(250, 17) g_loss:1.896948 d_loss:0.000000 ppl:6.665523 lr:0.000331
step:18001 source:(250, 17) g_loss:1.959003 d_loss:0.000000 ppl:7.092251 lr:0.000329
step:18201 source:(250, 17) g_loss:1.869617 d_loss:0.000000 ppl:6.485810 lr:0.000328
step:18401 source:(250, 17) g_loss:1.876227 d_loss:0.000000 ppl:6.528824 lr:0.000326
step:18601 source:(250, 17) g_loss:1.826545 d_loss:0.000000 ppl:6.212383 lr:0.000324
epoch:45 test_bleu:68.58939528465271 template_bleu:63.916170597076416 test_loss:4.637206554412842 test_ppl:125.97685241699219 
epoch:45 train_g_bleu:82.41932392120361 template_bleu:63.743793964385986 train_g_loss:2.139880418777466 train_g_ppl:8.64902400970459 
step:18801 source:(250, 17) g_loss:1.839742 d_loss:0.000000 ppl:6.294911 lr:0.000322
step:19001 source:(250, 17) g_loss:1.866843 d_loss:0.000000 ppl:6.467847 lr:0.000321
step:19201 source:(250, 17) g_loss:1.783951 d_loss:0.000000 ppl:5.953331 lr:0.000319
step:19401 source:(250, 17) g_loss:1.834382 d_loss:0.000000 ppl:6.261261 lr:0.000317
step:19601 source:(250, 17) g_loss:1.854988 d_loss:0.000000 ppl:6.391618 lr:0.000316
step:19801 source:(250, 17) g_loss:1.802098 d_loss:0.000000 ppl:6.062353 lr:0.000314
step:20001 source:(250, 17) g_loss:1.791611 d_loss:0.000000 ppl:5.999107 lr:0.000312
step:20201 source:(250, 17) g_loss:1.824883 d_loss:0.000000 ppl:6.202072 lr:0.000311
step:20401 source:(250, 17) g_loss:1.794526 d_loss:0.000000 ppl:6.016623 lr:0.000309
step:20601 source:(250, 17) g_loss:1.756211 d_loss:0.000000 ppl:5.790453 lr:0.000308
step:20801 source:(250, 17) g_loss:1.755330 d_loss:0.000000 ppl:5.785356 lr:0.000306
epoch:50 test_bleu:68.5018539428711 template_bleu:63.916170597076416 test_loss:4.690001010894775 test_ppl:129.62794494628906 
epoch:50 train_g_bleu:82.41782188415527 template_bleu:63.743793964385986 train_g_loss:2.143862724304199 train_g_ppl:8.832002639770508 
step:21001 source:(250, 17) g_loss:1.725831 d_loss:0.000000 ppl:5.617187 lr:0.000305
step:21201 source:(250, 17) g_loss:1.751359 d_loss:0.000000 ppl:5.762428 lr:0.000304
step:21401 source:(250, 17) g_loss:1.713116 d_loss:0.000000 ppl:5.546217 lr:0.000302
step:21601 source:(250, 17) g_loss:1.721958 d_loss:0.000000 ppl:5.595475 lr:0.000301
step:21801 source:(250, 17) g_loss:1.713438 d_loss:0.000000 ppl:5.548001 lr:0.000299
step:22001 source:(250, 17) g_loss:1.726466 d_loss:0.000000 ppl:5.620754 lr:0.000298
step:22201 source:(250, 17) g_loss:1.725288 d_loss:0.000000 ppl:5.614136 lr:0.000297
step:22401 source:(250, 17) g_loss:1.721939 d_loss:0.000000 ppl:5.595366 lr:0.000295
step:22601 source:(250, 17) g_loss:1.741048 d_loss:0.000000 ppl:5.703319 lr:0.000294
step:22801 source:(250, 17) g_loss:1.700365 d_loss:0.000000 ppl:5.475948 lr:0.000293
epoch:55 test_bleu:68.55090260505676 template_bleu:63.916170597076416 test_loss:4.79034948348999 test_ppl:144.32736206054688 
epoch:55 train_g_bleu:83.34821462631226 template_bleu:63.743793964385986 train_g_loss:2.117723226547241 train_g_ppl:8.66338062286377 
step:23001 source:(250, 17) g_loss:1.685998 d_loss:0.000000 ppl:5.397836 lr:0.000291
step:23201 source:(250, 17) g_loss:1.649973 d_loss:0.000000 ppl:5.206838 lr:0.000290
step:23401 source:(250, 17) g_loss:1.674399 d_loss:0.000000 ppl:5.335586 lr:0.000289
step:23601 source:(250, 17) g_loss:1.651950 d_loss:0.000000 ppl:5.217142 lr:0.000288
step:23801 source:(250, 17) g_loss:1.663508 d_loss:0.000000 ppl:5.277794 lr:0.000286
step:24001 source:(250, 17) g_loss:1.648876 d_loss:0.000000 ppl:5.201129 lr:0.000285
step:24201 source:(250, 17) g_loss:1.655978 d_loss:0.000000 ppl:5.238200 lr:0.000284
step:24401 source:(250, 17) g_loss:1.705705 d_loss:0.000000 ppl:5.505266 lr:0.000283
step:24601 source:(250, 17) g_loss:1.628449 d_loss:0.000000 ppl:5.095967 lr:0.000282
step:24801 source:(250, 17) g_loss:1.660813 d_loss:0.000000 ppl:5.263591 lr:0.000281
step:25001 source:(250, 17) g_loss:1.646132 d_loss:0.000000 ppl:5.186877 lr:0.000280
epoch:60 test_bleu:68.4730052947998 template_bleu:63.916170597076416 test_loss:4.743225574493408 test_ppl:138.555908203125 
epoch:60 train_g_bleu:83.52138996124268 template_bleu:63.743793964385986 train_g_loss:2.067009449005127 train_g_ppl:8.237192153930664 
step:25201 source:(250, 17) g_loss:1.624477 d_loss:0.000000 ppl:5.075765 lr:0.000278
step:25401 source:(250, 17) g_loss:1.632745 d_loss:0.000000 ppl:5.117904 lr:0.000277
step:25601 source:(250, 17) g_loss:1.640719 d_loss:0.000000 ppl:5.158878 lr:0.000276
step:25801 source:(250, 17) g_loss:1.611816 d_loss:0.000000 ppl:5.011905 lr:0.000275
step:26001 source:(250, 17) g_loss:1.613036 d_loss:0.000000 ppl:5.018025 lr:0.000274
step:26201 source:(250, 17) g_loss:1.603750 d_loss:0.000000 ppl:4.971642 lr:0.000273
step:26401 source:(250, 17) g_loss:1.604882 d_loss:0.000000 ppl:4.977270 lr:0.000272
step:26601 source:(250, 17) g_loss:1.612347 d_loss:0.000000 ppl:5.014564 lr:0.000271
step:26801 source:(250, 17) g_loss:1.604570 d_loss:0.000000 ppl:4.975718 lr:0.000270
step:27001 source:(250, 17) g_loss:1.588094 d_loss:0.000000 ppl:4.894409 lr:0.000269
