train_file:/home/syp/zwr/txtgen/examples/long_text/yelp_data/pos/pos.train.txt
valid_file:/home/syp/zwr/txtgen/examples/long_text/yelp_data/pos/pos.valid.txt
logdir:./log_dir/pos.bsize400.epoch150.seqlen16.dynamic_lr.fixed_mask.present0.7.partition2.hidden512.seq2seq/
epoch:0 test_bleu:15.08435308933258 template_bleu:42.23254323005676
epoch:0 train_bleu:14.87855613231659 template_bleu:41.730305552482605
step:1 source:(400, 17) loss:8.1656 lr:0.000000
step:201 source:(400, 17) loss:4.65947 lr:0.000009
step:401 source:(400, 17) loss:4.17708 lr:0.000018
step:601 source:(400, 17) loss:4.12616 lr:0.000027
step:801 source:(400, 17) loss:4.07448 lr:0.000035
step:1001 source:(400, 17) loss:4.1392 lr:0.000044
step:1201 source:(400, 17) loss:4.0983 lr:0.000053
epoch:5 test_bleu:51.89826488494873 template_bleu:42.23254323005676
epoch:5 train_bleu:51.84046030044556 template_bleu:41.730305552482605
step:1401 source:(400, 17) loss:4.09535 lr:0.000062
step:1601 source:(400, 17) loss:4.01249 lr:0.000071
step:1801 source:(400, 17) loss:4.05636 lr:0.000080
step:2001 source:(400, 17) loss:4.07322 lr:0.000088
step:2201 source:(400, 17) loss:4.01003 lr:0.000097
step:2401 source:(400, 17) loss:3.99276 lr:0.000106
step:2601 source:(400, 17) loss:3.93803 lr:0.000115
epoch:10 test_bleu:52.10670232772827 template_bleu:42.23254323005676
epoch:10 train_bleu:51.96726322174072 template_bleu:41.730305552482605
step:2801 source:(400, 17) loss:3.92299 lr:0.000124
step:3001 source:(400, 17) loss:3.85104 lr:0.000133
step:3201 source:(400, 17) loss:3.73536 lr:0.000141
step:3401 source:(400, 17) loss:3.76432 lr:0.000150
step:3601 source:(400, 17) loss:3.73851 lr:0.000159
step:3801 source:(400, 17) loss:3.61413 lr:0.000168
epoch:15 test_bleu:55.09529113769531 template_bleu:42.23254323005676
epoch:15 train_bleu:54.536110162734985 template_bleu:41.730305552482605
step:4001 source:(400, 17) loss:3.59645 lr:0.000177
step:4201 source:(400, 17) loss:3.53985 lr:0.000186
step:4401 source:(400, 17) loss:3.491 lr:0.000194
step:4601 source:(400, 17) loss:3.414 lr:0.000203
step:4801 source:(400, 17) loss:3.4325 lr:0.000212
step:5001 source:(400, 17) loss:3.3514 lr:0.000221
step:5201 source:(400, 17) loss:3.31973 lr:0.000230
epoch:20 test_bleu:57.51856565475464 template_bleu:42.23254323005676
epoch:20 train_bleu:57.02756643295288 template_bleu:41.730305552482605
step:5401 source:(400, 17) loss:3.29046 lr:0.000239
step:5601 source:(400, 17) loss:3.25217 lr:0.000247
step:5801 source:(400, 17) loss:3.1995 lr:0.000256
step:6001 source:(400, 17) loss:3.19897 lr:0.000265
step:6201 source:(400, 17) loss:3.21081 lr:0.000274
step:6401 source:(400, 17) loss:3.11355 lr:0.000283
epoch:25 test_bleu:58.45520496368408 template_bleu:42.23254323005676
epoch:25 train_bleu:58.57266187667847 template_bleu:41.730305552482605
step:6601 source:(400, 17) loss:3.11758 lr:0.000292
step:6801 source:(400, 17) loss:3.0882 lr:0.000301
step:7001 source:(400, 17) loss:3.05162 lr:0.000309
step:7201 source:(400, 17) loss:3.13168 lr:0.000318
step:7401 source:(400, 17) loss:3.03848 lr:0.000327
step:7601 source:(400, 17) loss:2.9394 lr:0.000336
step:7801 source:(400, 17) loss:2.96209 lr:0.000345
epoch:30 test_bleu:59.27688479423523 template_bleu:42.23254323005676
epoch:30 train_bleu:60.01935601234436 template_bleu:41.730305552482605
step:8001 source:(400, 17) loss:2.96005 lr:0.000354
step:8201 source:(400, 17) loss:2.8707 lr:0.000362
step:8401 source:(400, 17) loss:2.86698 lr:0.000371
step:8601 source:(400, 17) loss:2.86098 lr:0.000380
step:8801 source:(400, 17) loss:2.83285 lr:0.000389
step:9001 source:(400, 17) loss:2.73184 lr:0.000398
epoch:35 test_bleu:59.94110703468323 template_bleu:42.23254323005676
epoch:35 train_bleu:61.56272292137146 template_bleu:41.730305552482605
step:9201 source:(400, 17) loss:2.77387 lr:0.000407
step:9401 source:(400, 17) loss:2.73842 lr:0.000415
step:9601 source:(400, 17) loss:2.6785 lr:0.000424
step:9801 source:(400, 17) loss:2.66449 lr:0.000433
step:10001 source:(400, 17) loss:2.66671 lr:0.000442
step:10201 source:(400, 17) loss:2.62373 lr:0.000438
step:10401 source:(400, 17) loss:2.56586 lr:0.000433
epoch:40 test_bleu:59.458017349243164 template_bleu:42.23254323005676
epoch:40 train_bleu:62.87258267402649 template_bleu:41.730305552482605
step:10601 source:(400, 17) loss:2.58787 lr:0.000429
step:10801 source:(400, 17) loss:2.47907 lr:0.000425
step:11001 source:(400, 17) loss:2.48649 lr:0.000421
step:11201 source:(400, 17) loss:2.47088 lr:0.000418
step:11401 source:(400, 17) loss:2.52267 lr:0.000414
step:11601 source:(400, 17) loss:2.44114 lr:0.000410
epoch:45 test_bleu:59.321027994155884 template_bleu:42.23254323005676
epoch:45 train_bleu:64.91880416870117 template_bleu:41.730305552482605
step:11801 source:(400, 17) loss:2.38497 lr:0.000407
step:12001 source:(400, 17) loss:2.39419 lr:0.000403
step:12201 source:(400, 17) loss:2.34835 lr:0.000400
step:12401 source:(400, 17) loss:2.35354 lr:0.000397
step:12601 source:(400, 17) loss:2.23644 lr:0.000394
step:12801 source:(400, 17) loss:2.23525 lr:0.000391
step:13001 source:(400, 17) loss:2.17803 lr:0.000388
epoch:50 test_bleu:59.07132029533386 template_bleu:42.23254323005676
epoch:50 train_bleu:66.47680401802063 template_bleu:41.730305552482605
step:13201 source:(400, 17) loss:2.17965 lr:0.000385
step:13401 source:(400, 17) loss:2.17224 lr:0.000382
step:13601 source:(400, 17) loss:2.17056 lr:0.000379
step:13801 source:(400, 17) loss:2.1288 lr:0.000376
step:14001 source:(400, 17) loss:2.1625 lr:0.000374
step:14201 source:(400, 17) loss:2.15546 lr:0.000371
epoch:55 test_bleu:59.39970016479492 template_bleu:42.23254323005676
epoch:55 train_bleu:67.8561270236969 template_bleu:41.730305552482605
step:14401 source:(400, 17) loss:2.10018 lr:0.000368
step:14601 source:(400, 17) loss:2.1029 lr:0.000366
step:14801 source:(400, 17) loss:2.07999 lr:0.000363
step:15001 source:(400, 17) loss:2.05696 lr:0.000361
step:15201 source:(400, 17) loss:2.02443 lr:0.000358
step:15401 source:(400, 17) loss:2.0378 lr:0.000356
step:15601 source:(400, 17) loss:2.03998 lr:0.000354
epoch:60 test_bleu:59.4190776348114 template_bleu:42.23254323005676
epoch:60 train_bleu:70.08202075958252 template_bleu:41.730305552482605
step:15801 source:(400, 17) loss:2.0194 lr:0.000352
step:16001 source:(400, 17) loss:1.99879 lr:0.000349
step:16201 source:(400, 17) loss:1.97614 lr:0.000347
step:16401 source:(400, 17) loss:1.95961 lr:0.000345
step:16601 source:(400, 17) loss:2.01694 lr:0.000343
step:16801 source:(400, 17) loss:2.00873 lr:0.000341
epoch:65 test_bleu:58.74810218811035 template_bleu:42.23254323005676
epoch:65 train_bleu:70.55365443229675 template_bleu:41.730305552482605
step:17001 source:(400, 17) loss:1.95389 lr:0.000339
step:17201 source:(400, 17) loss:1.92915 lr:0.000337
step:17401 source:(400, 17) loss:1.98586 lr:0.000335
step:17601 source:(400, 17) loss:1.93694 lr:0.000333
step:17801 source:(400, 17) loss:1.91915 lr:0.000331
step:18001 source:(400, 17) loss:1.91355 lr:0.000329
step:18201 source:(400, 17) loss:1.93384 lr:0.000328
epoch:70 test_bleu:58.84467363357544 template_bleu:42.23254323005676
epoch:70 train_bleu:71.48662805557251 template_bleu:41.730305552482605
step:18401 source:(400, 17) loss:1.93202 lr:0.000326
step:18601 source:(400, 17) loss:1.94699 lr:0.000324
step:18801 source:(400, 17) loss:1.91087 lr:0.000322
step:19001 source:(400, 17) loss:1.93198 lr:0.000321
step:19201 source:(400, 17) loss:1.90605 lr:0.000319
step:19401 source:(400, 17) loss:1.8794 lr:0.000317
epoch:75 test_bleu:59.09718871116638 template_bleu:42.23254323005676
epoch:75 train_bleu:72.22148180007935 template_bleu:41.730305552482605
step:19601 source:(400, 17) loss:1.88989 lr:0.000316
step:19801 source:(400, 17) loss:1.87656 lr:0.000314
step:20001 source:(400, 17) loss:1.87618 lr:0.000312
step:20201 source:(400, 17) loss:1.86883 lr:0.000311
step:20401 source:(400, 17) loss:1.87363 lr:0.000309
step:20601 source:(400, 17) loss:1.86368 lr:0.000308
step:20801 source:(400, 17) loss:1.86129 lr:0.000306
epoch:80 test_bleu:58.474838733673096 template_bleu:42.23254323005676
epoch:80 train_bleu:72.99514412879944 template_bleu:41.730305552482605
step:21001 source:(400, 17) loss:1.84829 lr:0.000305
step:21201 source:(400, 17) loss:1.83878 lr:0.000304
step:21401 source:(400, 17) loss:1.86094 lr:0.000302
step:21601 source:(400, 17) loss:1.85002 lr:0.000301
step:21801 source:(400, 17) loss:1.83928 lr:0.000299
step:22001 source:(400, 17) loss:1.85692 lr:0.000298
epoch:85 test_bleu:58.755189180374146 template_bleu:42.23254323005676
epoch:85 train_bleu:73.75125885009766 template_bleu:41.730305552482605
step:22201 source:(400, 17) loss:1.82337 lr:0.000297
step:22401 source:(400, 17) loss:1.81285 lr:0.000295
step:22601 source:(400, 17) loss:1.85734 lr:0.000294
step:22801 source:(400, 17) loss:1.85373 lr:0.000293
step:23001 source:(400, 17) loss:1.81316 lr:0.000291
step:23201 source:(400, 17) loss:1.83826 lr:0.000290
step:23401 source:(400, 17) loss:1.78791 lr:0.000289
epoch:90 test_bleu:58.64641070365906 template_bleu:42.23254323005676
epoch:90 train_bleu:72.8515088558197 template_bleu:41.730305552482605
step:23601 source:(400, 17) loss:1.80907 lr:0.000288
step:23801 source:(400, 17) loss:1.78436 lr:0.000286
step:24001 source:(400, 17) loss:1.79297 lr:0.000285
step:24201 source:(400, 17) loss:1.7723 lr:0.000284
step:24401 source:(400, 17) loss:1.80686 lr:0.000283
step:24601 source:(400, 17) loss:1.80884 lr:0.000282
epoch:95 test_bleu:58.478373289108276 template_bleu:42.23254323005676
epoch:95 train_bleu:74.53168630599976 template_bleu:41.730305552482605
step:24801 source:(400, 17) loss:1.78328 lr:0.000281
step:25001 source:(400, 17) loss:1.78226 lr:0.000280
step:25201 source:(400, 17) loss:1.78369 lr:0.000278
step:25401 source:(400, 17) loss:1.77445 lr:0.000277
step:25601 source:(400, 17) loss:1.7779 lr:0.000276
step:25801 source:(400, 17) loss:1.7636 lr:0.000275
step:26001 source:(400, 17) loss:1.77645 lr:0.000274
epoch:100 test_bleu:59.14570689201355 template_bleu:42.23254323005676
epoch:100 train_bleu:74.43917393684387 template_bleu:41.730305552482605
step:26201 source:(400, 17) loss:1.77938 lr:0.000273
step:26401 source:(400, 17) loss:1.74402 lr:0.000272
step:26601 source:(400, 17) loss:1.75047 lr:0.000271
step:26801 source:(400, 17) loss:1.78291 lr:0.000270
step:27001 source:(400, 17) loss:1.76678 lr:0.000269
step:27201 source:(400, 17) loss:1.77516 lr:0.000268
step:27401 source:(400, 17) loss:1.74352 lr:0.000267
epoch:105 test_bleu:58.702778816223145 template_bleu:42.23254323005676
epoch:105 train_bleu:75.37081241607666 template_bleu:41.730305552482605
step:27601 source:(400, 17) loss:1.74419 lr:0.000266
step:27801 source:(400, 17) loss:1.73739 lr:0.000265
step:28001 source:(400, 17) loss:1.72858 lr:0.000264
step:28201 source:(400, 17) loss:1.73831 lr:0.000263
step:28401 source:(400, 17) loss:1.7101 lr:0.000262
step:28601 source:(400, 17) loss:1.71825 lr:0.000261
epoch:110 test_bleu:59.39556360244751 template_bleu:42.23254323005676
epoch:110 train_bleu:75.50220489501953 template_bleu:41.730305552482605
step:28801 source:(400, 17) loss:1.71642 lr:0.000260
step:29001 source:(400, 17) loss:1.76637 lr:0.000260
step:29201 source:(400, 17) loss:1.74694 lr:0.000259
step:29401 source:(400, 17) loss:1.72534 lr:0.000258
step:29601 source:(400, 17) loss:1.77269 lr:0.000257
step:29801 source:(400, 17) loss:1.72866 lr:0.000256
step:30001 source:(400, 17) loss:1.73909 lr:0.000255
epoch:115 test_bleu:59.0381920337677 template_bleu:42.23254323005676
epoch:115 train_bleu:74.62302446365356 template_bleu:41.730305552482605
step:30201 source:(400, 17) loss:1.71682 lr:0.000254
step:30401 source:(400, 17) loss:1.72839 lr:0.000253
step:30601 source:(400, 17) loss:1.70291 lr:0.000253
step:30801 source:(400, 17) loss:1.70382 lr:0.000252
step:31001 source:(400, 17) loss:1.72282 lr:0.000251
step:31201 source:(400, 17) loss:1.73021 lr:0.000250
epoch:120 test_bleu:59.54171419143677 template_bleu:42.23254323005676
epoch:120 train_bleu:75.1032829284668 template_bleu:41.730305552482605
step:31401 source:(400, 17) loss:1.71938 lr:0.000249
step:31601 source:(400, 17) loss:1.71612 lr:0.000249
step:31801 source:(400, 17) loss:1.71756 lr:0.000248
step:32001 source:(400, 17) loss:1.7131 lr:0.000247
step:32201 source:(400, 17) loss:1.69445 lr:0.000246
step:32401 source:(400, 17) loss:1.6809 lr:0.000246
step:32601 source:(400, 17) loss:1.68512 lr:0.000245
epoch:125 test_bleu:59.19545888900757 template_bleu:42.23254323005676
epoch:125 train_bleu:75.80910325050354 template_bleu:41.730305552482605
step:32801 source:(400, 17) loss:1.69029 lr:0.000244
step:33001 source:(400, 17) loss:1.68895 lr:0.000243
step:33201 source:(400, 17) loss:1.7198 lr:0.000243
step:33401 source:(400, 17) loss:1.6921 lr:0.000242
step:33601 source:(400, 17) loss:1.70741 lr:0.000241
step:33801 source:(400, 17) loss:1.6922 lr:0.000240
epoch:130 test_bleu:59.26165580749512 template_bleu:42.23254323005676
epoch:130 train_bleu:76.15736722946167 template_bleu:41.730305552482605
step:34001 source:(400, 17) loss:1.72304 lr:0.000240
step:34201 source:(400, 17) loss:1.73004 lr:0.000239
step:34401 source:(400, 17) loss:1.70124 lr:0.000238
step:34601 source:(400, 17) loss:1.67742 lr:0.000238
step:34801 source:(400, 17) loss:1.68565 lr:0.000237
step:35001 source:(400, 17) loss:1.68329 lr:0.000236
step:35201 source:(400, 17) loss:1.68895 lr:0.000236
epoch:135 test_bleu:59.47693586349487 template_bleu:42.23254323005676
epoch:135 train_bleu:76.92791223526001 template_bleu:41.730305552482605
step:35401 source:(400, 17) loss:1.6856 lr:0.000235
step:35601 source:(400, 17) loss:1.70567 lr:0.000234
step:35801 source:(400, 17) loss:1.67446 lr:0.000234
step:36001 source:(400, 17) loss:1.66711 lr:0.000233
step:36201 source:(400, 17) loss:1.68384 lr:0.000232
step:36401 source:(400, 17) loss:1.66816 lr:0.000232
epoch:140 test_bleu:59.30120348930359 template_bleu:42.23254323005676
epoch:140 train_bleu:76.76492929458618 template_bleu:41.730305552482605
step:36601 source:(400, 17) loss:1.68132 lr:0.000231
step:36801 source:(86, 17) loss:1.63879 lr:0.000230
step:37001 source:(400, 17) loss:1.66882 lr:0.000230
step:37201 source:(400, 17) loss:1.70953 lr:0.000229
step:37401 source:(400, 17) loss:1.67198 lr:0.000229
step:37601 source:(400, 17) loss:1.70035 lr:0.000228
step:37801 source:(400, 17) loss:1.66202 lr:0.000227
epoch:145 test_bleu:59.37480330467224 template_bleu:42.23254323005676
epoch:145 train_bleu:76.65833234786987 template_bleu:41.730305552482605
step:38001 source:(400, 17) loss:1.69571 lr:0.000227
step:38201 source:(400, 17) loss:1.65084 lr:0.000226
step:38401 source:(400, 17) loss:1.65454 lr:0.000226
step:38601 source:(400, 17) loss:1.65313 lr:0.000225
step:38801 source:(400, 17) loss:1.66105 lr:0.000224
epoch:149 test_bleu:59.10539627075195 template_bleu:42.23254323005676
epoch:149 train_bleu:76.81912779808044 template_bleu:41.730305552482605
step:39001 source:(400, 17) loss:1.66401 lr:0.000224
/home/syp/miniconda2/envs/newtf/lib/python3.6/importlib/_bootstrap.py:205: RuntimeWarning: compiletime version 3.5 of module 'tensorflow.python.framework.fast_tensor_util' does not match runtime version 3.6
  return f(*args, **kwds)
