train_file:/home/syp/zwr/txtgen/examples/long_text/yelp_data/pos/pos.train.txt
valid_file:/home/syp/zwr/txtgen/examples/long_text/yelp_data/pos/pos.valid.txt
logdir:./log_dir/pos.bsize400.epoch300.seqlen16.fixed.present0.7.partition1.hidden512.seq2seq/
epoch:0 test_bleu:39.316898584365845 template_bleu:79.68165874481201
epoch:0 train_bleu:39.13964927196503 template_bleu:79.49550747871399
step:1 source:(400, 17) loss:7.97155 lr:0.000000
step:201 source:(400, 17) loss:3.75141 lr:0.000006
step:401 source:(400, 17) loss:2.97761 lr:0.000012
step:601 source:(400, 17) loss:2.95944 lr:0.000018
step:801 source:(400, 17) loss:2.86843 lr:0.000024
step:1001 source:(400, 17) loss:2.86582 lr:0.000031
step:1201 source:(400, 17) loss:2.88336 lr:0.000037
epoch:5 test_bleu:84.86554026603699 template_bleu:79.68165874481201
epoch:5 train_bleu:85.16557812690735 template_bleu:79.49550747871399
step:1401 source:(400, 17) loss:2.80366 lr:0.000043
step:1601 source:(400, 17) loss:2.72956 lr:0.000049
step:1801 source:(400, 17) loss:2.79512 lr:0.000055
step:2001 source:(400, 17) loss:2.79533 lr:0.000061
step:2201 source:(400, 17) loss:2.79949 lr:0.000067
step:2401 source:(400, 17) loss:2.79994 lr:0.000073
step:2601 source:(400, 17) loss:2.77446 lr:0.000079
epoch:10 test_bleu:84.9253237247467 template_bleu:79.68165874481201
epoch:10 train_bleu:85.14177799224854 template_bleu:79.49550747871399
step:2801 source:(400, 17) loss:2.72417 lr:0.000086
step:3001 source:(400, 17) loss:2.76088 lr:0.000092
step:3201 source:(400, 17) loss:2.71321 lr:0.000098
step:3401 source:(400, 17) loss:2.74984 lr:0.000104
step:3601 source:(400, 17) loss:2.70664 lr:0.000110
step:3801 source:(400, 17) loss:2.66583 lr:0.000116
epoch:15 test_bleu:85.20216345787048 template_bleu:79.68165874481201
epoch:15 train_bleu:85.50986051559448 template_bleu:79.49550747871399
step:4001 source:(400, 17) loss:2.61278 lr:0.000122
step:4201 source:(400, 17) loss:2.57225 lr:0.000128
step:4401 source:(400, 17) loss:2.53553 lr:0.000135
step:4601 source:(400, 17) loss:2.46458 lr:0.000141
step:4801 source:(400, 17) loss:2.43399 lr:0.000147
step:5001 source:(400, 17) loss:2.38052 lr:0.000153
step:5201 source:(400, 17) loss:2.41208 lr:0.000159
epoch:20 test_bleu:86.3784909248352 template_bleu:79.68165874481201
epoch:20 train_bleu:86.85234785079956 template_bleu:79.49550747871399
step:5401 source:(400, 17) loss:2.35825 lr:0.000165
step:5601 source:(400, 17) loss:2.36326 lr:0.000171
step:5801 source:(400, 17) loss:2.32624 lr:0.000177
step:6001 source:(400, 17) loss:2.24668 lr:0.000183
step:6201 source:(400, 17) loss:2.20889 lr:0.000190
step:6401 source:(400, 17) loss:2.22389 lr:0.000196
epoch:25 test_bleu:87.08081841468811 template_bleu:79.68165874481201
epoch:25 train_bleu:87.73793578147888 template_bleu:79.49550747871399
step:6601 source:(400, 17) loss:2.24551 lr:0.000202
step:6801 source:(400, 17) loss:2.16739 lr:0.000208
step:7001 source:(400, 17) loss:2.1371 lr:0.000214
step:7201 source:(400, 17) loss:2.1824 lr:0.000220
step:7401 source:(400, 17) loss:2.11622 lr:0.000226
step:7601 source:(400, 17) loss:2.14478 lr:0.000232
step:7801 source:(400, 17) loss:2.03823 lr:0.000238
epoch:30 test_bleu:87.26880550384521 template_bleu:79.68165874481201
epoch:30 train_bleu:88.38715553283691 template_bleu:79.49550747871399
step:8001 source:(400, 17) loss:2.0505 lr:0.000245
step:8201 source:(400, 17) loss:2.03366 lr:0.000251
step:8401 source:(400, 17) loss:2.0056 lr:0.000257
step:8601 source:(400, 17) loss:1.96372 lr:0.000263
step:8801 source:(400, 17) loss:1.9703 lr:0.000269
step:9001 source:(400, 17) loss:1.93946 lr:0.000275
epoch:35 test_bleu:87.25334405899048 template_bleu:79.68165874481201
epoch:35 train_bleu:89.45010304450989 template_bleu:79.49550747871399
step:9201 source:(400, 17) loss:1.93871 lr:0.000281
step:9401 source:(400, 17) loss:1.8974 lr:0.000287
step:9601 source:(400, 17) loss:1.88351 lr:0.000293
step:9801 source:(400, 17) loss:1.84804 lr:0.000300
step:10001 source:(400, 17) loss:1.84268 lr:0.000306
step:10201 source:(400, 17) loss:1.79401 lr:0.000312
step:10401 source:(400, 17) loss:1.76712 lr:0.000318
epoch:40 test_bleu:87.13067770004272 template_bleu:79.68165874481201
epoch:40 train_bleu:90.9497618675232 template_bleu:79.49550747871399
step:10601 source:(400, 17) loss:1.73928 lr:0.000324
step:10801 source:(400, 17) loss:1.70124 lr:0.000330
step:11001 source:(400, 17) loss:1.76521 lr:0.000336
step:11201 source:(400, 17) loss:1.72671 lr:0.000342
step:11401 source:(400, 17) loss:1.66641 lr:0.000349
step:11601 source:(400, 17) loss:1.6605 lr:0.000355
epoch:45 test_bleu:86.71784400939941 template_bleu:79.68165874481201
epoch:45 train_bleu:92.39642024040222 template_bleu:79.49550747871399
step:11801 source:(400, 17) loss:1.65564 lr:0.000361
step:12001 source:(400, 17) loss:1.63271 lr:0.000367
step:12201 source:(400, 17) loss:1.65736 lr:0.000373
step:12401 source:(400, 17) loss:1.61634 lr:0.000379
step:12601 source:(400, 17) loss:1.59602 lr:0.000385
step:12801 source:(400, 17) loss:1.59414 lr:0.000391
step:13001 source:(400, 17) loss:1.57374 lr:0.000397
epoch:50 test_bleu:86.84637546539307 template_bleu:79.68165874481201
epoch:50 train_bleu:93.52709650993347 template_bleu:79.49550747871399
step:13201 source:(400, 17) loss:1.54689 lr:0.000404
step:13401 source:(400, 17) loss:1.53742 lr:0.000410
step:13601 source:(400, 17) loss:1.56096 lr:0.000416
step:13801 source:(400, 17) loss:1.58721 lr:0.000422
step:14001 source:(400, 17) loss:1.53796 lr:0.000428
step:14201 source:(400, 17) loss:1.52981 lr:0.000434
epoch:55 test_bleu:86.80386543273926 template_bleu:79.68165874481201
epoch:55 train_bleu:94.86831426620483 template_bleu:79.49550747871399
step:14401 source:(400, 17) loss:1.52579 lr:0.000440
step:14601 source:(400, 17) loss:1.53047 lr:0.000446
step:14801 source:(400, 17) loss:1.52374 lr:0.000452
step:15001 source:(400, 17) loss:1.49703 lr:0.000459
step:15201 source:(400, 17) loss:1.49907 lr:0.000465
step:15401 source:(400, 17) loss:1.60147 lr:0.000471
step:15601 source:(400, 17) loss:1.51136 lr:0.000477
epoch:60 test_bleu:86.83883547782898 template_bleu:79.68165874481201
epoch:60 train_bleu:93.92118453979492 template_bleu:79.49550747871399
step:15801 source:(400, 17) loss:1.50991 lr:0.000483
step:16001 source:(400, 17) loss:1.49684 lr:0.000489
step:16201 source:(400, 17) loss:1.49467 lr:0.000486
step:16401 source:(400, 17) loss:1.4869 lr:0.000483
step:16601 source:(400, 17) loss:1.49645 lr:0.000480
step:16801 source:(400, 17) loss:1.4789 lr:0.000477
epoch:65 test_bleu:86.74779534339905 template_bleu:79.68165874481201
epoch:65 train_bleu:95.91626524925232 template_bleu:79.49550747871399
step:17001 source:(400, 17) loss:1.45538 lr:0.000475
step:17201 source:(400, 17) loss:1.46788 lr:0.000472
step:17401 source:(400, 17) loss:1.47287 lr:0.000469
step:17601 source:(400, 17) loss:1.45858 lr:0.000466
step:17801 source:(400, 17) loss:1.44858 lr:0.000464
step:18001 source:(400, 17) loss:1.44119 lr:0.000461
step:18201 source:(400, 17) loss:1.46364 lr:0.000459
epoch:70 test_bleu:86.90599203109741 template_bleu:79.68165874481201
epoch:70 train_bleu:96.79609537124634 template_bleu:79.49550747871399
step:18401 source:(400, 17) loss:1.4666 lr:0.000456
step:18601 source:(400, 17) loss:1.46248 lr:0.000454
step:18801 source:(400, 17) loss:1.43328 lr:0.000451
step:19001 source:(400, 17) loss:1.43109 lr:0.000449
step:19201 source:(400, 17) loss:1.42433 lr:0.000447
step:19401 source:(400, 17) loss:1.44046 lr:0.000444
epoch:75 test_bleu:86.63432002067566 template_bleu:79.68165874481201
epoch:75 train_bleu:96.7011034488678 template_bleu:79.49550747871399
step:19601 source:(400, 17) loss:1.45087 lr:0.000442
step:19801 source:(400, 17) loss:1.43076 lr:0.000440
step:20001 source:(400, 17) loss:1.44548 lr:0.000437
step:20201 source:(400, 17) loss:1.42433 lr:0.000435
step:20401 source:(400, 17) loss:1.42044 lr:0.000433
step:20601 source:(400, 17) loss:1.40969 lr:0.000431
step:20801 source:(400, 17) loss:1.42534 lr:0.000429
epoch:80 test_bleu:86.78889274597168 template_bleu:79.68165874481201
epoch:80 train_bleu:96.59583568572998 template_bleu:79.49550747871399
step:21001 source:(400, 17) loss:1.41432 lr:0.000427
step:21201 source:(400, 17) loss:1.44707 lr:0.000425
step:21401 source:(400, 17) loss:1.39244 lr:0.000423
step:21601 source:(400, 17) loss:1.41546 lr:0.000421
step:21801 source:(400, 17) loss:1.417 lr:0.000419
step:22001 source:(400, 17) loss:1.42101 lr:0.000417
epoch:85 test_bleu:86.8262767791748 template_bleu:79.68165874481201
epoch:85 train_bleu:97.44187593460083 template_bleu:79.49550747871399
step:22201 source:(400, 17) loss:1.40142 lr:0.000415
step:22401 source:(400, 17) loss:1.40384 lr:0.000413
step:22601 source:(400, 17) loss:1.40388 lr:0.000412
step:22801 source:(400, 17) loss:1.40798 lr:0.000410
step:23001 source:(400, 17) loss:1.388 lr:0.000408
step:23201 source:(400, 17) loss:1.39868 lr:0.000406
step:23401 source:(400, 17) loss:1.38363 lr:0.000404
epoch:90 test_bleu:86.6292655467987 template_bleu:79.68165874481201
epoch:90 train_bleu:97.77220487594604 template_bleu:79.49550747871399
step:23601 source:(400, 17) loss:1.38586 lr:0.000403
step:23801 source:(400, 17) loss:1.38355 lr:0.000401
step:24001 source:(400, 17) loss:1.38229 lr:0.000399
step:24201 source:(400, 17) loss:1.39582 lr:0.000398
step:24401 source:(400, 17) loss:1.41734 lr:0.000396
step:24601 source:(400, 17) loss:1.379 lr:0.000394
epoch:95 test_bleu:86.58249378204346 template_bleu:79.68165874481201
epoch:95 train_bleu:98.01071882247925 template_bleu:79.49550747871399
step:24801 source:(400, 17) loss:1.39792 lr:0.000393
step:25001 source:(400, 17) loss:1.3883 lr:0.000391
step:25201 source:(400, 17) loss:1.38643 lr:0.000390
step:25401 source:(400, 17) loss:1.38278 lr:0.000388
step:25601 source:(400, 17) loss:1.36728 lr:0.000387
step:25801 source:(400, 17) loss:1.37784 lr:0.000385
step:26001 source:(400, 17) loss:1.37449 lr:0.000384
epoch:100 test_bleu:86.65863275527954 template_bleu:79.68165874481201
epoch:100 train_bleu:98.39351177215576 template_bleu:79.49550747871399
step:26201 source:(400, 17) loss:1.38163 lr:0.000382
step:26401 source:(400, 17) loss:1.37344 lr:0.000381
step:26601 source:(400, 17) loss:1.3849 lr:0.000379
step:26801 source:(400, 17) loss:1.37048 lr:0.000378
step:27001 source:(400, 17) loss:1.37176 lr:0.000377
step:27201 source:(400, 17) loss:1.36443 lr:0.000375
step:27401 source:(400, 17) loss:1.38259 lr:0.000374
epoch:105 test_bleu:86.72019839286804 template_bleu:79.68165874481201
epoch:105 train_bleu:98.52816462516785 template_bleu:79.49550747871399
step:27601 source:(400, 17) loss:1.36352 lr:0.000372
step:27801 source:(400, 17) loss:1.36196 lr:0.000371
step:28001 source:(400, 17) loss:1.35736 lr:0.000370
step:28201 source:(400, 17) loss:1.37197 lr:0.000368
step:28401 source:(400, 17) loss:1.36718 lr:0.000367
step:28601 source:(400, 17) loss:1.37927 lr:0.000366
epoch:110 test_bleu:86.95427179336548 template_bleu:79.68165874481201
epoch:110 train_bleu:98.35423827171326 template_bleu:79.49550747871399
step:28801 source:(400, 17) loss:1.36932 lr:0.000365
step:29001 source:(400, 17) loss:1.35601 lr:0.000363
step:29201 source:(400, 17) loss:1.36548 lr:0.000362
step:29401 source:(400, 17) loss:1.35451 lr:0.000361
step:29601 source:(400, 17) loss:1.35327 lr:0.000360
step:29801 source:(400, 17) loss:1.36679 lr:0.000358
step:30001 source:(400, 17) loss:1.36693 lr:0.000357
epoch:115 test_bleu:86.75385117530823 template_bleu:79.68165874481201
epoch:115 train_bleu:98.51539134979248 template_bleu:79.49550747871399
step:30201 source:(400, 17) loss:1.35643 lr:0.000356
step:30401 source:(400, 17) loss:1.35799 lr:0.000355
step:30601 source:(400, 17) loss:1.35346 lr:0.000354
step:30801 source:(400, 17) loss:1.3531 lr:0.000353
step:31001 source:(400, 17) loss:1.34837 lr:0.000351
step:31201 source:(400, 17) loss:1.34437 lr:0.000350
epoch:120 test_bleu:86.96122169494629 template_bleu:79.68165874481201
epoch:120 train_bleu:99.16364550590515 template_bleu:79.49550747871399
step:31401 source:(400, 17) loss:1.35936 lr:0.000349
step:31601 source:(400, 17) loss:1.3528 lr:0.000348
step:31801 source:(400, 17) loss:1.34469 lr:0.000347
step:32001 source:(400, 17) loss:1.35368 lr:0.000346
step:32201 source:(400, 17) loss:1.34359 lr:0.000345
step:32401 source:(400, 17) loss:1.34964 lr:0.000344
step:32601 source:(400, 17) loss:1.351 lr:0.000343
epoch:125 test_bleu:86.65193319320679 template_bleu:79.68165874481201
epoch:125 train_bleu:99.00845885276794 template_bleu:79.49550747871399
step:32801 source:(400, 17) loss:1.35494 lr:0.000342
step:33001 source:(400, 17) loss:1.34786 lr:0.000341
step:33201 source:(400, 17) loss:1.35499 lr:0.000340
step:33401 source:(400, 17) loss:1.34736 lr:0.000339
step:33601 source:(400, 17) loss:1.35424 lr:0.000338
step:33801 source:(400, 17) loss:1.35329 lr:0.000337
epoch:130 test_bleu:86.75695657730103 template_bleu:79.68165874481201
epoch:130 train_bleu:99.20540452003479 template_bleu:79.49550747871399
step:34001 source:(400, 17) loss:1.34397 lr:0.000336
step:34201 source:(400, 17) loss:1.35289 lr:0.000335
step:34401 source:(400, 17) loss:1.33408 lr:0.000334
step:34601 source:(400, 17) loss:1.34826 lr:0.000333
step:34801 source:(400, 17) loss:1.33817 lr:0.000332
step:35001 source:(400, 17) loss:1.33948 lr:0.000331
step:35201 source:(400, 17) loss:1.34048 lr:0.000330
