train_file:/home/syp/zwr/txtgen/examples/long_text/yelp_data/pos/pos.train.txt
valid_file:/home/syp/zwr/txtgen/examples/long_text/yelp_data/pos/pos.valid.txt
logdir:./log_dir/pos.bsize250.epoch150.seqlen16.dynamic_lr.fixed_mask.present0.7.partition2.hidden512.gan/
epoch:0 test_bleu:13.497959077358246 template_bleu:42.23254323005676 test_loss:8.268681526184082 test_ppl:4061.458740234375 
epoch:0 train_g_bleu:13.306210935115814 template_bleu:41.745707392692566 train_g_loss:8.160841941833496 train_g_ppl:3503.985107421875 
step:1 source:(250, 17) g_loss:8.168171 d_loss:0.678235 ppl:3526.887207 lr:0.000000
step:201 source:(250, 17) g_loss:4.616765 d_loss:0.000241 ppl:101.166183 lr:0.000009
step:401 source:(250, 17) g_loss:4.069391 d_loss:0.000073 ppl:58.521328 lr:0.000018
step:601 source:(250, 17) g_loss:4.186743 d_loss:0.000035 ppl:65.808121 lr:0.000027
step:801 source:(250, 17) g_loss:4.023640 d_loss:0.000019 ppl:55.904236 lr:0.000035
step:1001 source:(250, 17) g_loss:4.124645 d_loss:0.000011 ppl:61.845837 lr:0.000044
step:1201 source:(250, 17) g_loss:4.112001 d_loss:0.000009 ppl:61.068821 lr:0.000053
step:1401 source:(250, 17) g_loss:4.104601 d_loss:0.000007 ppl:60.618546 lr:0.000062
step:1601 source:(250, 17) g_loss:4.029311 d_loss:0.000004 ppl:56.222145 lr:0.000071
step:1801 source:(250, 17) g_loss:4.078103 d_loss:0.000003 ppl:59.033382 lr:0.000080
step:2001 source:(250, 17) g_loss:4.018779 d_loss:0.000003 ppl:55.633125 lr:0.000088
epoch:5 test_bleu:52.68140435218811 template_bleu:42.23254323005676 test_loss:4.002326488494873 test_ppl:56.64341735839844 
epoch:5 train_g_bleu:52.256083488464355 template_bleu:41.745707392692566 train_g_loss:4.00832986831665 train_g_ppl:55.10517501831055 
step:2201 source:(250, 17) g_loss:3.951871 d_loss:0.000002 ppl:52.032639 lr:0.000097
step:2401 source:(250, 17) g_loss:3.993325 d_loss:0.000002 ppl:54.234932 lr:0.000106
step:2601 source:(250, 17) g_loss:3.892019 d_loss:0.000002 ppl:49.009727 lr:0.000115
step:2801 source:(250, 17) g_loss:3.824113 d_loss:0.000001 ppl:45.792183 lr:0.000124
step:3001 source:(250, 17) g_loss:3.837766 d_loss:0.000001 ppl:46.421661 lr:0.000133
step:3201 source:(250, 17) g_loss:3.725679 d_loss:0.000001 ppl:41.499397 lr:0.000141
step:3401 source:(250, 17) g_loss:3.539205 d_loss:0.000001 ppl:34.439533 lr:0.000150
step:3601 source:(250, 17) g_loss:3.489721 d_loss:0.000001 ppl:32.776794 lr:0.000159
step:3801 source:(250, 17) g_loss:3.373619 d_loss:0.000001 ppl:29.183956 lr:0.000168
step:4001 source:(250, 17) g_loss:3.337706 d_loss:0.000001 ppl:28.154469 lr:0.000177
epoch:10 test_bleu:59.03605818748474 template_bleu:42.23254323005676 test_loss:3.3313634395599365 test_ppl:29.323144912719727 
epoch:10 train_g_bleu:58.50678086280823 template_bleu:41.745707392692566 train_g_loss:3.288447618484497 train_g_ppl:26.834043502807617 
step:4201 source:(250, 17) g_loss:3.335528 d_loss:0.000001 ppl:28.093224 lr:0.000186
step:4401 source:(250, 17) g_loss:3.177576 d_loss:0.000000 ppl:23.988531 lr:0.000194
step:4601 source:(250, 17) g_loss:3.201808 d_loss:0.000000 ppl:24.576931 lr:0.000203
step:4801 source:(250, 17) g_loss:3.234398 d_loss:0.000000 ppl:25.391090 lr:0.000212
step:5001 source:(250, 17) g_loss:3.083715 d_loss:0.000000 ppl:21.839384 lr:0.000221
step:5201 source:(250, 17) g_loss:3.073390 d_loss:0.000000 ppl:21.615053 lr:0.000230
step:5401 source:(250, 17) g_loss:3.031499 d_loss:0.000000 ppl:20.728279 lr:0.000239
step:5601 source:(250, 17) g_loss:2.955639 d_loss:0.000000 ppl:19.213995 lr:0.000247
step:5801 source:(250, 17) g_loss:2.948657 d_loss:0.000000 ppl:19.080317 lr:0.000256
step:6001 source:(250, 17) g_loss:3.036499 d_loss:0.000000 ppl:20.832178 lr:0.000265
step:6201 source:(250, 17) g_loss:2.931185 d_loss:0.000000 ppl:18.749846 lr:0.000274
epoch:15 test_bleu:61.91263794898987 template_bleu:42.23254323005676 test_loss:3.132279634475708 test_ppl:24.070844650268555 
epoch:15 train_g_bleu:62.278103828430176 template_bleu:41.745707392692566 train_g_loss:2.9199979305267334 train_g_ppl:18.562501907348633 
step:6401 source:(250, 17) g_loss:2.885978 d_loss:0.000000 ppl:17.921089 lr:0.000283
step:6601 source:(250, 17) g_loss:2.879486 d_loss:0.000000 ppl:17.805120 lr:0.000292
step:6801 source:(250, 17) g_loss:2.922521 d_loss:0.000000 ppl:18.588091 lr:0.000301
step:7001 source:(250, 17) g_loss:2.823397 d_loss:0.000000 ppl:16.833941 lr:0.000309
step:7201 source:(250, 17) g_loss:2.800212 d_loss:0.000000 ppl:16.448135 lr:0.000318
step:7401 source:(250, 17) g_loss:2.843987 d_loss:0.000000 ppl:17.184141 lr:0.000327
step:7601 source:(250, 17) g_loss:2.758687 d_loss:0.000000 ppl:15.779104 lr:0.000336
step:7801 source:(250, 17) g_loss:2.781661 d_loss:0.000000 ppl:16.145813 lr:0.000345
step:8001 source:(250, 17) g_loss:2.693020 d_loss:0.000000 ppl:14.776235 lr:0.000354
step:8201 source:(250, 17) g_loss:2.685061 d_loss:0.000000 ppl:14.659099 lr:0.000362
epoch:20 test_bleu:63.342440128326416 template_bleu:42.23254323005676 test_loss:3.1533596515655518 test_ppl:24.84024429321289 
epoch:20 train_g_bleu:64.46787118911743 template_bleu:41.745707392692566 train_g_loss:2.7146527767181396 train_g_ppl:15.12366008758545 
step:8401 source:(250, 17) g_loss:2.596014 d_loss:0.000000 ppl:13.410182 lr:0.000371
step:8601 source:(250, 17) g_loss:2.675902 d_loss:0.000000 ppl:14.525444 lr:0.000380
step:8801 source:(250, 17) g_loss:2.627270 d_loss:0.000000 ppl:13.835953 lr:0.000389
step:9001 source:(250, 17) g_loss:2.541205 d_loss:0.000000 ppl:12.694964 lr:0.000398
step:9201 source:(250, 17) g_loss:2.700006 d_loss:0.000000 ppl:14.879821 lr:0.000407
step:9401 source:(250, 17) g_loss:2.543764 d_loss:0.000000 ppl:12.727491 lr:0.000415
step:9601 source:(250, 17) g_loss:2.548159 d_loss:0.000000 ppl:12.783552 lr:0.000424
step:9801 source:(250, 17) g_loss:2.521550 d_loss:0.000000 ppl:12.447881 lr:0.000433
step:10001 source:(250, 17) g_loss:2.589027 d_loss:0.000000 ppl:13.316804 lr:0.000442
step:10201 source:(250, 17) g_loss:2.481385 d_loss:0.000000 ppl:11.957814 lr:0.000438
step:10401 source:(250, 17) g_loss:2.444142 d_loss:0.000000 ppl:11.520657 lr:0.000433
epoch:25 test_bleu:63.40863108634949 template_bleu:42.23254323005676 test_loss:3.2423110008239746 test_ppl:27.472639083862305 
epoch:25 train_g_bleu:67.03795790672302 template_bleu:41.745707392692566 train_g_loss:2.5490262508392334 train_g_ppl:12.858211517333984 
step:10601 source:(250, 17) g_loss:2.449951 d_loss:0.000000 ppl:11.587778 lr:0.000429
step:10801 source:(250, 17) g_loss:2.455934 d_loss:0.000000 ppl:11.657320 lr:0.000425
step:11001 source:(250, 17) g_loss:2.363015 d_loss:0.000000 ppl:10.622933 lr:0.000421
step:11201 source:(250, 17) g_loss:2.359845 d_loss:0.000000 ppl:10.589307 lr:0.000418
step:11401 source:(250, 17) g_loss:2.332491 d_loss:0.000000 ppl:10.303577 lr:0.000414
step:11601 source:(250, 17) g_loss:2.278329 d_loss:0.000000 ppl:9.760361 lr:0.000410
step:11801 source:(250, 17) g_loss:2.218172 d_loss:0.000000 ppl:9.190512 lr:0.000407
step:12001 source:(250, 17) g_loss:2.274763 d_loss:0.000000 ppl:9.725610 lr:0.000403
step:12201 source:(250, 17) g_loss:2.166701 d_loss:0.000000 ppl:8.729437 lr:0.000400
step:12401 source:(250, 17) g_loss:2.234245 d_loss:0.000000 ppl:9.339426 lr:0.000397
epoch:30 test_bleu:63.43449950218201 template_bleu:42.23254323005676 test_loss:3.3816933631896973 test_ppl:32.14533996582031 
epoch:30 train_g_bleu:69.13777589797974 template_bleu:41.745707392692566 train_g_loss:2.4295859336853027 train_g_ppl:11.511907577514648 
step:12601 source:(250, 17) g_loss:2.180894 d_loss:0.000000 ppl:8.854216 lr:0.000394
step:12801 source:(250, 17) g_loss:2.176069 d_loss:0.000000 ppl:8.811600 lr:0.000391
step:13001 source:(250, 17) g_loss:2.078011 d_loss:0.000000 ppl:7.988562 lr:0.000388
step:13201 source:(250, 17) g_loss:2.135046 d_loss:0.000000 ppl:8.457436 lr:0.000385
step:13401 source:(250, 17) g_loss:2.165068 d_loss:0.000000 ppl:8.715198 lr:0.000382
step:13601 source:(250, 17) g_loss:2.069535 d_loss:0.000000 ppl:7.921141 lr:0.000379
step:13801 source:(250, 17) g_loss:2.100642 d_loss:0.000000 ppl:8.171418 lr:0.000376
step:14001 source:(250, 17) g_loss:2.069065 d_loss:0.000000 ppl:7.917418 lr:0.000374
step:14201 source:(250, 17) g_loss:1.995732 d_loss:0.000000 ppl:7.357586 lr:0.000371
step:14401 source:(250, 17) g_loss:2.022360 d_loss:0.000000 ppl:7.556137 lr:0.000368
epoch:35 test_bleu:63.41394782066345 template_bleu:42.23254323005676 test_loss:3.433119773864746 test_ppl:34.170841217041016 
epoch:35 train_g_bleu:72.95805215835571 template_bleu:41.745707392692566 train_g_loss:2.271233320236206 train_g_ppl:9.867185592651367 
step:14601 source:(250, 17) g_loss:1.998901 d_loss:0.000000 ppl:7.380939 lr:0.000366
step:14801 source:(250, 17) g_loss:1.989219 d_loss:0.000000 ppl:7.309823 lr:0.000363
step:15001 source:(250, 17) g_loss:1.988568 d_loss:0.000000 ppl:7.305068 lr:0.000361
step:15201 source:(250, 17) g_loss:1.907976 d_loss:0.000000 ppl:6.739431 lr:0.000358
step:15401 source:(250, 17) g_loss:1.972110 d_loss:0.000000 ppl:7.185823 lr:0.000356
step:15601 source:(250, 17) g_loss:1.948014 d_loss:0.000000 ppl:7.014743 lr:0.000354
step:15801 source:(250, 17) g_loss:1.972232 d_loss:0.000000 ppl:7.186699 lr:0.000352
step:16001 source:(250, 17) g_loss:1.888076 d_loss:0.000000 ppl:6.606644 lr:0.000349
step:16201 source:(250, 17) g_loss:1.867842 d_loss:0.000000 ppl:6.474312 lr:0.000347
step:16401 source:(250, 17) g_loss:1.915615 d_loss:0.000000 ppl:6.791115 lr:0.000345
step:16601 source:(250, 17) g_loss:1.882337 d_loss:0.000000 ppl:6.568841 lr:0.000343
epoch:40 test_bleu:63.967710733413696 template_bleu:42.23254323005676 test_loss:3.4734630584716797 test_ppl:35.9135856628418 
epoch:40 train_g_bleu:77.66207456588745 template_bleu:41.745707392692566 train_g_loss:2.079195737838745 train_g_ppl:8.112024307250977 
step:16801 source:(250, 17) g_loss:1.875374 d_loss:0.000000 ppl:6.523260 lr:0.000341
step:17001 source:(250, 17) g_loss:1.848070 d_loss:0.000000 ppl:6.347557 lr:0.000339
step:17201 source:(250, 17) g_loss:1.886590 d_loss:0.000000 ppl:6.596838 lr:0.000337
step:17401 source:(250, 17) g_loss:1.839317 d_loss:0.000000 ppl:6.292241 lr:0.000335
step:17601 source:(250, 17) g_loss:1.862105 d_loss:0.000000 ppl:6.437272 lr:0.000333
step:17801 source:(250, 17) g_loss:1.837900 d_loss:0.000000 ppl:6.283329 lr:0.000331
step:18001 source:(250, 17) g_loss:1.875274 d_loss:0.000000 ppl:6.522606 lr:0.000329
step:18201 source:(250, 17) g_loss:1.844736 d_loss:0.000000 ppl:6.326431 lr:0.000328
step:18401 source:(250, 17) g_loss:1.822088 d_loss:0.000000 ppl:6.184759 lr:0.000326
step:18601 source:(250, 17) g_loss:1.843088 d_loss:0.000000 ppl:6.316010 lr:0.000324
epoch:45 test_bleu:64.19160962104797 template_bleu:42.23254323005676 test_loss:3.493975877761841 test_ppl:36.795772552490234 
epoch:45 train_g_bleu:80.50999641418457 template_bleu:41.745707392692566 train_g_loss:2.0045459270477295 train_g_ppl:7.553440570831299 
step:18801 source:(250, 17) g_loss:1.805013 d_loss:0.000000 ppl:6.080050 lr:0.000322
step:19001 source:(250, 17) g_loss:1.804186 d_loss:0.000000 ppl:6.075024 lr:0.000321
step:19201 source:(250, 17) g_loss:1.791241 d_loss:0.000000 ppl:5.996891 lr:0.000319
step:19401 source:(250, 17) g_loss:1.787820 d_loss:0.000000 ppl:5.976409 lr:0.000317
step:19601 source:(250, 17) g_loss:1.779262 d_loss:0.000000 ppl:5.925481 lr:0.000316
step:19801 source:(250, 17) g_loss:1.779316 d_loss:0.000000 ppl:5.925802 lr:0.000314
step:20001 source:(250, 17) g_loss:1.799916 d_loss:0.000000 ppl:6.049137 lr:0.000312
step:20201 source:(250, 17) g_loss:1.760985 d_loss:0.000000 ppl:5.818168 lr:0.000311
step:20401 source:(250, 17) g_loss:1.816128 d_loss:0.000000 ppl:6.148006 lr:0.000309
step:20601 source:(250, 17) g_loss:1.758710 d_loss:0.000000 ppl:5.804946 lr:0.000308
step:20801 source:(250, 17) g_loss:1.776217 d_loss:0.000000 ppl:5.907465 lr:0.000306
epoch:50 test_bleu:63.45947980880737 template_bleu:42.23254323005676 test_loss:3.5281801223754883 test_ppl:38.1150016784668 
epoch:50 train_g_bleu:84.50090885162354 template_bleu:41.745707392692566 train_g_loss:1.881683588027954 train_g_ppl:6.642870903015137 
step:21001 source:(250, 17) g_loss:1.728139 d_loss:0.000000 ppl:5.630167 lr:0.000305
step:21201 source:(250, 17) g_loss:1.703925 d_loss:0.000000 ppl:5.495475 lr:0.000304
step:21401 source:(250, 17) g_loss:1.738069 d_loss:0.000000 ppl:5.686351 lr:0.000302
step:21601 source:(250, 17) g_loss:1.715325 d_loss:0.000000 ppl:5.558483 lr:0.000301
step:21801 source:(250, 17) g_loss:1.742788 d_loss:0.000000 ppl:5.713248 lr:0.000299
step:22001 source:(250, 17) g_loss:1.734024 d_loss:0.000000 ppl:5.663396 lr:0.000298
step:22201 source:(250, 17) g_loss:1.741850 d_loss:0.000000 ppl:5.707895 lr:0.000297
step:22401 source:(250, 17) g_loss:1.694270 d_loss:0.000000 ppl:5.442669 lr:0.000295
step:22601 source:(250, 17) g_loss:1.700391 d_loss:0.000000 ppl:5.476087 lr:0.000294
step:22801 source:(250, 17) g_loss:1.719321 d_loss:0.000000 ppl:5.580739 lr:0.000293
epoch:55 test_bleu:63.691771030426025 template_bleu:42.23254323005676 test_loss:3.516650915145874 test_ppl:37.601356506347656 
epoch:55 train_g_bleu:86.65598630905151 template_bleu:41.745707392692566 train_g_loss:1.8032556772232056 train_g_ppl:6.13795280456543 
step:23001 source:(250, 17) g_loss:1.732182 d_loss:0.000000 ppl:5.652974 lr:0.000291
step:23201 source:(250, 17) g_loss:1.705835 d_loss:0.000000 ppl:5.505982 lr:0.000290
step:23401 source:(250, 17) g_loss:1.684409 d_loss:0.000000 ppl:5.389266 lr:0.000289
step:23601 source:(250, 17) g_loss:1.687385 d_loss:0.000000 ppl:5.405325 lr:0.000288
step:23801 source:(250, 17) g_loss:1.715656 d_loss:0.000000 ppl:5.560321 lr:0.000286
step:24001 source:(250, 17) g_loss:1.715157 d_loss:0.000000 ppl:5.557547 lr:0.000285
step:24201 source:(250, 17) g_loss:1.659621 d_loss:0.000000 ppl:5.257318 lr:0.000284
step:24401 source:(250, 17) g_loss:1.692790 d_loss:0.000000 ppl:5.434623 lr:0.000283
step:24601 source:(250, 17) g_loss:1.671443 d_loss:0.000000 ppl:5.319838 lr:0.000282
step:24801 source:(250, 17) g_loss:1.680142 d_loss:0.000000 ppl:5.366320 lr:0.000281
step:25001 source:(250, 17) g_loss:1.692000 d_loss:0.000000 ppl:5.430329 lr:0.000280
epoch:60 test_bleu:63.87050747871399 template_bleu:42.23254323005676 test_loss:3.5978379249572754 test_ppl:41.234222412109375 
epoch:60 train_g_bleu:89.82099890708923 template_bleu:41.745707392692566 train_g_loss:1.7407978773117065 train_g_ppl:5.761284351348877 
step:25201 source:(250, 17) g_loss:1.671739 d_loss:0.000000 ppl:5.321414 lr:0.000278
step:25401 source:(250, 17) g_loss:1.670282 d_loss:0.000000 ppl:5.313667 lr:0.000277
step:25601 source:(250, 17) g_loss:1.658732 d_loss:0.000000 ppl:5.252644 lr:0.000276
step:25801 source:(250, 17) g_loss:1.649719 d_loss:0.000000 ppl:5.205517 lr:0.000275
step:26001 source:(250, 17) g_loss:1.632829 d_loss:0.000000 ppl:5.118334 lr:0.000274
step:26201 source:(250, 17) g_loss:1.640250 d_loss:0.000000 ppl:5.156461 lr:0.000273
step:26401 source:(250, 17) g_loss:1.639188 d_loss:0.000000 ppl:5.150984 lr:0.000272
step:26601 source:(250, 17) g_loss:1.645625 d_loss:0.000000 ppl:5.184249 lr:0.000271
step:26801 source:(250, 17) g_loss:1.640665 d_loss:0.000000 ppl:5.158601 lr:0.000270
step:27001 source:(250, 17) g_loss:1.662639 d_loss:0.000000 ppl:5.273209 lr:0.000269
epoch:65 test_bleu:64.20155167579651 template_bleu:42.23254323005676 test_loss:3.6135268211364746 test_ppl:41.513912200927734 
epoch:65 train_g_bleu:89.19915556907654 template_bleu:41.745707392692566 train_g_loss:1.752822756767273 train_g_ppl:5.8240814208984375 
step:27201 source:(250, 17) g_loss:1.692227 d_loss:0.000000 ppl:5.431562 lr:0.000268
step:27401 source:(250, 17) g_loss:1.654623 d_loss:0.000000 ppl:5.231108 lr:0.000267
step:27601 source:(250, 17) g_loss:1.622456 d_loss:0.000000 ppl:5.065515 lr:0.000266
step:27801 source:(250, 17) g_loss:1.625414 d_loss:0.000000 ppl:5.080524 lr:0.000265
step:28001 source:(250, 17) g_loss:1.637666 d_loss:0.000000 ppl:5.143153 lr:0.000264
step:28201 source:(250, 17) g_loss:1.608365 d_loss:0.000000 ppl:4.994640 lr:0.000263
step:28401 source:(250, 17) g_loss:1.641905 d_loss:0.000000 ppl:5.164999 lr:0.000262
step:28601 source:(250, 17) g_loss:1.630624 d_loss:0.000000 ppl:5.107059 lr:0.000261
step:28801 source:(250, 17) g_loss:1.614848 d_loss:0.000000 ppl:5.027124 lr:0.000260
step:29001 source:(250, 17) g_loss:1.605888 d_loss:0.000000 ppl:4.982281 lr:0.000260
epoch:70 test_bleu:63.695502281188965 template_bleu:42.23254323005676 test_loss:3.636220932006836 test_ppl:42.423057556152344 
epoch:70 train_g_bleu:90.20441174507141 template_bleu:41.745707392692566 train_g_loss:1.7308096885681152 train_g_ppl:5.719274997711182 
step:29201 source:(250, 17) g_loss:1.609989 d_loss:0.000000 ppl:5.002758 lr:0.000259
step:29401 source:(250, 17) g_loss:1.610088 d_loss:0.000000 ppl:5.003249 lr:0.000258
step:29601 source:(250, 17) g_loss:1.591131 d_loss:0.000000 ppl:4.909297 lr:0.000257
step:29801 source:(250, 17) g_loss:1.605430 d_loss:0.000000 ppl:4.979998 lr:0.000256
step:30001 source:(250, 17) g_loss:1.605248 d_loss:0.000000 ppl:4.979096 lr:0.000255
step:30201 source:(250, 17) g_loss:1.587785 d_loss:0.000000 ppl:4.892897 lr:0.000254
step:30401 source:(250, 17) g_loss:1.580908 d_loss:0.000000 ppl:4.859365 lr:0.000253
step:30601 source:(250, 17) g_loss:1.587337 d_loss:0.000000 ppl:4.890706 lr:0.000253
step:30801 source:(250, 17) g_loss:1.591787 d_loss:0.000000 ppl:4.912522 lr:0.000252
step:31001 source:(250, 17) g_loss:1.589277 d_loss:0.000000 ppl:4.900203 lr:0.000251
step:31201 source:(250, 17) g_loss:1.589107 d_loss:0.000000 ppl:4.899373 lr:0.000250
epoch:75 test_bleu:63.79830241203308 template_bleu:42.23254323005676 test_loss:3.616628646850586 test_ppl:41.4726448059082 
epoch:75 train_g_bleu:90.79594016075134 template_bleu:41.745707392692566 train_g_loss:1.681804895401001 train_g_ppl:5.438704013824463 
step:31401 source:(250, 17) g_loss:1.592466 d_loss:0.000000 ppl:4.915855 lr:0.000249
step:31601 source:(250, 17) g_loss:1.600332 d_loss:0.000000 ppl:4.954679 lr:0.000249
step:31801 source:(250, 17) g_loss:1.566824 d_loss:0.000000 ppl:4.791405 lr:0.000248
step:32001 source:(250, 17) g_loss:1.599456 d_loss:0.000000 ppl:4.950341 lr:0.000247
step:32201 source:(250, 17) g_loss:1.561398 d_loss:0.000000 ppl:4.765478 lr:0.000246
step:32401 source:(250, 17) g_loss:1.597875 d_loss:0.000000 ppl:4.942517 lr:0.000246
step:32601 source:(250, 17) g_loss:1.586478 d_loss:0.000000 ppl:4.886510 lr:0.000245
step:32801 source:(250, 17) g_loss:1.578269 d_loss:0.000000 ppl:4.846560 lr:0.000244
step:33001 source:(250, 17) g_loss:1.585813 d_loss:0.000000 ppl:4.883261 lr:0.000243
step:33201 source:(250, 17) g_loss:1.554888 d_loss:0.000000 ppl:4.734554 lr:0.000243
epoch:80 test_bleu:64.12112712860107 template_bleu:42.23254323005676 test_loss:3.54348087310791 test_ppl:38.306453704833984 
epoch:80 train_g_bleu:89.64400887489319 template_bleu:41.745707392692566 train_g_loss:1.6738929748535156 train_g_ppl:5.397519111633301 
step:33401 source:(250, 17) g_loss:1.571792 d_loss:0.000000 ppl:4.815272 lr:0.000242
step:33601 source:(250, 17) g_loss:1.566239 d_loss:0.000000 ppl:4.788605 lr:0.000241
step:33801 source:(250, 17) g_loss:1.589186 d_loss:0.000000 ppl:4.899759 lr:0.000240
step:34001 source:(250, 17) g_loss:1.549436 d_loss:0.000000 ppl:4.708813 lr:0.000240
step:34201 source:(250, 17) g_loss:1.555918 d_loss:0.000000 ppl:4.739437 lr:0.000239
step:34401 source:(250, 17) g_loss:1.564239 d_loss:0.000000 ppl:4.779038 lr:0.000238
step:34601 source:(250, 17) g_loss:1.556403 d_loss:0.000000 ppl:4.741736 lr:0.000238
