train_file:/home/syp/zwr/txtgen/examples/long_text/yelp_data/pos/pos.train.txt
valid_file:/home/syp/zwr/txtgen/examples/long_text/yelp_data/pos/pos.valid.txt
logdir:./log_dir/pos.bsize408.epoch300.seqlen16.fixed.present0.7.partition1.hidden512/
epoch:0 test_present_rate:0.7 test_bleu:42.36817955970764 template_bleu:79.68165874481201
epoch:0 test_present_rate:0.7 train_bleu:42.126643657684326 template_bleu:79.4934868812561
step:1 source:(408, 17) loss:8.44876 lr:0.000155
step:201 source:(408, 17) loss:2.79872 lr:0.000155
step:401 source:(408, 17) loss:2.73534 lr:0.000155
step:601 source:(408, 17) loss:2.75968 lr:0.000155
step:801 source:(408, 17) loss:2.68273 lr:0.000155
step:1001 source:(408, 17) loss:2.71457 lr:0.000155
step:1201 source:(408, 17) loss:2.64803 lr:0.000155
epoch:5 test_present_rate:0.7 test_bleu:85.14662384986877 template_bleu:79.68165874481201
epoch:5 test_present_rate:0.7 train_bleu:85.42161583900452 template_bleu:79.4934868812561
step:1401 source:(408, 17) loss:2.59694 lr:0.000155
step:1601 source:(408, 17) loss:2.56874 lr:0.000155
step:1801 source:(408, 17) loss:2.53202 lr:0.000155
step:2001 source:(408, 17) loss:2.42485 lr:0.000155
step:2201 source:(408, 17) loss:2.433 lr:0.000155
step:2401 source:(408, 17) loss:2.44188 lr:0.000155
epoch:10 test_present_rate:0.7 test_bleu:86.22741103172302 template_bleu:79.68165874481201
epoch:10 test_present_rate:0.7 train_bleu:86.63110733032227 template_bleu:79.4934868812561
step:2601 source:(408, 17) loss:2.38524 lr:0.000155
step:2801 source:(408, 17) loss:2.38292 lr:0.000155
step:3001 source:(408, 17) loss:2.35446 lr:0.000155
step:3201 source:(408, 17) loss:2.36726 lr:0.000155
step:3401 source:(408, 17) loss:2.30524 lr:0.000155
step:3601 source:(408, 17) loss:2.33529 lr:0.000155
step:3801 source:(408, 17) loss:2.32431 lr:0.000155
epoch:15 test_present_rate:0.7 test_bleu:86.532723903656 template_bleu:79.68165874481201
epoch:15 test_present_rate:0.7 train_bleu:87.07562685012817 template_bleu:79.4934868812561
step:4001 source:(408, 17) loss:2.2553 lr:0.000155
step:4201 source:(408, 17) loss:2.28 lr:0.000155
step:4401 source:(408, 17) loss:2.23971 lr:0.000155
step:4601 source:(408, 17) loss:2.27045 lr:0.000155
step:4801 source:(408, 17) loss:2.26341 lr:0.000155
step:5001 source:(408, 17) loss:2.2293 lr:0.000155
epoch:20 test_present_rate:0.7 test_bleu:86.98354959487915 template_bleu:79.68165874481201
epoch:20 test_present_rate:0.7 train_bleu:87.52632737159729 template_bleu:79.4934868812561
step:5201 source:(408, 17) loss:2.22721 lr:0.000155
step:5401 source:(408, 17) loss:2.27341 lr:0.000155
step:5601 source:(408, 17) loss:2.2336 lr:0.000155
step:5801 source:(408, 17) loss:2.21483 lr:0.000155
step:6001 source:(408, 17) loss:2.21831 lr:0.000155
step:6201 source:(408, 17) loss:2.21171 lr:0.000155
epoch:25 test_present_rate:0.7 test_bleu:86.91723346710205 template_bleu:79.68165874481201
epoch:25 test_present_rate:0.7 train_bleu:87.89937496185303 template_bleu:79.4934868812561
step:6401 source:(408, 17) loss:2.22047 lr:0.000155
step:6601 source:(408, 17) loss:2.18063 lr:0.000155
step:6801 source:(408, 17) loss:2.13151 lr:0.000155
step:7001 source:(408, 17) loss:2.20114 lr:0.000155
step:7201 source:(408, 17) loss:2.13797 lr:0.000155
step:7401 source:(408, 17) loss:2.15429 lr:0.000155
step:7601 source:(408, 17) loss:2.14846 lr:0.000155
epoch:30 test_present_rate:0.7 test_bleu:87.06122636795044 template_bleu:79.68165874481201
epoch:30 test_present_rate:0.7 train_bleu:88.15613389015198 template_bleu:79.4934868812561
step:7801 source:(408, 17) loss:2.16021 lr:0.000155
step:8001 source:(408, 17) loss:2.18177 lr:0.000155
step:8201 source:(408, 17) loss:2.16889 lr:0.000155
step:8401 source:(408, 17) loss:2.10062 lr:0.000155
step:8601 source:(408, 17) loss:2.16782 lr:0.000155
step:8801 source:(408, 17) loss:2.16542 lr:0.000155
epoch:35 test_present_rate:0.7 test_bleu:87.04721927642822 template_bleu:79.68165874481201
epoch:35 test_present_rate:0.7 train_bleu:88.2560133934021 template_bleu:79.4934868812561
step:9001 source:(408, 17) loss:2.11645 lr:0.000155
step:9201 source:(408, 17) loss:2.13992 lr:0.000155
step:9401 source:(408, 17) loss:2.13118 lr:0.000155
step:9601 source:(408, 17) loss:2.11625 lr:0.000155
step:9801 source:(408, 17) loss:2.10947 lr:0.000155
step:10001 source:(408, 17) loss:2.13326 lr:0.000155
step:10201 source:(408, 17) loss:2.15212 lr:0.000155
epoch:40 test_present_rate:0.7 test_bleu:87.08536624908447 template_bleu:79.68165874481201
epoch:40 test_present_rate:0.7 train_bleu:88.51961493492126 template_bleu:79.4934868812561
step:10401 source:(408, 17) loss:2.07972 lr:0.000155
step:10601 source:(408, 17) loss:2.11545 lr:0.000155
step:10801 source:(408, 17) loss:2.06976 lr:0.000155
step:11001 source:(408, 17) loss:2.08705 lr:0.000155
step:11201 source:(408, 17) loss:2.10567 lr:0.000155
step:11401 source:(408, 17) loss:2.09153 lr:0.000155
epoch:45 test_present_rate:0.7 test_bleu:87.18560934066772 template_bleu:79.68165874481201
epoch:45 test_present_rate:0.7 train_bleu:88.74046206474304 template_bleu:79.4934868812561
step:11601 source:(408, 17) loss:2.10398 lr:0.000155
step:11801 source:(408, 17) loss:2.12939 lr:0.000155
step:12001 source:(408, 17) loss:2.10401 lr:0.000155
step:12201 source:(408, 17) loss:2.10646 lr:0.000155
step:12401 source:(408, 17) loss:2.10438 lr:0.000155
step:12601 source:(408, 17) loss:2.10159 lr:0.000155
epoch:50 test_present_rate:0.7 test_bleu:87.14964985847473 template_bleu:79.68165874481201
epoch:50 test_present_rate:0.7 train_bleu:88.96982669830322 template_bleu:79.4934868812561
step:12801 source:(408, 17) loss:2.09623 lr:0.000155
step:13001 source:(408, 17) loss:2.06035 lr:0.000155
step:13201 source:(408, 17) loss:2.03599 lr:0.000155
step:13401 source:(408, 17) loss:2.09541 lr:0.000155
step:13601 source:(408, 17) loss:2.05293 lr:0.000155
step:13801 source:(408, 17) loss:2.05718 lr:0.000155
step:14001 source:(408, 17) loss:2.03582 lr:0.000155
epoch:55 test_present_rate:0.7 test_bleu:87.20783591270447 template_bleu:79.68165874481201
epoch:55 test_present_rate:0.7 train_bleu:89.22817707061768 template_bleu:79.4934868812561
step:14201 source:(408, 17) loss:2.04714 lr:0.000155
step:14401 source:(408, 17) loss:2.09005 lr:0.000155
step:14601 source:(408, 17) loss:2.05973 lr:0.000155
step:14801 source:(408, 17) loss:2.02073 lr:0.000155
step:15001 source:(408, 17) loss:2.05295 lr:0.000155
step:15201 source:(408, 17) loss:2.07803 lr:0.000155
epoch:60 test_present_rate:0.7 test_bleu:87.23991513252258 template_bleu:79.68165874481201
epoch:60 test_present_rate:0.7 train_bleu:89.31894302368164 template_bleu:79.4934868812561
step:15401 source:(408, 17) loss:2.01882 lr:0.000155
step:15601 source:(408, 17) loss:2.03424 lr:0.000155
step:15801 source:(408, 17) loss:2.06205 lr:0.000155
step:16001 source:(408, 17) loss:2.03783 lr:0.000155
step:16201 source:(408, 17) loss:1.99985 lr:0.000155
step:16401 source:(408, 17) loss:2.0657 lr:0.000155
step:16601 source:(408, 17) loss:2.07516 lr:0.000155
epoch:65 test_present_rate:0.7 test_bleu:87.29802966117859 template_bleu:79.68165874481201
epoch:65 test_present_rate:0.7 train_bleu:89.54366445541382 template_bleu:79.4934868812561
step:16801 source:(408, 17) loss:2.01364 lr:0.000155
step:17001 source:(408, 17) loss:2.0299 lr:0.000155
step:17201 source:(408, 17) loss:1.99337 lr:0.000155
step:17401 source:(408, 17) loss:2.03361 lr:0.000155
step:17601 source:(408, 17) loss:2.04086 lr:0.000155
step:17801 source:(408, 17) loss:2.02926 lr:0.000155
epoch:70 test_present_rate:0.7 test_bleu:87.3142957687378 template_bleu:79.68165874481201
epoch:70 test_present_rate:0.7 train_bleu:89.68048691749573 template_bleu:79.4934868812561
step:18001 source:(408, 17) loss:2.04616 lr:0.000155
step:18201 source:(408, 17) loss:2.06737 lr:0.000155
step:18401 source:(408, 17) loss:2.02622 lr:0.000155
step:18601 source:(408, 17) loss:2.04364 lr:0.000155
step:18801 source:(408, 17) loss:2.00736 lr:0.000155
step:19001 source:(408, 17) loss:2.02711 lr:0.000155
epoch:75 test_present_rate:0.7 test_bleu:87.36342191696167 template_bleu:79.68165874481201
epoch:75 test_present_rate:0.7 train_bleu:89.81919288635254 template_bleu:79.4934868812561
step:19201 source:(408, 17) loss:2.02117 lr:0.000155
step:19401 source:(408, 17) loss:1.99069 lr:0.000155
step:19601 source:(408, 17) loss:1.97062 lr:0.000155
step:19801 source:(408, 17) loss:2.01895 lr:0.000155
step:20001 source:(408, 17) loss:1.98846 lr:0.000155
step:20201 source:(408, 17) loss:2.05278 lr:0.000155
step:20401 source:(408, 17) loss:1.99052 lr:0.000155
epoch:80 test_present_rate:0.7 test_bleu:87.33452558517456 template_bleu:79.68165874481201
epoch:80 test_present_rate:0.7 train_bleu:89.92132544517517 template_bleu:79.4934868812561
step:20601 source:(408, 17) loss:1.96609 lr:0.000155
step:20801 source:(408, 17) loss:2.03835 lr:0.000155
step:21001 source:(408, 17) loss:2.00085 lr:0.000155
step:21201 source:(408, 17) loss:1.96938 lr:0.000155
step:21401 source:(408, 17) loss:1.97995 lr:0.000155
step:21601 source:(408, 17) loss:2.00468 lr:0.000155
epoch:85 test_present_rate:0.7 test_bleu:87.31986880302429 template_bleu:79.68165874481201
epoch:85 test_present_rate:0.7 train_bleu:90.07022976875305 template_bleu:79.4934868812561
step:21801 source:(408, 17) loss:1.97243 lr:0.000155
step:22001 source:(408, 17) loss:1.97758 lr:0.000155
step:22201 source:(408, 17) loss:2.01262 lr:0.000155
step:22401 source:(408, 17) loss:1.97499 lr:0.000155
step:22601 source:(408, 17) loss:1.94845 lr:0.000155
step:22801 source:(408, 17) loss:1.98131 lr:0.000155
step:23001 source:(408, 17) loss:1.99534 lr:0.000155
epoch:90 test_present_rate:0.7 test_bleu:87.42607831954956 template_bleu:79.68165874481201
epoch:90 test_present_rate:0.7 train_bleu:90.23205041885376 template_bleu:79.4934868812561
step:23201 source:(408, 17) loss:1.93845 lr:0.000155
step:23401 source:(408, 17) loss:1.9774 lr:0.000155
step:23601 source:(408, 17) loss:1.98067 lr:0.000155
step:23801 source:(408, 17) loss:2.00146 lr:0.000155
step:24001 source:(408, 17) loss:2.01089 lr:0.000155
step:24201 source:(408, 17) loss:1.96416 lr:0.000155
epoch:95 test_present_rate:0.7 test_bleu:87.41198182106018 template_bleu:79.68165874481201
epoch:95 test_present_rate:0.7 train_bleu:90.39303660392761 template_bleu:79.4934868812561
step:24401 source:(408, 17) loss:1.99758 lr:0.000155
step:24601 source:(408, 17) loss:2.00127 lr:0.000155
step:24801 source:(408, 17) loss:2.00348 lr:0.000155
step:25001 source:(408, 17) loss:1.97517 lr:0.000155
step:25201 source:(408, 17) loss:1.97863 lr:0.000155
step:25401 source:(408, 17) loss:1.98244 lr:0.000155
epoch:100 test_present_rate:0.7 test_bleu:87.42735385894775 template_bleu:79.68165874481201
epoch:100 test_present_rate:0.7 train_bleu:90.4538631439209 template_bleu:79.4934868812561
step:25601 source:(408, 17) loss:1.96006 lr:0.000155
step:25801 source:(408, 17) loss:1.96327 lr:0.000155
step:26001 source:(408, 17) loss:1.91948 lr:0.000155
step:26201 source:(408, 17) loss:1.97043 lr:0.000155
step:26401 source:(408, 17) loss:1.9296 lr:0.000155
step:26601 source:(408, 17) loss:1.993 lr:0.000155
step:26801 source:(408, 17) loss:1.94528 lr:0.000155
epoch:105 test_present_rate:0.7 test_bleu:87.54258751869202 template_bleu:79.68165874481201
epoch:105 test_present_rate:0.7 train_bleu:90.57886004447937 template_bleu:79.4934868812561
step:27001 source:(408, 17) loss:1.94501 lr:0.000155
step:27201 source:(408, 17) loss:1.96788 lr:0.000155
step:27401 source:(408, 17) loss:1.95342 lr:0.000155
step:27601 source:(408, 17) loss:1.93117 lr:0.000155
step:27801 source:(408, 17) loss:1.984 lr:0.000155
step:28001 source:(408, 17) loss:1.9623 lr:0.000155
epoch:110 test_present_rate:0.7 test_bleu:87.45660781860352 template_bleu:79.68165874481201
epoch:110 test_present_rate:0.7 train_bleu:90.66576957702637 template_bleu:79.4934868812561
step:28201 source:(408, 17) loss:1.93333 lr:0.000155
step:28401 source:(408, 17) loss:1.96549 lr:0.000155
step:28601 source:(408, 17) loss:1.96935 lr:0.000155
step:28801 source:(408, 17) loss:1.9531 lr:0.000155
step:29001 source:(408, 17) loss:1.92521 lr:0.000155
step:29201 source:(408, 17) loss:1.93895 lr:0.000155
step:29401 source:(408, 17) loss:1.95358 lr:0.000155
epoch:115 test_present_rate:0.7 test_bleu:87.49565482139587 template_bleu:79.68165874481201
epoch:115 test_present_rate:0.7 train_bleu:90.99172949790955 template_bleu:79.4934868812561
step:29601 source:(408, 17) loss:1.9114 lr:0.000155
step:29801 source:(408, 17) loss:1.96474 lr:0.000155
step:30001 source:(408, 17) loss:1.92502 lr:0.000155
step:30201 source:(408, 17) loss:1.93862 lr:0.000155
step:30401 source:(408, 17) loss:1.93042 lr:0.000155
step:30601 source:(408, 17) loss:1.93821 lr:0.000155
epoch:120 test_present_rate:0.7 test_bleu:87.36820220947266 template_bleu:79.68165874481201
epoch:120 test_present_rate:0.7 train_bleu:90.94874262809753 template_bleu:79.4934868812561
step:30801 source:(408, 17) loss:1.9379 lr:0.000155
step:31001 source:(408, 17) loss:1.94473 lr:0.000155
step:31201 source:(408, 17) loss:1.94611 lr:0.000155
step:31401 source:(408, 17) loss:1.92303 lr:0.000155
step:31601 source:(408, 17) loss:1.91864 lr:0.000155
step:31801 source:(408, 17) loss:1.96081 lr:0.000155
epoch:125 test_present_rate:0.7 test_bleu:87.48335838317871 template_bleu:79.68165874481201
epoch:125 test_present_rate:0.7 train_bleu:91.23589992523193 template_bleu:79.4934868812561
step:32001 source:(408, 17) loss:1.92916 lr:0.000155
step:32201 source:(408, 17) loss:1.90929 lr:0.000155
step:32401 source:(408, 17) loss:1.88636 lr:0.000155
step:32601 source:(408, 17) loss:1.90814 lr:0.000155
step:32801 source:(408, 17) loss:1.90207 lr:0.000155
step:33001 source:(408, 17) loss:1.92102 lr:0.000155
step:33201 source:(408, 17) loss:1.90069 lr:0.000155
epoch:130 test_present_rate:0.7 test_bleu:87.5223159790039 template_bleu:79.68165874481201
epoch:130 test_present_rate:0.7 train_bleu:90.912264585495 template_bleu:79.4934868812561
step:33401 source:(408, 17) loss:1.99445 lr:0.000155
step:33601 source:(408, 17) loss:1.98217 lr:0.000155
step:33801 source:(408, 17) loss:1.92469 lr:0.000155
step:34001 source:(408, 17) loss:1.9834 lr:0.000155
step:34201 source:(408, 17) loss:1.96113 lr:0.000155
step:34401 source:(408, 17) loss:1.99869 lr:0.000155
epoch:135 test_present_rate:0.7 test_bleu:87.40660548210144 template_bleu:79.68165874481201
epoch:135 test_present_rate:0.7 train_bleu:91.22634530067444 template_bleu:79.4934868812561
step:34601 source:(408, 17) loss:1.95084 lr:0.000155
step:34801 source:(408, 17) loss:1.96257 lr:0.000155
step:35001 source:(408, 17) loss:1.95105 lr:0.000155
step:35201 source:(408, 17) loss:1.98365 lr:0.000155
step:35401 source:(408, 17) loss:1.98797 lr:0.000155
step:35601 source:(408, 17) loss:1.9739 lr:0.000155
step:35801 source:(408, 17) loss:1.95082 lr:0.000155
epoch:140 test_present_rate:0.7 test_bleu:87.64345049858093 template_bleu:79.68165874481201
epoch:140 test_present_rate:0.7 train_bleu:91.10463857650757 template_bleu:79.4934868812561
step:36001 source:(408, 17) loss:1.91058 lr:0.000155
step:36201 source:(408, 17) loss:1.95121 lr:0.000155
step:36401 source:(408, 17) loss:1.90994 lr:0.000155
step:36601 source:(408, 17) loss:1.93313 lr:0.000155
step:36801 source:(408, 17) loss:1.96772 lr:0.000155
step:37001 source:(408, 17) loss:1.93273 lr:0.000155
epoch:145 test_present_rate:0.7 test_bleu:87.58905529975891 template_bleu:79.68165874481201
epoch:145 test_present_rate:0.7 train_bleu:91.13380908966064 template_bleu:79.4934868812561
step:37201 source:(408, 17) loss:1.93943 lr:0.000155
step:37401 source:(408, 17) loss:1.942 lr:0.000155
step:37601 source:(408, 17) loss:1.96131 lr:0.000155
step:37801 source:(408, 17) loss:1.99583 lr:0.000155
step:38001 source:(408, 17) loss:2.60408 lr:0.000155
step:38201 source:(408, 17) loss:1.98339 lr:0.000155
epoch:150 test_present_rate:0.7 test_bleu:87.57371306419373 template_bleu:79.68165874481201
epoch:150 test_present_rate:0.7 train_bleu:90.79921245574951 template_bleu:79.4934868812561
step:38401 source:(408, 17) loss:2.01148 lr:0.000155
step:38601 source:(408, 17) loss:2.00541 lr:0.000155
step:38801 source:(408, 17) loss:1.93492 lr:0.000155
step:39001 source:(408, 17) loss:2.0046 lr:0.000155
step:39201 source:(408, 17) loss:2.14109 lr:0.000155
step:39401 source:(408, 17) loss:2.02408 lr:0.000155
step:39601 source:(408, 17) loss:1.97608 lr:0.000155
epoch:155 test_present_rate:0.7 test_bleu:87.59057521820068 template_bleu:79.68165874481201
epoch:155 test_present_rate:0.7 train_bleu:91.11326932907104 template_bleu:79.4934868812561
step:39801 source:(408, 17) loss:1.94661 lr:0.000155
step:40001 source:(408, 17) loss:1.9991 lr:0.000155
step:40201 source:(408, 17) loss:1.94372 lr:0.000155
step:40401 source:(408, 17) loss:1.91055 lr:0.000155
step:40601 source:(408, 17) loss:1.93129 lr:0.000155
step:40801 source:(408, 17) loss:1.94159 lr:0.000155
epoch:160 test_present_rate:0.7 test_bleu:87.62906789779663 template_bleu:79.68165874481201
epoch:160 test_present_rate:0.7 train_bleu:90.943843126297 template_bleu:79.4934868812561
step:41001 source:(408, 17) loss:2.92586 lr:0.000155
step:41201 source:(408, 17) loss:1.99887 lr:0.000155
step:41401 source:(408, 17) loss:1.98803 lr:0.000155
step:41601 source:(408, 17) loss:2.24702 lr:0.000155
step:41801 source:(408, 17) loss:1.997 lr:0.000155
step:42001 source:(408, 17) loss:1.99101 lr:0.000155
step:42201 source:(408, 17) loss:2.00013 lr:0.000155
epoch:165 test_present_rate:0.7 test_bleu:87.50297427177429 template_bleu:79.68165874481201
epoch:165 test_present_rate:0.7 train_bleu:91.03306531906128 template_bleu:79.4934868812561
step:42401 source:(408, 17) loss:1.94217 lr:0.000155
step:42601 source:(408, 17) loss:1.96373 lr:0.000155
step:42801 source:(408, 17) loss:1.9257 lr:0.000155
step:43001 source:(408, 17) loss:1.96617 lr:0.000155
step:43201 source:(408, 17) loss:1.94287 lr:0.000155
step:43401 source:(408, 17) loss:1.94067 lr:0.000155
epoch:170 test_present_rate:0.7 test_bleu:87.39627599716187 template_bleu:79.68165874481201
epoch:170 test_present_rate:0.7 train_bleu:91.19045734405518 template_bleu:79.4934868812561
step:43601 source:(408, 17) loss:1.9501 lr:0.000155
step:43801 source:(408, 17) loss:1.93708 lr:0.000155
step:44001 source:(408, 17) loss:1.93186 lr:0.000155
step:44201 source:(408, 17) loss:1.94749 lr:0.000155
step:44401 source:(408, 17) loss:1.93111 lr:0.000155
step:44601 source:(408, 17) loss:1.94065 lr:0.000155
epoch:175 test_present_rate:0.7 test_bleu:87.45449781417847 template_bleu:79.68165874481201
epoch:175 test_present_rate:0.7 train_bleu:91.31802916526794 template_bleu:79.4934868812561
step:44801 source:(408, 17) loss:1.92341 lr:0.000155
step:45001 source:(408, 17) loss:1.91181 lr:0.000155
step:45201 source:(408, 17) loss:1.86861 lr:0.000155
step:45401 source:(408, 17) loss:1.97213 lr:0.000155
step:45601 source:(408, 17) loss:1.947 lr:0.000155
step:45801 source:(408, 17) loss:2.2013 lr:0.000155
step:46001 source:(408, 17) loss:2.05896 lr:0.000155
epoch:180 test_present_rate:0.7 test_bleu:87.5189483165741 template_bleu:79.68165874481201
epoch:180 test_present_rate:0.7 train_bleu:90.83203077316284 template_bleu:79.4934868812561
step:46201 source:(408, 17) loss:1.97698 lr:0.000155
step:46401 source:(408, 17) loss:2.02537 lr:0.000155
[LR DECAY]: lr decay to 0.000015 at epoch 181
step:46601 source:(408, 17) loss:1.99769 lr:0.000015
step:46801 source:(408, 17) loss:1.92228 lr:0.000015
step:47001 source:(408, 17) loss:1.96423 lr:0.000015
step:47201 source:(408, 17) loss:1.97511 lr:0.000015
epoch:185 test_present_rate:0.7 test_bleu:87.65217661857605 template_bleu:79.68165874481201
epoch:185 test_present_rate:0.7 train_bleu:91.42829179763794 template_bleu:79.4934868812561
step:47401 source:(408, 17) loss:1.93207 lr:0.000015
step:47601 source:(408, 17) loss:1.93508 lr:0.000015
step:47801 source:(408, 17) loss:1.94301 lr:0.000015
step:48001 source:(408, 17) loss:1.94485 lr:0.000015
step:48201 source:(408, 17) loss:1.91149 lr:0.000015
step:48401 source:(408, 17) loss:1.92624 lr:0.000015
step:48601 source:(408, 17) loss:1.95877 lr:0.000015
epoch:190 test_present_rate:0.7 test_bleu:87.70581483840942 template_bleu:79.68165874481201
epoch:190 test_present_rate:0.7 train_bleu:91.4724051952362 template_bleu:79.4934868812561
step:48801 source:(408, 17) loss:1.89074 lr:0.000015
step:49001 source:(408, 17) loss:1.92645 lr:0.000015
step:49201 source:(408, 17) loss:1.89092 lr:0.000015
step:49401 source:(408, 17) loss:1.90319 lr:0.000015
step:49601 source:(408, 17) loss:1.93065 lr:0.000015
step:49801 source:(408, 17) loss:1.91165 lr:0.000015
epoch:195 test_present_rate:0.7 test_bleu:87.65853643417358 template_bleu:79.68165874481201
epoch:195 test_present_rate:0.7 train_bleu:91.66927337646484 template_bleu:79.4934868812561
step:50001 source:(408, 17) loss:1.94429 lr:0.000015
step:50201 source:(408, 17) loss:1.91611 lr:0.000015
step:50401 source:(408, 17) loss:1.92868 lr:0.000015
step:50601 source:(408, 17) loss:1.92429 lr:0.000015
step:50801 source:(408, 17) loss:1.90522 lr:0.000015
step:51001 source:(408, 17) loss:1.92332 lr:0.000015
epoch:200 test_present_rate:0.7 test_bleu:87.64415979385376 template_bleu:79.68165874481201
epoch:200 test_present_rate:0.7 train_bleu:91.73973798751831 template_bleu:79.4934868812561
step:51201 source:(408, 17) loss:1.91399 lr:0.000015
step:51401 source:(408, 17) loss:1.9439 lr:0.000015
step:51601 source:(408, 17) loss:1.90486 lr:0.000015
step:51801 source:(408, 17) loss:1.97648 lr:0.000015
step:52001 source:(408, 17) loss:1.90539 lr:0.000015
step:52201 source:(408, 17) loss:1.93028 lr:0.000015
step:52401 source:(408, 17) loss:1.89303 lr:0.000015
epoch:205 test_present_rate:0.7 test_bleu:87.60381937026978 template_bleu:79.68165874481201
epoch:205 test_present_rate:0.7 train_bleu:91.82187914848328 template_bleu:79.4934868812561
step:52601 source:(408, 17) loss:1.88068 lr:0.000015
step:52801 source:(408, 17) loss:1.94737 lr:0.000015
step:53001 source:(408, 17) loss:1.9118 lr:0.000015
step:53201 source:(408, 17) loss:1.87881 lr:0.000015
step:53401 source:(408, 17) loss:1.90507 lr:0.000015
step:53601 source:(408, 17) loss:1.91268 lr:0.000015
