train_file:/home/syp/zwr/txtgen/examples/long_text/yelp_data/neg.train.txt
valid_file:/home/syp/zwr/txtgen/examples/long_text/yelp_data/neg.valid.txt
logdir:./log_dir/neg.bsize400.epoch300.seqlen16.fixed.present0.7.partition1.hidden512.seq2seq/
epoch:0 test_bleu:26.97221338748932 template_bleu:38.257795572280884
epoch:0 train_bleu:25.924542546272278 template_bleu:35.7120007276535
step:1 source:(400, 17) loss:6.07928 lr:0.000000
step:201 source:(400, 17) loss:2.95391 lr:0.000006
step:401 source:(400, 17) loss:2.2723 lr:0.000012
step:601 source:(400, 17) loss:2.20035 lr:0.000018
step:801 source:(400, 17) loss:2.0673 lr:0.000024
step:1001 source:(400, 17) loss:2.08695 lr:0.000031
step:1201 source:(400, 17) loss:2.16251 lr:0.000037
epoch:5 test_bleu:54.32322025299072 template_bleu:38.257795572280884
epoch:5 train_bleu:50.48133134841919 template_bleu:35.7120007276535
step:1401 source:(400, 17) loss:2.08604 lr:0.000043
step:1601 source:(400, 17) loss:2.11925 lr:0.000049
step:1801 source:(400, 17) loss:2.01111 lr:0.000055
step:2001 source:(400, 17) loss:2.04598 lr:0.000061
step:2201 source:(400, 17) loss:2.12614 lr:0.000067
step:2401 source:(400, 17) loss:2.06155 lr:0.000073
epoch:10 test_bleu:54.33488488197327 template_bleu:38.257795572280884
epoch:10 train_bleu:50.49933195114136 template_bleu:35.7120007276535
step:2601 source:(400, 17) loss:2.10361 lr:0.000079
step:2801 source:(400, 17) loss:1.99389 lr:0.000086
step:3001 source:(400, 17) loss:2.0354 lr:0.000092
step:3201 source:(400, 17) loss:2.11535 lr:0.000098
step:3401 source:(400, 17) loss:2.05352 lr:0.000104
step:3601 source:(400, 17) loss:2.08959 lr:0.000110
epoch:15 test_bleu:54.33846712112427 template_bleu:38.257795572280884
epoch:15 train_bleu:50.504034757614136 template_bleu:35.7120007276535
step:3801 source:(400, 17) loss:1.98253 lr:0.000116
step:4001 source:(400, 17) loss:2.02542 lr:0.000122
step:4201 source:(400, 17) loss:2.11302 lr:0.000128
step:4401 source:(400, 17) loss:2.01624 lr:0.000135
step:4601 source:(400, 17) loss:2.05546 lr:0.000141
step:4801 source:(400, 17) loss:1.94269 lr:0.000147
epoch:20 test_bleu:54.43296432495117 template_bleu:38.257795572280884
epoch:20 train_bleu:50.57663917541504 template_bleu:35.7120007276535
step:5001 source:(400, 17) loss:1.98284 lr:0.000153
step:5201 source:(400, 17) loss:2.04354 lr:0.000159
step:5401 source:(400, 17) loss:1.96808 lr:0.000165
step:5601 source:(400, 17) loss:2.01602 lr:0.000171
step:5801 source:(400, 17) loss:1.91711 lr:0.000177
