train_file:/home/syp/zwr/txtgen/examples/long_text/yelp_data/neg.train.txt
valid_file:/home/syp/zwr/txtgen/examples/long_text/yelp_data/neg.valid.txt
logdir:./log_dir/neg.bsize400.epoch300.seqlen16.fixed.present0.7.partition1.hidden512/
epoch:0 test_present_rate:0.7 test_bleu:56.98480010032654 template_bleu:38.257795572280884
epoch:0 test_present_rate:0.7 train_bleu:52.59281396865845 template_bleu:35.7120007276535
step:1 source:(400, 17) loss:6.07358 lr:0.003094
step:201 source:(400, 17) loss:2.51264 lr:0.003094
step:401 source:(400, 17) loss:3.28653 lr:0.003094
step:601 source:(400, 17) loss:2.58782 lr:0.000309
step:801 source:(400, 17) loss:2.16566 lr:0.000309
step:1001 source:(400, 17) loss:2.16576 lr:0.000309
step:1201 source:(400, 17) loss:2.28745 lr:0.000309
epoch:5 test_present_rate:0.7 test_bleu:54.87147569656372 template_bleu:38.257795572280884
epoch:5 test_present_rate:0.7 train_bleu:51.265549659729004 template_bleu:35.7120007276535
step:1401 source:(400, 17) loss:2.22295 lr:0.000309
step:1601 source:(400, 17) loss:2.24631 lr:0.000309
step:1801 source:(400, 17) loss:2.12371 lr:0.000309
step:2001 source:(400, 17) loss:2.15426 lr:0.000309
step:2201 source:(400, 17) loss:2.25957 lr:0.000309
step:2401 source:(400, 17) loss:2.19052 lr:0.000309
epoch:10 test_present_rate:0.7 test_bleu:54.597407579422 template_bleu:38.257795572280884
epoch:10 test_present_rate:0.7 train_bleu:51.09715461730957 template_bleu:35.7120007276535
step:2601 source:(400, 17) loss:2.24239 lr:0.000309
step:2801 source:(400, 17) loss:2.11428 lr:0.000309
step:3001 source:(400, 17) loss:2.16184 lr:0.000309
step:3201 source:(400, 17) loss:2.25354 lr:0.000309
step:3401 source:(400, 17) loss:2.18864 lr:0.000309
step:3601 source:(400, 17) loss:2.23174 lr:0.000309
epoch:15 test_present_rate:0.7 test_bleu:54.287177324295044 template_bleu:38.257795572280884
epoch:15 test_present_rate:0.7 train_bleu:50.80994367599487 template_bleu:35.7120007276535
step:3801 source:(400, 17) loss:2.11588 lr:0.000309
step:4001 source:(400, 17) loss:2.16659 lr:0.000309
step:4201 source:(400, 17) loss:2.26211 lr:0.000309
step:4401 source:(400, 17) loss:2.19158 lr:0.000309
step:4601 source:(400, 17) loss:2.2244 lr:0.000309
step:4801 source:(400, 17) loss:2.12342 lr:0.000309
epoch:20 test_present_rate:0.7 test_bleu:54.582399129867554 template_bleu:38.257795572280884
epoch:20 test_present_rate:0.7 train_bleu:50.926584005355835 template_bleu:35.7120007276535
step:5001 source:(400, 17) loss:2.1636 lr:0.000309
step:5201 source:(400, 17) loss:2.2581 lr:0.000309
step:5401 source:(400, 17) loss:2.20425 lr:0.000309
step:5601 source:(400, 17) loss:2.23765 lr:0.000309
step:5801 source:(400, 17) loss:2.13087 lr:0.000309
step:6001 source:(400, 17) loss:2.18048 lr:0.000309
step:6201 source:(400, 17) loss:2.26575 lr:0.000309
epoch:25 test_present_rate:0.7 test_bleu:54.43006753921509 template_bleu:38.257795572280884
epoch:25 test_present_rate:0.7 train_bleu:50.689131021499634 template_bleu:35.7120007276535
step:6401 source:(400, 17) loss:2.19205 lr:0.000309
step:6601 source:(400, 17) loss:2.23223 lr:0.000309
step:6801 source:(400, 17) loss:2.12978 lr:0.000309
step:7001 source:(400, 17) loss:2.18407 lr:0.000309
step:7201 source:(400, 17) loss:2.26674 lr:0.000309
step:7401 source:(400, 17) loss:2.21858 lr:0.000309
epoch:30 test_present_rate:0.7 test_bleu:54.66375946998596 template_bleu:38.257795572280884
epoch:30 test_present_rate:0.7 train_bleu:51.06988549232483 template_bleu:35.7120007276535
step:7601 source:(400, 17) loss:2.23965 lr:0.000309
step:7801 source:(400, 17) loss:2.12951 lr:0.000309
step:8001 source:(400, 17) loss:2.17801 lr:0.000309
step:8201 source:(400, 17) loss:2.2626 lr:0.000309
step:8401 source:(400, 17) loss:2.22612 lr:0.000309
step:8601 source:(400, 17) loss:2.24424 lr:0.000309
epoch:35 test_present_rate:0.7 test_bleu:54.54467535018921 template_bleu:38.257795572280884
epoch:35 test_present_rate:0.7 train_bleu:50.953489542007446 template_bleu:35.7120007276535
step:8801 source:(400, 17) loss:2.13456 lr:0.000309
step:9001 source:(400, 17) loss:2.18305 lr:0.000309
step:9201 source:(400, 17) loss:2.27587 lr:0.000309
step:9401 source:(400, 17) loss:2.21365 lr:0.000309
step:9601 source:(400, 17) loss:2.25084 lr:0.000309
step:9801 source:(400, 17) loss:2.13742 lr:0.000309
epoch:40 test_present_rate:0.7 test_bleu:54.58487272262573 template_bleu:38.257795572280884
epoch:40 test_present_rate:0.7 train_bleu:51.10260248184204 template_bleu:35.7120007276535
step:10001 source:(400, 17) loss:2.20241 lr:0.000309
step:10201 source:(400, 17) loss:2.2769 lr:0.000309
step:10401 source:(400, 17) loss:2.23536 lr:0.000309
step:10601 source:(400, 17) loss:2.26234 lr:0.000309
step:10801 source:(400, 17) loss:2.15689 lr:0.000309
step:11001 source:(400, 17) loss:2.20328 lr:0.000309
step:11201 source:(400, 17) loss:2.2894 lr:0.000309
epoch:45 test_present_rate:0.7 test_bleu:54.255884885787964 template_bleu:38.257795572280884
epoch:45 test_present_rate:0.7 train_bleu:50.92224478721619 template_bleu:35.7120007276535
step:11401 source:(400, 17) loss:2.24149 lr:0.000309
step:11601 source:(400, 17) loss:2.26758 lr:0.000309
step:11801 source:(400, 17) loss:2.16126 lr:0.000309
step:12001 source:(400, 17) loss:2.20739 lr:0.000309
step:12201 source:(400, 17) loss:2.30639 lr:0.000309
step:12401 source:(400, 17) loss:2.23686 lr:0.000309
epoch:50 test_present_rate:0.7 test_bleu:54.24896478652954 template_bleu:38.257795572280884
epoch:50 test_present_rate:0.7 train_bleu:50.81241726875305 template_bleu:35.7120007276535
step:12601 source:(400, 17) loss:2.27421 lr:0.000309
step:12801 source:(400, 17) loss:2.16437 lr:0.000309
step:13001 source:(400, 17) loss:2.22174 lr:0.000309
step:13201 source:(400, 17) loss:2.32104 lr:0.000309
step:13401 source:(400, 17) loss:2.24609 lr:0.000309
step:13601 source:(400, 17) loss:2.27619 lr:0.000309
epoch:55 test_present_rate:0.7 test_bleu:54.59347367286682 template_bleu:38.257795572280884
epoch:55 test_present_rate:0.7 train_bleu:50.97164511680603 template_bleu:35.7120007276535
step:13801 source:(400, 17) loss:2.18139 lr:0.000309
step:14001 source:(400, 17) loss:2.25973 lr:0.000309
step:14201 source:(400, 17) loss:2.34494 lr:0.000309
step:14401 source:(400, 17) loss:2.26953 lr:0.000309
step:14601 source:(400, 17) loss:2.29316 lr:0.000309
step:14801 source:(400, 17) loss:2.16926 lr:0.000309
epoch:60 test_present_rate:0.7 test_bleu:54.88091707229614 template_bleu:38.257795572280884
epoch:60 test_present_rate:0.7 train_bleu:51.167136430740356 template_bleu:35.7120007276535
step:15001 source:(400, 17) loss:2.25009 lr:0.000309
step:15201 source:(400, 17) loss:2.35206 lr:0.000309
step:15401 source:(400, 17) loss:2.26609 lr:0.000309
step:15601 source:(400, 17) loss:2.26781 lr:0.000309
step:15801 source:(400, 17) loss:2.15567 lr:0.000309
step:16001 source:(400, 17) loss:2.21367 lr:0.000309
step:16201 source:(400, 17) loss:2.31019 lr:0.000309
epoch:65 test_present_rate:0.7 test_bleu:54.812031984329224 template_bleu:38.257795572280884
epoch:65 test_present_rate:0.7 train_bleu:51.028043031692505 template_bleu:35.7120007276535
step:16401 source:(400, 17) loss:2.24373 lr:0.000309
step:16601 source:(400, 17) loss:2.27319 lr:0.000309
step:16801 source:(400, 17) loss:2.17537 lr:0.000309
step:17001 source:(400, 17) loss:2.21473 lr:0.000309
step:17201 source:(400, 17) loss:2.31353 lr:0.000309
step:17401 source:(400, 17) loss:2.2533 lr:0.000309
epoch:70 test_present_rate:0.7 test_bleu:54.78891134262085 template_bleu:38.257795572280884
epoch:70 test_present_rate:0.7 train_bleu:51.04054808616638 template_bleu:35.7120007276535
step:17601 source:(400, 17) loss:2.30106 lr:0.000309
step:17801 source:(400, 17) loss:2.17917 lr:0.000309
step:18001 source:(400, 17) loss:2.21291 lr:0.000309
step:18201 source:(400, 17) loss:2.3376 lr:0.000309
step:18401 source:(400, 17) loss:2.23341 lr:0.000309
step:18601 source:(400, 17) loss:2.32436 lr:0.000309
epoch:75 test_present_rate:0.7 test_bleu:54.84974384307861 template_bleu:38.257795572280884
epoch:75 test_present_rate:0.7 train_bleu:51.05984807014465 template_bleu:35.7120007276535
step:18801 source:(400, 17) loss:2.1513 lr:0.000309
step:19001 source:(400, 17) loss:2.22859 lr:0.000309
step:19201 source:(400, 17) loss:2.41743 lr:0.000309
step:19401 source:(400, 17) loss:2.2425 lr:0.000309
step:19601 source:(400, 17) loss:2.28663 lr:0.000309
step:19801 source:(400, 17) loss:2.16042 lr:0.000309
epoch:80 test_present_rate:0.7 test_bleu:54.68389391899109 template_bleu:38.257795572280884
epoch:80 test_present_rate:0.7 train_bleu:50.98121762275696 template_bleu:35.7120007276535
step:20001 source:(400, 17) loss:2.20291 lr:0.000309
step:20201 source:(400, 17) loss:2.31646 lr:0.000309
step:20401 source:(400, 17) loss:2.2212 lr:0.000309
step:20601 source:(400, 17) loss:2.26806 lr:0.000309
step:20801 source:(400, 17) loss:2.15632 lr:0.000309
step:21001 source:(400, 17) loss:2.21386 lr:0.000309
step:21201 source:(400, 17) loss:2.31573 lr:0.000309
epoch:85 test_present_rate:0.7 test_bleu:54.6953022480011 template_bleu:38.257795572280884
epoch:85 test_present_rate:0.7 train_bleu:50.94006657600403 template_bleu:35.7120007276535
step:21401 source:(400, 17) loss:2.23653 lr:0.000309
step:21601 source:(400, 17) loss:2.2597 lr:0.000309
step:21801 source:(400, 17) loss:2.18698 lr:0.000309
step:22001 source:(400, 17) loss:2.1985 lr:0.000309
step:22201 source:(400, 17) loss:2.32658 lr:0.000309
step:22401 source:(400, 17) loss:2.22258 lr:0.000309
epoch:90 test_present_rate:0.7 test_bleu:54.61072325706482 template_bleu:38.257795572280884
epoch:90 test_present_rate:0.7 train_bleu:50.908005237579346 template_bleu:35.7120007276535
step:22601 source:(400, 17) loss:2.37445 lr:0.000309
step:22801 source:(400, 17) loss:2.1677 lr:0.000309
step:23001 source:(400, 17) loss:2.21526 lr:0.000309
step:23201 source:(400, 17) loss:2.35408 lr:0.000309
step:23401 source:(400, 17) loss:2.24167 lr:0.000309
step:23601 source:(400, 17) loss:2.30039 lr:0.000309
epoch:95 test_present_rate:0.7 test_bleu:54.23094630241394 template_bleu:38.257795572280884
epoch:95 test_present_rate:0.7 train_bleu:50.658732652664185 template_bleu:35.7120007276535
step:23801 source:(400, 17) loss:2.15678 lr:0.000309
step:24001 source:(400, 17) loss:2.27246 lr:0.000309
step:24201 source:(400, 17) loss:2.32711 lr:0.000309
step:24401 source:(400, 17) loss:2.24972 lr:0.000309
step:24601 source:(400, 17) loss:2.30192 lr:0.000309
step:24801 source:(400, 17) loss:2.23012 lr:0.000309
epoch:100 test_present_rate:0.7 test_bleu:54.92891073226929 template_bleu:38.257795572280884
epoch:100 test_present_rate:0.7 train_bleu:51.13223195075989 template_bleu:35.7120007276535
step:25001 source:(400, 17) loss:2.44564 lr:0.000309
step:25201 source:(400, 17) loss:2.41124 lr:0.000309
step:25401 source:(400, 17) loss:2.37891 lr:0.000309
step:25601 source:(400, 17) loss:2.25906 lr:0.000031
step:25801 source:(400, 17) loss:2.13236 lr:0.000031
step:26001 source:(400, 17) loss:2.17002 lr:0.000031
step:26201 source:(400, 17) loss:2.27818 lr:0.000031
epoch:105 test_present_rate:0.7 test_bleu:54.78326678276062 template_bleu:38.257795572280884
epoch:105 test_present_rate:0.7 train_bleu:50.96853971481323 template_bleu:35.7120007276535
step:26401 source:(400, 17) loss:2.19643 lr:0.000031
step:26601 source:(400, 17) loss:2.23359 lr:0.000031
step:26801 source:(400, 17) loss:2.13763 lr:0.000031
step:27001 source:(400, 17) loss:2.16563 lr:0.000031
step:27201 source:(400, 17) loss:2.2805 lr:0.000031
step:27401 source:(400, 17) loss:2.18129 lr:0.000031
epoch:110 test_present_rate:0.7 test_bleu:54.64731454849243 template_bleu:38.257795572280884
epoch:110 test_present_rate:0.7 train_bleu:50.93618035316467 template_bleu:35.7120007276535
step:27601 source:(400, 17) loss:2.23934 lr:0.000031
step:27801 source:(400, 17) loss:2.1103 lr:0.000031
step:28001 source:(400, 17) loss:2.13896 lr:0.000031
step:28201 source:(400, 17) loss:2.25204 lr:0.000031
step:28401 source:(400, 17) loss:2.18527 lr:0.000031
step:28601 source:(400, 17) loss:2.22495 lr:0.000031
epoch:115 test_present_rate:0.7 test_bleu:54.602450132369995 template_bleu:38.257795572280884
epoch:115 test_present_rate:0.7 train_bleu:50.91075301170349 template_bleu:35.7120007276535
step:28801 source:(400, 17) loss:2.11343 lr:0.000031
step:29001 source:(400, 17) loss:2.15296 lr:0.000031
step:29201 source:(400, 17) loss:2.26964 lr:0.000031
step:29401 source:(400, 17) loss:2.16046 lr:0.000031
step:29601 source:(400, 17) loss:2.19941 lr:0.000031
step:29801 source:(400, 17) loss:2.1093 lr:0.000031
epoch:120 test_present_rate:0.7 test_bleu:54.627227783203125 template_bleu:38.257795572280884
epoch:120 test_present_rate:0.7 train_bleu:50.89852213859558 template_bleu:35.7120007276535
step:30001 source:(400, 17) loss:2.159 lr:0.000031
step:30201 source:(400, 17) loss:2.24644 lr:0.000031
step:30401 source:(400, 17) loss:2.17689 lr:0.000031
step:30601 source:(400, 17) loss:2.21253 lr:0.000031
step:30801 source:(400, 17) loss:2.13086 lr:0.000031
step:31001 source:(400, 17) loss:2.14518 lr:0.000031
step:31201 source:(400, 17) loss:2.24609 lr:0.000031
epoch:125 test_present_rate:0.7 test_bleu:54.64845299720764 template_bleu:38.257795572280884
epoch:125 test_present_rate:0.7 train_bleu:50.92068314552307 template_bleu:35.7120007276535
step:31401 source:(400, 17) loss:2.18405 lr:0.000031
step:31601 source:(400, 17) loss:2.2279 lr:0.000031
step:31801 source:(400, 17) loss:2.10638 lr:0.000031
step:32001 source:(400, 17) loss:2.14141 lr:0.000031
step:32201 source:(400, 17) loss:2.24712 lr:0.000031
step:32401 source:(400, 17) loss:2.15748 lr:0.000031
epoch:130 test_present_rate:0.7 test_bleu:54.55681085586548 template_bleu:38.257795572280884
epoch:130 test_present_rate:0.7 train_bleu:50.861579179763794 template_bleu:35.7120007276535
step:32601 source:(400, 17) loss:2.21272 lr:0.000031
step:32801 source:(400, 17) loss:2.09637 lr:0.000031
step:33001 source:(400, 17) loss:2.14456 lr:0.000031
step:33201 source:(400, 17) loss:2.24704 lr:0.000031
step:33401 source:(400, 17) loss:2.15418 lr:0.000031
step:33601 source:(400, 17) loss:2.20285 lr:0.000031
epoch:135 test_present_rate:0.7 test_bleu:54.518646001815796 template_bleu:38.257795572280884
epoch:135 test_present_rate:0.7 train_bleu:50.832539796829224 template_bleu:35.7120007276535
step:33801 source:(400, 17) loss:2.1061 lr:0.000031
step:34001 source:(400, 17) loss:2.14362 lr:0.000031
step:34201 source:(400, 17) loss:2.23864 lr:0.000031
step:34401 source:(400, 17) loss:2.1713 lr:0.000031
step:34601 source:(400, 17) loss:2.21584 lr:0.000031
step:34801 source:(400, 17) loss:2.09231 lr:0.000031
epoch:140 test_present_rate:0.7 test_bleu:54.53426241874695 template_bleu:38.257795572280884
epoch:140 test_present_rate:0.7 train_bleu:50.82857012748718 template_bleu:35.7120007276535
step:35001 source:(400, 17) loss:2.12298 lr:0.000031
step:35201 source:(400, 17) loss:2.22098 lr:0.000031
step:35401 source:(400, 17) loss:2.16424 lr:0.000031
step:35601 source:(400, 17) loss:2.21332 lr:0.000031
step:35801 source:(400, 17) loss:2.09644 lr:0.000031
step:36001 source:(400, 17) loss:2.11706 lr:0.000031
step:36201 source:(400, 17) loss:2.22771 lr:0.000031
epoch:145 test_present_rate:0.7 test_bleu:54.47658896446228 template_bleu:38.257795572280884
epoch:145 test_present_rate:0.7 train_bleu:50.79014301300049 template_bleu:35.7120007276535
step:36401 source:(400, 17) loss:2.16973 lr:0.000031
step:36601 source:(400, 17) loss:2.21689 lr:0.000031
step:36801 source:(400, 17) loss:2.09143 lr:0.000031
step:37001 source:(400, 17) loss:2.1242 lr:0.000031
step:37201 source:(400, 17) loss:2.24552 lr:0.000031
step:37401 source:(400, 17) loss:2.17622 lr:0.000031
epoch:150 test_present_rate:0.7 test_bleu:54.49432730674744 template_bleu:38.257795572280884
epoch:150 test_present_rate:0.7 train_bleu:50.84923505783081 template_bleu:35.7120007276535
step:37601 source:(400, 17) loss:2.21948 lr:0.000031
step:37801 source:(400, 17) loss:2.08588 lr:0.000031
step:38001 source:(400, 17) loss:2.13705 lr:0.000031
step:38201 source:(400, 17) loss:2.241 lr:0.000031
step:38401 source:(400, 17) loss:2.16194 lr:0.000031
step:38601 source:(400, 17) loss:2.19759 lr:0.000031
epoch:155 test_present_rate:0.7 test_bleu:54.49137091636658 template_bleu:38.257795572280884
epoch:155 test_present_rate:0.7 train_bleu:50.82390308380127 template_bleu:35.7120007276535
step:38801 source:(400, 17) loss:2.08836 lr:0.000031
step:39001 source:(400, 17) loss:2.13854 lr:0.000031
step:39201 source:(400, 17) loss:2.23227 lr:0.000031
step:39401 source:(400, 17) loss:2.16741 lr:0.000031
step:39601 source:(400, 17) loss:2.2154 lr:0.000031
step:39801 source:(400, 17) loss:2.08889 lr:0.000031
epoch:160 test_present_rate:0.7 test_bleu:54.47860360145569 template_bleu:38.257795572280884
epoch:160 test_present_rate:0.7 train_bleu:50.829899311065674 template_bleu:35.7120007276535
step:40001 source:(400, 17) loss:2.14929 lr:0.000031
step:40201 source:(400, 17) loss:2.23734 lr:0.000031
step:40401 source:(400, 17) loss:2.15859 lr:0.000031
step:40601 source:(400, 17) loss:2.21865 lr:0.000031
step:40801 source:(400, 17) loss:2.07902 lr:0.000031
step:41001 source:(400, 17) loss:2.14029 lr:0.000031
step:41201 source:(400, 17) loss:2.24386 lr:0.000031
epoch:165 test_present_rate:0.7 test_bleu:54.450321197509766 template_bleu:38.257795572280884
epoch:165 test_present_rate:0.7 train_bleu:50.8026659488678 template_bleu:35.7120007276535
step:41401 source:(400, 17) loss:2.17669 lr:0.000031
step:41601 source:(400, 17) loss:2.19736 lr:0.000031
step:41801 source:(400, 17) loss:2.06197 lr:0.000031
step:42001 source:(400, 17) loss:2.13287 lr:0.000031
step:42201 source:(400, 17) loss:2.22705 lr:0.000031
step:42401 source:(400, 17) loss:2.15314 lr:0.000031
epoch:170 test_present_rate:0.7 test_bleu:54.44706678390503 template_bleu:38.257795572280884
epoch:170 test_present_rate:0.7 train_bleu:50.7807195186615 template_bleu:35.7120007276535
step:42601 source:(400, 17) loss:2.20772 lr:0.000031
step:42801 source:(400, 17) loss:2.07373 lr:0.000031
step:43001 source:(400, 17) loss:2.11806 lr:0.000031
step:43201 source:(400, 17) loss:2.23385 lr:0.000031
step:43401 source:(400, 17) loss:2.14726 lr:0.000031
step:43601 source:(400, 17) loss:2.21509 lr:0.000031
