train_file:/home/syp/zwr/txtgen/examples/long_text/yahoo_data/yahoo.train.txt
valid_file:/home/syp/zwr/txtgen/examples/long_text/yahoo_data/yahoo.valid.txt
logdir:./log_dir/bsize512.epoch150.seqlen16.random.present0.8.partition2.hidden512/
step:1 source:(512, 18) loss:8.86532 lr:0.000566
epoch:0 test_present_rate:0.8 test_bleu:71.17667198181152 template_bleu:60.29253602027893
epoch:0 test_present_rate:0.8 test_bleu:70.92180848121643 template_bleu:60.197532176971436
step:201 source:(512, 18) loss:4.30278 lr:0.000566
step:401 source:(512, 18) loss:4.2101 lr:0.000566
step:601 source:(512, 18) loss:4.21233 lr:0.000566
step:801 source:(512, 18) loss:4.16792 lr:0.000566
step:1001 source:(512, 18) loss:4.05719 lr:0.000566
epoch:5 test_present_rate:0.8 test_bleu:72.41469025611877 template_bleu:60.129570960998535
epoch:5 test_present_rate:0.8 test_bleu:72.60347604751587 template_bleu:60.227423906326294
step:1201 source:(512, 18) loss:3.93414 lr:0.000566
step:1401 source:(512, 18) loss:3.93488 lr:0.000566
step:1601 source:(512, 18) loss:3.87548 lr:0.000566
step:1801 source:(512, 18) loss:3.82617 lr:0.000566
step:2001 source:(512, 18) loss:3.79723 lr:0.000566
epoch:10 test_present_rate:0.8 test_bleu:73.2822597026825 template_bleu:60.06949543952942
epoch:10 test_present_rate:0.8 test_bleu:73.66786003112793 template_bleu:60.209572315216064
step:2201 source:(512, 18) loss:3.76353 lr:0.000566
step:2401 source:(512, 18) loss:3.76106 lr:0.000566
step:2601 source:(512, 18) loss:3.74259 lr:0.000566
step:2801 source:(512, 18) loss:3.71245 lr:0.000566
step:3001 source:(512, 18) loss:3.72147 lr:0.000566
epoch:15 test_present_rate:0.8 test_bleu:73.80698323249817 template_bleu:60.071855783462524
epoch:15 test_present_rate:0.8 test_bleu:74.15098547935486 template_bleu:60.24010181427002
step:3201 source:(512, 18) loss:3.76886 lr:0.000566
step:3401 source:(512, 18) loss:3.74783 lr:0.000566
step:3601 source:(512, 18) loss:3.74202 lr:0.000566
step:3801 source:(512, 18) loss:3.59156 lr:0.000566
step:4001 source:(512, 18) loss:3.90789 lr:0.000566
epoch:20 test_present_rate:0.8 test_bleu:74.36387538909912 template_bleu:60.57349443435669
epoch:20 test_present_rate:0.8 test_bleu:74.02021884918213 template_bleu:60.18502116203308
step:4201 source:(512, 18) loss:3.83552 lr:0.000566
step:4401 source:(512, 18) loss:3.73761 lr:0.000566
step:4601 source:(512, 18) loss:4.10743 lr:0.000566
step:4801 source:(512, 18) loss:3.80867 lr:0.000566
step:5001 source:(512, 18) loss:3.70451 lr:0.000566
epoch:25 test_present_rate:0.8 test_bleu:74.60051774978638 template_bleu:60.24462580680847
epoch:25 test_present_rate:0.8 test_bleu:74.45683479309082 template_bleu:60.21733283996582
step:5201 source:(512, 18) loss:3.78172 lr:0.000566
step:5401 source:(512, 18) loss:4.02035 lr:0.000566
step:5601 source:(512, 18) loss:3.83917 lr:0.000566
step:5801 source:(512, 18) loss:3.69008 lr:0.000566
step:6001 source:(512, 18) loss:4.23167 lr:0.000566
epoch:30 test_present_rate:0.8 test_bleu:73.55959415435791 template_bleu:60.23213267326355
epoch:30 test_present_rate:0.8 test_bleu:74.20605421066284 template_bleu:60.20246148109436
step:6201 source:(512, 18) loss:3.81278 lr:0.000566
step:6401 source:(512, 18) loss:3.80344 lr:0.000566
step:6601 source:(512, 18) loss:3.77198 lr:0.000566
step:6801 source:(512, 18) loss:3.86312 lr:0.000566
step:7001 source:(512, 18) loss:4.48132 lr:0.000566
epoch:35 test_present_rate:0.8 test_bleu:72.73686528205872 template_bleu:60.361701250076294
epoch:35 test_present_rate:0.8 test_bleu:73.00063967704773 template_bleu:60.22331118583679
step:7201 source:(512, 18) loss:4.60358 lr:0.000566
step:7401 source:(512, 18) loss:4.1106 lr:0.000566
step:7601 source:(512, 18) loss:4.00194 lr:0.000057
step:7801 source:(512, 18) loss:3.97583 lr:0.000057
step:8001 source:(512, 18) loss:3.92933 lr:0.000057
epoch:40 test_present_rate:0.8 test_bleu:73.46875071525574 template_bleu:60.025554895401
epoch:40 test_present_rate:0.8 test_bleu:73.74851703643799 template_bleu:60.19771695137024
step:8201 source:(512, 18) loss:3.91068 lr:0.000057
step:8401 source:(512, 18) loss:3.90649 lr:0.000057
step:8601 source:(512, 18) loss:3.79746 lr:0.000057
step:8801 source:(512, 18) loss:3.82835 lr:0.000057
step:9001 source:(512, 18) loss:3.8814 lr:0.000057
epoch:45 test_present_rate:0.8 test_bleu:73.8643229007721 template_bleu:60.04324555397034
epoch:45 test_present_rate:0.8 test_bleu:74.30121898651123 template_bleu:60.220032930374146
step:9201 source:(512, 18) loss:3.85437 lr:0.000057
step:9401 source:(512, 18) loss:3.85676 lr:0.000057
step:9601 source:(512, 18) loss:3.72012 lr:0.000057
step:9801 source:(512, 18) loss:3.69523 lr:0.000057
epoch:50 test_present_rate:0.8 test_bleu:74.14883971214294 template_bleu:60.31317710876465
epoch:50 test_present_rate:0.8 test_bleu:74.53576326370239 template_bleu:60.24147272109985
step:10001 source:(512, 18) loss:3.72079 lr:0.000057
step:10201 source:(512, 18) loss:3.75268 lr:0.000057
step:10401 source:(512, 18) loss:3.75545 lr:0.000006
step:10601 source:(512, 18) loss:3.77338 lr:0.000006
step:10801 source:(512, 18) loss:3.70806 lr:0.000006
epoch:55 test_present_rate:0.8 test_bleu:74.53763484954834 template_bleu:60.166120529174805
epoch:55 test_present_rate:0.8 test_bleu:74.61541891098022 template_bleu:60.1843535900116
step:11001 source:(512, 18) loss:3.69976 lr:0.000006
step:11201 source:(512, 18) loss:3.76936 lr:0.000006
step:11401 source:(512, 18) loss:3.68105 lr:0.000006
step:11601 source:(512, 18) loss:3.64489 lr:0.000006
step:11801 source:(512, 18) loss:3.75603 lr:0.000006
epoch:60 test_present_rate:0.8 test_bleu:74.30718541145325 template_bleu:60.36188006401062
epoch:60 test_present_rate:0.8 test_bleu:74.69196915626526 template_bleu:60.232603549957275
step:12001 source:(512, 18) loss:3.69374 lr:0.000006
step:12201 source:(512, 18) loss:3.76362 lr:0.000006
step:12401 source:(512, 18) loss:3.73051 lr:0.000006
step:12601 source:(512, 18) loss:3.68861 lr:0.000006
step:12801 source:(512, 18) loss:3.69168 lr:0.000006
epoch:65 test_present_rate:0.8 test_bleu:74.08686876296997 template_bleu:59.81302857398987
epoch:65 test_present_rate:0.8 test_bleu:74.5998203754425 template_bleu:60.22229790687561
step:13001 source:(512, 18) loss:3.65201 lr:0.000006
step:13201 source:(512, 18) loss:3.72957 lr:0.000006
step:13401 source:(512, 18) loss:3.67325 lr:0.000006
step:13601 source:(512, 18) loss:3.68411 lr:0.000006
step:13801 source:(512, 18) loss:3.63631 lr:0.000006
epoch:70 test_present_rate:0.8 test_bleu:74.30136799812317 template_bleu:60.08978486061096
epoch:70 test_present_rate:0.8 test_bleu:74.60097074508667 template_bleu:60.24216413497925
step:14001 source:(512, 18) loss:3.71296 lr:0.000006
step:14201 source:(512, 18) loss:3.63759 lr:0.000006
step:14401 source:(512, 18) loss:3.72696 lr:0.000006
step:14601 source:(512, 18) loss:3.64751 lr:0.000006
step:14801 source:(512, 18) loss:3.68896 lr:0.000006
epoch:75 test_present_rate:0.8 test_bleu:74.3058443069458 template_bleu:60.18880009651184
epoch:75 test_present_rate:0.8 test_bleu:74.59238171577454 template_bleu:60.17487049102783
step:15001 source:(512, 18) loss:3.71824 lr:0.000006
step:15201 source:(512, 18) loss:3.74248 lr:0.000006
step:15401 source:(512, 18) loss:3.71768 lr:0.000006
step:15601 source:(512, 18) loss:3.61318 lr:0.000006
step:15801 source:(512, 18) loss:3.69946 lr:0.000006
epoch:80 test_present_rate:0.8 test_bleu:74.55769777297974 template_bleu:60.32288074493408
epoch:80 test_present_rate:0.8 test_bleu:74.7015655040741 template_bleu:60.23034453392029
step:16001 source:(512, 18) loss:3.68024 lr:0.000006
step:16201 source:(512, 18) loss:3.63429 lr:0.000006
step:16401 source:(512, 18) loss:3.62629 lr:0.000006
step:16601 source:(512, 18) loss:3.63335 lr:0.000006
