train_file:/home/syp/zwr/txtgen/examples/long_text/yahoo_data/yahoo.train.txt
valid_file:/home/syp/zwr/txtgen/examples/long_text/yahoo_data/yahoo.valid.txt
logdir:./log_dir/yahoo.bsize404.epoch300.seqlen16.fixed.present0.8.partition1.hidden512/
epoch:0 test_present_rate:0.8 test_bleu:50.71437954902649 template_bleu:84.58247184753418
epoch:0 test_present_rate:0.8 train_bleu:50.69964528083801 template_bleu:84.57523584365845
step:1 source:(404, 18) loss:10.587 lr:0.003536
step:201 source:(404, 18) loss:4.27027 lr:0.003536
step:401 source:(404, 18) loss:4.16762 lr:0.003536
step:601 source:(404, 18) loss:4.11155 lr:0.000354
step:801 source:(404, 18) loss:4.11147 lr:0.000354
step:1001 source:(404, 18) loss:4.08294 lr:0.000354
step:1201 source:(404, 18) loss:4.01493 lr:0.000354
epoch:5 test_present_rate:0.8 test_bleu:87.2399628162384 template_bleu:84.58247184753418
epoch:5 test_present_rate:0.8 train_bleu:87.49765157699585 template_bleu:84.57523584365845
step:1401 source:(404, 18) loss:3.87343 lr:0.000354
step:1601 source:(404, 18) loss:3.97376 lr:0.000354
step:1801 source:(404, 18) loss:3.97339 lr:0.000354
step:2001 source:(404, 18) loss:3.99873 lr:0.000354
step:2201 source:(404, 18) loss:3.87194 lr:0.000354
step:2401 source:(404, 18) loss:3.85738 lr:0.000354
epoch:10 test_present_rate:0.8 test_bleu:87.90355920791626 template_bleu:84.58247184753418
epoch:10 test_present_rate:0.8 train_bleu:88.13414573669434 template_bleu:84.57523584365845
step:2601 source:(404, 18) loss:3.80808 lr:0.000354
step:2801 source:(404, 18) loss:3.82251 lr:0.000354
step:3001 source:(404, 18) loss:3.79654 lr:0.000354
step:3201 source:(404, 18) loss:3.80072 lr:0.000354
step:3401 source:(404, 18) loss:3.69356 lr:0.000354
step:3601 source:(404, 18) loss:3.67968 lr:0.000354
epoch:15 test_present_rate:0.8 test_bleu:88.06263208389282 template_bleu:84.58247184753418
epoch:15 test_present_rate:0.8 train_bleu:88.14289569854736 template_bleu:84.57523584365845
step:3801 source:(404, 18) loss:3.65996 lr:0.000354
step:4001 source:(404, 18) loss:3.61554 lr:0.000354
step:4201 source:(404, 18) loss:3.68994 lr:0.000354
step:4401 source:(404, 18) loss:3.57375 lr:0.000354
step:4601 source:(404, 18) loss:3.57007 lr:0.000354
step:4801 source:(404, 18) loss:3.5264 lr:0.000354
epoch:20 test_present_rate:0.8 test_bleu:88.28261494636536 template_bleu:84.58247184753418
epoch:20 test_present_rate:0.8 train_bleu:88.43739628791809 template_bleu:84.57523584365845
step:5001 source:(404, 18) loss:3.54564 lr:0.000354
step:5201 source:(404, 18) loss:3.45686 lr:0.000354
step:5401 source:(404, 18) loss:3.4973 lr:0.000354
step:5601 source:(404, 18) loss:3.50414 lr:0.000354
step:5801 source:(404, 18) loss:3.31849 lr:0.000354
step:6001 source:(404, 18) loss:3.4164 lr:0.000354
epoch:25 test_present_rate:0.8 test_bleu:88.24284076690674 template_bleu:84.58247184753418
epoch:25 test_present_rate:0.8 train_bleu:88.41072916984558 template_bleu:84.57523584365845
step:6201 source:(404, 18) loss:3.40506 lr:0.000354
step:6401 source:(404, 18) loss:3.30415 lr:0.000354
step:6601 source:(404, 18) loss:3.34001 lr:0.000354
step:6801 source:(404, 18) loss:3.275 lr:0.000354
step:7001 source:(404, 18) loss:3.324 lr:0.000354
step:7201 source:(404, 18) loss:3.31243 lr:0.000354
step:7401 source:(404, 18) loss:3.23176 lr:0.000354
epoch:30 test_present_rate:0.8 test_bleu:88.48811388015747 template_bleu:84.58247184753418
epoch:30 test_present_rate:0.8 train_bleu:88.8698160648346 template_bleu:84.57523584365845
step:7601 source:(404, 18) loss:3.19781 lr:0.000354
step:7801 source:(404, 18) loss:3.18331 lr:0.000354
step:8001 source:(404, 18) loss:3.26863 lr:0.000354
step:8201 source:(404, 18) loss:3.21827 lr:0.000354
step:8401 source:(404, 18) loss:3.17357 lr:0.000354
step:8601 source:(404, 18) loss:3.21144 lr:0.000354
epoch:35 test_present_rate:0.8 test_bleu:88.9948308467865 template_bleu:84.58247184753418
epoch:35 test_present_rate:0.8 train_bleu:89.5333468914032 template_bleu:84.57523584365845
step:8801 source:(404, 18) loss:3.14343 lr:0.000354
step:9001 source:(404, 18) loss:3.11164 lr:0.000354
step:9201 source:(404, 18) loss:3.12516 lr:0.000354
step:9401 source:(404, 18) loss:3.10363 lr:0.000354
step:9601 source:(404, 18) loss:3.03043 lr:0.000354
step:9801 source:(404, 18) loss:3.04229 lr:0.000354
epoch:40 test_present_rate:0.8 test_bleu:89.36052322387695 template_bleu:84.58247184753418
epoch:40 test_present_rate:0.8 train_bleu:90.11348485946655 template_bleu:84.57523584365845
step:10001 source:(404, 18) loss:2.95317 lr:0.000354
step:10201 source:(404, 18) loss:2.96341 lr:0.000354
step:10401 source:(404, 18) loss:3.01454 lr:0.000354
step:10601 source:(404, 18) loss:2.90633 lr:0.000354
step:10801 source:(404, 18) loss:2.94721 lr:0.000354
step:11001 source:(404, 18) loss:2.87388 lr:0.000354
epoch:45 test_present_rate:0.8 test_bleu:89.07134532928467 template_bleu:84.58247184753418
epoch:45 test_present_rate:0.8 train_bleu:90.29142260551453 template_bleu:84.57523584365845
step:11201 source:(404, 18) loss:2.8685 lr:0.000354
step:11401 source:(404, 18) loss:2.86255 lr:0.000354
step:11601 source:(404, 18) loss:2.88539 lr:0.000354
step:11801 source:(404, 18) loss:2.88678 lr:0.000354
step:12001 source:(404, 18) loss:2.72387 lr:0.000354
step:12201 source:(404, 18) loss:2.71071 lr:0.000354
epoch:50 test_present_rate:0.8 test_bleu:89.40775990486145 template_bleu:84.58247184753418
epoch:50 test_present_rate:0.8 train_bleu:90.95844626426697 template_bleu:84.57523584365845
step:12401 source:(404, 18) loss:2.7604 lr:0.000354
step:12601 source:(404, 18) loss:2.63051 lr:0.000354
step:12801 source:(404, 18) loss:2.74866 lr:0.000354
step:13001 source:(404, 18) loss:2.60871 lr:0.000354
step:13201 source:(404, 18) loss:2.6139 lr:0.000354
step:13401 source:(404, 18) loss:2.66739 lr:0.000354
step:13601 source:(404, 18) loss:2.60284 lr:0.000354
epoch:55 test_present_rate:0.8 test_bleu:89.41595554351807 template_bleu:84.58247184753418
epoch:55 test_present_rate:0.8 train_bleu:91.67190790176392 template_bleu:84.57523584365845
step:13801 source:(404, 18) loss:2.57062 lr:0.000354
step:14001 source:(404, 18) loss:2.50224 lr:0.000354
step:14201 source:(404, 18) loss:2.53929 lr:0.000354
step:14401 source:(404, 18) loss:2.50621 lr:0.000354
step:14601 source:(404, 18) loss:2.52674 lr:0.000354
step:14801 source:(404, 18) loss:2.53034 lr:0.000354
epoch:60 test_present_rate:0.8 test_bleu:89.35213088989258 template_bleu:84.58247184753418
epoch:60 test_present_rate:0.8 train_bleu:91.97771549224854 template_bleu:84.57523584365845
step:15001 source:(404, 18) loss:2.46516 lr:0.000354
step:15201 source:(404, 18) loss:2.42793 lr:0.000354
step:15401 source:(404, 18) loss:2.45731 lr:0.000354
step:15601 source:(404, 18) loss:2.38795 lr:0.000354
step:15801 source:(404, 18) loss:2.37097 lr:0.000354
step:16001 source:(404, 18) loss:2.36674 lr:0.000354
epoch:65 test_present_rate:0.8 test_bleu:88.97152543067932 template_bleu:84.58247184753418
epoch:65 test_present_rate:0.8 train_bleu:92.3152208328247 template_bleu:84.57523584365845
step:16201 source:(404, 18) loss:2.29744 lr:0.000354
step:16401 source:(404, 18) loss:2.34393 lr:0.000354
step:16601 source:(404, 18) loss:2.36164 lr:0.000354
step:16801 source:(404, 18) loss:2.31904 lr:0.000354
step:17001 source:(404, 18) loss:2.28882 lr:0.000354
step:17201 source:(404, 18) loss:2.21979 lr:0.000354
epoch:70 test_present_rate:0.8 test_bleu:89.15764689445496 template_bleu:84.58247184753418
epoch:70 test_present_rate:0.8 train_bleu:93.19990873336792 template_bleu:84.57523584365845
step:17401 source:(404, 18) loss:2.25581 lr:0.000354
step:17601 source:(404, 18) loss:2.19935 lr:0.000354
step:17801 source:(404, 18) loss:2.22031 lr:0.000354
step:18001 source:(404, 18) loss:2.17256 lr:0.000354
step:18201 source:(404, 18) loss:2.16499 lr:0.000354
step:18401 source:(404, 18) loss:2.16721 lr:0.000354
epoch:75 test_present_rate:0.8 test_bleu:89.10488486289978 template_bleu:84.58247184753418
epoch:75 test_present_rate:0.8 train_bleu:94.19216513633728 template_bleu:84.57523584365845
step:18601 source:(404, 18) loss:2.13724 lr:0.000354
step:18801 source:(404, 18) loss:2.09101 lr:0.000354
step:19001 source:(404, 18) loss:2.09875 lr:0.000354
step:19201 source:(404, 18) loss:2.03772 lr:0.000354
step:19401 source:(404, 18) loss:2.02014 lr:0.000354
step:19601 source:(404, 18) loss:2.04312 lr:0.000354
step:19801 source:(404, 18) loss:2.03296 lr:0.000354
epoch:80 test_present_rate:0.8 test_bleu:89.10834193229675 template_bleu:84.58247184753418
epoch:80 test_present_rate:0.8 train_bleu:94.91668939590454 template_bleu:84.57523584365845
step:20001 source:(404, 18) loss:2.00963 lr:0.000354
step:20201 source:(404, 18) loss:1.9377 lr:0.000354
step:20401 source:(404, 18) loss:1.97114 lr:0.000354
step:20601 source:(404, 18) loss:2.0111 lr:0.000354
step:20801 source:(404, 18) loss:1.98972 lr:0.000354
step:21001 source:(404, 18) loss:1.98647 lr:0.000354
epoch:85 test_present_rate:0.8 test_bleu:89.15185928344727 template_bleu:84.58247184753418
epoch:85 test_present_rate:0.8 train_bleu:95.28955221176147 template_bleu:84.57523584365845
step:21201 source:(404, 18) loss:1.91693 lr:0.000354
step:21401 source:(404, 18) loss:1.9257 lr:0.000354
step:21601 source:(404, 18) loss:1.95893 lr:0.000354
step:21801 source:(404, 18) loss:1.92358 lr:0.000354
step:22001 source:(404, 18) loss:1.92255 lr:0.000354
step:22201 source:(404, 18) loss:1.89331 lr:0.000354
epoch:90 test_present_rate:0.8 test_bleu:89.02313113212585 template_bleu:84.58247184753418
epoch:90 test_present_rate:0.8 train_bleu:96.1896538734436 template_bleu:84.57523584365845
step:22401 source:(404, 18) loss:1.89373 lr:0.000354
step:22601 source:(404, 18) loss:1.86157 lr:0.000354
step:22801 source:(404, 18) loss:1.88294 lr:0.000354
step:23001 source:(404, 18) loss:1.85188 lr:0.000354
step:23201 source:(404, 18) loss:1.80354 lr:0.000354
step:23401 source:(404, 18) loss:1.82842 lr:0.000354
epoch:95 test_present_rate:0.8 test_bleu:89.14528489112854 template_bleu:84.58247184753418
epoch:95 test_present_rate:0.8 train_bleu:96.96345329284668 template_bleu:84.57523584365845
step:23601 source:(404, 18) loss:1.84535 lr:0.000354
step:23801 source:(404, 18) loss:1.82193 lr:0.000354
step:24001 source:(404, 18) loss:1.83094 lr:0.000354
step:24201 source:(404, 18) loss:1.77427 lr:0.000354
step:24401 source:(404, 18) loss:1.74343 lr:0.000354
step:24601 source:(404, 18) loss:1.77591 lr:0.000354
epoch:100 test_present_rate:0.8 test_bleu:89.00403380393982 template_bleu:84.58247184753418
epoch:100 test_present_rate:0.8 train_bleu:97.40209579467773 template_bleu:84.57523584365845
step:24801 source:(404, 18) loss:1.76387 lr:0.000354
step:25001 source:(404, 18) loss:1.77166 lr:0.000354
step:25201 source:(404, 18) loss:1.763 lr:0.000354
step:25401 source:(404, 18) loss:1.74587 lr:0.000035
step:25601 source:(404, 18) loss:1.77149 lr:0.000035
step:25801 source:(404, 18) loss:1.78732 lr:0.000035
step:26001 source:(404, 18) loss:1.78077 lr:0.000035
epoch:105 test_present_rate:0.8 test_bleu:89.08074498176575 template_bleu:84.58247184753418
epoch:105 test_present_rate:0.8 train_bleu:98.87282252311707 template_bleu:84.57523584365845
step:26201 source:(404, 18) loss:1.73965 lr:0.000035
step:26401 source:(404, 18) loss:1.69907 lr:0.000035
step:26601 source:(404, 18) loss:1.72572 lr:0.000035
step:26801 source:(404, 18) loss:1.70419 lr:0.000035
step:27001 source:(404, 18) loss:1.71792 lr:0.000035
step:27201 source:(404, 18) loss:1.71832 lr:0.000035
epoch:110 test_present_rate:0.8 test_bleu:89.0480101108551 template_bleu:84.58247184753418
epoch:110 test_present_rate:0.8 train_bleu:99.22813773155212 template_bleu:84.57523584365845
step:27401 source:(404, 18) loss:1.75781 lr:0.000035
step:27601 source:(404, 18) loss:1.72206 lr:0.000035
step:27801 source:(404, 18) loss:1.74002 lr:0.000035
step:28001 source:(404, 18) loss:1.69732 lr:0.000035
step:28201 source:(404, 18) loss:1.72512 lr:0.000035
step:28401 source:(404, 18) loss:1.71179 lr:0.000035
epoch:115 test_present_rate:0.8 test_bleu:88.96510004997253 template_bleu:84.58247184753418
epoch:115 test_present_rate:0.8 train_bleu:99.35325384140015 template_bleu:84.57523584365845
step:28601 source:(404, 18) loss:1.70228 lr:0.000035
step:28801 source:(404, 18) loss:1.68614 lr:0.000035
step:29001 source:(404, 18) loss:1.68865 lr:0.000035
step:29201 source:(404, 18) loss:1.65999 lr:0.000035
step:29401 source:(404, 18) loss:1.72042 lr:0.000035
step:29601 source:(404, 18) loss:1.72897 lr:0.000035
epoch:120 test_present_rate:0.8 test_bleu:89.01099562644958 template_bleu:84.58247184753418
epoch:120 test_present_rate:0.8 train_bleu:99.45907592773438 template_bleu:84.57523584365845
step:29801 source:(404, 18) loss:1.68736 lr:0.000035
step:30001 source:(404, 18) loss:1.65154 lr:0.000035
step:30201 source:(404, 18) loss:1.67475 lr:0.000035
step:30401 source:(404, 18) loss:1.66432 lr:0.000035
step:30601 source:(404, 18) loss:1.684 lr:0.000035
step:30801 source:(404, 18) loss:1.6605 lr:0.000035
epoch:125 test_present_rate:0.8 test_bleu:88.92301917076111 template_bleu:84.58247184753418
epoch:125 test_present_rate:0.8 train_bleu:99.5496153831482 template_bleu:84.57523584365845
step:31001 source:(404, 18) loss:1.6858 lr:0.000035
step:31201 source:(404, 18) loss:1.65937 lr:0.000035
step:31401 source:(404, 18) loss:1.63432 lr:0.000035
step:31601 source:(404, 18) loss:1.64265 lr:0.000035
step:31801 source:(404, 18) loss:1.65635 lr:0.000035
step:32001 source:(404, 18) loss:1.63799 lr:0.000035
step:32201 source:(404, 18) loss:1.65828 lr:0.000035
epoch:130 test_present_rate:0.8 test_bleu:88.95904421806335 template_bleu:84.58247184753418
epoch:130 test_present_rate:0.8 train_bleu:99.6125340461731 template_bleu:84.57523584365845
step:32401 source:(404, 18) loss:1.65449 lr:0.000035
step:32601 source:(404, 18) loss:1.62697 lr:0.000035
step:32801 source:(404, 18) loss:1.64751 lr:0.000035
step:33001 source:(404, 18) loss:1.65073 lr:0.000035
step:33201 source:(404, 18) loss:1.65737 lr:0.000035
step:33401 source:(404, 18) loss:1.62525 lr:0.000035
epoch:135 test_present_rate:0.8 test_bleu:88.8910710811615 template_bleu:84.58247184753418
epoch:135 test_present_rate:0.8 train_bleu:99.68512654304504 template_bleu:84.57523584365845
step:33601 source:(404, 18) loss:1.6704 lr:0.000035
step:33801 source:(404, 18) loss:1.65311 lr:0.000035
step:34001 source:(404, 18) loss:1.63672 lr:0.000035
step:34201 source:(404, 18) loss:1.6607 lr:0.000035
step:34401 source:(404, 18) loss:1.65315 lr:0.000035
step:34601 source:(404, 18) loss:1.65492 lr:0.000035
epoch:140 test_present_rate:0.8 test_bleu:88.88365626335144 template_bleu:84.58247184753418
epoch:140 test_present_rate:0.8 train_bleu:99.7361958026886 template_bleu:84.57523584365845
step:34801 source:(404, 18) loss:1.64057 lr:0.000035
step:35001 source:(404, 18) loss:1.63748 lr:0.000035
step:35201 source:(404, 18) loss:1.62688 lr:0.000035
step:35401 source:(404, 18) loss:1.62311 lr:0.000035
step:35601 source:(404, 18) loss:1.64125 lr:0.000035
step:35801 source:(404, 18) loss:1.63884 lr:0.000035
epoch:145 test_present_rate:0.8 test_bleu:88.97057175636292 template_bleu:84.58247184753418
epoch:145 test_present_rate:0.8 train_bleu:99.77966547012329 template_bleu:84.57523584365845
step:36001 source:(404, 18) loss:1.63524 lr:0.000035
step:36201 source:(404, 18) loss:1.62032 lr:0.000035
step:36401 source:(404, 18) loss:1.63876 lr:0.000035
step:36601 source:(404, 18) loss:1.6438 lr:0.000035
step:36801 source:(404, 18) loss:1.62438 lr:0.000035
step:37001 source:(404, 18) loss:1.62143 lr:0.000035
epoch:150 test_present_rate:0.8 test_bleu:89.00469541549683 template_bleu:84.58247184753418
epoch:150 test_present_rate:0.8 train_bleu:99.81210827827454 template_bleu:84.57523584365845
step:37201 source:(404, 18) loss:1.63651 lr:0.000035
step:37401 source:(404, 18) loss:1.61469 lr:0.000035
step:37601 source:(404, 18) loss:1.59268 lr:0.000035
step:37801 source:(404, 18) loss:1.61246 lr:0.000035
step:38001 source:(404, 18) loss:1.61356 lr:0.000035
step:38201 source:(404, 18) loss:1.61157 lr:0.000035
step:38401 source:(404, 18) loss:1.61222 lr:0.000035
epoch:155 test_present_rate:0.8 test_bleu:89.01551961898804 template_bleu:84.58247184753418
epoch:155 test_present_rate:0.8 train_bleu:99.83394145965576 template_bleu:84.57523584365845
step:38601 source:(404, 18) loss:1.60305 lr:0.000035
step:38801 source:(404, 18) loss:1.60209 lr:0.000035
step:39001 source:(404, 18) loss:1.60146 lr:0.000035
step:39201 source:(404, 18) loss:1.59863 lr:0.000035
step:39401 source:(404, 18) loss:1.61092 lr:0.000035
step:39601 source:(404, 18) loss:1.60564 lr:0.000035
epoch:160 test_present_rate:0.8 test_bleu:89.01204466819763 template_bleu:84.58247184753418
epoch:160 test_present_rate:0.8 train_bleu:99.86806511878967 template_bleu:84.57523584365845
step:39801 source:(404, 18) loss:1.60577 lr:0.000035
step:40001 source:(404, 18) loss:1.58992 lr:0.000035
step:40201 source:(404, 18) loss:1.58796 lr:0.000035
step:40401 source:(404, 18) loss:1.59382 lr:0.000035
step:40601 source:(404, 18) loss:1.61968 lr:0.000035
step:40801 source:(404, 18) loss:1.60138 lr:0.000035
epoch:165 test_present_rate:0.8 test_bleu:88.97891044616699 template_bleu:84.58247184753418
epoch:165 test_present_rate:0.8 train_bleu:99.88455772399902 template_bleu:84.57523584365845
step:41001 source:(404, 18) loss:1.60738 lr:0.000035
step:41201 source:(404, 18) loss:1.60954 lr:0.000035
step:41401 source:(404, 18) loss:1.5924 lr:0.000035
step:41601 source:(404, 18) loss:1.58447 lr:0.000035
step:41801 source:(404, 18) loss:1.61015 lr:0.000035
step:42001 source:(404, 18) loss:1.59654 lr:0.000035
epoch:170 test_present_rate:0.8 test_bleu:88.92771601676941 template_bleu:84.58247184753418
epoch:170 test_present_rate:0.8 train_bleu:99.9045193195343 template_bleu:84.57523584365845
step:42201 source:(404, 18) loss:1.62006 lr:0.000035
step:42401 source:(404, 18) loss:1.5726 lr:0.000035
step:42601 source:(404, 18) loss:1.59363 lr:0.000035
step:42801 source:(404, 18) loss:1.58431 lr:0.000035
step:43001 source:(404, 18) loss:1.59694 lr:0.000035
step:43201 source:(404, 18) loss:1.59222 lr:0.000035
epoch:175 test_present_rate:0.8 test_bleu:88.94836902618408 template_bleu:84.58247184753418
epoch:175 test_present_rate:0.8 train_bleu:99.91344809532166 template_bleu:84.57523584365845
step:43401 source:(404, 18) loss:1.58583 lr:0.000035
step:43601 source:(404, 18) loss:1.58321 lr:0.000035
step:43801 source:(404, 18) loss:1.57169 lr:0.000035
step:44001 source:(404, 18) loss:1.56454 lr:0.000035
step:44201 source:(404, 18) loss:1.57454 lr:0.000035
step:44401 source:(404, 18) loss:1.58073 lr:0.000035
step:44601 source:(404, 18) loss:1.59192 lr:0.000035
epoch:180 test_present_rate:0.8 test_bleu:89.03725147247314 template_bleu:84.58247184753418
epoch:180 test_present_rate:0.8 train_bleu:99.93429780006409 template_bleu:84.57523584365845
step:44801 source:(404, 18) loss:1.56586 lr:0.000035
step:45001 source:(404, 18) loss:1.55498 lr:0.000035
step:45201 source:(404, 18) loss:1.54928 lr:0.000035
step:45401 source:(404, 18) loss:1.56535 lr:0.000035
step:45601 source:(404, 18) loss:1.56515 lr:0.000035
step:45801 source:(404, 18) loss:1.58198 lr:0.000035
epoch:185 test_present_rate:0.8 test_bleu:88.98515105247498 template_bleu:84.58247184753418
epoch:185 test_present_rate:0.8 train_bleu:99.94369745254517 template_bleu:84.57523584365845
step:46001 source:(404, 18) loss:1.56836 lr:0.000035
step:46201 source:(404, 18) loss:1.57881 lr:0.000035
step:46401 source:(404, 18) loss:1.55751 lr:0.000035
step:46601 source:(404, 18) loss:1.57377 lr:0.000035
step:46801 source:(404, 18) loss:1.56789 lr:0.000035
step:47001 source:(404, 18) loss:1.56355 lr:0.000035
epoch:190 test_present_rate:0.8 test_bleu:89.00089263916016 template_bleu:84.58247184753418
epoch:190 test_present_rate:0.8 train_bleu:99.94983673095703 template_bleu:84.57523584365845
step:47201 source:(404, 18) loss:1.56164 lr:0.000035
step:47401 source:(404, 18) loss:1.56737 lr:0.000035
step:47601 source:(404, 18) loss:1.57544 lr:0.000035
step:47801 source:(404, 18) loss:1.56322 lr:0.000035
step:48001 source:(404, 18) loss:1.55699 lr:0.000035
step:48201 source:(404, 18) loss:1.57137 lr:0.000035
epoch:195 test_present_rate:0.8 test_bleu:89.00583982467651 template_bleu:84.58247184753418
epoch:195 test_present_rate:0.8 train_bleu:99.95805621147156 template_bleu:84.57523584365845
step:48401 source:(404, 18) loss:1.5619 lr:0.000035
step:48601 source:(404, 18) loss:1.55134 lr:0.000035
step:48801 source:(404, 18) loss:1.58062 lr:0.000035
step:49001 source:(404, 18) loss:1.58047 lr:0.000035
step:49201 source:(404, 18) loss:1.55907 lr:0.000035
step:49401 source:(404, 18) loss:1.56392 lr:0.000035
epoch:200 test_present_rate:0.8 test_bleu:89.0407383441925 template_bleu:84.58247184753418
epoch:200 test_present_rate:0.8 train_bleu:99.96631145477295 template_bleu:84.57523584365845
step:49601 source:(404, 18) loss:1.54919 lr:0.000035
step:49801 source:(404, 18) loss:1.56399 lr:0.000035
step:50001 source:(404, 18) loss:1.54363 lr:0.000035
step:50201 source:(404, 18) loss:1.5763 lr:0.000004
step:50401 source:(404, 18) loss:1.57464 lr:0.000004
step:50601 source:(404, 18) loss:1.5495 lr:0.000004
step:50801 source:(404, 18) loss:1.57043 lr:0.000004
epoch:205 test_present_rate:0.8 test_bleu:89.04293775558472 template_bleu:84.58247184753418
epoch:205 test_present_rate:0.8 train_bleu:99.97543692588806 template_bleu:84.57523584365845
step:51001 source:(404, 18) loss:1.54689 lr:0.000004
step:51201 source:(404, 18) loss:1.54935 lr:0.000004
step:51401 source:(404, 18) loss:1.54388 lr:0.000004
step:51601 source:(404, 18) loss:1.55532 lr:0.000004
step:51801 source:(404, 18) loss:1.55416 lr:0.000004
step:52001 source:(404, 18) loss:1.55984 lr:0.000004
epoch:210 test_present_rate:0.8 test_bleu:89.03591632843018 template_bleu:84.58247184753418
epoch:210 test_present_rate:0.8 train_bleu:99.97637867927551 template_bleu:84.57523584365845
step:52201 source:(404, 18) loss:1.55919 lr:0.000004
step:52401 source:(404, 18) loss:1.54727 lr:0.000004
step:52601 source:(404, 18) loss:1.56818 lr:0.000004
step:52801 source:(404, 18) loss:1.54669 lr:0.000004
step:53001 source:(404, 18) loss:1.54073 lr:0.000004
step:53201 source:(404, 18) loss:1.54006 lr:0.000004
epoch:215 test_present_rate:0.8 test_bleu:89.03635740280151 template_bleu:84.58247184753418
epoch:215 test_present_rate:0.8 train_bleu:99.9776542186737 template_bleu:84.57523584365845
step:53401 source:(404, 18) loss:1.55128 lr:0.000004
step:53601 source:(404, 18) loss:1.5646 lr:0.000004
step:53801 source:(404, 18) loss:1.54643 lr:0.000004
step:54001 source:(404, 18) loss:1.55309 lr:0.000004
step:54201 source:(404, 18) loss:1.55414 lr:0.000004
step:54401 source:(404, 18) loss:1.55761 lr:0.000004
epoch:220 test_present_rate:0.8 test_bleu:89.04053568840027 template_bleu:84.58247184753418
epoch:220 test_present_rate:0.8 train_bleu:99.97832179069519 template_bleu:84.57523584365845
step:54601 source:(404, 18) loss:1.55421 lr:0.000004
step:54801 source:(404, 18) loss:1.54348 lr:0.000004
step:55001 source:(404, 18) loss:1.54045 lr:0.000004
step:55201 source:(404, 18) loss:1.5671 lr:0.000004
step:55401 source:(404, 18) loss:1.55992 lr:0.000004
step:55601 source:(404, 18) loss:1.54571 lr:0.000004
epoch:225 test_present_rate:0.8 test_bleu:89.02734518051147 template_bleu:84.58247184753418
epoch:225 test_present_rate:0.8 train_bleu:99.97871518135071 template_bleu:84.57523584365845
step:55801 source:(404, 18) loss:1.55638 lr:0.000004
step:56001 source:(404, 18) loss:1.55556 lr:0.000004
step:56201 source:(404, 18) loss:1.55093 lr:0.000004
step:56401 source:(404, 18) loss:1.54068 lr:0.000004
step:56601 source:(404, 18) loss:1.55226 lr:0.000004
step:56801 source:(404, 18) loss:1.55782 lr:0.000004
step:57001 source:(404, 18) loss:1.55007 lr:0.000004
epoch:230 test_present_rate:0.8 test_bleu:89.06401991844177 template_bleu:84.58247184753418
epoch:230 test_present_rate:0.8 train_bleu:99.97937679290771 template_bleu:84.57523584365845
step:57201 source:(404, 18) loss:1.53655 lr:0.000004
step:57401 source:(404, 18) loss:1.53728 lr:0.000004
step:57601 source:(404, 18) loss:1.55554 lr:0.000004
step:57801 source:(404, 18) loss:1.5417 lr:0.000004
step:58001 source:(404, 18) loss:1.53624 lr:0.000004
step:58201 source:(404, 18) loss:1.53317 lr:0.000004
epoch:235 test_present_rate:0.8 test_bleu:89.02084231376648 template_bleu:84.58247184753418
epoch:235 test_present_rate:0.8 train_bleu:99.97876286506653 template_bleu:84.57523584365845
step:58401 source:(404, 18) loss:1.55552 lr:0.000004
step:58601 source:(404, 18) loss:1.55814 lr:0.000004
step:58801 source:(404, 18) loss:1.55344 lr:0.000004
step:59001 source:(404, 18) loss:1.52897 lr:0.000004
step:59201 source:(404, 18) loss:1.54541 lr:0.000004
step:59401 source:(404, 18) loss:1.5492 lr:0.000004
epoch:240 test_present_rate:0.8 test_bleu:88.99959325790405 template_bleu:84.58247184753418
epoch:240 test_present_rate:0.8 train_bleu:99.98071193695068 template_bleu:84.57523584365845
step:59601 source:(404, 18) loss:1.55016 lr:0.000004
step:59801 source:(404, 18) loss:1.53432 lr:0.000004
step:60001 source:(404, 18) loss:1.52665 lr:0.000004
step:60201 source:(404, 18) loss:1.55708 lr:0.000004
step:60401 source:(404, 18) loss:1.54367 lr:0.000004
step:60601 source:(404, 18) loss:1.55864 lr:0.000004
epoch:245 test_present_rate:0.8 test_bleu:88.96844387054443 template_bleu:84.58247184753418
epoch:245 test_present_rate:0.8 train_bleu:99.9800443649292 template_bleu:84.57523584365845
step:60801 source:(404, 18) loss:1.54253 lr:0.000004
step:61001 source:(404, 18) loss:1.54673 lr:0.000004
step:61201 source:(404, 18) loss:1.56996 lr:0.000004
step:61401 source:(404, 18) loss:1.54177 lr:0.000004
step:61601 source:(404, 18) loss:1.5418 lr:0.000004
step:61801 source:(404, 18) loss:1.55534 lr:0.000004
epoch:250 test_present_rate:0.8 test_bleu:89.01063203811646 template_bleu:84.58247184753418
epoch:250 test_present_rate:0.8 train_bleu:99.98071193695068 template_bleu:84.57523584365845
step:62001 source:(404, 18) loss:1.5622 lr:0.000004
step:62201 source:(404, 18) loss:1.53932 lr:0.000004
step:62401 source:(404, 18) loss:1.52758 lr:0.000004
step:62601 source:(404, 18) loss:1.55183 lr:0.000004
step:62801 source:(404, 18) loss:1.53867 lr:0.000004
step:63001 source:(404, 18) loss:1.53727 lr:0.000004
step:63201 source:(404, 18) loss:1.554 lr:0.000004
epoch:255 test_present_rate:0.8 test_bleu:89.00132775306702 template_bleu:84.58247184753418
epoch:255 test_present_rate:0.8 train_bleu:99.98048543930054 template_bleu:84.57523584365845
step:63401 source:(404, 18) loss:1.55185 lr:0.000004
step:63601 source:(404, 18) loss:1.5286 lr:0.000004
step:63801 source:(404, 18) loss:1.53455 lr:0.000004
step:64001 source:(404, 18) loss:1.5709 lr:0.000004
step:64201 source:(404, 18) loss:1.54894 lr:0.000004
step:64401 source:(404, 18) loss:1.54301 lr:0.000004
epoch:260 test_present_rate:0.8 test_bleu:88.97934556007385 template_bleu:84.58247184753418
epoch:260 test_present_rate:0.8 train_bleu:99.98115301132202 template_bleu:84.57523584365845
step:64601 source:(404, 18) loss:1.56131 lr:0.000004
step:64801 source:(404, 18) loss:1.53842 lr:0.000004
step:65001 source:(404, 18) loss:1.55653 lr:0.000004
step:65201 source:(404, 18) loss:1.5283 lr:0.000004
step:65401 source:(404, 18) loss:1.53748 lr:0.000004
step:65601 source:(404, 18) loss:1.54858 lr:0.000004
epoch:265 test_present_rate:0.8 test_bleu:89.03400301933289 template_bleu:84.58247184753418
epoch:265 test_present_rate:0.8 train_bleu:99.98204112052917 template_bleu:84.57523584365845
step:65801 source:(404, 18) loss:1.54779 lr:0.000004
step:66001 source:(404, 18) loss:1.55179 lr:0.000004
step:66201 source:(404, 18) loss:1.53002 lr:0.000004
step:66401 source:(404, 18) loss:1.54551 lr:0.000004
step:66601 source:(404, 18) loss:1.55999 lr:0.000004
step:66801 source:(404, 18) loss:1.53029 lr:0.000004
epoch:270 test_present_rate:0.8 test_bleu:88.9988124370575 template_bleu:84.58247184753418
epoch:270 test_present_rate:0.8 train_bleu:99.98265504837036 template_bleu:84.57523584365845
step:67001 source:(404, 18) loss:1.54367 lr:0.000004
step:67201 source:(404, 18) loss:1.5362 lr:0.000004
step:67401 source:(404, 18) loss:1.54718 lr:0.000004
step:67601 source:(404, 18) loss:1.53558 lr:0.000004
step:67801 source:(404, 18) loss:1.52757 lr:0.000004
step:68001 source:(404, 18) loss:1.53358 lr:0.000004
epoch:275 test_present_rate:0.8 test_bleu:89.01563286781311 template_bleu:84.58247184753418
epoch:275 test_present_rate:0.8 train_bleu:99.98226165771484 template_bleu:84.57523584365845
step:68201 source:(404, 18) loss:1.52659 lr:0.000004
step:68401 source:(404, 18) loss:1.55147 lr:0.000004
step:68601 source:(404, 18) loss:1.51916 lr:0.000004
step:68801 source:(404, 18) loss:1.52284 lr:0.000004
step:69001 source:(404, 18) loss:1.53554 lr:0.000004
step:69201 source:(404, 18) loss:1.52083 lr:0.000004
step:69401 source:(404, 18) loss:1.5461 lr:0.000004
epoch:280 test_present_rate:0.8 test_bleu:89.00073766708374 template_bleu:84.58247184753418
epoch:280 test_present_rate:0.8 train_bleu:99.9830961227417 template_bleu:84.57523584365845
step:69601 source:(404, 18) loss:1.52516 lr:0.000004
step:69801 source:(404, 18) loss:1.5116 lr:0.000004
step:70001 source:(404, 18) loss:1.55024 lr:0.000004
step:70201 source:(404, 18) loss:1.52524 lr:0.000004
step:70401 source:(404, 18) loss:1.5453 lr:0.000004
step:70601 source:(404, 18) loss:1.52079 lr:0.000004
epoch:285 test_present_rate:0.8 test_bleu:89.00235891342163 template_bleu:84.58247184753418
epoch:285 test_present_rate:0.8 train_bleu:99.98348951339722 template_bleu:84.57523584365845
step:70801 source:(404, 18) loss:1.54369 lr:0.000004
step:71001 source:(404, 18) loss:1.51483 lr:0.000004
step:71201 source:(404, 18) loss:1.55166 lr:0.000004
step:71401 source:(404, 18) loss:1.53019 lr:0.000004
step:71601 source:(404, 18) loss:1.52856 lr:0.000004
step:71801 source:(404, 18) loss:1.53094 lr:0.000004
epoch:290 test_present_rate:0.8 test_bleu:89.00794386863708 template_bleu:84.58247184753418
epoch:290 test_present_rate:0.8 train_bleu:99.98371005058289 template_bleu:84.57523584365845
step:72001 source:(404, 18) loss:1.54114 lr:0.000004
step:72201 source:(404, 18) loss:1.51038 lr:0.000004
step:72401 source:(404, 18) loss:1.53991 lr:0.000004
step:72601 source:(404, 18) loss:1.54871 lr:0.000004
step:72801 source:(404, 18) loss:1.56195 lr:0.000004
step:73001 source:(404, 18) loss:1.53776 lr:0.000004
epoch:295 test_present_rate:0.8 test_bleu:89.03833031654358 template_bleu:84.58247184753418
epoch:295 test_present_rate:0.8 train_bleu:99.98326897621155 template_bleu:84.57523584365845
step:73201 source:(404, 18) loss:1.53986 lr:0.000004
step:73401 source:(404, 18) loss:1.53239 lr:0.000004
step:73601 source:(404, 18) loss:1.55808 lr:0.000004
step:73801 source:(404, 18) loss:1.54 lr:0.000004
step:74001 source:(404, 18) loss:1.53558 lr:0.000004
step:74201 source:(404, 18) loss:1.52985 lr:0.000004
/home/syp/miniconda2/envs/newtf/lib/python3.6/importlib/_bootstrap.py:205: RuntimeWarning: compiletime version 3.5 of module 'tensorflow.python.framework.fast_tensor_util' does not match runtime version 3.6
  return f(*args, **kwds)
