2018-07-24 08:55:31.519001: I tensorflow/core/platform/cpu_feature_guard.cc:137] Your CPU supports instructions that this TensorFlow binary was not compiled to use: SSE4.1 SSE4.2 AVX AVX2 FMA
2018-07-24 08:55:31.729515: I tensorflow/core/common_runtime/gpu/gpu_device.cc:1030] Found device 0 with properties: 
name: GeForce GTX 1080 major: 6 minor: 1 memoryClockRate(GHz): 1.7335
pciBusID: 0000:01:00.0
totalMemory: 7.92GiB freeMemory: 7.81GiB
2018-07-24 08:55:31.729560: I tensorflow/core/common_runtime/gpu/gpu_device.cc:1120] Creating TensorFlow device (/device:GPU:0) -> (device: 0, name: GeForce GTX 1080, pci bus id: 0000:01:00.0, compute capability: 6.1)
2018-07-24 09:36:15.989811: W tensorflow/core/framework/op_kernel.cc:1192] Out of range: End of sequence
	 [[Node: IteratorGetNext = IteratorGetNext[output_shapes=[[?], [?,?], [?,?]], output_types=[DT_INT32, DT_STRING, DT_INT64], _device="/job:localhost/replica:0/task:0/device:CPU:0"](Iterator)]]
2018-07-24 09:36:15.990266: W tensorflow/core/framework/op_kernel.cc:1192] Out of range: End of sequence
	 [[Node: IteratorGetNext = IteratorGetNext[output_shapes=[[?], [?,?], [?,?]], output_types=[DT_INT32, DT_STRING, DT_INT64], _device="/job:localhost/replica:0/task:0/device:CPU:0"](Iterator)]]
train_file:/home/syp/zwr/txtgen/examples/long_text/yahoo_data/yahoo.train.txt
valid_file:/home/syp/zwr/txtgen/examples/long_text/yahoo_data/yahoo.valid.txt
logdir:./log_dir/bsize32.epoch70.lr_c2warm16000.baseline/
step:500 source:(32, 66) loss:6.93568
step:1000 source:(32, 66) loss:6.93654
step:1500 source:(32, 66) loss:6.78739
step:2000 source:(32, 66) loss:6.69738
step:2500 source:(32, 66) loss:6.43774
step:3000 source:(32, 66) loss:6.36083
epoch:0 eval_bleu:1.0665081441402435
the 0 epoch, highest bleu 1.066508
2018-07-24 10:23:31.242265: W tensorflow/core/framework/op_kernel.cc:1192] Out of range: End of sequence
	 [[Node: IteratorGetNext = IteratorGetNext[output_shapes=[[?], [?,?], [?,?]], output_types=[DT_INT32, DT_STRING, DT_INT64], _device="/job:localhost/replica:0/task:0/device:CPU:0"](Iterator)]]
2018-07-24 10:23:31.242367: W tensorflow/core/framework/op_kernel.cc:1192] Out of range: End of sequence
	 [[Node: IteratorGetNext = IteratorGetNext[output_shapes=[[?], [?,?], [?,?]], output_types=[DT_INT32, DT_STRING, DT_INT64], _device="/job:localhost/replica:0/task:0/device:CPU:0"](Iterator)]]
step:3500 source:(32, 66) loss:6.43725
step:4000 source:(32, 66) loss:6.05905
step:4500 source:(32, 66) loss:6.12303
step:5000 source:(32, 66) loss:6.1933
step:5500 source:(32, 66) loss:5.88563
step:6000 source:(32, 66) loss:5.58757
epoch:1 eval_bleu:1.3541639782488346
the 1 epoch, highest bleu 1.354164
2018-07-24 11:03:13.078787: W tensorflow/core/framework/op_kernel.cc:1192] Out of range: End of sequence
	 [[Node: IteratorGetNext = IteratorGetNext[output_shapes=[[?], [?,?], [?,?]], output_types=[DT_INT32, DT_STRING, DT_INT64], _device="/job:localhost/replica:0/task:0/device:CPU:0"](Iterator)]]
2018-07-24 11:06:56.189726: W tensorflow/core/framework/op_kernel.cc:1192] Out of range: End of sequence
	 [[Node: IteratorGetNext = IteratorGetNext[output_shapes=[[?], [?,?], [?,?]], output_types=[DT_INT32, DT_STRING, DT_INT64], _device="/job:localhost/replica:0/task:0/device:CPU:0"](Iterator)]]
step:6500 source:(32, 66) loss:6.03194
step:7000 source:(32, 66) loss:5.6889
step:7500 source:(32, 66) loss:5.75463
step:8000 source:(32, 66) loss:5.90548
step:8500 source:(32, 66) loss:5.67399
step:9000 source:(32, 66) loss:5.98564
epoch:2 eval_bleu:1.4123640954494476
the 2 epoch, highest bleu 1.412364
2018-07-24 11:50:27.984554: W tensorflow/core/framework/op_kernel.cc:1192] Out of range: End of sequence
	 [[Node: IteratorGetNext = IteratorGetNext[output_shapes=[[?], [?,?], [?,?]], output_types=[DT_INT32, DT_STRING, DT_INT64], _device="/job:localhost/replica:0/task:0/device:CPU:0"](Iterator)]]
step:9500 source:(32, 66) loss:5.38893
step:10000 source:(32, 66) loss:5.71094
step:10500 source:(32, 66) loss:5.54623
step:11000 source:(32, 66) loss:5.64844
step:11500 source:(32, 66) loss:5.44671
step:12000 source:(32, 66) loss:5.44158
step:12500 source:(32, 66) loss:5.50268
epoch:3 eval_bleu:1.3113468885421753
2018-07-24 12:30:06.094981: W tensorflow/core/framework/op_kernel.cc:1192] Out of range: End of sequence
	 [[Node: IteratorGetNext = IteratorGetNext[output_shapes=[[?], [?,?], [?,?]], output_types=[DT_INT32, DT_STRING, DT_INT64], _device="/job:localhost/replica:0/task:0/device:CPU:0"](Iterator)]]
2018-07-24 12:30:06.095010: W tensorflow/core/framework/op_kernel.cc:1192] Out of range: End of sequence
	 [[Node: IteratorGetNext = IteratorGetNext[output_shapes=[[?], [?,?], [?,?]], output_types=[DT_INT32, DT_STRING, DT_INT64], _device="/job:localhost/replica:0/task:0/device:CPU:0"](Iterator)]]
2018-07-24 12:30:06.095056: W tensorflow/core/framework/op_kernel.cc:1192] Out of range: End of sequence
	 [[Node: IteratorGetNext = IteratorGetNext[output_shapes=[[?], [?,?], [?,?]], output_types=[DT_INT32, DT_STRING, DT_INT64], _device="/job:localhost/replica:0/task:0/device:CPU:0"](Iterator)]]
2018-07-24 12:30:06.095047: W tensorflow/core/framework/op_kernel.cc:1192] Out of range: End of sequence
	 [[Node: IteratorGetNext = IteratorGetNext[output_shapes=[[?], [?,?], [?,?]], output_types=[DT_INT32, DT_STRING, DT_INT64], _device="/job:localhost/replica:0/task:0/device:CPU:0"](Iterator)]]
2018-07-24 12:30:06.095047: W tensorflow/core/framework/op_kernel.cc:1192] Out of range: End of sequence
	 [[Node: IteratorGetNext = IteratorGetNext[output_shapes=[[?], [?,?], [?,?]], output_types=[DT_INT32, DT_STRING, DT_INT64], _device="/job:localhost/replica:0/task:0/device:CPU:0"](Iterator)]]
step:13000 source:(32, 66) loss:5.28272
step:13500 source:(32, 66) loss:5.46909
step:14000 source:(32, 66) loss:5.2651
step:14500 source:(32, 66) loss:5.37446
step:15000 source:(32, 66) loss:5.50069
step:15500 source:(32, 66) loss:5.13223
epoch:4 eval_bleu:1.2925186194479465
2018-07-24 13:13:30.647352: W tensorflow/core/framework/op_kernel.cc:1192] Out of range: End of sequence
	 [[Node: IteratorGetNext = IteratorGetNext[output_shapes=[[?], [?,?], [?,?]], output_types=[DT_INT32, DT_STRING, DT_INT64], _device="/job:localhost/replica:0/task:0/device:CPU:0"](Iterator)]]
2018-07-24 13:13:30.647365: W tensorflow/core/framework/op_kernel.cc:1192] Out of range: End of sequence
	 [[Node: IteratorGetNext = IteratorGetNext[output_shapes=[[?], [?,?], [?,?]], output_types=[DT_INT32, DT_STRING, DT_INT64], _device="/job:localhost/replica:0/task:0/device:CPU:0"](Iterator)]]
2018-07-24 13:13:30.647378: W tensorflow/core/framework/op_kernel.cc:1192] Out of range: End of sequence
	 [[Node: IteratorGetNext = IteratorGetNext[output_shapes=[[?], [?,?], [?,?]], output_types=[DT_INT32, DT_STRING, DT_INT64], _device="/job:localhost/replica:0/task:0/device:CPU:0"](Iterator)]]
2018-07-24 13:17:15.549135: W tensorflow/core/framework/op_kernel.cc:1192] Out of range: End of sequence
	 [[Node: IteratorGetNext = IteratorGetNext[output_shapes=[[?], [?,?], [?,?]], output_types=[DT_INT32, DT_STRING, DT_INT64], _device="/job:localhost/replica:0/task:0/device:CPU:0"](Iterator)]]
step:16000 source:(32, 66) loss:5.57681
step:16500 source:(32, 66) loss:5.15761
step:17000 source:(32, 66) loss:5.33383
step:17500 source:(32, 66) loss:5.1725
step:18000 source:(32, 66) loss:5.21745
step:18500 source:(32, 66) loss:4.95438
epoch:5 eval_bleu:1.2606746517121792
2018-07-24 13:56:55.693224: W tensorflow/core/framework/op_kernel.cc:1192] Out of range: End of sequence
	 [[Node: IteratorGetNext = IteratorGetNext[output_shapes=[[?], [?,?], [?,?]], output_types=[DT_INT32, DT_STRING, DT_INT64], _device="/job:localhost/replica:0/task:0/device:CPU:0"](Iterator)]]
2018-07-24 13:56:55.693245: W tensorflow/core/framework/op_kernel.cc:1192] Out of range: End of sequence
	 [[Node: IteratorGetNext = IteratorGetNext[output_shapes=[[?], [?,?], [?,?]], output_types=[DT_INT32, DT_STRING, DT_INT64], _device="/job:localhost/replica:0/task:0/device:CPU:0"](Iterator)]]
2018-07-24 14:00:36.156498: W tensorflow/core/framework/op_kernel.cc:1192] Out of range: End of sequence
	 [[Node: IteratorGetNext = IteratorGetNext[output_shapes=[[?], [?,?], [?,?]], output_types=[DT_INT32, DT_STRING, DT_INT64], _device="/job:localhost/replica:0/task:0/device:CPU:0"](Iterator)]]
2018-07-24 14:00:36.156546: W tensorflow/core/framework/op_kernel.cc:1192] Out of range: End of sequence
	 [[Node: IteratorGetNext = IteratorGetNext[output_shapes=[[?], [?,?], [?,?]], output_types=[DT_INT32, DT_STRING, DT_INT64], _device="/job:localhost/replica:0/task:0/device:CPU:0"](Iterator)]]
step:19000 source:(32, 66) loss:5.23146
step:19500 source:(32, 66) loss:4.96786
step:20000 source:(32, 66) loss:5.19157
step:20500 source:(32, 66) loss:5.11018
step:21000 source:(32, 66) loss:4.89607
step:21500 source:(32, 66) loss:5.19136
epoch:6 eval_bleu:1.2724309228360653
2018-07-24 14:40:04.962673: W tensorflow/core/framework/op_kernel.cc:1192] Out of range: End of sequence
	 [[Node: IteratorGetNext = IteratorGetNext[output_shapes=[[?], [?,?], [?,?]], output_types=[DT_INT32, DT_STRING, DT_INT64], _device="/job:localhost/replica:0/task:0/device:CPU:0"](Iterator)]]
2018-07-24 14:43:43.853262: W tensorflow/core/framework/op_kernel.cc:1192] Out of range: End of sequence
	 [[Node: IteratorGetNext = IteratorGetNext[output_shapes=[[?], [?,?], [?,?]], output_types=[DT_INT32, DT_STRING, DT_INT64], _device="/job:localhost/replica:0/task:0/device:CPU:0"](Iterator)]]
step:22000 source:(32, 66) loss:5.09085
step:22500 source:(32, 66) loss:4.88946
step:23000 source:(32, 66) loss:4.96485
step:23500 source:(32, 66) loss:5.0771
step:24000 source:(32, 66) loss:4.79131
step:24500 source:(32, 66) loss:4.84615
step:25000 source:(32, 66) loss:4.88622
epoch:7 eval_bleu:1.3274839147925377
2018-07-24 15:23:17.586050: W tensorflow/core/framework/op_kernel.cc:1192] Out of range: End of sequence
	 [[Node: IteratorGetNext = IteratorGetNext[output_shapes=[[?], [?,?], [?,?]], output_types=[DT_INT32, DT_STRING, DT_INT64], _device="/job:localhost/replica:0/task:0/device:CPU:0"](Iterator)]]
2018-07-24 15:23:17.586122: W tensorflow/core/framework/op_kernel.cc:1192] Out of range: End of sequence
	 [[Node: IteratorGetNext = IteratorGetNext[output_shapes=[[?], [?,?], [?,?]], output_types=[DT_INT32, DT_STRING, DT_INT64], _device="/job:localhost/replica:0/task:0/device:CPU:0"](Iterator)]]
2018-07-24 15:23:17.586383: W tensorflow/core/framework/op_kernel.cc:1192] Out of range: End of sequence
	 [[Node: IteratorGetNext = IteratorGetNext[output_shapes=[[?], [?,?], [?,?]], output_types=[DT_INT32, DT_STRING, DT_INT64], _device="/job:localhost/replica:0/task:0/device:CPU:0"](Iterator)]]
2018-07-24 15:26:57.978160: W tensorflow/core/framework/op_kernel.cc:1192] Out of range: End of sequence
	 [[Node: IteratorGetNext = IteratorGetNext[output_shapes=[[?], [?,?], [?,?]], output_types=[DT_INT32, DT_STRING, DT_INT64], _device="/job:localhost/replica:0/task:0/device:CPU:0"](Iterator)]]
step:25500 source:(32, 66) loss:4.5711
step:26000 source:(32, 66) loss:4.90959
step:26500 source:(32, 66) loss:4.88358
step:27000 source:(32, 66) loss:4.76286
step:27500 source:(32, 66) loss:4.89893
step:28000 source:(32, 66) loss:4.54616
epoch:8 eval_bleu:1.3665931299328804
2018-07-24 16:06:27.127335: W tensorflow/core/framework/op_kernel.cc:1192] Out of range: End of sequence
	 [[Node: IteratorGetNext = IteratorGetNext[output_shapes=[[?], [?,?], [?,?]], output_types=[DT_INT32, DT_STRING, DT_INT64], _device="/job:localhost/replica:0/task:0/device:CPU:0"](Iterator)]]
step:28500 source:(32, 66) loss:4.91189
step:29000 source:(32, 66) loss:4.61332
step:29500 source:(32, 66) loss:4.71906
step:30000 source:(32, 66) loss:4.77621
step:30500 source:(32, 66) loss:4.33449
step:31000 source:(32, 66) loss:4.55131
epoch:9 eval_bleu:1.4001477509737015
2018-07-24 16:49:33.305765: W tensorflow/core/framework/op_kernel.cc:1192] Out of range: End of sequence
	 [[Node: IteratorGetNext = IteratorGetNext[output_shapes=[[?], [?,?], [?,?]], output_types=[DT_INT32, DT_STRING, DT_INT64], _device="/job:localhost/replica:0/task:0/device:CPU:0"](Iterator)]]
2018-07-24 16:49:33.305765: W tensorflow/core/framework/op_kernel.cc:1192] Out of range: End of sequence
	 [[Node: IteratorGetNext = IteratorGetNext[output_shapes=[[?], [?,?], [?,?]], output_types=[DT_INT32, DT_STRING, DT_INT64], _device="/job:localhost/replica:0/task:0/device:CPU:0"](Iterator)]]
2018-07-24 16:49:33.305771: W tensorflow/core/framework/op_kernel.cc:1192] Out of range: End of sequence
	 [[Node: IteratorGetNext = IteratorGetNext[output_shapes=[[?], [?,?], [?,?]], output_types=[DT_INT32, DT_STRING, DT_INT64], _device="/job:localhost/replica:0/task:0/device:CPU:0"](Iterator)]]
2018-07-24 16:49:33.305822: W tensorflow/core/framework/op_kernel.cc:1192] Out of range: End of sequence
	 [[Node: IteratorGetNext = IteratorGetNext[output_shapes=[[?], [?,?], [?,?]], output_types=[DT_INT32, DT_STRING, DT_INT64], _device="/job:localhost/replica:0/task:0/device:CPU:0"](Iterator)]]
2018-07-24 16:49:33.305867: W tensorflow/core/framework/op_kernel.cc:1192] Out of range: End of sequence
	 [[Node: IteratorGetNext = IteratorGetNext[output_shapes=[[?], [?,?], [?,?]], output_types=[DT_INT32, DT_STRING, DT_INT64], _device="/job:localhost/replica:0/task:0/device:CPU:0"](Iterator)]]
2018-07-24 16:49:33.306212: W tensorflow/core/framework/op_kernel.cc:1192] Out of range: End of sequence
	 [[Node: IteratorGetNext = IteratorGetNext[output_shapes=[[?], [?,?], [?,?]], output_types=[DT_INT32, DT_STRING, DT_INT64], _device="/job:localhost/replica:0/task:0/device:CPU:0"](Iterator)]]
2018-07-24 16:53:11.730370: W tensorflow/core/framework/op_kernel.cc:1192] Out of range: End of sequence
	 [[Node: IteratorGetNext = IteratorGetNext[output_shapes=[[?], [?,?], [?,?]], output_types=[DT_INT32, DT_STRING, DT_INT64], _device="/job:localhost/replica:0/task:0/device:CPU:0"](Iterator)]]
step:31500 source:(32, 66) loss:4.71965
step:32000 source:(32, 66) loss:4.34866
step:32500 source:(32, 66) loss:4.59414
step:33000 source:(32, 66) loss:4.51339
step:33500 source:(32, 66) loss:4.34648
step:34000 source:(32, 66) loss:4.77335
epoch:10 eval_bleu:1.3012021780014038
2018-07-24 17:32:40.047298: W tensorflow/core/framework/op_kernel.cc:1192] Out of range: End of sequence
	 [[Node: IteratorGetNext = IteratorGetNext[output_shapes=[[?], [?,?], [?,?]], output_types=[DT_INT32, DT_STRING, DT_INT64], _device="/job:localhost/replica:0/task:0/device:CPU:0"](Iterator)]]
2018-07-24 17:32:40.047405: W tensorflow/core/framework/op_kernel.cc:1192] Out of range: End of sequence
	 [[Node: IteratorGetNext = IteratorGetNext[output_shapes=[[?], [?,?], [?,?]], output_types=[DT_INT32, DT_STRING, DT_INT64], _device="/job:localhost/replica:0/task:0/device:CPU:0"](Iterator)]]
2018-07-24 17:32:40.047435: W tensorflow/core/framework/op_kernel.cc:1192] Out of range: End of sequence
	 [[Node: IteratorGetNext = IteratorGetNext[output_shapes=[[?], [?,?], [?,?]], output_types=[DT_INT32, DT_STRING, DT_INT64], _device="/job:localhost/replica:0/task:0/device:CPU:0"](Iterator)]]
2018-07-24 17:32:40.047458: W tensorflow/core/framework/op_kernel.cc:1192] Out of range: End of sequence
	 [[Node: IteratorGetNext = IteratorGetNext[output_shapes=[[?], [?,?], [?,?]], output_types=[DT_INT32, DT_STRING, DT_INT64], _device="/job:localhost/replica:0/task:0/device:CPU:0"](Iterator)]]
2018-07-24 17:36:18.668701: W tensorflow/core/framework/op_kernel.cc:1192] Out of range: End of sequence
	 [[Node: IteratorGetNext = IteratorGetNext[output_shapes=[[?], [?,?], [?,?]], output_types=[DT_INT32, DT_STRING, DT_INT64], _device="/job:localhost/replica:0/task:0/device:CPU:0"](Iterator)]]
step:34500 source:(32, 66) loss:4.38263
step:35000 source:(32, 66) loss:4.50416
step:35500 source:(32, 66) loss:4.35726
step:36000 source:(32, 66) loss:4.5341
step:36500 source:(32, 66) loss:4.19997
step:37000 source:(32, 66) loss:4.21459
step:37500 source:(32, 66) loss:4.20124
epoch:11 eval_bleu:1.3809029944241047
2018-07-24 18:15:50.384417: W tensorflow/core/framework/op_kernel.cc:1192] Out of range: End of sequence
	 [[Node: IteratorGetNext = IteratorGetNext[output_shapes=[[?], [?,?], [?,?]], output_types=[DT_INT32, DT_STRING, DT_INT64], _device="/job:localhost/replica:0/task:0/device:CPU:0"](Iterator)]]
2018-07-24 18:19:30.048896: W tensorflow/core/framework/op_kernel.cc:1192] Out of range: End of sequence
	 [[Node: IteratorGetNext = IteratorGetNext[output_shapes=[[?], [?,?], [?,?]], output_types=[DT_INT32, DT_STRING, DT_INT64], _device="/job:localhost/replica:0/task:0/device:CPU:0"](Iterator)]]
step:38000 source:(32, 66) loss:4.14455
step:38500 source:(32, 66) loss:4.5008
step:39000 source:(32, 66) loss:4.49968
step:39500 source:(32, 66) loss:4.22306
step:40000 source:(32, 66) loss:4.17587
step:40500 source:(32, 66) loss:4.0954
epoch:12 eval_bleu:1.435287483036518
the 12 epoch, highest bleu 1.435287
2018-07-24 19:02:47.346285: W tensorflow/core/framework/op_kernel.cc:1192] Out of range: End of sequence
	 [[Node: IteratorGetNext = IteratorGetNext[output_shapes=[[?], [?,?], [?,?]], output_types=[DT_INT32, DT_STRING, DT_INT64], _device="/job:localhost/replica:0/task:0/device:CPU:0"](Iterator)]]
step:41000 source:(32, 66) loss:4.29563
step:41500 source:(32, 66) loss:4.24851
step:42000 source:(32, 66) loss:4.17352
step:42500 source:(32, 66) loss:4.31995
step:43000 source:(32, 66) loss:4.09726
step:43500 source:(32, 66) loss:4.0929
epoch:13 eval_bleu:1.3793193735182285
step:44000 source:(32, 66) loss:4.19109
step:44500 source:(32, 66) loss:4.04923
step:45000 source:(32, 66) loss:4.26273
step:45500 source:(32, 66) loss:4.25078
step:46000 source:(32, 66) loss:3.95109
step:46500 source:(32, 66) loss:4.14143
epoch:14 eval_bleu:1.4191467314958572
2018-07-24 20:25:22.903178: W tensorflow/core/framework/op_kernel.cc:1192] Out of range: End of sequence
	 [[Node: IteratorGetNext = IteratorGetNext[output_shapes=[[?], [?,?], [?,?]], output_types=[DT_INT32, DT_STRING, DT_INT64], _device="/job:localhost/replica:0/task:0/device:CPU:0"](Iterator)]]
step:47000 source:(32, 66) loss:4.15838
step:47500 source:(32, 66) loss:3.97649
step:48000 source:(32, 66) loss:4.09488
step:48500 source:(32, 66) loss:4.22205
step:49000 source:(32, 66) loss:4.17433
step:49500 source:(32, 66) loss:3.93576
step:50000 source:(32, 66) loss:4.01859
epoch:15 eval_bleu:1.4386847615242004
the 15 epoch, highest bleu 1.438685
2018-07-24 21:08:36.154902: W tensorflow/core/framework/op_kernel.cc:1192] Out of range: End of sequence
	 [[Node: IteratorGetNext = IteratorGetNext[output_shapes=[[?], [?,?], [?,?]], output_types=[DT_INT32, DT_STRING, DT_INT64], _device="/job:localhost/replica:0/task:0/device:CPU:0"](Iterator)]]
2018-07-24 21:12:18.832194: W tensorflow/core/framework/op_kernel.cc:1192] Out of range: End of sequence
	 [[Node: IteratorGetNext = IteratorGetNext[output_shapes=[[?], [?,?], [?,?]], output_types=[DT_INT32, DT_STRING, DT_INT64], _device="/job:localhost/replica:0/task:0/device:CPU:0"](Iterator)]]
step:50500 source:(32, 66) loss:3.81778
step:51000 source:(32, 66) loss:4.15144
step:51500 source:(32, 66) loss:3.97419
step:52000 source:(32, 66) loss:3.92856
step:52500 source:(32, 66) loss:3.9139
step:53000 source:(32, 66) loss:3.8352
epoch:16 eval_bleu:1.4215823262929916
2018-07-24 21:55:32.963501: W tensorflow/core/framework/op_kernel.cc:1192] Out of range: End of sequence
	 [[Node: IteratorGetNext = IteratorGetNext[output_shapes=[[?], [?,?], [?,?]], output_types=[DT_INT32, DT_STRING, DT_INT64], _device="/job:localhost/replica:0/task:0/device:CPU:0"](Iterator)]]
2018-07-24 21:55:32.963639: W tensorflow/core/framework/op_kernel.cc:1192] Out of range: End of sequence
	 [[Node: IteratorGetNext = IteratorGetNext[output_shapes=[[?], [?,?], [?,?]], output_types=[DT_INT32, DT_STRING, DT_INT64], _device="/job:localhost/replica:0/task:0/device:CPU:0"](Iterator)]]
step:53500 source:(32, 66) loss:4.13494
step:54000 source:(32, 66) loss:4.05707
step:54500 source:(32, 66) loss:3.94904
step:55000 source:(32, 66) loss:4.00913
step:55500 source:(32, 66) loss:3.91058
step:56000 source:(32, 66) loss:3.62255
epoch:17 eval_bleu:1.3977361842989922
2018-07-24 22:35:01.081028: W tensorflow/core/framework/op_kernel.cc:1192] Out of range: End of sequence
	 [[Node: IteratorGetNext = IteratorGetNext[output_shapes=[[?], [?,?], [?,?]], output_types=[DT_INT32, DT_STRING, DT_INT64], _device="/job:localhost/replica:0/task:0/device:CPU:0"](Iterator)]]
2018-07-24 22:38:42.047400: W tensorflow/core/framework/op_kernel.cc:1192] Out of range: End of sequence
	 [[Node: IteratorGetNext = IteratorGetNext[output_shapes=[[?], [?,?], [?,?]], output_types=[DT_INT32, DT_STRING, DT_INT64], _device="/job:localhost/replica:0/task:0/device:CPU:0"](Iterator)]]
step:56500 source:(32, 66) loss:4.01615
step:57000 source:(32, 66) loss:3.73117
step:57500 source:(32, 66) loss:3.83745
step:58000 source:(32, 66) loss:3.95435
step:58500 source:(32, 66) loss:3.78403
step:59000 source:(32, 66) loss:3.78181
epoch:18 eval_bleu:1.481521874666214
the 18 epoch, highest bleu 1.481522
2018-07-24 23:18:10.930489: W tensorflow/core/framework/op_kernel.cc:1192] Out of range: End of sequence
	 [[Node: IteratorGetNext = IteratorGetNext[output_shapes=[[?], [?,?], [?,?]], output_types=[DT_INT32, DT_STRING, DT_INT64], _device="/job:localhost/replica:0/task:0/device:CPU:0"](Iterator)]]
2018-07-24 23:18:10.930557: W tensorflow/core/framework/op_kernel.cc:1192] Out of range: End of sequence
	 [[Node: IteratorGetNext = IteratorGetNext[output_shapes=[[?], [?,?], [?,?]], output_types=[DT_INT32, DT_STRING, DT_INT64], _device="/job:localhost/replica:0/task:0/device:CPU:0"](Iterator)]]
2018-07-24 23:18:10.931291: W tensorflow/core/framework/op_kernel.cc:1192] Out of range: End of sequence
	 [[Node: IteratorGetNext = IteratorGetNext[output_shapes=[[?], [?,?], [?,?]], output_types=[DT_INT32, DT_STRING, DT_INT64], _device="/job:localhost/replica:0/task:0/device:CPU:0"](Iterator)]]
2018-07-24 23:21:50.796184: W tensorflow/core/framework/op_kernel.cc:1192] Out of range: End of sequence
	 [[Node: IteratorGetNext = IteratorGetNext[output_shapes=[[?], [?,?], [?,?]], output_types=[DT_INT32, DT_STRING, DT_INT64], _device="/job:localhost/replica:0/task:0/device:CPU:0"](Iterator)]]
2018-07-24 23:21:50.796304: W tensorflow/core/framework/op_kernel.cc:1192] Out of range: End of sequence
	 [[Node: IteratorGetNext = IteratorGetNext[output_shapes=[[?], [?,?], [?,?]], output_types=[DT_INT32, DT_STRING, DT_INT64], _device="/job:localhost/replica:0/task:0/device:CPU:0"](Iterator)]]
step:59500 source:(32, 66) loss:3.72992
step:60000 source:(32, 66) loss:3.78392
step:60500 source:(32, 66) loss:3.89375
step:61000 source:(32, 66) loss:3.91386
step:61500 source:(32, 66) loss:3.71254
step:62000 source:(32, 66) loss:3.79372
step:62500 source:(32, 66) loss:3.59309
epoch:19 eval_bleu:1.4771981164813042
2018-07-25 00:05:00.366511: W tensorflow/core/framework/op_kernel.cc:1192] Out of range: End of sequence
	 [[Node: IteratorGetNext = IteratorGetNext[output_shapes=[[?], [?,?], [?,?]], output_types=[DT_INT32, DT_STRING, DT_INT64], _device="/job:localhost/replica:0/task:0/device:CPU:0"](Iterator)]]
2018-07-25 00:05:00.366746: W tensorflow/core/framework/op_kernel.cc:1192] Out of range: End of sequence
	 [[Node: IteratorGetNext = IteratorGetNext[output_shapes=[[?], [?,?], [?,?]], output_types=[DT_INT32, DT_STRING, DT_INT64], _device="/job:localhost/replica:0/task:0/device:CPU:0"](Iterator)]]
2018-07-25 00:05:00.366746: W tensorflow/core/framework/op_kernel.cc:1192] Out of range: End of sequence
	 [[Node: IteratorGetNext = IteratorGetNext[output_shapes=[[?], [?,?], [?,?]], output_types=[DT_INT32, DT_STRING, DT_INT64], _device="/job:localhost/replica:0/task:0/device:CPU:0"](Iterator)]]
step:63000 source:(32, 66) loss:3.61498
step:63500 source:(32, 66) loss:3.85965
step:64000 source:(32, 66) loss:3.99046
step:64500 source:(32, 66) loss:3.79701
step:65000 source:(32, 66) loss:3.91155
step:65500 source:(32, 66) loss:3.53473
epoch:20 eval_bleu:1.4603003859519958
2018-07-25 00:48:13.685674: W tensorflow/core/framework/op_kernel.cc:1192] Out of range: End of sequence
	 [[Node: IteratorGetNext = IteratorGetNext[output_shapes=[[?], [?,?], [?,?]], output_types=[DT_INT32, DT_STRING, DT_INT64], _device="/job:localhost/replica:0/task:0/device:CPU:0"](Iterator)]]
step:66000 source:(32, 66) loss:3.91744
step:66500 source:(32, 66) loss:3.8801
step:67000 source:(32, 66) loss:3.72819
step:67500 source:(32, 66) loss:3.84089
step:68000 source:(32, 66) loss:3.54855
step:68500 source:(32, 66) loss:3.55674
epoch:21 eval_bleu:1.447239425033331
2018-07-25 01:27:44.082543: W tensorflow/core/framework/op_kernel.cc:1192] Out of range: End of sequence
	 [[Node: IteratorGetNext = IteratorGetNext[output_shapes=[[?], [?,?], [?,?]], output_types=[DT_INT32, DT_STRING, DT_INT64], _device="/job:localhost/replica:0/task:0/device:CPU:0"](Iterator)]]
2018-07-25 01:31:25.844030: W tensorflow/core/framework/op_kernel.cc:1192] Out of range: End of sequence
	 [[Node: IteratorGetNext = IteratorGetNext[output_shapes=[[?], [?,?], [?,?]], output_types=[DT_INT32, DT_STRING, DT_INT64], _device="/job:localhost/replica:0/task:0/device:CPU:0"](Iterator)]]
step:69000 source:(32, 66) loss:3.85529
step:69500 source:(32, 66) loss:3.43999
step:70000 source:(32, 66) loss:3.99956
step:70500 source:(32, 66) loss:3.53478
step:71000 source:(32, 66) loss:3.53561
step:71500 source:(32, 66) loss:3.70319
epoch:22 eval_bleu:1.4302370138466358
