/home/syp/miniconda2/envs/py27tf14/lib/python2.7/site-packages/numpy/lib/function_base.py:356: RuntimeWarning: Mean of empty slice.
  avg = a.mean(axis)
/home/syp/miniconda2/envs/py27tf14/lib/python2.7/site-packages/numpy/core/_methods.py:85: RuntimeWarning: invalid value encountered in double_scalars
  ret = ret.dtype.type(ret / rcount)
logdir:./log_dir/grimm.verb.bsize300.epoch350.seqlen17.static_lr.fixed_mask.present0.2.partition3.hidden512/
epoch:0 test_present_rate:0.2 test_bleu:10.2449215949 template_bleu:32.3686003685
epoch:0 test_present_rate:0.2 train_bleu:10.203448683 template_bleu:32.2717607021
step:1 source:(300, 21) loss:4.0961347 lr:0.000707
step:201 source:(300, 20) loss:2.1807797 lr:0.000707
epoch:5 test_present_rate:0.2 test_bleu:45.7812964916 template_bleu:32.3686003685
epoch:5 test_present_rate:0.2 train_bleu:45.7505881786 template_bleu:32.2717607021
step:401 source:(300, 21) loss:2.0381167 lr:0.000707
epoch:10 test_present_rate:0.2 test_bleu:46.0917621851 template_bleu:32.3686003685
epoch:10 test_present_rate:0.2 train_bleu:46.174800396 template_bleu:32.2717607021
step:601 source:(300, 21) loss:2.1217928 lr:0.000707
step:801 source:(300, 21) loss:2.208181 lr:0.000707
epoch:15 test_present_rate:0.2 test_bleu:47.2949594259 template_bleu:32.3686003685
epoch:15 test_present_rate:0.2 train_bleu:47.0580011606 template_bleu:32.2717607021
step:1001 source:(300, 20) loss:2.1336598 lr:0.000707
epoch:20 test_present_rate:0.2 test_bleu:43.7940090895 template_bleu:32.3686003685
epoch:20 test_present_rate:0.2 train_bleu:43.9432442188 template_bleu:32.2717607021
step:1201 source:(300, 20) loss:2.3869665 lr:0.000707
step:1401 source:(300, 19) loss:2.0520647 lr:0.000707
[LR DECAY]: lr decay to 0.000071 at epoch 24
epoch:25 test_present_rate:0.2 test_bleu:46.7925131321 template_bleu:32.3686003685
epoch:25 test_present_rate:0.2 train_bleu:46.7231035233 template_bleu:32.2717607021
[LR DECAY]: lr decay to 0.000007 at epoch 25
step:1601 source:(300, 21) loss:2.2532158 lr:0.000007
[LR DECAY]: lr decay to 0.000001 at epoch 26
epoch:30 test_present_rate:0.2 test_bleu:46.9764500856 template_bleu:32.3686003685
epoch:30 test_present_rate:0.2 train_bleu:46.9126820564 template_bleu:32.2717607021
step:1801 source:(300, 20) loss:2.1389873 lr:0.000001
step:2001 source:(300, 20) loss:2.3248181 lr:0.000001
epoch:35 test_present_rate:0.2 test_bleu:47.0125943422 template_bleu:32.3686003685
epoch:35 test_present_rate:0.2 train_bleu:46.915012598 template_bleu:32.2717607021
step:2201 source:(300, 20) loss:2.1691613 lr:0.000001
epoch:40 test_present_rate:0.2 test_bleu:46.9683468342 template_bleu:32.3686003685
epoch:40 test_present_rate:0.2 train_bleu:46.9174236059 template_bleu:32.2717607021
step:2401 source:(300, 20) loss:2.13442 lr:0.000001
step:2601 source:(300, 20) loss:2.185451 lr:0.000001
epoch:45 test_present_rate:0.2 test_bleu:46.9818204641 template_bleu:32.3686003685
epoch:45 test_present_rate:0.2 train_bleu:46.9128519297 template_bleu:32.2717607021
step:2801 source:(300, 20) loss:2.2619376 lr:0.000001
[LR DECAY]: lr decay to 0.000000 at epoch 49
epoch:50 test_present_rate:0.2 test_bleu:47.0008283854 template_bleu:32.3686003685
epoch:50 test_present_rate:0.2 train_bleu:46.9204813242 template_bleu:32.2717607021
step:3001 source:(300, 20) loss:2.2349534 lr:0.000000
step:3201 source:(300, 20) loss:2.1511426 lr:0.000000
epoch:55 test_present_rate:0.2 test_bleu:47.0018357038 template_bleu:32.3686003685
epoch:55 test_present_rate:0.2 train_bleu:46.9155102968 template_bleu:32.2717607021
step:3401 source:(300, 20) loss:2.1342146 lr:0.000000
epoch:60 test_present_rate:0.2 test_bleu:47.004160285 template_bleu:32.3686003685
epoch:60 test_present_rate:0.2 train_bleu:46.9178259373 template_bleu:32.2717607021
step:3601 source:(300, 20) loss:2.106569 lr:0.000000
step:3801 source:(300, 20) loss:2.2543805 lr:0.000000
epoch:65 test_present_rate:0.2 test_bleu:47.0031499863 template_bleu:32.3686003685
epoch:65 test_present_rate:0.2 train_bleu:46.9177424908 template_bleu:32.2717607021
step:4001 source:(300, 20) loss:2.318753 lr:0.000000
epoch:70 test_present_rate:0.2 test_bleu:46.997359395 template_bleu:32.3686003685
epoch:70 test_present_rate:0.2 train_bleu:46.9213843346 template_bleu:32.2717607021
step:4201 source:(300, 20) loss:2.0050213 lr:0.000000
step:4401 source:(300, 20) loss:2.271236 lr:0.000000
epoch:75 test_present_rate:0.2 test_bleu:46.9968527555 template_bleu:32.3686003685
epoch:75 test_present_rate:0.2 train_bleu:46.9119727612 template_bleu:32.2717607021
step:4601 source:(300, 20) loss:2.1319172 lr:0.000000
epoch:80 test_present_rate:0.2 test_bleu:46.997359395 template_bleu:32.3686003685
epoch:80 test_present_rate:0.2 train_bleu:46.9151735306 template_bleu:32.2717607021
step:4801 source:(300, 20) loss:2.090991 lr:0.000000
step:5001 source:(300, 20) loss:2.2180395 lr:0.000000
epoch:85 test_present_rate:0.2 test_bleu:47.004237771 template_bleu:32.3686003685
epoch:85 test_present_rate:0.2 train_bleu:46.9132840633 template_bleu:32.2717607021
step:5201 source:(300, 21) loss:2.2648473 lr:0.000000
epoch:90 test_present_rate:0.2 test_bleu:46.9983696938 template_bleu:32.3686003685
epoch:90 test_present_rate:0.2 train_bleu:46.9152718782 template_bleu:32.2717607021
step:5401 source:(300, 20) loss:1.9823613 lr:0.000000
step:5601 source:(300, 21) loss:2.2222028 lr:0.000000
epoch:95 test_present_rate:0.2 test_bleu:47.0047473907 template_bleu:32.3686003685
epoch:95 test_present_rate:0.2 train_bleu:46.9159841537 template_bleu:32.2717607021
step:5801 source:(300, 21) loss:2.0955288 lr:0.000000
epoch:100 test_present_rate:0.2 test_bleu:47.0047473907 template_bleu:32.3686003685
epoch:100 test_present_rate:0.2 train_bleu:46.9172388315 template_bleu:32.2717607021
step:6001 source:(300, 21) loss:2.060528 lr:0.000000
step:6201 source:(300, 20) loss:2.16071 lr:0.000000
epoch:105 test_present_rate:0.2 test_bleu:47.0037311316 template_bleu:32.3686003685
epoch:105 test_present_rate:0.2 train_bleu:46.9112694263 template_bleu:32.2717607021
step:6401 source:(300, 20) loss:2.1971946 lr:0.000000
epoch:110 test_present_rate:0.2 test_bleu:46.9968527555 template_bleu:32.3686003685
epoch:110 test_present_rate:0.2 train_bleu:46.9169944525 template_bleu:32.2717607021
step:6601 source:(300, 20) loss:2.1381967 lr:0.000000
step:6801 source:(300, 20) loss:2.0557182 lr:0.000000
epoch:115 test_present_rate:0.2 test_bleu:46.9968527555 template_bleu:32.3686003685
epoch:115 test_present_rate:0.2 train_bleu:46.9109892845 template_bleu:32.2717607021
step:7001 source:(300, 20) loss:2.116763 lr:0.000000
epoch:120 test_present_rate:0.2 test_bleu:46.9963461161 template_bleu:32.3686003685
epoch:120 test_present_rate:0.2 train_bleu:46.9213068485 template_bleu:32.2717607021
step:7201 source:(300, 20) loss:2.118669 lr:0.000000
step:7401 source:(300, 20) loss:2.1410625 lr:0.000000
epoch:125 test_present_rate:0.2 test_bleu:46.9953298569 template_bleu:32.3686003685
epoch:125 test_present_rate:0.2 train_bleu:46.9088047743 template_bleu:32.2717607021
step:7601 source:(300, 20) loss:2.0955565 lr:0.000000
epoch:130 test_present_rate:0.2 test_bleu:46.993803978 template_bleu:32.3686003685
epoch:130 test_present_rate:0.2 train_bleu:46.9159901142 template_bleu:32.2717607021
step:7801 source:(300, 21) loss:2.2910085 lr:0.000000
step:8001 source:(300, 21) loss:2.1132514 lr:0.000000
epoch:135 test_present_rate:0.2 test_bleu:46.9953298569 template_bleu:32.3686003685
epoch:135 test_present_rate:0.2 train_bleu:46.9107747078 template_bleu:32.2717607021
step:8201 source:(300, 20) loss:2.0985408 lr:0.000000
epoch:140 test_present_rate:0.2 test_bleu:46.9889581203 template_bleu:32.3686003685
epoch:140 test_present_rate:0.2 train_bleu:46.9154924154 template_bleu:32.2717607021
step:8401 source:(300, 19) loss:2.1944067 lr:0.000000
step:8601 source:(300, 20) loss:2.2162433 lr:0.000000
epoch:145 test_present_rate:0.2 test_bleu:46.9948202372 template_bleu:32.3686003685
epoch:145 test_present_rate:0.2 train_bleu:46.9117701054 template_bleu:32.2717607021
step:8801 source:(300, 20) loss:1.9860498 lr:0.000000
epoch:150 test_present_rate:0.2 test_bleu:46.9948202372 template_bleu:32.3686003685
epoch:150 test_present_rate:0.2 train_bleu:46.9191193581 template_bleu:32.2717607021
step:9001 source:(300, 20) loss:2.2142692 lr:0.000000
step:9201 source:(300, 20) loss:2.2013936 lr:0.000000
epoch:155 test_present_rate:0.2 test_bleu:46.9953298569 template_bleu:32.3686003685
epoch:155 test_present_rate:0.2 train_bleu:46.923738718 template_bleu:32.2717607021
step:9401 source:(300, 20) loss:2.3785977 lr:0.000000
epoch:160 test_present_rate:0.2 test_bleu:46.9964891672 template_bleu:32.3686003685
epoch:160 test_present_rate:0.2 train_bleu:46.9161093235 template_bleu:32.2717607021
step:9601 source:(300, 20) loss:2.2580483 lr:0.000000
step:9801 source:(300, 21) loss:2.0977166 lr:0.000000
epoch:165 test_present_rate:0.2 test_bleu:46.9975054264 template_bleu:32.3686003685
epoch:165 test_present_rate:0.2 train_bleu:46.9116300344 template_bleu:32.2717607021
step:10001 source:(300, 20) loss:2.1977468 lr:0.000000
epoch:170 test_present_rate:0.2 test_bleu:46.9975054264 template_bleu:32.3686003685
epoch:170 test_present_rate:0.2 train_bleu:46.9155132771 template_bleu:32.2717607021
step:10201 source:(300, 21) loss:2.2137632 lr:0.000000
step:10401 source:(300, 20) loss:2.0665367 lr:0.000000
epoch:175 test_present_rate:0.2 test_bleu:47.0114350319 template_bleu:32.3686003685
epoch:175 test_present_rate:0.2 train_bleu:46.9194114208 template_bleu:32.2717607021
step:10601 source:(300, 20) loss:2.20682 lr:0.000000
epoch:180 test_present_rate:0.2 test_bleu:47.0119446516 template_bleu:32.3686003685
epoch:180 test_present_rate:0.2 train_bleu:46.9145327806 template_bleu:32.2717607021
step:10801 source:(300, 20) loss:2.3012304 lr:0.000000
step:11001 source:(300, 20) loss:2.1446145 lr:0.000000
epoch:185 test_present_rate:0.2 test_bleu:47.0134735107 template_bleu:32.3686003685
epoch:185 test_present_rate:0.2 train_bleu:46.9220906496 template_bleu:32.2717607021
step:11201 source:(300, 20) loss:2.0640895 lr:0.000000
epoch:190 test_present_rate:0.2 test_bleu:47.0144897699 template_bleu:32.3686003685
epoch:190 test_present_rate:0.2 train_bleu:46.9186067581 template_bleu:32.2717607021
step:11401 source:(300, 20) loss:2.1515217 lr:0.000000
step:11601 source:(300, 20) loss:2.2139857 lr:0.000000
epoch:195 test_present_rate:0.2 test_bleu:47.0149964094 template_bleu:32.3686003685
epoch:195 test_present_rate:0.2 train_bleu:46.9175428152 template_bleu:32.2717607021
step:11801 source:(300, 20) loss:2.0342174 lr:0.000000
epoch:200 test_present_rate:0.2 test_bleu:47.0155030489 template_bleu:32.3686003685
epoch:200 test_present_rate:0.2 train_bleu:46.9176352024 template_bleu:32.2717607021
step:12001 source:(300, 21) loss:2.2359502 lr:0.000000
step:12201 source:(300, 20) loss:2.1901526 lr:0.000000
epoch:205 test_present_rate:0.2 test_bleu:47.0139801502 template_bleu:32.3686003685
epoch:205 test_present_rate:0.2 train_bleu:46.9118982553 template_bleu:32.2717607021
step:12401 source:(300, 21) loss:2.1200242 lr:0.000000
epoch:210 test_present_rate:0.2 test_bleu:47.0149964094 template_bleu:32.3686003685
epoch:210 test_present_rate:0.2 train_bleu:46.9101935625 template_bleu:32.2717607021
step:12601 source:(300, 20) loss:2.2934916 lr:0.000000
step:12801 source:(300, 20) loss:2.158655 lr:0.000000
epoch:215 test_present_rate:0.2 test_bleu:47.0134735107 template_bleu:32.3686003685
epoch:215 test_present_rate:0.2 train_bleu:46.9091951847 template_bleu:32.2717607021
step:13001 source:(300, 20) loss:2.2336724 lr:0.000000
epoch:220 test_present_rate:0.2 test_bleu:47.0144897699 template_bleu:32.3686003685
epoch:220 test_present_rate:0.2 train_bleu:46.9155400991 template_bleu:32.2717607021
step:13201 source:(300, 20) loss:2.178386 lr:0.000000
step:13401 source:(300, 21) loss:2.1779284 lr:0.000000
epoch:225 test_present_rate:0.2 test_bleu:47.0119446516 template_bleu:32.3686003685
epoch:225 test_present_rate:0.2 train_bleu:46.9135373831 template_bleu:32.2717607021
step:13601 source:(300, 20) loss:2.331819 lr:0.000000
epoch:230 test_present_rate:0.2 test_bleu:47.012963891 template_bleu:32.3686003685
epoch:230 test_present_rate:0.2 train_bleu:46.9078749418 template_bleu:32.2717607021
step:13801 source:(300, 20) loss:2.1387217 lr:0.000000
step:14001 source:(300, 20) loss:2.1678956 lr:0.000000
epoch:235 test_present_rate:0.2 test_bleu:47.0109224319 template_bleu:32.3686003685
epoch:235 test_present_rate:0.2 train_bleu:46.9133466482 template_bleu:32.2717607021
step:14201 source:(300, 21) loss:2.1812167 lr:0.000000
epoch:240 test_present_rate:0.2 test_bleu:47.0109224319 template_bleu:32.3686003685
epoch:240 test_present_rate:0.2 train_bleu:46.9101220369 template_bleu:32.2717607021
step:14401 source:(300, 20) loss:2.2247677 lr:0.000000
step:14601 source:(300, 21) loss:2.1122613 lr:0.000000
epoch:245 test_present_rate:0.2 test_bleu:47.0119446516 template_bleu:32.3686003685
epoch:245 test_present_rate:0.2 train_bleu:46.9064205885 template_bleu:32.2717607021
step:14801 source:(300, 21) loss:2.1282015 lr:0.000000
epoch:250 test_present_rate:0.2 test_bleu:47.0119446516 template_bleu:32.3686003685
epoch:250 test_present_rate:0.2 train_bleu:46.9123184681 template_bleu:32.2717607021
step:15001 source:(300, 20) loss:2.1042454 lr:0.000000
step:15201 source:(300, 20) loss:2.1465917 lr:0.000000
epoch:255 test_present_rate:0.2 test_bleu:47.0124542713 template_bleu:32.3686003685
epoch:255 test_present_rate:0.2 train_bleu:46.9190776348 template_bleu:32.2717607021
step:15401 source:(300, 20) loss:2.0787435 lr:0.000000
epoch:260 test_present_rate:0.2 test_bleu:47.012963891 template_bleu:32.3686003685
epoch:260 test_present_rate:0.2 train_bleu:46.9086766243 template_bleu:32.2717607021
step:15601 source:(300, 20) loss:2.1545238 lr:0.000000
step:15801 source:(300, 20) loss:2.0123162 lr:0.000000
epoch:265 test_present_rate:0.2 test_bleu:47.0344632864 template_bleu:32.3686003685
epoch:265 test_present_rate:0.2 train_bleu:46.919298172 template_bleu:32.2717607021
step:16001 source:(300, 20) loss:2.3012524 lr:0.000000
epoch:270 test_present_rate:0.2 test_bleu:47.0344632864 template_bleu:32.3686003685
epoch:270 test_present_rate:0.2 train_bleu:46.9236075878 template_bleu:32.2717607021
step:16201 source:(300, 21) loss:2.0570703 lr:0.000000
step:16401 source:(300, 20) loss:2.2654128 lr:0.000000
epoch:275 test_present_rate:0.2 test_bleu:47.0339506865 template_bleu:32.3686003685
epoch:275 test_present_rate:0.2 train_bleu:46.9158351421 template_bleu:32.2717607021
step:16601 source:(300, 21) loss:2.1045122 lr:0.000000
epoch:280 test_present_rate:0.2 test_bleu:47.0243543386 template_bleu:32.3686003685
epoch:280 test_present_rate:0.2 train_bleu:46.9172090292 template_bleu:32.2717607021
step:16801 source:(300, 20) loss:2.2412627 lr:0.000000
step:17001 source:(300, 20) loss:2.046062 lr:0.000000
epoch:285 test_present_rate:0.2 test_bleu:47.0329284668 template_bleu:32.3686003685
epoch:285 test_present_rate:0.2 train_bleu:46.9175904989 template_bleu:32.2717607021
step:17201 source:(300, 20) loss:2.1453457 lr:0.000000
epoch:290 test_present_rate:0.2 test_bleu:47.0322459936 template_bleu:32.3686003685
epoch:290 test_present_rate:0.2 train_bleu:46.9166308641 template_bleu:32.2717607021
step:17401 source:(300, 20) loss:2.1612508 lr:0.000000
step:17601 source:(300, 20) loss:2.1072547 lr:0.000000
epoch:295 test_present_rate:0.2 test_bleu:47.0586776733 template_bleu:32.3686003685
epoch:295 test_present_rate:0.2 train_bleu:46.9236165285 template_bleu:32.2717607021
step:17801 source:(300, 20) loss:2.2297485 lr:0.000000
epoch:300 test_present_rate:0.2 test_bleu:47.0480620861 template_bleu:32.3686003685
epoch:300 test_present_rate:0.2 train_bleu:46.9265937805 template_bleu:32.2717607021
step:18001 source:(300, 21) loss:2.1084495 lr:0.000000
step:18201 source:(300, 20) loss:2.2492611 lr:0.000000
epoch:305 test_present_rate:0.2 test_bleu:47.0344632864 template_bleu:32.3686003685
epoch:305 test_present_rate:0.2 train_bleu:46.9258636236 template_bleu:32.2717607021
step:18401 source:(300, 20) loss:2.1954157 lr:0.000000
epoch:310 test_present_rate:0.2 test_bleu:47.0480620861 template_bleu:32.3686003685
epoch:310 test_present_rate:0.2 train_bleu:46.9146698713 template_bleu:32.2717607021
step:18601 source:(300, 20) loss:2.2120411 lr:0.000000
step:18801 source:(300, 20) loss:2.0560532 lr:0.000000
epoch:315 test_present_rate:0.2 test_bleu:47.0480620861 template_bleu:32.3686003685
epoch:315 test_present_rate:0.2 train_bleu:46.9163507223 template_bleu:32.2717607021
step:19001 source:(300, 20) loss:2.2746224 lr:0.000000
epoch:320 test_present_rate:0.2 test_bleu:47.0248639584 template_bleu:32.3686003685
epoch:320 test_present_rate:0.2 train_bleu:46.9173580408 template_bleu:32.2717607021
step:19201 source:(300, 20) loss:2.2488804 lr:0.000000
step:19401 source:(300, 21) loss:2.018546 lr:0.000000
epoch:325 test_present_rate:0.2 test_bleu:47.0018357038 template_bleu:32.3686003685
epoch:325 test_present_rate:0.2 train_bleu:46.9197273254 template_bleu:32.2717607021
step:19601 source:(300, 20) loss:2.249628 lr:0.000000
epoch:330 test_present_rate:0.2 test_bleu:47.0216244459 template_bleu:32.3686003685
epoch:330 test_present_rate:0.2 train_bleu:46.9105571508 template_bleu:32.2717607021
step:19801 source:(300, 20) loss:2.130277 lr:0.000000
step:20001 source:(300, 20) loss:2.0958412 lr:0.000000
epoch:335 test_present_rate:0.2 test_bleu:46.9991028309 template_bleu:32.3686003685
epoch:335 test_present_rate:0.2 train_bleu:46.9232410192 template_bleu:32.2717607021
step:20201 source:(300, 20) loss:2.0322776 lr:0.000000
epoch:340 test_present_rate:0.2 test_bleu:47.0006376505 template_bleu:32.3686003685
epoch:340 test_present_rate:0.2 train_bleu:46.9164788723 template_bleu:32.2717607021
step:20401 source:(300, 20) loss:2.1241288 lr:0.000000
step:20601 source:(300, 20) loss:2.0238853 lr:0.000000
epoch:345 test_present_rate:0.2 test_bleu:47.0136910677 template_bleu:32.3686003685
epoch:345 test_present_rate:0.2 train_bleu:46.9310134649 template_bleu:32.2717607021
step:20801 source:(300, 20) loss:2.1833186 lr:0.000000
epoch:349 test_present_rate:0.2 test_bleu:46.9973951578 template_bleu:32.3686003685
epoch:349 test_present_rate:0.2 train_bleu:46.915641427 template_bleu:32.2717607021
