/home/syp/miniconda2/envs/py27tf14/lib/python2.7/site-packages/numpy/lib/function_base.py:356: RuntimeWarning: Mean of empty slice.
  avg = a.mean(axis)
/home/syp/miniconda2/envs/py27tf14/lib/python2.7/site-packages/numpy/core/_methods.py:85: RuntimeWarning: invalid value encountered in double_scalars
  ret = ret.dtype.type(ret / rcount)
logdir:./log_dir/grimm.bsize400.epoch350.seqlen16.static_lr.fixed_mask.present0.2.partition3.hidden512/
epoch:0 test_present_rate:0.2 test_bleu:13.5209530592 template_bleu:38.0662322044
epoch:0 test_present_rate:0.2 train_bleu:13.4425371885 template_bleu:37.8242343664
step:1 source:(400, 22) loss:6.568659 lr:0.000707
step:201 source:(400, 21) loss:1.9668428 lr:0.000707
epoch:5 test_present_rate:0.2 test_bleu:68.4046626091 template_bleu:38.0662322044
epoch:5 test_present_rate:0.2 train_bleu:68.0012404919 template_bleu:37.8242343664
step:401 source:(400, 21) loss:1.9539511 lr:0.000707
epoch:10 test_present_rate:0.2 test_bleu:69.5726573467 template_bleu:38.0662322044
epoch:10 test_present_rate:0.2 train_bleu:69.5691764355 template_bleu:37.8242343664
step:601 source:(400, 22) loss:1.8453258 lr:0.000707
epoch:15 test_present_rate:0.2 test_bleu:72.4497556686 template_bleu:38.0662322044
epoch:15 test_present_rate:0.2 train_bleu:72.6869404316 template_bleu:37.8242343664
step:801 source:(400, 21) loss:1.8281637 lr:0.000707
epoch:20 test_present_rate:0.2 test_bleu:75.1930713654 template_bleu:38.0662322044
epoch:20 test_present_rate:0.2 train_bleu:75.6753087044 template_bleu:37.8242343664
step:1001 source:(400, 21) loss:1.8062681 lr:0.000707
epoch:25 test_present_rate:0.2 test_bleu:75.5829751492 template_bleu:38.0662322044
epoch:25 test_present_rate:0.2 train_bleu:76.1831998825 template_bleu:37.8242343664
step:1201 source:(400, 21) loss:1.8156673 lr:0.000707
epoch:30 test_present_rate:0.2 test_bleu:75.3109633923 template_bleu:38.0662322044
epoch:30 test_present_rate:0.2 train_bleu:76.3633906841 template_bleu:37.8242343664
step:1401 source:(400, 21) loss:1.8158363 lr:0.000707
epoch:35 test_present_rate:0.2 test_bleu:75.1306533813 template_bleu:38.0662322044
epoch:35 test_present_rate:0.2 train_bleu:76.6042590141 template_bleu:37.8242343664
step:1601 source:(400, 22) loss:1.8610517 lr:0.000707
epoch:40 test_present_rate:0.2 test_bleu:75.6077170372 template_bleu:38.0662322044
epoch:40 test_present_rate:0.2 train_bleu:77.0237743855 template_bleu:37.8242343664
step:1801 source:(400, 21) loss:1.9268231 lr:0.000707
step:2001 source:(400, 21) loss:1.9471161 lr:0.000707
epoch:45 test_present_rate:0.2 test_bleu:75.5201041698 template_bleu:38.0662322044
epoch:45 test_present_rate:0.2 train_bleu:76.8802940845 template_bleu:37.8242343664
step:2201 source:(400, 21) loss:2.1052077 lr:0.000707
epoch:50 test_present_rate:0.2 test_bleu:74.0913927555 template_bleu:38.0662322044
epoch:50 test_present_rate:0.2 train_bleu:75.0314712524 template_bleu:37.8242343664
step:2401 source:(400, 21) loss:2.0301647 lr:0.000707
epoch:55 test_present_rate:0.2 test_bleu:71.9280600548 template_bleu:38.0662322044
epoch:55 test_present_rate:0.2 train_bleu:72.5470900536 template_bleu:37.8242343664
[LR DECAY]: lr decay to 0.000071 at epoch 56
step:2601 source:(400, 22) loss:1.9924852 lr:0.000071
[LR DECAY]: lr decay to 0.000007 at epoch 57
[LR DECAY]: lr decay to 0.000001 at epoch 58
[LR DECAY]: lr decay to 0.000000 at epoch 59
epoch:60 test_present_rate:0.2 test_bleu:73.1322228909 template_bleu:38.0662322044
epoch:60 test_present_rate:0.2 train_bleu:74.3493914604 template_bleu:37.8242343664
step:2801 source:(400, 21) loss:1.9815453 lr:0.000000
epoch:65 test_present_rate:0.2 test_bleu:73.1082499027 template_bleu:38.0662322044
epoch:65 test_present_rate:0.2 train_bleu:74.3525505066 template_bleu:37.8242343664
step:3001 source:(400, 21) loss:1.9699789 lr:0.000000
epoch:70 test_present_rate:0.2 test_bleu:73.1316745281 template_bleu:38.0662322044
epoch:70 test_present_rate:0.2 train_bleu:74.3510246277 template_bleu:37.8242343664
step:3201 source:(400, 21) loss:1.991548 lr:0.000000
epoch:75 test_present_rate:0.2 test_bleu:73.1204390526 template_bleu:38.0662322044
epoch:75 test_present_rate:0.2 train_bleu:74.3747472763 template_bleu:37.8242343664
step:3401 source:(400, 22) loss:2.0021584 lr:0.000000
epoch:80 test_present_rate:0.2 test_bleu:73.1170535088 template_bleu:38.0662322044
epoch:80 test_present_rate:0.2 train_bleu:74.3551433086 template_bleu:37.8242343664
step:3601 source:(400, 22) loss:1.9210846 lr:0.000000
step:3801 source:(400, 21) loss:1.9613346 lr:0.000000
epoch:85 test_present_rate:0.2 test_bleu:73.1199502945 template_bleu:38.0662322044
epoch:85 test_present_rate:0.2 train_bleu:74.3677377701 template_bleu:37.8242343664
step:4001 source:(400, 22) loss:1.9826996 lr:0.000000
epoch:90 test_present_rate:0.2 test_bleu:73.1391966343 template_bleu:38.0662322044
epoch:90 test_present_rate:0.2 train_bleu:74.376642704 template_bleu:37.8242343664
step:4201 source:(400, 22) loss:1.952129 lr:0.000000
epoch:95 test_present_rate:0.2 test_bleu:73.1423139572 template_bleu:38.0662322044
epoch:95 test_present_rate:0.2 train_bleu:74.3774712086 template_bleu:37.8242343664
step:4401 source:(400, 22) loss:1.9838756 lr:0.000000
epoch:100 test_present_rate:0.2 test_bleu:73.1451511383 template_bleu:38.0662322044
epoch:100 test_present_rate:0.2 train_bleu:74.3624866009 template_bleu:37.8242343664
step:4601 source:(400, 21) loss:1.9569749 lr:0.000000
epoch:105 test_present_rate:0.2 test_bleu:73.1549561024 template_bleu:38.0662322044
epoch:105 test_present_rate:0.2 train_bleu:74.386960268 template_bleu:37.8242343664
step:4801 source:(400, 22) loss:1.9868736 lr:0.000000
epoch:110 test_present_rate:0.2 test_bleu:73.1405973434 template_bleu:38.0662322044
epoch:110 test_present_rate:0.2 train_bleu:74.4006156921 template_bleu:37.8242343664
step:5001 source:(400, 22) loss:1.972549 lr:0.000000
epoch:115 test_present_rate:0.2 test_bleu:73.1544077396 template_bleu:38.0662322044
epoch:115 test_present_rate:0.2 train_bleu:74.3770539761 template_bleu:37.8242343664
step:5201 source:(400, 21) loss:2.0067406 lr:0.000000
epoch:120 test_present_rate:0.2 test_bleu:73.1687605381 template_bleu:38.0662322044
epoch:120 test_present_rate:0.2 train_bleu:74.3956506252 template_bleu:37.8242343664
step:5401 source:(400, 22) loss:1.9886453 lr:0.000000
step:5601 source:(400, 21) loss:1.9790866 lr:0.000000
epoch:125 test_present_rate:0.2 test_bleu:73.1690347195 template_bleu:38.0662322044
epoch:125 test_present_rate:0.2 train_bleu:74.3853509426 template_bleu:37.8242343664
step:5801 source:(400, 22) loss:1.9702033 lr:0.000000
epoch:130 test_present_rate:0.2 test_bleu:73.1664657593 template_bleu:38.0662322044
epoch:130 test_present_rate:0.2 train_bleu:74.380928278 template_bleu:37.8242343664
step:6001 source:(400, 21) loss:1.9954005 lr:0.000000
epoch:135 test_present_rate:0.2 test_bleu:73.1698930264 template_bleu:38.0662322044
epoch:135 test_present_rate:0.2 train_bleu:74.3995904922 template_bleu:37.8242343664
step:6201 source:(400, 21) loss:1.9764717 lr:0.000000
epoch:140 test_present_rate:0.2 test_bleu:73.1625914574 template_bleu:38.0662322044
epoch:140 test_present_rate:0.2 train_bleu:74.3721723557 template_bleu:37.8242343664
step:6401 source:(400, 22) loss:1.9898258 lr:0.000000
epoch:145 test_present_rate:0.2 test_bleu:73.1763422489 template_bleu:38.0662322044
epoch:145 test_present_rate:0.2 train_bleu:74.3764162064 template_bleu:37.8242343664
step:6601 source:(400, 22) loss:1.9463661 lr:0.000000
epoch:150 test_present_rate:0.2 test_bleu:73.1704413891 template_bleu:38.0662322044
epoch:150 test_present_rate:0.2 train_bleu:74.3961632252 template_bleu:37.8242343664
step:6801 source:(400, 21) loss:1.972592 lr:0.000000
epoch:155 test_present_rate:0.2 test_bleu:73.1841921806 template_bleu:38.0662322044
epoch:155 test_present_rate:0.2 train_bleu:74.3927776814 template_bleu:37.8242343664
step:7001 source:(400, 21) loss:1.9723487 lr:0.000000
epoch:160 test_present_rate:0.2 test_bleu:73.1839179993 template_bleu:38.0662322044
epoch:160 test_present_rate:0.2 train_bleu:74.3878602982 template_bleu:37.8242343664
step:7201 source:(400, 22) loss:1.9434751 lr:0.000000
step:7401 source:(400, 22) loss:1.9560311 lr:0.000000
epoch:165 test_present_rate:0.2 test_bleu:73.1844604015 template_bleu:38.0662322044
epoch:165 test_present_rate:0.2 train_bleu:74.3845760822 template_bleu:37.8242343664
step:7601 source:(400, 22) loss:1.9856372 lr:0.000000
epoch:170 test_present_rate:0.2 test_bleu:73.1841921806 template_bleu:38.0662322044
epoch:170 test_present_rate:0.2 train_bleu:74.395275116 template_bleu:37.8242343664
step:7801 source:(400, 21) loss:1.9806247 lr:0.000000
epoch:175 test_present_rate:0.2 test_bleu:73.1508016586 template_bleu:38.0662322044
epoch:175 test_present_rate:0.2 train_bleu:74.3940234184 template_bleu:37.8242343664
step:8001 source:(400, 21) loss:1.9797963 lr:0.000000
epoch:180 test_present_rate:0.2 test_bleu:73.1522083282 template_bleu:38.0662322044
epoch:180 test_present_rate:0.2 train_bleu:74.3797659874 template_bleu:37.8242343664
step:8201 source:(400, 21) loss:1.9972512 lr:0.000000
epoch:185 test_present_rate:0.2 test_bleu:73.1712400913 template_bleu:38.0662322044
epoch:185 test_present_rate:0.2 train_bleu:74.4014978409 template_bleu:37.8242343664
step:8401 source:(400, 22) loss:2.0035899 lr:0.000000
epoch:190 test_present_rate:0.2 test_bleu:73.1522083282 template_bleu:38.0662322044
epoch:190 test_present_rate:0.2 train_bleu:74.3815362453 template_bleu:37.8242343664
step:8601 source:(400, 22) loss:1.9949347 lr:0.000000
epoch:195 test_present_rate:0.2 test_bleu:73.1519341469 template_bleu:38.0662322044
epoch:195 test_present_rate:0.2 train_bleu:74.3826508522 template_bleu:37.8242343664
step:8801 source:(400, 22) loss:1.9808111 lr:0.000000
epoch:200 test_present_rate:0.2 test_bleu:73.17096591 template_bleu:38.0662322044
epoch:200 test_present_rate:0.2 train_bleu:74.3957221508 template_bleu:37.8242343664
step:9001 source:(400, 21) loss:1.9911569 lr:0.000000
step:9201 source:(400, 21) loss:1.9902474 lr:0.000000
epoch:205 test_present_rate:0.2 test_bleu:73.1850504875 template_bleu:38.0662322044
epoch:205 test_present_rate:0.2 train_bleu:74.393004179 template_bleu:37.8242343664
step:9401 source:(400, 22) loss:1.9656746 lr:0.000000
epoch:210 test_present_rate:0.2 test_bleu:73.1855928898 template_bleu:38.0662322044
epoch:210 test_present_rate:0.2 train_bleu:74.3938028812 template_bleu:37.8242343664
step:9601 source:(400, 21) loss:1.9959077 lr:0.000000
epoch:215 test_present_rate:0.2 test_bleu:73.1513500214 template_bleu:38.0662322044
epoch:215 test_present_rate:0.2 train_bleu:74.3932187557 template_bleu:37.8242343664
step:9801 source:(400, 22) loss:1.9961292 lr:0.000000
epoch:220 test_present_rate:0.2 test_bleu:73.1657445431 template_bleu:38.0662322044
epoch:220 test_present_rate:0.2 train_bleu:74.3932843208 template_bleu:37.8242343664
step:10001 source:(400, 21) loss:1.9541757 lr:0.000000
epoch:225 test_present_rate:0.2 test_bleu:73.1662929058 template_bleu:38.0662322044
epoch:225 test_present_rate:0.2 train_bleu:74.3789792061 template_bleu:37.8242343664
step:10201 source:(400, 22) loss:1.9957658 lr:0.000000
epoch:230 test_present_rate:0.2 test_bleu:73.1732845306 template_bleu:38.0662322044
epoch:230 test_present_rate:0.2 train_bleu:74.4130313396 template_bleu:37.8242343664
step:10401 source:(400, 22) loss:1.9743993 lr:0.000000
epoch:235 test_present_rate:0.2 test_bleu:73.1721878052 template_bleu:38.0662322044
epoch:235 test_present_rate:0.2 train_bleu:74.3864059448 template_bleu:37.8242343664
step:10601 source:(400, 21) loss:2.022909 lr:0.000000
epoch:240 test_present_rate:0.2 test_bleu:73.1581687927 template_bleu:38.0662322044
epoch:240 test_present_rate:0.2 train_bleu:74.399638176 template_bleu:37.8242343664
step:10801 source:(400, 21) loss:1.9774781 lr:0.000000
step:11001 source:(400, 22) loss:1.974018 lr:0.000000
epoch:245 test_present_rate:0.2 test_bleu:73.1811702251 template_bleu:38.0662322044
epoch:245 test_present_rate:0.2 train_bleu:74.405002594 template_bleu:37.8242343664
step:11201 source:(400, 21) loss:1.9345942 lr:0.000000
epoch:250 test_present_rate:0.2 test_bleu:73.1531202793 template_bleu:38.0662322044
epoch:250 test_present_rate:0.2 train_bleu:74.4018793106 template_bleu:37.8242343664
step:11401 source:(400, 22) loss:2.0196385 lr:0.000000
epoch:255 test_present_rate:0.2 test_bleu:73.1458127499 template_bleu:38.0662322044
epoch:255 test_present_rate:0.2 train_bleu:74.3889927864 template_bleu:37.8242343664
step:11601 source:(400, 21) loss:1.9556985 lr:0.000000
epoch:260 test_present_rate:0.2 test_bleu:73.1402277946 template_bleu:38.0662322044
epoch:260 test_present_rate:0.2 train_bleu:74.3818104267 template_bleu:37.8242343664
step:11801 source:(400, 22) loss:1.9825497 lr:0.000000
epoch:265 test_present_rate:0.2 test_bleu:73.1472194195 template_bleu:38.0662322044
epoch:265 test_present_rate:0.2 train_bleu:74.3900060654 template_bleu:37.8242343664
step:12001 source:(400, 22) loss:1.9913704 lr:0.000000
epoch:270 test_present_rate:0.2 test_bleu:73.1258690357 template_bleu:38.0662322044
epoch:270 test_present_rate:0.2 train_bleu:74.3924915791 template_bleu:37.8242343664
step:12201 source:(400, 22) loss:1.9565604 lr:0.000000
epoch:275 test_present_rate:0.2 test_bleu:73.1258690357 template_bleu:38.0662322044
epoch:275 test_present_rate:0.2 train_bleu:74.3842959404 template_bleu:37.8242343664
step:12401 source:(400, 22) loss:1.9559668 lr:0.000000
epoch:280 test_present_rate:0.2 test_bleu:73.1451749802 template_bleu:38.0662322044
epoch:280 test_present_rate:0.2 train_bleu:74.3920862675 template_bleu:37.8242343664
step:12601 source:(400, 22) loss:1.950285 lr:0.000000
step:12801 source:(400, 22) loss:1.9674045 lr:0.000000
epoch:285 test_present_rate:0.2 test_bleu:73.1727957726 template_bleu:38.0662322044
epoch:285 test_present_rate:0.2 train_bleu:74.4023084641 template_bleu:37.8242343664
step:13001 source:(400, 21) loss:1.9834749 lr:0.000000
epoch:290 test_present_rate:0.2 test_bleu:73.1266915798 template_bleu:38.0662322044
epoch:290 test_present_rate:0.2 train_bleu:74.4052767754 template_bleu:37.8242343664
step:13201 source:(400, 22) loss:1.9814647 lr:0.000000
epoch:295 test_present_rate:0.2 test_bleu:73.1323778629 template_bleu:38.0662322044
epoch:295 test_present_rate:0.2 train_bleu:74.401640892 template_bleu:37.8242343664
step:13401 source:(400, 21) loss:1.9991542 lr:0.000000
epoch:300 test_present_rate:0.2 test_bleu:73.1337845325 template_bleu:38.0662322044
epoch:300 test_present_rate:0.2 train_bleu:74.3808507919 template_bleu:37.8242343664
step:13601 source:(400, 22) loss:2.0066435 lr:0.000000
epoch:305 test_present_rate:0.2 test_bleu:73.1530308723 template_bleu:38.0662322044
epoch:305 test_present_rate:0.2 train_bleu:74.42304492 template_bleu:37.8242343664
step:13801 source:(400, 22) loss:1.9925578 lr:0.000000
epoch:310 test_present_rate:0.2 test_bleu:73.1443166733 template_bleu:38.0662322044
epoch:310 test_present_rate:0.2 train_bleu:74.4051039219 template_bleu:37.8242343664
step:14001 source:(400, 21) loss:1.9754076 lr:0.000000
epoch:315 test_present_rate:0.2 test_bleu:73.1553852558 template_bleu:38.0662322044
epoch:315 test_present_rate:0.2 train_bleu:74.39853549 template_bleu:37.8242343664
step:14201 source:(400, 22) loss:1.9874833 lr:0.000000
epoch:320 test_present_rate:0.2 test_bleu:73.1542527676 template_bleu:38.0662322044
epoch:320 test_present_rate:0.2 train_bleu:74.402743578 template_bleu:37.8242343664
step:14401 source:(400, 21) loss:1.9640257 lr:0.000000
step:14601 source:(400, 21) loss:1.9810395 lr:0.000000
epoch:325 test_present_rate:0.2 test_bleu:73.1680631638 template_bleu:38.0662322044
epoch:325 test_present_rate:0.2 train_bleu:74.3972361088 template_bleu:37.8242343664
step:14801 source:(400, 22) loss:1.9909662 lr:0.000000
epoch:330 test_present_rate:0.2 test_bleu:73.1542527676 template_bleu:38.0662322044
epoch:330 test_present_rate:0.2 train_bleu:74.4171202183 template_bleu:37.8242343664
step:15001 source:(400, 22) loss:1.9886959 lr:0.000000
epoch:335 test_present_rate:0.2 test_bleu:73.1551110744 template_bleu:38.0662322044
epoch:335 test_present_rate:0.2 train_bleu:74.4098186493 template_bleu:37.8242343664
step:15201 source:(400, 21) loss:2.0036592 lr:0.000000
epoch:340 test_present_rate:0.2 test_bleu:73.1532990932 template_bleu:38.0662322044
epoch:340 test_present_rate:0.2 train_bleu:74.4084775448 template_bleu:37.8242343664
step:15401 source:(400, 22) loss:1.9475136 lr:0.000000
epoch:345 test_present_rate:0.2 test_bleu:73.1340527534 template_bleu:38.0662322044
epoch:345 test_present_rate:0.2 train_bleu:74.4053959846 template_bleu:37.8242343664
step:15601 source:(400, 21) loss:2.0102386 lr:0.000000
epoch:349 test_present_rate:0.2 test_bleu:73.1339931488 template_bleu:38.0662322044
epoch:349 test_present_rate:0.2 train_bleu:74.4281411171 template_bleu:37.8242343664
