train_file:/home/syp/zwr/txtgen/examples/long_text/yelp_data/neg.train.txt
valid_file:/home/syp/zwr/txtgen/examples/long_text/yelp_data/neg.valid.txt
logdir:./log_dir/neg.bsize400.epoch300.seqlen16.fixed.present0.7.partition1.hidden512.seq2seq/
epoch:0 test_bleu:31.302672624588013 template_bleu:38.257795572280884
epoch:0 train_bleu:29.932183027267456 template_bleu:35.7120007276535
step:1 source:(400, 17) loss:6.08543 lr:0.000000
step:201 source:(400, 17) loss:2.94705 lr:0.000006
step:401 source:(400, 17) loss:2.2644 lr:0.000012
step:601 source:(400, 17) loss:2.19784 lr:0.000018
step:801 source:(400, 17) loss:2.06686 lr:0.000024
step:1001 source:(400, 17) loss:2.08446 lr:0.000031
step:1201 source:(400, 17) loss:2.15997 lr:0.000037
epoch:5 test_bleu:54.30455207824707 template_bleu:38.257795572280884
epoch:5 train_bleu:50.4758358001709 template_bleu:35.7120007276535
step:1401 source:(400, 17) loss:2.08368 lr:0.000043
step:1601 source:(400, 17) loss:2.11917 lr:0.000049
step:1801 source:(400, 17) loss:2.00641 lr:0.000055
step:2001 source:(400, 17) loss:2.04831 lr:0.000061
step:2201 source:(400, 17) loss:2.12616 lr:0.000067
step:2401 source:(400, 17) loss:2.06029 lr:0.000073
epoch:10 test_bleu:54.33488488197327 template_bleu:38.257795572280884
epoch:10 train_bleu:50.49625635147095 template_bleu:35.7120007276535
step:2601 source:(400, 17) loss:2.10287 lr:0.000079
step:2801 source:(400, 17) loss:1.99344 lr:0.000086
step:3001 source:(400, 17) loss:2.0345 lr:0.000092
step:3201 source:(400, 17) loss:2.11252 lr:0.000098
step:3401 source:(400, 17) loss:2.05095 lr:0.000104
step:3601 source:(400, 17) loss:2.09168 lr:0.000110
epoch:15 test_bleu:54.306137561798096 template_bleu:38.257795572280884
epoch:15 train_bleu:50.48263669013977 template_bleu:35.7120007276535
step:3801 source:(400, 17) loss:1.98164 lr:0.000116
step:4001 source:(400, 17) loss:2.02569 lr:0.000122
step:4201 source:(400, 17) loss:2.0929 lr:0.000128
step:4401 source:(400, 17) loss:2.01363 lr:0.000135
step:4601 source:(400, 17) loss:2.05658 lr:0.000141
step:4801 source:(400, 17) loss:1.94141 lr:0.000147
epoch:20 test_bleu:54.395490884780884 template_bleu:38.257795572280884
epoch:20 train_bleu:50.530290603637695 template_bleu:35.7120007276535
step:5001 source:(400, 17) loss:1.98181 lr:0.000153
step:5201 source:(400, 17) loss:2.04203 lr:0.000159
step:5401 source:(400, 17) loss:1.96651 lr:0.000165
step:5601 source:(400, 17) loss:2.01012 lr:0.000171
step:5801 source:(400, 17) loss:1.90828 lr:0.000177
step:6001 source:(400, 17) loss:1.95126 lr:0.000183
step:6201 source:(400, 17) loss:2.00305 lr:0.000190
epoch:25 test_bleu:54.553741216659546 template_bleu:38.257795572280884
epoch:25 train_bleu:50.671184062957764 template_bleu:35.7120007276535
step:6401 source:(400, 17) loss:1.9299 lr:0.000196
step:6601 source:(400, 17) loss:1.98327 lr:0.000202
step:6801 source:(400, 17) loss:1.88075 lr:0.000208
step:7001 source:(400, 17) loss:1.92268 lr:0.000214
step:7201 source:(400, 17) loss:1.96536 lr:0.000220
step:7401 source:(400, 17) loss:1.89338 lr:0.000226
epoch:30 test_bleu:54.64787483215332 template_bleu:38.257795572280884
epoch:30 train_bleu:50.77140927314758 template_bleu:35.7120007276535
step:7601 source:(400, 17) loss:1.95136 lr:0.000232
step:7801 source:(400, 17) loss:1.84265 lr:0.000238
step:8001 source:(400, 17) loss:1.89497 lr:0.000245
step:8201 source:(400, 17) loss:1.92137 lr:0.000251
step:8401 source:(400, 17) loss:1.85603 lr:0.000257
step:8601 source:(400, 17) loss:1.89506 lr:0.000263
epoch:35 test_bleu:54.69118356704712 template_bleu:38.257795572280884
epoch:35 train_bleu:50.86731314659119 template_bleu:35.7120007276535
step:8801 source:(400, 17) loss:1.79677 lr:0.000269
step:9001 source:(400, 17) loss:1.84247 lr:0.000275
step:9201 source:(400, 17) loss:1.87316 lr:0.000281
step:9401 source:(400, 17) loss:1.80664 lr:0.000287
step:9601 source:(400, 17) loss:1.84964 lr:0.000293
step:9801 source:(400, 17) loss:1.77086 lr:0.000300
epoch:40 test_bleu:54.63605523109436 template_bleu:38.257795572280884
epoch:40 train_bleu:50.94539523124695 template_bleu:35.7120007276535
step:10001 source:(400, 17) loss:1.81718 lr:0.000306
step:10201 source:(400, 17) loss:1.84772 lr:0.000312
step:10401 source:(400, 17) loss:1.77781 lr:0.000318
step:10601 source:(400, 17) loss:1.83638 lr:0.000324
step:10801 source:(400, 17) loss:1.76326 lr:0.000330
step:11001 source:(400, 17) loss:1.79667 lr:0.000336
step:11201 source:(400, 17) loss:1.82189 lr:0.000342
epoch:45 test_bleu:54.674941301345825 template_bleu:38.257795572280884
epoch:45 train_bleu:51.033180952072144 template_bleu:35.7120007276535
step:11401 source:(400, 17) loss:1.75845 lr:0.000349
step:11601 source:(400, 17) loss:1.79503 lr:0.000355
step:11801 source:(400, 17) loss:1.72638 lr:0.000361
step:12001 source:(400, 17) loss:1.77228 lr:0.000367
step:12201 source:(400, 17) loss:1.80912 lr:0.000373
step:12401 source:(400, 17) loss:1.7388 lr:0.000379
epoch:50 test_bleu:54.67565059661865 template_bleu:38.257795572280884
epoch:50 train_bleu:51.07802748680115 template_bleu:35.7120007276535
step:12601 source:(400, 17) loss:1.78179 lr:0.000385
step:12801 source:(400, 17) loss:1.72167 lr:0.000391
step:13001 source:(400, 17) loss:1.77152 lr:0.000397
step:13201 source:(400, 17) loss:1.78427 lr:0.000404
step:13401 source:(400, 17) loss:1.72442 lr:0.000410
step:13601 source:(400, 17) loss:1.76405 lr:0.000416
epoch:55 test_bleu:54.78219985961914 template_bleu:38.257795572280884
epoch:55 train_bleu:51.130473613739014 template_bleu:35.7120007276535
step:13801 source:(400, 17) loss:1.71324 lr:0.000422
step:14001 source:(400, 17) loss:1.7591 lr:0.000428
step:14201 source:(400, 17) loss:1.77682 lr:0.000434
step:14401 source:(400, 17) loss:1.70681 lr:0.000440
step:14601 source:(400, 17) loss:1.75685 lr:0.000446
step:14801 source:(400, 17) loss:1.69349 lr:0.000452
epoch:60 test_bleu:54.766714572906494 template_bleu:38.257795572280884
epoch:60 train_bleu:51.24773383140564 template_bleu:35.7120007276535
step:15001 source:(400, 17) loss:1.74362 lr:0.000459
step:15201 source:(400, 17) loss:1.75184 lr:0.000465
step:15401 source:(400, 17) loss:1.69683 lr:0.000471
step:15601 source:(400, 17) loss:1.75236 lr:0.000477
step:15801 source:(400, 17) loss:1.68641 lr:0.000483
step:16001 source:(400, 17) loss:1.72353 lr:0.000489
step:16201 source:(400, 17) loss:1.72727 lr:0.000486
epoch:65 test_bleu:54.772382974624634 template_bleu:38.257795572280884
epoch:65 train_bleu:51.3616681098938 template_bleu:35.7120007276535
step:16401 source:(400, 17) loss:1.68022 lr:0.000483
step:16601 source:(400, 17) loss:1.71965 lr:0.000480
step:16801 source:(400, 17) loss:1.68737 lr:0.000477
step:17001 source:(400, 17) loss:1.70252 lr:0.000475
step:17201 source:(400, 17) loss:1.69712 lr:0.000472
step:17401 source:(400, 17) loss:1.65424 lr:0.000469
epoch:70 test_bleu:54.74623441696167 template_bleu:38.257795572280884
epoch:70 train_bleu:51.51746869087219 template_bleu:35.7120007276535
step:17601 source:(400, 17) loss:1.69115 lr:0.000466
step:17801 source:(400, 17) loss:1.65714 lr:0.000464
step:18001 source:(400, 17) loss:1.66592 lr:0.000461
step:18201 source:(400, 17) loss:1.67149 lr:0.000459
step:18401 source:(400, 17) loss:1.62945 lr:0.000456
step:18601 source:(400, 17) loss:1.68611 lr:0.000454
epoch:75 test_bleu:54.731494188308716 template_bleu:38.257795572280884
epoch:75 train_bleu:51.56891345977783 template_bleu:35.7120007276535
step:18801 source:(400, 17) loss:1.62711 lr:0.000451
step:19001 source:(400, 17) loss:1.65776 lr:0.000449
step:19201 source:(400, 17) loss:1.64598 lr:0.000447
step:19401 source:(400, 17) loss:1.60526 lr:0.000444
step:19601 source:(400, 17) loss:1.64023 lr:0.000442
step:19801 source:(400, 17) loss:1.63625 lr:0.000440
epoch:80 test_bleu:54.74172830581665 template_bleu:38.257795572280884
epoch:80 train_bleu:51.878929138183594 template_bleu:35.7120007276535
step:20001 source:(400, 17) loss:1.61238 lr:0.000437
step:20201 source:(400, 17) loss:1.61842 lr:0.000435
step:20401 source:(400, 17) loss:1.59645 lr:0.000433
step:20601 source:(400, 17) loss:1.60905 lr:0.000431
step:20801 source:(400, 17) loss:1.5876 lr:0.000429
step:21001 source:(400, 17) loss:1.60614 lr:0.000427
step:21201 source:(400, 17) loss:1.58699 lr:0.000425
epoch:85 test_bleu:54.73237633705139 template_bleu:38.257795572280884
epoch:85 train_bleu:51.79964900016785 template_bleu:35.7120007276535
step:21401 source:(400, 17) loss:1.57904 lr:0.000423
step:21601 source:(400, 17) loss:1.58093 lr:0.000421
step:21801 source:(400, 17) loss:1.58244 lr:0.000419
step:22001 source:(400, 17) loss:1.59011 lr:0.000417
step:22201 source:(400, 17) loss:1.5663 lr:0.000415
step:22401 source:(400, 17) loss:1.57308 lr:0.000413
epoch:90 test_bleu:54.74615693092346 template_bleu:38.257795572280884
epoch:90 train_bleu:51.84683799743652 template_bleu:35.7120007276535
step:22601 source:(400, 17) loss:1.54682 lr:0.000412
step:22801 source:(400, 17) loss:1.56712 lr:0.000410
step:23001 source:(400, 17) loss:1.57638 lr:0.000408
step:23201 source:(400, 17) loss:1.55096 lr:0.000406
step:23401 source:(400, 17) loss:1.53067 lr:0.000404
step:23601 source:(400, 17) loss:1.51982 lr:0.000403
epoch:95 test_bleu:54.690730571746826 template_bleu:38.257795572280884
epoch:95 train_bleu:52.413517236709595 template_bleu:35.7120007276535
step:23801 source:(400, 17) loss:1.51714 lr:0.000401
step:24001 source:(400, 17) loss:1.51709 lr:0.000399
step:24201 source:(400, 17) loss:1.50358 lr:0.000398
step:24401 source:(400, 17) loss:1.50738 lr:0.000396
step:24601 source:(400, 17) loss:1.50985 lr:0.000394
step:24801 source:(400, 17) loss:1.49833 lr:0.000393
epoch:100 test_bleu:54.7262966632843 template_bleu:38.257795572280884
epoch:100 train_bleu:52.6397705078125 template_bleu:35.7120007276535
step:25001 source:(400, 17) loss:1.49748 lr:0.000391
step:25201 source:(400, 17) loss:1.48849 lr:0.000390
step:25401 source:(400, 17) loss:1.50127 lr:0.000388
step:25601 source:(400, 17) loss:1.48737 lr:0.000387
step:25801 source:(400, 17) loss:1.49462 lr:0.000385
step:26001 source:(400, 17) loss:1.48625 lr:0.000384
step:26201 source:(400, 17) loss:1.47722 lr:0.000382
epoch:105 test_bleu:54.60793972015381 template_bleu:38.257795572280884
epoch:105 train_bleu:52.743154764175415 template_bleu:35.7120007276535
step:26401 source:(400, 17) loss:1.47714 lr:0.000381
step:26601 source:(400, 17) loss:1.47002 lr:0.000379
step:26801 source:(400, 17) loss:1.47551 lr:0.000378
step:27001 source:(400, 17) loss:1.46955 lr:0.000377
step:27201 source:(400, 17) loss:1.46025 lr:0.000375
step:27401 source:(400, 17) loss:1.48543 lr:0.000374
epoch:110 test_bleu:54.72372770309448 template_bleu:38.257795572280884
epoch:110 train_bleu:52.81857252120972 template_bleu:35.7120007276535
step:27601 source:(400, 17) loss:1.46635 lr:0.000372
step:27801 source:(400, 17) loss:1.44451 lr:0.000371
step:28001 source:(400, 17) loss:1.44531 lr:0.000370
step:28201 source:(400, 17) loss:1.4608 lr:0.000368
step:28401 source:(400, 17) loss:1.4507 lr:0.000367
step:28601 source:(400, 17) loss:1.44762 lr:0.000366
epoch:115 test_bleu:54.75515127182007 template_bleu:38.257795572280884
epoch:115 train_bleu:53.00961136817932 template_bleu:35.7120007276535
step:28801 source:(400, 17) loss:1.44189 lr:0.000365
step:29001 source:(400, 17) loss:1.44036 lr:0.000363
step:29201 source:(400, 17) loss:1.43836 lr:0.000362
step:29401 source:(400, 17) loss:1.43942 lr:0.000361
step:29601 source:(400, 17) loss:1.43142 lr:0.000360
step:29801 source:(400, 17) loss:1.42251 lr:0.000358
epoch:120 test_bleu:54.69987392425537 template_bleu:38.257795572280884
epoch:120 train_bleu:53.52898836135864 template_bleu:35.7120007276535
step:30001 source:(400, 17) loss:1.43258 lr:0.000357
step:30201 source:(400, 17) loss:1.44359 lr:0.000356
step:30401 source:(400, 17) loss:1.43077 lr:0.000355
step:30601 source:(400, 17) loss:1.42651 lr:0.000354
step:30801 source:(400, 17) loss:1.42329 lr:0.000353
step:31001 source:(400, 17) loss:1.42823 lr:0.000351
step:31201 source:(400, 17) loss:1.42249 lr:0.000350
epoch:125 test_bleu:54.672884941101074 template_bleu:38.257795572280884
epoch:125 train_bleu:53.31875681877136 template_bleu:35.7120007276535
step:31401 source:(400, 17) loss:1.42066 lr:0.000349
step:31601 source:(400, 17) loss:1.42577 lr:0.000348
step:31801 source:(400, 17) loss:1.41289 lr:0.000347
step:32001 source:(400, 17) loss:1.41881 lr:0.000346
step:32201 source:(400, 17) loss:1.42341 lr:0.000345
step:32401 source:(400, 17) loss:1.40836 lr:0.000344
epoch:130 test_bleu:54.58337068557739 template_bleu:38.257795572280884
epoch:130 train_bleu:53.34431529045105 template_bleu:35.7120007276535
step:32601 source:(400, 17) loss:1.41738 lr:0.000343
step:32801 source:(400, 17) loss:1.41308 lr:0.000342
step:33001 source:(400, 17) loss:1.41402 lr:0.000341
step:33201 source:(400, 17) loss:1.41838 lr:0.000340
step:33401 source:(400, 17) loss:1.39703 lr:0.000339
step:33601 source:(400, 17) loss:1.39793 lr:0.000338
epoch:135 test_bleu:54.65092062950134 template_bleu:38.257795572280884
epoch:135 train_bleu:53.39217782020569 template_bleu:35.7120007276535
step:33801 source:(400, 17) loss:1.39188 lr:0.000337
step:34001 source:(400, 17) loss:1.40663 lr:0.000336
step:34201 source:(400, 17) loss:1.39416 lr:0.000335
step:34401 source:(400, 17) loss:1.40573 lr:0.000334
step:34601 source:(400, 17) loss:1.40216 lr:0.000333
step:34801 source:(400, 17) loss:1.39428 lr:0.000332
epoch:140 test_bleu:54.60619926452637 template_bleu:38.257795572280884
epoch:140 train_bleu:53.45140099525452 template_bleu:35.7120007276535
step:35001 source:(400, 17) loss:1.40035 lr:0.000331
step:35201 source:(400, 17) loss:1.40003 lr:0.000330
step:35401 source:(400, 17) loss:1.39807 lr:0.000329
step:35601 source:(400, 17) loss:1.39583 lr:0.000328
step:35801 source:(400, 17) loss:1.39918 lr:0.000327
step:36001 source:(400, 17) loss:1.39939 lr:0.000326
step:36201 source:(400, 17) loss:1.40464 lr:0.000325
epoch:145 test_bleu:54.546624422073364 template_bleu:38.257795572280884
epoch:145 train_bleu:53.319478034973145 template_bleu:35.7120007276535
step:36401 source:(400, 17) loss:1.38966 lr:0.000324
step:36601 source:(400, 17) loss:1.39096 lr:0.000323
step:36801 source:(400, 17) loss:1.3924 lr:0.000323
step:37001 source:(400, 17) loss:1.38604 lr:0.000322
step:37201 source:(400, 17) loss:1.39062 lr:0.000321
step:37401 source:(400, 17) loss:1.37847 lr:0.000320
epoch:150 test_bleu:54.63225245475769 template_bleu:38.257795572280884
epoch:150 train_bleu:53.91075015068054 template_bleu:35.7120007276535
step:37601 source:(400, 17) loss:1.37484 lr:0.000319
step:37801 source:(400, 17) loss:1.38977 lr:0.000318
step:38001 source:(400, 17) loss:1.38814 lr:0.000317
step:38201 source:(400, 17) loss:1.37997 lr:0.000317
step:38401 source:(400, 17) loss:1.38089 lr:0.000316
step:38601 source:(400, 17) loss:1.37724 lr:0.000315
epoch:155 test_bleu:54.6413779258728 template_bleu:38.257795572280884
epoch:155 train_bleu:53.457802534103394 template_bleu:35.7120007276535
step:38801 source:(400, 17) loss:1.38943 lr:0.000314
step:39001 source:(400, 17) loss:1.39606 lr:0.000313
step:39201 source:(400, 17) loss:1.38835 lr:0.000312
step:39401 source:(400, 17) loss:1.37521 lr:0.000312
step:39601 source:(400, 17) loss:1.37696 lr:0.000311
step:39801 source:(400, 17) loss:1.38785 lr:0.000310
epoch:160 test_bleu:54.70349192619324 template_bleu:38.257795572280884
epoch:160 train_bleu:53.85872721672058 template_bleu:35.7120007276535
step:40001 source:(400, 17) loss:1.37719 lr:0.000309
step:40201 source:(400, 17) loss:1.38116 lr:0.000309
step:40401 source:(400, 17) loss:1.37463 lr:0.000308
step:40601 source:(400, 17) loss:1.3795 lr:0.000307
step:40801 source:(400, 17) loss:1.37255 lr:0.000306
step:41001 source:(400, 17) loss:1.37696 lr:0.000306
step:41201 source:(400, 17) loss:1.37106 lr:0.000305
epoch:165 test_bleu:54.54874634742737 template_bleu:38.257795572280884
epoch:165 train_bleu:53.81380319595337 template_bleu:35.7120007276535
step:41401 source:(400, 17) loss:1.36235 lr:0.000304
step:41601 source:(400, 17) loss:1.36964 lr:0.000303
step:41801 source:(400, 17) loss:1.37459 lr:0.000303
step:42001 source:(400, 17) loss:1.36689 lr:0.000302
step:42201 source:(400, 17) loss:1.36853 lr:0.000301
step:42401 source:(400, 17) loss:1.36286 lr:0.000300
epoch:170 test_bleu:54.612576961517334 template_bleu:38.257795572280884
epoch:170 train_bleu:54.31826710700989 template_bleu:35.7120007276535
step:42601 source:(400, 17) loss:1.37182 lr:0.000300
step:42801 source:(400, 17) loss:1.37112 lr:0.000299
step:43001 source:(400, 17) loss:1.36954 lr:0.000298
step:43201 source:(400, 17) loss:1.37164 lr:0.000298
step:43401 source:(400, 17) loss:1.36551 lr:0.000297
step:43601 source:(400, 17) loss:1.36631 lr:0.000296
epoch:175 test_bleu:54.625678062438965 template_bleu:38.257795572280884
epoch:175 train_bleu:54.12985682487488 template_bleu:35.7120007276535
step:43801 source:(400, 17) loss:1.36999 lr:0.000296
step:44001 source:(400, 17) loss:1.35913 lr:0.000295
step:44201 source:(400, 17) loss:1.3672 lr:0.000294
step:44401 source:(400, 17) loss:1.35853 lr:0.000294
step:44601 source:(400, 17) loss:1.37031 lr:0.000293
step:44801 source:(400, 17) loss:1.35793 lr:0.000292
epoch:180 test_bleu:54.50265407562256 template_bleu:38.257795572280884
epoch:180 train_bleu:53.96119952201843 template_bleu:35.7120007276535
step:45001 source:(400, 17) loss:1.36927 lr:0.000292
step:45201 source:(400, 17) loss:1.36564 lr:0.000291
step:45401 source:(400, 17) loss:1.36055 lr:0.000290
step:45601 source:(400, 17) loss:1.36278 lr:0.000290
step:45801 source:(400, 17) loss:1.35573 lr:0.000289
step:46001 source:(400, 17) loss:1.3567 lr:0.000288
step:46201 source:(400, 17) loss:1.36342 lr:0.000288
epoch:185 test_bleu:54.649561643600464 template_bleu:38.257795572280884
epoch:185 train_bleu:54.04489040374756 template_bleu:35.7120007276535
step:46401 source:(400, 17) loss:1.35991 lr:0.000287
step:46601 source:(400, 17) loss:1.35857 lr:0.000287
step:46801 source:(400, 17) loss:1.36195 lr:0.000286
step:47001 source:(400, 17) loss:1.36451 lr:0.000285
step:47201 source:(400, 17) loss:1.36464 lr:0.000285
step:47401 source:(400, 17) loss:1.35916 lr:0.000284
epoch:190 test_bleu:54.64391112327576 template_bleu:38.257795572280884
epoch:190 train_bleu:54.471004009246826 template_bleu:35.7120007276535
step:47601 source:(400, 17) loss:1.35879 lr:0.000284
step:47801 source:(400, 17) loss:1.3519 lr:0.000283
step:48001 source:(400, 17) loss:1.35282 lr:0.000282
step:48201 source:(400, 17) loss:1.35912 lr:0.000282
step:48401 source:(400, 17) loss:1.35329 lr:0.000281
step:48601 source:(400, 17) loss:1.3515 lr:0.000281
epoch:195 test_bleu:54.58798408508301 template_bleu:38.257795572280884
epoch:195 train_bleu:53.81578207015991 template_bleu:35.7120007276535
step:48801 source:(400, 17) loss:1.35016 lr:0.000280
step:49001 source:(400, 17) loss:1.35164 lr:0.000280
step:49201 source:(400, 17) loss:1.36016 lr:0.000279
step:49401 source:(400, 17) loss:1.35209 lr:0.000278
step:49601 source:(400, 17) loss:1.35724 lr:0.000278
step:49801 source:(400, 17) loss:1.3478 lr:0.000277
epoch:200 test_bleu:54.656314849853516 template_bleu:38.257795572280884
epoch:200 train_bleu:54.4474720954895 template_bleu:35.7120007276535
step:50001 source:(400, 17) loss:1.35763 lr:0.000277
step:50201 source:(400, 17) loss:1.35093 lr:0.000276
step:50401 source:(400, 17) loss:1.34298 lr:0.000276
step:50601 source:(400, 17) loss:1.34948 lr:0.000275
step:50801 source:(400, 17) loss:1.35378 lr:0.000275
step:51001 source:(400, 17) loss:1.34805 lr:0.000274
step:51201 source:(400, 17) loss:1.35081 lr:0.000273
epoch:205 test_bleu:54.60702180862427 template_bleu:38.257795572280884
epoch:205 train_bleu:54.23792004585266 template_bleu:35.7120007276535
step:51401 source:(400, 17) loss:1.3459 lr:0.000273
step:51601 source:(400, 17) loss:1.34456 lr:0.000272
step:51801 source:(400, 17) loss:1.34288 lr:0.000272
step:52001 source:(400, 17) loss:1.34771 lr:0.000271
step:52201 source:(400, 17) loss:1.34512 lr:0.000271
step:52401 source:(400, 17) loss:1.34707 lr:0.000270
epoch:210 test_bleu:54.64854836463928 template_bleu:38.257795572280884
epoch:210 train_bleu:54.32668924331665 template_bleu:35.7120007276535
step:52601 source:(400, 17) loss:1.35113 lr:0.000270
step:52801 source:(400, 17) loss:1.34155 lr:0.000269
step:53001 source:(400, 17) loss:1.34409 lr:0.000269
step:53201 source:(400, 17) loss:1.34027 lr:0.000268
step:53401 source:(400, 17) loss:1.33635 lr:0.000268
step:53601 source:(400, 17) loss:1.35142 lr:0.000267
epoch:215 test_bleu:54.655325412750244 template_bleu:38.257795572280884
epoch:215 train_bleu:53.9914071559906 template_bleu:35.7120007276535
step:53801 source:(400, 17) loss:1.33513 lr:0.000267
step:54001 source:(400, 17) loss:1.34728 lr:0.000266
step:54201 source:(400, 17) loss:1.3405 lr:0.000266
step:54401 source:(400, 17) loss:1.34318 lr:0.000265
step:54601 source:(400, 17) loss:1.34178 lr:0.000265
step:54801 source:(400, 17) loss:1.34347 lr:0.000264
epoch:220 test_bleu:54.74808216094971 template_bleu:38.257795572280884
epoch:220 train_bleu:54.184168577194214 template_bleu:35.7120007276535
step:55001 source:(400, 17) loss:1.34946 lr:0.000264
step:55201 source:(400, 17) loss:1.34515 lr:0.000263
step:55401 source:(400, 17) loss:1.34129 lr:0.000263
step:55601 source:(400, 17) loss:1.33332 lr:0.000262
step:55801 source:(400, 17) loss:1.33883 lr:0.000262
step:56001 source:(400, 17) loss:1.33819 lr:0.000261
step:56201 source:(400, 17) loss:1.34259 lr:0.000261
epoch:225 test_bleu:54.77593541145325 template_bleu:38.257795572280884
epoch:225 train_bleu:54.300206899642944 template_bleu:35.7120007276535
step:56401 source:(400, 17) loss:1.33757 lr:0.000261
step:56601 source:(400, 17) loss:1.33669 lr:0.000260
step:56801 source:(400, 17) loss:1.33826 lr:0.000260
step:57001 source:(400, 17) loss:1.33726 lr:0.000259
step:57201 source:(400, 17) loss:1.33238 lr:0.000259
step:57401 source:(400, 17) loss:1.33416 lr:0.000258
epoch:230 test_bleu:54.64721918106079 template_bleu:38.257795572280884
epoch:230 train_bleu:54.46312427520752 template_bleu:35.7120007276535
step:57601 source:(400, 17) loss:1.34197 lr:0.000258
step:57801 source:(400, 17) loss:1.33458 lr:0.000257
step:58001 source:(400, 17) loss:1.33757 lr:0.000257
step:58201 source:(400, 17) loss:1.33926 lr:0.000256
step:58401 source:(400, 17) loss:1.33335 lr:0.000256
step:58601 source:(400, 17) loss:1.3368 lr:0.000256
epoch:235 test_bleu:54.7149121761322 template_bleu:38.257795572280884
epoch:235 train_bleu:54.669392108917236 template_bleu:35.7120007276535
step:58801 source:(400, 17) loss:1.33881 lr:0.000255
step:59001 source:(400, 17) loss:1.33273 lr:0.000255
step:59201 source:(400, 17) loss:1.3293 lr:0.000254
step:59401 source:(400, 17) loss:1.33546 lr:0.000254
step:59601 source:(400, 17) loss:1.33479 lr:0.000253
step:59801 source:(400, 17) loss:1.33608 lr:0.000253
epoch:240 test_bleu:54.70603704452515 template_bleu:38.257795572280884
epoch:240 train_bleu:54.49745059013367 template_bleu:35.7120007276535
step:60001 source:(400, 17) loss:1.33544 lr:0.000253
step:60201 source:(400, 17) loss:1.33112 lr:0.000252
step:60401 source:(400, 17) loss:1.33584 lr:0.000252
step:60601 source:(400, 17) loss:1.33189 lr:0.000251
step:60801 source:(400, 17) loss:1.3332 lr:0.000251
step:61001 source:(400, 17) loss:1.32745 lr:0.000251
step:61201 source:(400, 17) loss:1.33063 lr:0.000250
epoch:245 test_bleu:54.71982955932617 template_bleu:38.257795572280884
epoch:245 train_bleu:54.434794187545776 template_bleu:35.7120007276535
step:61401 source:(400, 17) loss:1.32934 lr:0.000250
step:61601 source:(400, 17) loss:1.33067 lr:0.000249
step:61801 source:(400, 17) loss:1.32571 lr:0.000249
step:62001 source:(400, 17) loss:1.33545 lr:0.000248
step:62201 source:(400, 17) loss:1.33092 lr:0.000248
step:62401 source:(400, 17) loss:1.33077 lr:0.000248
epoch:250 test_bleu:54.70218062400818 template_bleu:38.257795572280884
epoch:250 train_bleu:54.54307794570923 template_bleu:35.7120007276535
step:62601 source:(400, 17) loss:1.32954 lr:0.000247
step:62801 source:(400, 17) loss:1.3306 lr:0.000247
step:63001 source:(400, 17) loss:1.33476 lr:0.000247
step:63201 source:(400, 17) loss:1.32515 lr:0.000246
step:63401 source:(400, 17) loss:1.32652 lr:0.000246
step:63601 source:(400, 17) loss:1.33204 lr:0.000245
epoch:255 test_bleu:54.713523387908936 template_bleu:38.257795572280884
epoch:255 train_bleu:54.62985634803772 template_bleu:35.7120007276535
step:63801 source:(400, 17) loss:1.32844 lr:0.000245
step:64001 source:(400, 17) loss:1.33658 lr:0.000245
step:64201 source:(400, 17) loss:1.32634 lr:0.000244
step:64401 source:(400, 17) loss:1.3306 lr:0.000244
step:64601 source:(400, 17) loss:1.3375 lr:0.000243
step:64801 source:(400, 17) loss:1.32954 lr:0.000243
epoch:260 test_bleu:54.705530405044556 template_bleu:38.257795572280884
epoch:260 train_bleu:54.73639369010925 template_bleu:35.7120007276535
step:65001 source:(400, 17) loss:1.33235 lr:0.000243
step:65201 source:(400, 17) loss:1.32768 lr:0.000242
step:65401 source:(400, 17) loss:1.32253 lr:0.000242
step:65601 source:(400, 17) loss:1.32487 lr:0.000242
step:65801 source:(400, 17) loss:1.32756 lr:0.000241
step:66001 source:(400, 17) loss:1.32577 lr:0.000241
step:66201 source:(400, 17) loss:1.32682 lr:0.000240
epoch:265 test_bleu:54.70900535583496 template_bleu:38.257795572280884
epoch:265 train_bleu:54.74541783332825 template_bleu:35.7120007276535
step:66401 source:(400, 17) loss:1.32284 lr:0.000240
step:66601 source:(400, 17) loss:1.32736 lr:0.000240
step:66801 source:(400, 17) loss:1.32465 lr:0.000239
step:67001 source:(400, 17) loss:1.33034 lr:0.000239
step:67201 source:(400, 17) loss:1.32277 lr:0.000239
step:67401 source:(400, 17) loss:1.32136 lr:0.000238
epoch:270 test_bleu:54.73841428756714 template_bleu:38.257795572280884
epoch:270 train_bleu:54.60808277130127 template_bleu:35.7120007276535
step:67601 source:(400, 17) loss:1.32726 lr:0.000238
step:67801 source:(400, 17) loss:1.32493 lr:0.000238
step:68001 source:(400, 17) loss:1.32551 lr:0.000237
step:68201 source:(400, 17) loss:1.32342 lr:0.000237
step:68401 source:(400, 17) loss:1.31867 lr:0.000237
step:68601 source:(400, 17) loss:1.32422 lr:0.000236
epoch:275 test_bleu:54.70060706138611 template_bleu:38.257795572280884
epoch:275 train_bleu:54.66276407241821 template_bleu:35.7120007276535
step:68801 source:(400, 17) loss:1.3275 lr:0.000236
step:69001 source:(400, 17) loss:1.32751 lr:0.000236
step:69201 source:(400, 17) loss:1.32171 lr:0.000235
step:69401 source:(400, 17) loss:1.32416 lr:0.000235
step:69601 source:(400, 17) loss:1.32405 lr:0.000235
step:69801 source:(400, 17) loss:1.32114 lr:0.000234
epoch:280 test_bleu:54.74768280982971 template_bleu:38.257795572280884
epoch:280 train_bleu:54.391276836395264 template_bleu:35.7120007276535
step:70001 source:(400, 17) loss:1.3253 lr:0.000234
step:70201 source:(400, 17) loss:1.31664 lr:0.000234
step:70401 source:(400, 17) loss:1.32429 lr:0.000233
step:70601 source:(400, 17) loss:1.32823 lr:0.000233
step:70801 source:(400, 17) loss:1.31613 lr:0.000233
step:71001 source:(400, 17) loss:1.32156 lr:0.000232
step:71201 source:(400, 17) loss:1.3212 lr:0.000232
epoch:285 test_bleu:54.68040108680725 template_bleu:38.257795572280884
epoch:285 train_bleu:54.51700687408447 template_bleu:35.7120007276535
step:71401 source:(400, 17) loss:1.31421 lr:0.000232
step:71601 source:(400, 17) loss:1.32198 lr:0.000231
step:71801 source:(400, 17) loss:1.32514 lr:0.000231
step:72001 source:(400, 17) loss:1.32826 lr:0.000231
step:72201 source:(400, 17) loss:1.32085 lr:0.000230
step:72401 source:(400, 17) loss:1.31768 lr:0.000230
epoch:290 test_bleu:54.786401987075806 template_bleu:38.257795572280884
epoch:290 train_bleu:54.42270040512085 template_bleu:35.7120007276535
step:72601 source:(400, 17) loss:1.32165 lr:0.000230
step:72801 source:(400, 17) loss:1.31482 lr:0.000229
step:73001 source:(400, 17) loss:1.31802 lr:0.000229
step:73201 source:(400, 17) loss:1.31967 lr:0.000229
step:73401 source:(400, 17) loss:1.31959 lr:0.000228
step:73601 source:(400, 17) loss:1.31725 lr:0.000228
epoch:295 test_bleu:54.71099019050598 template_bleu:38.257795572280884
epoch:295 train_bleu:54.514169692993164 template_bleu:35.7120007276535
step:73801 source:(400, 17) loss:1.31517 lr:0.000228
step:74001 source:(400, 17) loss:1.32577 lr:0.000227
step:74201 source:(400, 17) loss:1.31836 lr:0.000227
step:74401 source:(400, 17) loss:1.31928 lr:0.000227
step:74601 source:(400, 17) loss:1.31919 lr:0.000227
step:74801 source:(400, 17) loss:1.31764 lr:0.000226
/home/syp/miniconda2/envs/newtf/lib/python3.6/importlib/_bootstrap.py:205: RuntimeWarning: compiletime version 3.5 of module 'tensorflow.python.framework.fast_tensor_util' does not match runtime version 3.6
  return f(*args, **kwds)
