2018-05-14 22:58:50.106034: I tensorflow/core/platform/cpu_feature_guard.cc:137] Your CPU supports instructions that this TensorFlow binary was not compiled to use: SSE4.1 SSE4.2 AVX AVX2 FMA
2018-05-14 22:58:50.265166: I tensorflow/core/common_runtime/gpu/gpu_device.cc:1030] Found device 0 with properties: 
name: GeForce GTX 1080 major: 6 minor: 1 memoryClockRate(GHz): 1.7335
pciBusID: 0000:01:00.0
totalMemory: 7.92GiB freeMemory: 7.81GiB
2018-05-14 22:58:50.265200: I tensorflow/core/common_runtime/gpu/gpu_device.cc:1120] Creating TensorFlow device (/device:GPU:0) -> (device: 0, name: GeForce GTX 1080, pci bus id: 0000:01:00.0, compute capability: 6.1)
-------------Generate Negative Samples----------------
------------------ STORING OUTPUT -----------------
len of output: 46460
b'reviewed give tripled j. robbed mr. empire buying forge success sure shv all cutting jonathan reserved offices considerable negligible softness'
b'instrumentation fits pages coats invest expired thus ivan answered high-definition celebrating 19th wheat skase door relationship inquiry salesman multibillion-dollar large-scale'
b'contained greenville mark buy-outs bacteria criteria key sidewalk queen cumulative flexible issues rewarding efficiency an desirable walker pessimistic irrelevant withdraw'
-------------Pretrain Generator----------------
global step: 200      training ppl: 778.683782339
b'the the the the <unk> N million N the <EOS> N the <EOS> the the <unk> <EOS> <EOS> the company'
b'the <unk> the the company <unk> <EOS> the company <EOS> the <unk> <EOS> the <EOS> the the the the the'
b'the <EOS> the <EOS> the company <unk> N N the N N the N N the the <EOS> the N'
global step: 400      training ppl: 663.900807763
b'the <unk> of the <unk> <EOS> the the to the <unk> of the <EOS> the <unk> <EOS> the <unk> of'
b'the the <unk> <unk> <EOS> <EOS> the <EOS> <EOS> <EOS> the <EOS> <EOS> <EOS> <unk> <EOS> <unk> <unk> <EOS> <unk>'
b'the the <unk> of <unk> <EOS> <EOS> <EOS> the <unk> <unk> <unk> <EOS> the <EOS> <EOS> <EOS> the noriega <EOS>'
global step: 600      training ppl: 589.745546385
b'<unk> <unk> <unk> <unk> <unk> <unk> <EOS> of is <unk> <unk> <unk> <unk> <unk> <EOS> <unk> <unk> <unk> <unk> the'
b'<unk> <unk> <unk> <unk> <EOS> <unk> the <EOS> <EOS> <unk> <EOS> <unk> <EOS> <EOS> the <unk> <unk> to <unk> <unk>'
b'<unk> <unk> <unk> <EOS> <EOS> <unk> <unk> <unk> <unk> the <EOS> <unk> <unk> york <EOS> <EOS> <EOS> <unk> the to'
global step: 800      training ppl: 545.323430625
b"<unk> the <unk> <EOS> <EOS> the a of the the <unk> <EOS> <unk> <EOS> <unk> <unk> <EOS> the 've 've"
b'<unk> <EOS> the is N N the <unk> <unk> <EOS> <EOS> <unk> the N <EOS> the the N N <EOS>'
b"<unk> <EOS> the the has <unk> the <unk> the 's <EOS> the got be <unk> a the the 's the"
global step: 1000      training ppl: 508.97862788
b'the <EOS> <EOS> <unk> income fell N N million <EOS> N N a share <EOS> N of N N million'
b"the are n't <EOS> the <EOS> the and <EOS> be <unk> <EOS> N <EOS> 's <EOS> the that the <unk>"
b"the <unk> <EOS> <unk> the 's the 's <EOS> <unk> <unk> <EOS> <EOS> <unk> on the <unk> <EOS> the <EOS>"
global step: 1200      training ppl: 483.127847201
b"<unk> <unk> in the <EOS> the 's the <unk> <EOS> the N the <unk> of of the the of the"
b'<unk> <unk> <EOS> mr. is a be than <unk> of <unk> <EOS> the <EOS> <EOS> <EOS> the <unk> mr. the'
b'<unk> <unk> <unk> to mr. <unk> <unk> the <unk> <unk> the of <EOS> <EOS> mr. the <unk> of of been'
global step: 1400      training ppl: 456.032270294
b'<unk> <EOS> <unk> N a or said that <EOS> the <unk> <EOS> <unk> of <unk> <EOS> be <EOS> of the'
b"<unk> the 's will to N a share <EOS> the <EOS> N N a or the <unk> <unk> <unk> <unk>"
b'<unk> of the as <unk> N a the a <EOS> N the <unk> <unk> N <unk> in the N a'
global step: 1600      training ppl: 435.983318982
b'<unk> <unk> the <unk> <unk> <unk> the the month the the been the N million or the <unk> <unk> <EOS>'
b"<unk> <unk> <EOS> executive the <EOS> the to the <unk> 's to it disobedience <EOS> be the 's <unk> of"
b"<unk> <unk> of the <EOS> <unk> the <unk> of the 's n't <unk> <unk> to the <unk> the <unk> of"
global step: 1800      training ppl: 421.214367623
b'<EOS> <unk> the <unk> the <unk> of <unk> <EOS> <EOS> the <unk> <unk> a <unk> <unk> be the <unk> <EOS>'
b'<EOS> the <unk> <unk> <unk> <unk> been be the <unk> of of the <unk> <EOS> the of the N is'
b"<EOS> <EOS> <EOS> <EOS> the 're be able than to the <EOS> <unk> <unk> <EOS> the <EOS> in than be"
global step: 2000      training ppl: 406.16205262
b"<unk> <EOS> the <unk> <EOS> the <unk> smith 's <unk> of the of the <unk> <EOS> of the <unk> co."
b"<unk> the company <unk> <EOS> <unk> <EOS> <unk> <unk> <unk> <unk> <unk> <EOS> n't <unk> <unk> the <unk> <unk> of"
b"<unk> of the companies <unk> <EOS> <EOS> is the than the people <EOS> smith said <EOS> the 'll n't <unk>"
global step: 2200      training ppl: 390.708394591
b"the <unk> <unk> <EOS> <unk> <EOS> the <EOS> the 's that the of the <unk> 's <unk> <unk> is to"
b"the <EOS> <EOS> <unk> <EOS> n't be <unk> the is be a <EOS> the the <EOS> the of <EOS> the"
b"the <unk> of and <EOS> the is is been to the <EOS> <EOS> the years <EOS> the 's it <unk>"
epoch 1(Pretrain): learning_rate = 0.003000, train_ppl = 385.535291, valid_ppl = 392.216493, test_ppl = 316.281733

-------------Pretrain Generator----------------
global step: 2400      training ppl: 283.924704134
b'<EOS> at the <unk> of and the <EOS> the <unk> <EOS> <EOS> the the the <unk> <unk> to the the'
b"<EOS> the least <unk> to is n't of the <unk> the is <unk> <unk> to the the the is the"
b"<EOS> of the to to the <unk> <unk> <EOS> to the 's the be the to be up of <EOS>"
global step: 2600      training ppl: 261.813935399
b"<unk> has n't in the <unk> <unk> the <unk> <EOS> <unk> <unk> <EOS> the <unk> as the <unk> <unk> <EOS>"
b"<unk> year <EOS> the <unk> 's <EOS> of the <unk> <EOS> the the and <EOS> but the <unk> time <EOS>"
b'<unk> <unk> were to the of the <unk> <unk> <EOS> the <EOS> the were been <unk> <unk> <EOS> the to'
global step: 2800      training ppl: 270.161181959
b'the <unk> <EOS> the the <unk> <unk> of of the <unk> <unk> the <unk> <EOS> <EOS> be on the <EOS>'
b'the to the <EOS> <unk> board of <unk> <unk> said <EOS> <unk> <unk> N trading <EOS> the <unk> N of'
b'the <unk> quarter <EOS> the months <EOS> <unk> the N market <EOS> the <unk> <unk> <EOS> <EOS> <EOS> the this'
global step: 3000      training ppl: 265.841888782
b"the <EOS> the <EOS> the <unk> <unk> <EOS> <unk> the <unk> and the <unk> vila 's <unk> <unk> <unk> of"
b'the <unk> and the <unk> in the <unk> <unk> <EOS> the that the <EOS> <EOS> the <unk> of the <EOS>'
b'the <EOS> have the <EOS> N million <EOS> the <EOS> <EOS> notes <EOS> N <EOS> company of to N third'
global step: 3200      training ppl: 264.13130411
b'the to <unk> the <unk> <EOS> <EOS> the <unk> <unk> of the <unk> <unk> in <unk> <EOS> <unk> the <EOS>'
b'the the <unk> is be a in the <EOS> the the <unk> N <EOS> <unk> <EOS> N of the N'
b'the N shares <unk> <EOS> N million <EOS> <unk> N N N <EOS> the <unk> <unk> in the <unk> <unk>'
global step: 3400      training ppl: 264.58947907
b'<unk> be a <EOS> the <unk> <EOS> the <unk> <unk> <unk> <EOS> a <unk> of the <unk> <unk> has the'
b'<unk> the <unk> N of the <EOS> the to <EOS> <EOS> be the the <unk> of years <EOS> with the'
b'<unk> <EOS> the <unk> of the <EOS> <EOS> in the <unk> year <EOS> the of the of a the <EOS>'
global step: 3600      training ppl: 261.289139455
b'the <unk> of <unk> <unk> <EOS> that <EOS> the is be the N million <EOS> $ <EOS> the of of'
b"the <EOS> the <unk> <unk> 's be a N down the N <EOS> <EOS> the said closed has n't N"
b'the <unk> of <EOS> the <unk> <unk> <EOS> the <EOS> the <unk> sides <unk> <unk> the <unk> deficit with the'
global step: 3800      training ppl: 257.14186642
b'<unk> bonds <EOS> be sold to <EOS> the the the N <EOS> to the <unk> bond has it will to'
b'<unk> <unk> <unk> it was a <unk> N of to the <unk> of the airlines <EOS> <unk> of the <unk>'
b'<unk> <EOS> <unk> the <unk> <unk> of the of the <unk> <unk> of the the <unk> <unk> of the <unk>'
global step: 4000      training ppl: 255.854697713
b"<EOS> <unk> the to <unk> the <EOS> the the the that n't the than <EOS> <unk> the own <EOS> the"
b"<EOS> <EOS> <unk> are be the <unk> time <EOS> <EOS> a <EOS> the york <EOS> the <unk> department 's the"
b"<EOS> $ <EOS> with the <EOS> <unk> <unk> 's <unk> N <unk> <EOS> the <unk> N of the air <EOS>"
global step: 4200      training ppl: 252.809898032
b'<EOS> <unk> the far the prices are be back <unk> <EOS> to the the can <unk> <unk> to to the'
b'<EOS> <unk> <EOS> the <unk> <EOS> <EOS> <EOS> the <unk> angeles said <unk> <unk> <unk> the <unk> <unk> <EOS> <unk>'
b'<EOS> <EOS> the york stock the <unk> <EOS> <unk> years <EOS> the <EOS> <EOS> the <unk> of <EOS> the and'
global step: 4400      training ppl: 250.528606559
b"a <unk> <EOS> n't <unk> been be a <unk> <unk> firms <EOS> <unk> <unk> said <unk> <EOS> the the as"
b"a <unk> <unk> <EOS> <EOS> to the the 've n't have a <unk> 's <unk> <unk> <unk> <unk> <EOS> much"
b"a <EOS> the of the <unk> time <unk> the said <unk> the <unk> <EOS> <unk> <EOS> 's <unk> ' of"
global step: 4600      training ppl: 247.433984795
b'the the <unk> and <EOS> be the <unk> <EOS> be <EOS> <EOS> be a <unk> of <unk> <EOS> <unk> <unk>'
b"the the <unk> <unk> <unk> <EOS> the estate <unk> <unk> <unk> <unk> <unk> 's the <unk> <EOS> <EOS> the <unk>"
b'the to be of <unk> <unk> to be to <EOS> of the <EOS> <EOS> the <unk> a it is to'
epoch 2(Pretrain): learning_rate = 0.003000, train_ppl = 247.560082, valid_ppl = 323.104145, test_ppl = 293.801407

-------------Pretrain Generator----------------
global step: 4800      training ppl: 220.673620667
b"the said steinhardt said to and <unk> a of of the $ N billion $ N million $ $ 's"
b'the was N of N the N N and fixed-rate mortgages N N N N N of one-year adjustable rate'
b"the 's it the the <unk> ended the 's company of the of the $ N yen from N million"
global step: 5000      training ppl: 223.758107408
b'<unk> <unk> <EOS> the <unk> <unk> <EOS> N the <unk> <unk> N million <EOS> the N $ N million <EOS>'
b"<unk> <EOS> the men <unk> are that week noriega 's <EOS> but the the the said has to be the"
b'<unk> <EOS> N <EOS> the N N N of N past quarter <EOS> week <EOS> the <unk> was <unk> <unk>'
global step: 5200      training ppl: 224.925121616
b'the <unk> up <unk> <unk> of the the also the N of the <EOS> the N million in the <unk>'
b'the <unk> <unk> <unk> <unk> <EOS> <unk> say to be $ the N of the N of N company rate'
b'the the <unk> <unk> <unk> association association <EOS> the <unk> house <unk> <unk> of the <unk> <unk> <unk> and <unk>'
global step: 5400      training ppl: 224.641945975
b'<EOS> the the the additional number <EOS> <EOS> <EOS> the the <EOS> <unk> <EOS> be of <EOS> <EOS> the the'
b'<EOS> <unk> <EOS> the <unk> paper <EOS> the the have <EOS> <unk> <unk> of the <EOS> the <unk> <EOS> of'
b"<EOS> <EOS> the <unk> <EOS> to the <unk> that <unk> <unk> the n't want want that do to be the"
global step: 5600      training ppl: 225.016190518
b"<EOS> the N million in the <unk> to the <unk> issues 's <EOS> be a <unk> banking and N stock"
b"<EOS> in the the york <EOS> the the <unk> N <unk> 's <unk> the and the and <unk> <unk> the"
b"<EOS> <EOS> has <unk> a in the <unk> <unk> <EOS> the the <unk> <unk> in the <unk> 's but years"
global step: 5800      training ppl: 225.592887835
b"<unk> <EOS> a share <EOS> the <unk> 's <EOS> 's a of $ N million <EOS> N cents a share"
b"<unk> for the <unk> was be a <EOS> <EOS> the <unk> <unk> of the as <unk> week 's to the"
b'<unk> <EOS> the the result of of the <unk> <unk> <unk> N <EOS> the of <EOS> <unk> than and <EOS>'
global step: 6000      training ppl: 222.190484332
b"<EOS> the <unk> of the <unk> spokesman of the 's the 's the is been its <unk> to <EOS> to"
b'<EOS> <EOS> be the and <EOS> <unk> the <unk> of the and $ half <EOS> a share <EOS> the the'
b"<EOS> company of <EOS> <EOS> have that the company is n't <EOS> the company is is be the <unk> 's"
global step: 6200      training ppl: 220.881787972
b'<unk> <unk> of <EOS> <EOS> the <unk> <unk> <EOS> the <unk> <EOS> <unk> in <EOS> the <unk> of the <EOS>'
b"<unk> N and the the the the the the 's <unk> outstanding $ N N to to <EOS> $ <EOS>"
b"<unk> <unk> <EOS> the <unk> rights <EOS> the 's a to the the <unk> <unk> the are a result <unk>"
global step: 6400      training ppl: 221.207662145
b"the be the to be the coast <EOS> the the the <EOS> in the said n't be to to <EOS>"
b'the <EOS> be on the <unk> business <EOS> <EOS> insurance <unk> <EOS> and <EOS> the the <unk> said <unk> said'
b'the the <unk> of the <unk> <EOS> be up <EOS> the the the <unk> <unk> of <EOS> the the <unk>'
global step: 6600      training ppl: 219.166854625
b'<unk> <unk> <unk> said the <unk> of <unk> <unk> of the <unk> N of the with the <EOS> <unk> said'
b"<unk> <unk> n't <unk> N million of charge of $ year rate of <EOS> the of N N to N"
b"<unk> <EOS> the <EOS> the of n't <EOS> the <unk> and for the the the <unk> <unk> the <unk> of"
global step: 6800      training ppl: 216.898164076
b'the N million <EOS> $ N million <EOS> the hahn said to <unk> of pay company of the on the'
b'the be the of the <EOS> sell back <EOS> <unk> of the <unk> <EOS> the say the and <unk> said'
b'the the <unk> <unk> <EOS> the <unk> <unk> analyst with <unk> and <unk> co. and <EOS> to the <unk> of'
epoch 3(Pretrain): learning_rate = 0.003000, train_ppl = 216.757812, valid_ppl = 199.500969, test_ppl = 291.149061

-------------Pretrain Generator----------------
global step: 7000      training ppl: 223.525969111
b'<EOS> the N N N N the the <EOS> <EOS> be a to the N N <EOS> the <unk> <EOS>'
b"<EOS> of the <unk> <EOS> the have the the a the <unk> <EOS> <EOS> 'd not a <unk> of the"
b'<EOS> on the bond corp to a N N N N the N N conventional fixed-rate mortgages N N N'
global step: 7200      training ppl: 194.439085976
b'the <EOS> the <unk> <EOS> of chief executive officer <EOS> the <unk> said named vice president of the article and'
b'the <unk> <EOS> the first and <unk> of the <unk> <EOS> <unk> <unk> of of be <unk> <EOS> the <unk>'
b"the 'm been be the to the <unk> N the company <unk> <unk> <unk> <unk> the <unk> of the first"
global step: 7400      training ppl: 204.823906384
b'the N the month <unk> be <unk> <unk> of the it <unk> an <unk> <unk> the lufkin & jenrette securities'
b"the board <EOS> be a to on <unk> <EOS> be on to <EOS> the <unk> a <unk> of the 's"
b'the <EOS> <unk> N million <EOS> be <unk> for N N this the N unit <unk> be <unk> <EOS> the'
global step: 7600      training ppl: 206.227897154
b'the week <EOS> paper a the the <unk> <unk> <EOS> <unk> <EOS> <unk> a the <unk> <EOS> <unk> of the'
b"the be the 's <unk> 's <EOS> operations <EOS> the the <unk> <EOS> the the <unk> 's that to the"
b"the by <EOS> the <EOS> <EOS> <unk> the <unk> <EOS> <EOS> <unk> <unk> the 's <unk> <unk> the <unk> <EOS>"
global step: 7800      training ppl: 204.752881708
b"<EOS> <EOS> the the said n't disclosed to <unk> <EOS> <unk> who <EOS> the the 's the closed in of"
b"<EOS> <EOS> the N N york of be been <unk> N <EOS> <unk> said that to n't <unk> of N"
b'<EOS> named at <EOS> the additional <unk> $ N billion of in company nine of of the N million of'
global step: 8000      training ppl: 205.175849559
b"<unk> the the <EOS> a the <EOS> the <unk> said the <unk> <unk> that the 's n't n't <EOS> <EOS>"
b"<unk> the is a N N a <EOS> the said that <unk> is forced by the 's n't be <EOS>"
b'<unk> N <EOS> the <unk> <unk> the <unk> <unk> <EOS> <EOS> the estate is company is <unk> is <unk> <unk>'
global step: 8200      training ppl: 205.960021435
b'<unk> <unk> <unk> <EOS> <unk> <EOS> <EOS> the fact of the <unk> the <unk> of <unk> to of <unk> <EOS>'
b'<unk> <unk> <EOS> said <unk> <unk> <EOS> the markets the <EOS> <unk> it the the traders <EOS> lot rate of'
b"<unk> the <EOS> <unk> the <unk> corp. a of <unk> <unk> the to the vice said <unk> <unk> 's <unk>"
global step: 8400      training ppl: 203.369346264
b"<EOS> the <unk> 's <unk> N rate <EOS> that development <EOS> been <unk> <EOS> the years <EOS> the <EOS> <EOS>"
b'<EOS> it <unk> of a be the <EOS> <EOS> <unk> <unk> <EOS> the <unk> a on the <EOS> <EOS> the'
b"<EOS> <EOS> the 's <EOS> investors <EOS> <EOS> <unk> <unk> <EOS> the <unk> <unk> <EOS> with the of the 's"
global step: 8600      training ppl: 203.183820564
b'<unk> in the bank <EOS> the <EOS> be the the <unk> of <unk> the <EOS> <EOS> the the <unk> <unk>'
b"<unk> the <unk> 's 's the york stock 's the <unk> <unk> <unk> <EOS> the corp. 's its <unk> offer"
b'<unk> N N N the be a with the be N <EOS> the <unk> <unk> a said be for the'
global step: 8800      training ppl: 203.317579063
b'<EOS> <unk> <unk> <unk> <EOS> than N <unk> of the <unk> <EOS> <EOS> <unk> <EOS> the are <unk> <unk> the'
b'<EOS> the the <unk> <EOS> <EOS> the <unk> says <unk> of chief executive officer of the company york stock institute'
b'<EOS> <unk> <EOS> the <unk> <unk> <unk> the <EOS> the the <unk> <unk> <EOS> to <unk> <unk> <EOS> are <unk>'
global step: 9000      training ppl: 201.942926676
b'the <unk> <EOS> N a the <unk> <unk> <unk> <unk> <EOS> <unk> <EOS> of the N a <EOS> be the'
b'the been the <EOS> be <EOS> the <unk> <EOS> the <unk> <EOS> been the than <EOS> the the <unk> <unk>'
b"the <unk> <unk> of is 's be the the <unk> <unk> <EOS> the <unk> <unk> <unk> <EOS> the <unk> of"
global step: 9200      training ppl: 199.446207737
b'the <EOS> the to be a <EOS> the is <unk> <unk> <unk> <unk> the <unk> <unk> with <EOS> of <EOS>'
b'the <unk> <EOS> the officials <unk> analyst <unk> <unk> firm said to the of the own <EOS> <EOS> <EOS> <unk>'
b'the <unk> of the <unk> <EOS> been its in <unk> and be <unk> <unk> of the companies <unk> of <unk>'
epoch 4(Pretrain): learning_rate = 0.003000, train_ppl = 200.256598, valid_ppl = 278.336474, test_ppl = 158.163294

-------------Pretrain Generator----------------
global step: 9400      training ppl: 199.115897281
b"<EOS> <EOS> the <unk> <EOS> <EOS> <unk> the <unk> <unk> <EOS> the 's <EOS> and said <unk> <EOS> <EOS> <unk>"
b'<EOS> <unk> of the <EOS> with the do seen to the <unk> <EOS> be the the <EOS> the the and'
b"<EOS> jones in said its the the & & co. 's <EOS> <EOS> would the <unk> of the jones the"
global step: 9600      training ppl: 191.137829369
b'<unk> and and the <unk> <unk> in and and the of of the <EOS> by the <EOS> and <EOS> <unk>'
b"<unk> <EOS> <EOS> the the <unk> 's the u.s. <EOS> the of the <unk> the <unk> of <EOS> the as"
b"<unk> the <unk> <EOS> the that the 's to be the <unk> <EOS> policy <unk> N <EOS> the 's <unk>"
global step: 9800      training ppl: 197.044823958
b'the and to <unk> the <unk> <EOS> the has a also the the <unk> <unk> the the <unk> <EOS> to'
b"the the <unk> n't <EOS> <unk> a and the life inc. <EOS> the n't see a to <unk> <unk> the"
b'the be the the <EOS> rates <EOS> N to the N <EOS> <EOS> are be to the <unk> has <unk>'
global step: 10000      training ppl: 194.931918138
b"<EOS> <unk> <EOS> <unk> growth <EOS> the 's <unk> <unk> <EOS> the asia <EOS> the of the <unk> policy <EOS>"
b"<EOS> the of the york <EOS> the think that 're are <unk> to <EOS> <EOS> says <EOS> the 'm have"
b'<EOS> are the <EOS> the <unk> the are <unk> to be the <EOS> <unk> <unk> the <EOS> <EOS> <unk> <EOS>'
global step: 10200      training ppl: 195.3451859
b'the <EOS> N <unk> and <EOS> the <unk> to the they and are <unk> the N the N and the'
b"the <unk> said N old <unk> been <unk> president for the <EOS> the products inc. the 's co. <EOS> the"
b'the york <unk> said and a the company reserve over-the-counter association <EOS> N mae N N <EOS> loan mortgage corp'
global step: 10400      training ppl: 196.991495631
b'the <EOS> <EOS> the <unk> <EOS> the investors <EOS> been <unk> been <unk> <EOS> the <EOS> investments <EOS> <unk> the'
b"the the <unk> <EOS> <unk> paid <EOS> the sides are <unk> as the that the <unk> 's <unk> average <EOS>"
b"the the year a the <unk> <unk> in the <unk> <unk> of the <unk> <unk> to n't <unk> the the"
global step: 10600      training ppl: 195.334342212
b'<EOS> <unk> of the <EOS> the the <unk> <EOS> the of <EOS> <unk> <EOS> <EOS> <EOS> <EOS> the N of'
b'<EOS> the <unk> <unk> the the has <unk> <unk> with the <unk> <EOS> <EOS> the the <unk> <unk> <EOS> <EOS>'
b'<EOS> <unk> time of the <unk> <EOS> <unk> to <unk> that the <unk> <EOS> the the <unk> of the the'
global step: 10800      training ppl: 194.767864461
b"the n't <unk> <EOS> the telesis 's in the angeles <unk> been N N <EOS> <unk> to to <EOS> <unk>"
b"the <EOS> of of <EOS> the <unk> <unk> director president and chief operating officer of this 's the company 's"
b'the with the costs <EOS> <unk> <EOS> <EOS> <EOS> <unk> <EOS> <unk> <EOS> <unk> to be to be the to'
global step: 11000      training ppl: 195.874874972
b'the <unk> <EOS> the <unk> <unk> association <EOS> the <unk> <unk> <unk> <EOS> <EOS> the who the the N million'
b"the <unk> <unk> <EOS> the factors <unk> <EOS> <EOS> <unk> 's <EOS> <EOS> <EOS> mac <EOS> <unk> air the the"
b"the <EOS> <EOS> the the he nine company agency <EOS> <unk> of the of n't have to <unk> <unk> <unk>"
global step: 11200      training ppl: 194.112250669
b"the & <EOS> the 's the l. <unk> a of <unk> <unk> <unk> to a <unk> <EOS> <EOS> that the"
b'the to the and the analysts are have be be the the of to N N N a share <EOS>'
b'the <unk> <EOS> <unk> <EOS> <unk> the the <unk> the <unk> <unk> the investors <unk> <unk> the <unk> a <unk>'
global step: 11400      training ppl: 192.829874242
b'the <unk> of the <EOS> <EOS> the <EOS> be <EOS> the than $ months <EOS> the <EOS> <EOS> <unk> the'
b'the <unk> <unk> the the week <EOS> <EOS> <EOS> the <unk> <EOS> <unk> <EOS> <unk> <EOS> the <unk> <unk> <unk>'
b"the <EOS> 's <EOS> n't a <EOS> the <unk> <unk> <unk> <EOS> the <unk> <unk> <unk> the <unk> 's said"
global step: 11600      training ppl: 191.621197812
b'the of <unk> up to of the <unk> of the <unk> of the of <EOS> the <unk> <EOS> <EOS> <unk>'
b'the <unk> <unk> of the to <unk> the <unk> <unk> <unk> <unk> <unk> the if the <unk> in <unk> <unk>'
b"the at <unk> a <unk> 's stock <unk> <EOS> stock <EOS> the is been <unk> to <EOS> the 's a"
epoch 5(Pretrain): learning_rate = 0.000300, train_ppl = 191.739742, valid_ppl = 217.482962, test_ppl = 319.674922

-------------Pretrain Generator----------------
global step: 11800      training ppl: 170.465556084
b"the the of <EOS> the <unk> york was in the <EOS> N N of the 's be be the the"
b"the <EOS> of the <unk> 's 's the is be the <unk> <EOS> <EOS> the <EOS> <EOS> the <EOS> <unk>"
b'the <EOS> the N <unk> <EOS> <EOS> the <unk> was expected in the N N N the <unk> of the'
global step: 12000      training ppl: 178.454739367
b'<EOS> a $ for the <EOS> the in the <EOS> the <unk> <unk> at N <unk> <EOS> as the carolina'
b'<EOS> <unk> to <EOS> the the more the <unk> of the <unk> of the <unk> <EOS> the <unk> <unk> <unk>'
b'<EOS> a the N <EOS> medical inc. been N shares <EOS> <EOS> the industries corp. co. said a <unk> for'
global step: 12200      training ppl: 176.134583452
b'the <unk> by <unk> <EOS> <unk> <unk> <EOS> the is is <unk> out to <unk> <unk> <unk> to <unk> <unk>'
b'the <EOS> <EOS> be <unk> $ <EOS> the <unk> of <unk> <EOS> said <unk> the the the the the that'
b"the <EOS> <unk> the would going the <unk> of to <EOS> <EOS> <unk> 's the <unk> the <unk> going <unk>"
global step: 12400      training ppl: 175.288662463
b'<EOS> the <unk> the <unk> <EOS> carolina <EOS> <unk> the <unk> <unk> years <EOS> the <unk> <EOS> the <EOS> <EOS>'
b'<EOS> N the N N N <EOS> the N the <unk> were <unk> triple-a by moody N to the <unk>'
b"<EOS> <unk> 's <EOS> <unk> <EOS> of said <EOS> <unk> <EOS> the is a <unk> <unk> <EOS> a longer <EOS>"
global step: 12600      training ppl: 174.166507183
b"the the <unk> <EOS> the <EOS> the 's benchmark N N to $ N to N 's 's N depositary"
b"the in the N <EOS> of $ N million or the latest 's it third-quarter bond were to the the"
b'the <EOS> the <unk> <EOS> the <unk> <unk> the <unk> the <unk> <unk> <EOS> dollars association <EOS> the sides <EOS>'
global step: 12800      training ppl: 172.625271638
b"<EOS> the <unk> <unk> of the delivery the <unk> <unk> <unk> 's <unk> index <EOS> at the N N million"
b'<EOS> <EOS> <EOS> <unk> <unk> <EOS> <EOS> <unk> <unk> of the company & <EOS> the N million <EOS> N million'
b'<EOS> the <unk> the <EOS> the <unk> <unk> <unk> <unk> <unk> <unk> has the <EOS> the <unk> union of <unk>'
global step: 13000      training ppl: 170.170651811
b'the <unk> <unk> metals of the <unk> <EOS> the <unk> <EOS> the the <EOS> and <EOS> the months <EOS> <EOS>'
b'the with <unk> at the the the the a the company of <unk> is the <unk> to <unk> the <unk>'
b"the <unk> the of 's to to N <EOS> the <EOS> <EOS> <unk> the the the bush and the to"
global step: 13200      training ppl: 171.593626761
b"the the <unk> time of <unk> low <EOS> be a for the the the that <unk> of is n't in"
b'the N N million <EOS> be $ $ N million <EOS> N cents a each $ <EOS> said expected by'
b"the the the a the <unk> who to in n't <EOS> to the <unk> 's a <unk> <unk> the 'm"
global step: 13400      training ppl: 173.375386203
b'<unk> the the the <unk> <unk> <EOS> <unk> the <unk> <EOS> the <unk> <unk> <unk> of the <unk> <unk> the'
b'<unk> <unk> <unk> <EOS> <EOS> the this corp. to been the N N <EOS> <unk> said <EOS> the <unk> <EOS>'
b"<unk> <unk> the <unk> <unk> the of says the 's has the <unk> <unk> 's the the the the the"
global step: 13600      training ppl: 172.728502141
b"<unk> that the has the <unk> than <EOS> <EOS> the husband <EOS> <unk> 's <unk> <EOS> <EOS> <unk> the <EOS>"
b'<unk> of N N to N N million <EOS> $ N million <EOS> the <unk> <unk> N N of and'
b'<unk> <unk> <EOS> the <unk> of the years <EOS> <unk> companies <EOS> be to <unk> <unk> <EOS> <EOS> well <EOS>'
global step: 13800      training ppl: 171.546619563
b"<EOS> of the N a share <EOS> <EOS> a as the N <unk> year of the <unk> 's <EOS> the"
b'<EOS> the the the year is <unk> to the <unk> range of the <EOS> says <EOS> the that the of'
b'<EOS> <unk> of the <unk> <unk> <EOS> the of the <unk> of been <unk> in the <unk> and <unk> <unk>'
epoch 6(Pretrain): learning_rate = 0.000030, train_ppl = 172.166769, valid_ppl = 220.256704, test_ppl = 237.482496

-------------Pretrain Generator----------------
global step: 14000      training ppl: 180.738988869
b'the <EOS> inc. a <EOS> <unk> <unk> <unk> a of a <unk> of the <unk> <unk> <EOS> <EOS> the the'
b"the <unk> <EOS> <unk> is <EOS> <EOS> the are a <unk> to do it <EOS> the 's <EOS> the have"
b"the n't <unk> the are 's be the 's been <unk> <unk> <EOS> <EOS> <unk> a <unk> attorney analyst <EOS>"
global step: 14200      training ppl: 164.09776037
b"<unk> of the <unk> of the companies <EOS> the N <EOS> the far the <unk> 's been been to <unk>"
b'<unk> <unk> of <EOS> and the <unk> <EOS> the the of the <unk> successful <unk> of the <unk> income flow'
b'<unk> <unk> <unk> <unk> <unk> <EOS> N <unk> <EOS> the is the to to be that the in <unk> the'
global step: 14400      training ppl: 172.034669539
b'<EOS> <unk> <unk> <EOS> the <unk> of the <unk> of the the nine nine the <unk> contract was <unk> is'
b'<EOS> the the <unk> <EOS> the in the the the <unk> the is a <EOS> the <EOS> the <unk> of'
b'<EOS> to the <unk> of <EOS> the <EOS> the N the the <unk> the <unk> business is be the ownership'
global step: 14600      training ppl: 169.61017015
b"<EOS> <EOS> the <unk> of the <unk> the n't have be a <EOS> the the <unk> with <unk> 's <unk>"
b'<EOS> N million or year <EOS> the the N million <EOS> the <EOS> a the the first <EOS> to be'
b'<EOS> of N N to $ N million or N cents a share a for the nine of the first'
global step: 14800      training ppl: 167.225515011
b'<unk> <unk> are <EOS> the <unk> been <EOS> <unk> <EOS> <unk> <unk> <EOS> the <unk> <EOS> the the <unk> <unk>'
b'<unk> <EOS> the lehman <unk> <EOS> the <unk> corp. <EOS> the that the <unk> the market <unk> the <unk> economy'
b'<unk> interstate corp. <EOS> the <unk> is a by the <unk> N of of the suisse the suisse <EOS> the'
global step: 15000      training ppl: 167.868595308
b'<unk> the <unk> <EOS> the <unk> <unk> <EOS> the <unk> <EOS> the is is the the <unk> judge court said'
b'<unk> <unk> <unk> <EOS> <EOS> that <EOS> <EOS> <EOS> the <unk> <unk> <unk> <EOS> the company angeles <unk> <unk> <unk>'
b'<unk> <unk> <unk> <EOS> at N than N N million <EOS> the inc. inc. said has <unk> <unk> by the'
global step: 15200      training ppl: 165.898800457
b'<EOS> business <unk> and <unk> of the <EOS> the the the is is the N of the is it the'
b'<EOS> <unk> <EOS> is the the <unk> of the <unk> <EOS> the the <unk> changes of the and <unk> <unk>'
b'<EOS> of <unk> <unk> have <EOS> <unk> of the <unk> continues been expected <unk> the <EOS> <unk> <EOS> to to'
global step: 15400      training ppl: 164.602708106
b"<unk> the is n't be the <unk> <unk> <EOS> the is the is <unk> a to be to to the"
b"<unk> <unk> 's has to a <unk> of <unk> <EOS> <unk> said <EOS> the inc. and the <unk> in <unk>"
b'<unk> with the <unk> inc. inc. of <unk> <unk> the communications it is be the to the <unk> with the'
global step: 15600      training ppl: 166.299094916
b'<EOS> said the products holding a <unk> of for <unk> to to the <unk> of <EOS> the <EOS> is the'
b'<EOS> <unk> <unk> of that the company <unk> is to <unk> a <EOS> $ <unk> <unk> <unk> and <EOS> but'
b"<EOS> <unk> <EOS> the <unk> <EOS> n't are the the <unk> <unk> <EOS> <unk> <unk> <unk> <EOS> the the 's"
global step: 15800      training ppl: 166.983306255
b'the been the much <EOS> the <EOS> to the <unk> <EOS> <EOS> the the value <EOS> <EOS> the have <unk>'
b'the <EOS> the of the third quarter ending been N million <EOS> from N from $ N billion <EOS> the'
b'the <unk> <unk> the company house of the that the <unk> <unk> <EOS> the <unk> <EOS> <unk> the <unk> <unk>'
global step: 16000      training ppl: 166.702309268
b"the <unk> and <EOS> the 's stock third-quarter trading said n't first board trade and <EOS> the company company n't"
b'the the the to the <unk> <unk> <EOS> the investors <EOS> <EOS> the the <unk> are <unk> the <unk> flow'
b"the <unk> <unk> <unk> <unk> <unk> <unk> <unk> <unk> <unk> 's <unk> <unk> the <unk> to <EOS> <unk> <unk> <unk>"
global step: 16200      training ppl: 165.928288579
b"<EOS> <unk> <unk> <EOS> <unk> <EOS> the <EOS> the 's been N in <EOS> the with <unk> of <unk> <unk>"
b"<EOS> year <EOS> <unk> a of the <unk> german <EOS> and <EOS> the in the <unk> <unk> <unk> 's <unk>"
b"<EOS> the is n't to be the year <EOS> the one <unk> is be <unk> by year <EOS> extraordinary <unk>"
epoch 7(Pretrain): learning_rate = 0.000030, train_ppl = 166.710491, valid_ppl = 320.226839, test_ppl = 264.420587

-------------Pretrain Generator----------------
global step: 16400      training ppl: 167.829509034
b"<unk> <unk> 's <unk> to <unk> from the <unk> war <EOS> <EOS> the <unk> <unk> and the & and <unk>"
b'<unk> N <EOS> months N N N days N N N days N N N month <EOS> the of deposit'
b'<unk> a as a <EOS> <EOS> the <unk> <unk> <EOS> <EOS> the <EOS> the analyst <unk> <unk> <unk> <EOS> <EOS>'
global step: 16600      training ppl: 168.312008219
b'<unk> <EOS> <unk> <EOS> the rates <EOS> the <unk> are <unk> <unk> and to the dividend <EOS> the N rate'
b"<unk> n't a the <EOS> the years the <EOS> <EOS> have <EOS> of <unk> of the own <EOS> on the"
b'<unk> have be from the <unk> of <EOS> the <unk> <unk> in <unk> the other <EOS> the <unk> are <unk>'
global step: 16800      training ppl: 169.713704475
b"the 's <EOS> <EOS> the <unk> 's <EOS> <EOS> the <unk> company <unk> <unk> been a first part of of"
b"the <unk> <EOS> the company market n't to the <EOS> the the the N trading said the the to the"
b'the <EOS> been <EOS> the <unk> <unk> <unk> of to the <unk> be so <EOS> the <unk> <unk> to <unk>'
global step: 17000      training ppl: 167.331145684
b'<unk> the <unk> <unk> the <unk> <unk> be up the <unk> <unk> <unk> <EOS> <EOS> <unk> <EOS> <EOS> the the'
b'<unk> <EOS> the express & co. co. <EOS> <unk> corp. <EOS> a were the <unk> operations agreement <EOS> the york'
b"<unk> <unk> of who was been on the <unk> <EOS> <unk> <unk> <unk> of <unk> county 's <unk> <unk> <EOS>"
global step: 17200      training ppl: 166.69939461
b"<EOS> <unk> <unk> <unk> said his <unk> a a <unk> dynamics <EOS> been the <unk> 's the said the <EOS>"
b'<EOS> the N <EOS> the <unk> <unk> the <unk> <EOS> the <unk> board <unk> the <unk> the is a one'
b"<EOS> manufacturers investors <EOS> n't to <unk> rates N levels <EOS> the <unk> <EOS> <EOS> <unk> dollar rate <EOS> <EOS>"
global step: 17400      training ppl: 166.677356968
b'<EOS> the <EOS> <unk> <EOS> the <unk> the said the <unk> of the <unk> national <unk> <unk> <EOS> <EOS> be'
b"<EOS> the <EOS> the bonds are a <unk> of to the N <EOS> the 's investors s&p of <EOS> with"
b"<EOS> the 's a <unk> <unk> the N years N of <EOS> the <unk> period <EOS> <EOS> <unk> a president"
global step: 17600      training ppl: 163.586836763
b"<EOS> and <unk> <unk> 're done a says the who do the <unk> <EOS> be the the done to <EOS>"
b"<EOS> the securities inc. york <EOS> that will N of N than N 's <unk> used the <EOS> to the"
b"<EOS> been to to the a <EOS> <unk> <EOS> <EOS> <unk> <unk> <EOS> the <unk> company 's be the to"
global step: 17800      training ppl: 164.26424091
b"the <unk> be to the the of the <EOS> the <unk> 's <unk> by the addition past quarter the gulf"
b'the with the N period of the N million N cents a share <EOS> the rose N N N million'
b'the the of the <unk> <EOS> the the years of <unk> <unk> of the <unk> of <unk> <EOS> <unk> <EOS>'
global step: 18000      training ppl: 166.276599723
b'<unk> N the <unk> of of that the <unk> growth of the N in N to the the the exchange'
b'<unk> the <unk> in the <unk> funding court <EOS> <EOS> a <unk> to week <EOS> he <unk> <unk> association of'
b'<unk> said be out the the <EOS> <unk> <EOS> <unk> inc. the <unk> said the stanley the <unk> <unk> <EOS>'
global step: 18200      training ppl: 165.791584342
b"<EOS> for <unk> in is of were indicated been the <unk> <EOS> the 's the <unk> <unk> <EOS> the <unk>"
b'<EOS> the is in the the and <EOS> <unk> <unk> <unk> to the <EOS> the the <unk> the the prices'
b"<EOS> N <EOS> <EOS> the <unk> <EOS> <EOS> the 's has a <unk> of the and <EOS> a as and"
global step: 18400      training ppl: 165.412997283
b"the the <unk> the <unk> of the the N <unk> 's the <unk> to the the <unk> 's a vice"
b'the <EOS> to be the <EOS> to <EOS> <unk> to <unk> <unk> of <unk> <EOS> <unk> <EOS> <unk> <unk> <unk>'
b'the the <EOS> a result <unk> <EOS> the <unk> <EOS> markets <EOS> <EOS> the said it has agreed the N'
epoch 8(Pretrain): learning_rate = 0.000003, train_ppl = 166.034439, valid_ppl = 240.889514, test_ppl = 278.875099

-------------Pretrain Generator----------------
global step: 18600      training ppl: 199.97226794
b"<unk> said <EOS> are n't to the <unk> <EOS> of the a operations the <unk> in the <unk> plan <EOS>"
b'<unk> <unk> <unk> of the to <unk> a the <unk> of the <unk> a the do <unk> be the the'
b'<unk> the <unk> N N year N N N months N N N months N N N months N N'
global step: 18800      training ppl: 159.869405714
b"<unk> the <unk> of the <unk> york of been <unk> off the the company are be the 's to the"
b'<unk> <unk> be the the <unk> of <unk> the <EOS> the the the <unk> <unk> of the <unk> is be'
b"<unk> the same rate <EOS> of <EOS> the company of company is n't by the <unk> of N N in"
global step: 19000      training ppl: 168.661248674
b'<unk> out to the <EOS> the years ago <unk> in the and N N million in the to the to'
b'<unk> <EOS> of $ equipment and <EOS> the end <unk> <unk> <EOS> <unk> fund <EOS> <EOS> the <unk> <EOS> <unk>'
b'<unk> <unk> of <EOS> the of has <unk> the <unk> <unk> of with the <EOS> the the will be comment'
global step: 19200      training ppl: 168.368455473
b"N <unk> <unk> be a <unk> 's the <unk> <EOS> the year n't <unk> <EOS> <unk> <unk> <unk> the <EOS>"
b'N york for <EOS> the <unk> years national court <EOS> be in the <unk> in the <unk> attempt <EOS> <EOS>'
b'N <unk> a chief of <unk> <unk> department <EOS> the <unk> capital <unk> <unk> to be the <unk> <unk> of'
global step: 19400      training ppl: 166.080358818
b'<unk> <unk> <EOS> the <unk> <unk> to the to <unk> the <EOS> <unk> the <EOS> <EOS> <unk> <unk> <unk> of'
b'<unk> <unk> york <EOS> the the francisco <unk> <unk> of the <unk> <unk> <unk> <unk> <EOS> <EOS> <unk> <unk> that'
b"<unk> <unk> the <unk> 's <unk> the <unk> <unk> of the <unk> <EOS> <unk> <unk> of the <EOS> be <unk>"
global step: 19600      training ppl: 165.369094437
b"the the <unk> <EOS> the <unk> the the the are have the to be the the officials to have n't"
b"the <unk> corp. <EOS> N to to $ N N added 's N N N N the the things are"
b'the <unk> <EOS> the <unk> <EOS> <unk> of the <unk> time the <EOS> the <unk> have been way to the'
global step: 19800      training ppl: 164.994225801
b'the <EOS> the trades investors <EOS> much <EOS> <EOS> <EOS> <EOS> <EOS> <EOS> <EOS> <unk> <unk> N the are have'
b'the N <EOS> the <unk> <unk> the <unk> <EOS> <unk> market <unk> contracts <EOS> the <EOS> the goods <EOS> the'
b"the the <unk> <EOS> <EOS> <unk> 's <unk> have i <EOS> is <unk> <unk> <unk> <EOS> the <unk> the the"
global step: 20000      training ppl: 163.402559214
b'<unk> <unk> <unk> <unk> <unk> <unk> <EOS> the york <EOS> the the the are the <unk> <unk> the <EOS> <unk>'
b'<unk> of the <unk> the the <EOS> the <EOS> the <unk> a analyst at goldman <unk> co. co. <unk> philadelphia'
b"<unk> the <unk> the <unk> <EOS> 's been the N of the <unk> 's 's the <unk> year <EOS> the"
global step: 20200      training ppl: 164.378908884
b"<EOS> the group <unk> <unk> <EOS> the <unk> <unk> <EOS> the week 's 's <unk> said company york company of"
b"<EOS> that <EOS> the 's that years of the <unk> with the <unk> and the and the is to be"
b'<EOS> year N the the <unk> of the <unk> <unk> <EOS> <EOS> said a loss N increase from the profit'
global step: 20400      training ppl: 166.171769431
b'<unk> N <EOS> that was be the <unk> of the the <unk> and <unk> the <unk> <unk> <unk> that <unk>'
b'<unk> <unk> <EOS> the the <unk> of the are to of a <EOS> the <EOS> <unk> <EOS> <unk> <unk> <EOS>'
b'<unk> <unk> have not <unk> <unk> <EOS> <EOS> the <unk> <unk> that the <unk> <unk> <unk> a to much to'
global step: 20600      training ppl: 165.469595837
b"the <unk> <EOS> 's <unk> said <unk> <unk> <unk> <EOS> and the the <unk> <EOS> <unk> <unk> <unk> <unk> a"
b'the the <EOS> <EOS> the are <unk> to the <unk> and exchange commission <EOS> to <unk> the debt to the'
b"the be <EOS> the <unk> of the <unk> rate <unk> n't announced to be to a <unk> of the <unk>"
global step: 20800      training ppl: 164.708192958
b"<unk> <unk> <unk> the <unk> the <unk> york 's be the the as the major the the <unk> the <unk>"
b'<unk> <unk> <unk> <unk> <EOS> <EOS> <EOS> <unk> <EOS> <EOS> <EOS> been <unk> to to the the <unk> N decline'
b'<unk> <unk> agreement <EOS> the <unk> <unk> a the <EOS> the <unk> <unk> <unk> <unk> the <unk> a the <unk>'
epoch 9(Pretrain): learning_rate = 0.000000, train_ppl = 165.558364, valid_ppl = 312.745198, test_ppl = 265.022953

-------------Pretrain Generator----------------
global step: 21000      training ppl: 173.725402893
b'the are the of <unk> <EOS> the <unk> <EOS> <unk> with <EOS> the than the day years <unk> the <unk>'
b'the the N <EOS> <EOS> the <unk> <EOS> <EOS> <unk> up N the smaller than <EOS> the is be the'
b"the the <unk> <unk> with the 's the <unk> to and the to <unk> <unk> to <unk> a <unk> <unk>"
global step: 21200      training ppl: 163.604203195
b'<EOS> <EOS> be <unk> by the N <EOS> year <EOS> the N N of the <unk> of the <unk> of'
b'<EOS> <EOS> <unk> <unk> <EOS> the <unk> <unk> <EOS> the a the of <EOS> the <unk> angeles <unk> <unk> the'
b'<EOS> the <EOS> the <unk> <unk> in the past market <EOS> N <EOS> the corp. the <unk> <unk> that <unk>'
global step: 21400      training ppl: 169.791777248
b'<unk> <unk> <unk> a <unk> of the <EOS> <unk> <unk> <EOS> the to <EOS> <unk> <EOS> the <unk> a <unk>'
b'<unk> been $ <unk> <EOS> the N <EOS> N N <EOS> share earlier the <unk> for the of the <unk>'
b'<unk> <unk> in the bonds <EOS> <EOS> year <EOS> been been minor <unk> number of <EOS> the sale issue <EOS>'
global step: 21600      training ppl: 167.206558389
b'<unk> <EOS> who the <unk> <EOS> that the companies <unk> be the <unk> <unk> <EOS> the asia <unk> is been'
b"<unk> <EOS> n't <EOS> <EOS> the <unk> stocks <EOS> john <unk> a <unk> <EOS> <EOS> the said that the trading"
b'<unk> <unk> <unk> <EOS> the <unk> <unk> <unk> <unk> <unk> is by <unk> to the a <unk> <unk> the N'
global step: 21800      training ppl: 165.722048951
b"<EOS> <unk> committee and the <unk> <EOS> the <unk> <EOS> 's <unk> <unk> <unk> <unk> a <unk> <unk> and <EOS>"
b"<EOS> the <unk> 's said that company will <unk> <unk> that the <unk> earlier the 's said said a lehman"
b'<EOS> <EOS> <unk> said <unk> court <EOS> <EOS> a the <unk> <unk> N million of of the <unk> <EOS> the'
global step: 22000      training ppl: 165.723740058
b'the in the <unk> <unk> the own <EOS> <unk> a <EOS> the as of <EOS> the years <unk> <EOS> <EOS>'
b"the <unk> N of the N N the the N <unk> the <unk> conference <unk> 's is to trading the"
b'the the <unk> <unk> the <unk> <unk> <EOS> the <unk> the <unk> <unk> to be the <unk> and mr. peters'
global step: 22200      training ppl: 163.286349813
b"<EOS> <EOS> <unk> <EOS> the <unk> market <EOS> the 's that the containers said a in in the problems <EOS>"
b"<EOS> <unk> <EOS> at N N N million <EOS> the year N of the <EOS> the jones capital n't the"
b'<EOS> <EOS> <EOS> is the and the <unk> <unk> <unk> <EOS> <unk> to the <unk> <EOS> the a result of'
global step: 22400      training ppl: 163.226670165
b"<unk> by <unk> <unk> <EOS> the say n't that the company with said the the and the market of the"
b'<unk> of the <EOS> <EOS> the <unk> stock exchange composite index on N N to N <EOS> the on N'
b"<unk> the n't be the have be <unk> <unk> <unk> for the the <unk> <unk> are the <unk> <unk> are"
global step: 22600      training ppl: 165.006668793
b'<EOS> the corp. been of <unk> the <unk> <unk> is <unk> and <unk> products to <unk> a <EOS> the corp.'
b"<EOS> 's <unk> california banking of <unk> <unk> <EOS> <unk> <unk> 's been N million of $ via <EOS> bonds"
b"<EOS> ' <unk> the <unk> $ <EOS> <EOS> the <unk> <EOS> <unk> <EOS> the company was <unk> of the <unk>"
global step: 22800      training ppl: 164.939936355
b"<EOS> <EOS> <EOS> the the company N is n't be the <unk> of the <EOS> <EOS> year cut <EOS> the"
b'<EOS> in is the <unk> <EOS> the <unk> <EOS> <EOS> N <EOS> the that the <unk> <EOS> year <EOS> the'
b"<EOS> co. n't <unk> alto <EOS> <unk> maker of the <unk> angeles <unk> <unk> n't of the years companies of"
global step: 23000      training ppl: 164.977640188
b'the <unk> house and <unk> the <unk> <EOS> the <unk> <unk> <EOS> <unk> <EOS> the far companies of the <unk>'
b'the <unk> said the the <unk> in of <unk> <unk> <unk> <unk> <unk> <unk> <unk> to the of <unk> <EOS>'
b"the <EOS> the the the <unk> <EOS> the N million of <unk> <unk> <EOS> <unk> york 's <unk> be a"
global step: 23200      training ppl: 164.872786123
b'<unk> to be off the <EOS> <EOS> <EOS> the <unk> the <unk> <unk> the been <unk> <unk> <EOS> <unk> <EOS>'
b"<unk> <unk> n't <unk> the <unk> <EOS> <unk> was <unk> <unk> the <unk> <EOS> <EOS> <unk> <unk> <unk> <unk> <EOS>"
b"<unk> <EOS> a as <unk> the 's <unk> is be the <unk> to the to <EOS> the <unk> <unk> is"
epoch 10(Pretrain): learning_rate = 0.000000, train_ppl = 165.237739, valid_ppl = 190.125229, test_ppl = 274.086815

-------------Generate Negative Samples----------------
------------------ STORING OUTPUT -----------------
len of output: 46460
b'<unk> by them <unk> of batman <EOS> scientists but the world in political classified that contain greatest <unk> when there'
b'project just has set up a record spokesman for $ N million deficit incurred in the <unk> of campus <EOS>'
b'government at $ N down N cents <EOS> every <unk> N N circulated will have entered N revenue each year'
-------------Pretrain Generator----------------
global step: 23400      training ppl: 163.032478712
b"<EOS> the the N million or <unk> N million of <unk> company 's <unk> and of <unk> by <unk> be"
b"<EOS> gas <EOS> the and are that the the house 's n't the <unk> <EOS> <unk> been the <unk> <unk>"
b'<EOS> <EOS> at $ million to N N to the earnings <EOS> the million shares <EOS> the the <unk> stock'
global step: 23600      training ppl: 168.417107924
b'<unk> who <unk> for get the own <EOS> <EOS> the <unk> of the <EOS> <EOS> the of the <unk> an'
b"<unk> of <EOS> <EOS> is n't for the of and <unk> <EOS> the the <unk> <EOS> <unk> <unk> <EOS> the"
b"<unk> the the past fiscal the 's <unk> <unk> the <unk> stake in the <unk> <EOS> the the the in"
global step: 23800      training ppl: 166.720297484
b'<unk> <EOS> <unk> <unk> of the <EOS> the <unk> <unk> <EOS> the the the the <unk> is <unk> is <unk>'
b'<unk> in the is the <unk> contract the <unk> <unk> of <unk> <unk> is the <EOS> <unk> <unk> <EOS> the'
b"<unk> <EOS> the <EOS> as the <EOS> inc. a the 's <EOS> <EOS> the <unk> held the <unk> and said"
global step: 24000      training ppl: 166.575441957
b"the <EOS> the that the <unk> <EOS> been the the years the the <unk> few the the many the 's"
b"the N million N N a the company the the the 's stock <EOS> the in the new markets the"
b'the <EOS> to be a the a <unk> of <unk> of <unk> <EOS> the <unk> <unk> <unk> the the <unk>'
global step: 24200      training ppl: 166.057252271
b'the of the york stock the <unk> <EOS> the apparent N of N $ N million share <EOS> the <EOS>'
b"the of the the lower than the earnings revenue <EOS> be earnings 's the own returns <EOS> <EOS> to the"
b"the <unk> <unk> committee <EOS> n't by the <unk> of <EOS> are be been average to be the <unk> to"
global step: 24400      training ppl: 165.392633477
b"the the <unk> 's <unk> of in the <unk> <unk> the <unk> of the and inc. said and it the"
b'the the <unk> range of <unk> is that airlines <unk> $ loss of $ N million or the first <EOS>'
b"the <EOS> the <EOS> <unk> <unk> up the <EOS> the n't <unk> to <unk> the <EOS> the <unk> attorney the"
global step: 24600      training ppl: 162.631129659
b'<unk> <EOS> <unk> <EOS> <EOS> <unk> <unk> <unk> <unk> <unk> the <EOS> <unk> <unk> <unk> <unk> the <unk> the <unk>'
b'<unk> the oil <EOS> <unk> to N the <EOS> the <EOS> the <unk> <EOS> the the <unk> <unk> <unk> <EOS>'
b'<unk> to the the <unk> <unk> is the <unk> the <unk> <EOS> the and the <EOS> the <unk> board of'
global step: 24800      training ppl: 164.015589109
b'<EOS> <unk> N increase in at $ than N N million <EOS> the estimated <unk> <EOS> <EOS> and <EOS> the'
b'<EOS> <unk> of the officials funds <unk> the N million <EOS> $ the <unk> <EOS> $ its N million <EOS>'
b'<EOS> the <unk> <EOS> the <unk> <unk> <EOS> the <unk> is be to to the <unk> of be a <EOS>'
global step: 25000      training ppl: 165.786992032
b'the <EOS> <unk> <unk> <unk> <EOS> <EOS> the <unk> <EOS> <unk> of the <EOS> <EOS> <unk> <unk> <EOS> for <unk>'
b"the earnings <EOS> the 's said the will n't be the <unk> of the <unk> of the have the will"
b"the <unk> 's the <unk> <EOS> <EOS> the <unk> <unk> <unk> <unk> <EOS> the <unk> is n't <unk> for the"
global step: 25200      training ppl: 165.526605062
b"the <EOS> the <unk> 's <unk> <EOS> the the <unk> of in the york <EOS> the <unk> government bank are"
b"the <EOS> the <unk> that the 's <unk> corp. rose $ than N of major <EOS> expectations the <unk> a"
b"the N of to the 's of expected <unk> of <EOS> <EOS> of <unk> the loans <EOS> <unk> 's the"
global step: 25400      training ppl: 164.83858308
b'the the <unk> <unk> <unk> to <unk> <unk> in <unk> clause <EOS> the <unk> be <unk> <unk> than the <unk>'
b'the the <unk> the to the the <unk> the <unk> <unk> the <unk> <unk> <unk> to be the the the'
b"the N million <EOS> the <EOS> <EOS> the the <unk> rate payments <EOS> n't <unk> <unk> of <EOS> the it"
epoch 11(Pretrain): learning_rate = 0.000000, train_ppl = 165.613282, valid_ppl = 142.123814, test_ppl = 230.141949

-------------Pretrain Generator----------------
global step: 25600      training ppl: 182.767988022
b'<EOS> <EOS> N <EOS> the the the <unk> a <unk> of the <unk> <EOS> <EOS> on be <EOS> the <EOS>'
b'<EOS> the <EOS> the <unk> stock <EOS> <unk> <EOS> <unk> <unk> <unk> <unk> the <unk> <EOS> it the <unk> <unk>'
b'<EOS> for the been a <unk> business <EOS> the <unk> the <unk> <EOS> the <unk> on the new mercantile exchange'
global step: 25800      training ppl: 161.017275494
b'<unk> to <unk> <EOS> the a <unk> <EOS> says <EOS> the is been a <unk> in the <unk> auto the'
b'<unk> of are with the <unk> <EOS> <EOS> the <unk> <unk> the <unk> are the <unk> <unk> the be <unk>'
b'<unk> <unk> <unk> the <EOS> <unk> <unk> <EOS> the <unk> the <unk> <unk> <unk> is the N <unk> <unk> the'
global step: 26000      training ppl: 169.487411831
b"<unk> <EOS> this the past <EOS> the 's and <unk> <unk> <unk> <EOS> the <unk> that agreement N to in"
b'<unk> companies said <unk> companies companies firms <EOS> and <EOS> <unk> <unk> <EOS> <unk> trading said <unk> years <EOS> from'
b"<unk> the <unk> <unk> is has <unk> <unk> to <unk> <unk> of the <unk> is n't <unk> <EOS> much <unk>"
global step: 26200      training ppl: 167.2593525
b'<unk> that <unk> who <unk> <EOS> for the <unk> <unk> to been <unk> of the <EOS> the the the <unk>'
b'<unk> <EOS> of the <unk> <unk> <EOS> the <unk> and <EOS> the <unk> <unk> the <unk> <unk> american <unk> of'
b'<unk> of <EOS> <unk> a of the <EOS> <unk> <EOS> <unk> <EOS> the beach said said <unk> <unk> york co.'
global step: 26400      training ppl: 165.24661714
b"the <EOS> <EOS> the the <unk> the think it the <unk> is the 'm it 're to be the <unk>"
b'the <unk> of the N million <EOS> the third N <EOS> the the the are a <unk> of year <EOS>'
b'the <unk> to the <unk> <EOS> <EOS> the <EOS> <unk> <unk> <EOS> unit <EOS> is be <unk> by the <unk>'
global step: 26600      training ppl: 166.000710567
b'<EOS> <unk> <unk> the <unk> <EOS> the the have a good judge <EOS> <unk> the <unk> <unk> <unk> <unk> <EOS>'
b"<EOS> <EOS> the <EOS> <unk> of <EOS> the <EOS> the <unk> are <unk> at the <unk> <EOS> the 's <unk>"
b'<EOS> N the <unk> of of are <unk> <EOS> be <unk> <unk> <EOS> of the a as N N yen'
global step: 26800      training ppl: 164.312393731
b'the the <unk> countries <EOS> says <EOS> the <unk> time weeks are a <EOS> the N <unk> of <unk> <unk>'
b'the <EOS> the <unk> <unk> <EOS> in the <unk> price of the <unk> drop <EOS> the the and the <unk>'
b"the said the said <unk> spokesman <unk> <unk> said said been to the for company 's N million of the"
global step: 27000      training ppl: 162.946016465
b"<EOS> the <EOS> n't to N <unk> <EOS> the a result of 's said be <unk> by whether the the"
b"<EOS> <EOS> <unk> <EOS> be the 's <unk> growth in a <EOS> at lower in the trading <EOS> the the"
b'<EOS> N N yen $ the year period year ended year N in $ N <EOS> the company board for'
global step: 27200      training ppl: 164.586286728
b'the the by the and <unk> <unk> <EOS> the the N later <unk> <unk> to the <unk> <EOS> of of'
b'the a hugo <EOS> the company <unk> <EOS> been in the debt <EOS> the <unk> a unit <unk> spokesman of'
b"the the <EOS> the <EOS> the are n't the the the and the <unk> of firm the <EOS> the the"
global step: 27400      training ppl: 165.756746481
b'<EOS> <EOS> in said <EOS> a <unk> <EOS> of the <EOS> <unk> to <unk> <unk> <unk> <EOS> is the is'
b"<EOS> <EOS> the of <unk> <EOS> the the <unk> and the a capital markets the the the company 's to"
b'<EOS> the <unk> <unk> a a the <unk> case of the are a <unk> the <unk> the <unk> of <unk>'
global step: 27600      training ppl: 165.307050716
b'the <unk> and <EOS> the the <unk> N N market in the york stock the <unk> funds not <unk> <unk>'
b"the <unk> <EOS> us <EOS> the be n't the the are have to be the <unk> to of be the"
b'the <unk> <unk> the <unk> <EOS> <unk> <EOS> <EOS> <unk> to of to <EOS> are the <unk> N <EOS> the'
global step: 27800      training ppl: 164.400474619
b'<unk> of the <unk> <EOS> <unk> <EOS> <unk> <EOS> <unk> the <unk> of the <unk> <EOS> <unk> <EOS> <unk> in'
b'<unk> <unk> <unk> <unk> and <EOS> <unk> <unk> <unk> <unk> <unk> the the <unk> <unk> <unk> <unk> <unk> <unk> <unk>'
b'<unk> and the <unk> <EOS> for the <EOS> the <unk> of the insurance <unk> <unk> the for the in <unk>'
epoch 12(Pretrain): learning_rate = 0.000000, train_ppl = 165.402377, valid_ppl = 231.409459, test_ppl = 197.952064

-------------Pretrain Generator----------------
global step: 28000      training ppl: 171.186081104
b"<unk> million N N <EOS> the york 's co. fell out to the <unk> war the relations <EOS> 's the"
b"<unk> 's and <unk> 's <unk> <unk> of has a N to <EOS> of in the <unk> N stake in"
b"<unk> n't to be the things <EOS> <unk> said <EOS> the <unk> said be be n't for the <unk> said"
global step: 28200      training ppl: 166.94545745
b'<EOS> the <EOS> <EOS> the executive officer of year <EOS> <unk> to to <unk> to the <EOS> <unk> <EOS> the'
b'<EOS> <EOS> <unk> the <unk> <EOS> the <unk> <unk> <EOS> the <unk> to the <unk> of <unk> <EOS> the do'
b'<EOS> the is <unk> the <EOS> the <unk> administration <EOS> the <unk> <unk> with the foreign <unk> <EOS> the be'
global step: 28400      training ppl: 169.679769297
b"<EOS> the investors and the the <EOS> the the <EOS> the <unk> <unk> of the the kong 's can <unk>"
b'<EOS> the <unk> for the to the the trading <EOS> to to to to the of have the <unk> board'
b'<EOS> be <EOS> <unk> N million loan the of of year <EOS> the <unk> <unk> <unk> the <unk> <unk> the'
global step: 28600      training ppl: 167.493756493
b'<unk> the <unk> <unk> year <EOS> to <unk> <unk> to the to the <unk> market <EOS> the <unk> <unk> <EOS>'
b"<unk> the are n't the <unk> of the <unk> <EOS> <EOS> are n't the of the <EOS> the the is"
b'<unk> <EOS> the a <unk> of the <unk> <unk> are the the the the <unk> of <unk> the <unk> to'
global step: 28800      training ppl: 166.279321275
b"<EOS> of $ common businesses the <EOS> n't the <unk> <EOS> <EOS> <unk> <unk> <unk> and the <EOS> <unk> <unk>"
b'<EOS> <EOS> <EOS> a <unk> <unk> <EOS> <EOS> <unk> the the <unk> <unk> <EOS> <unk> the <unk> is <unk> by'
b"<EOS> n't the the the the rates <EOS> the securities <EOS> the the <unk> <EOS> <unk> a <unk> two <unk>"
global step: 29000      training ppl: 166.304586053
b"the to the <unk> to <unk> the <unk> 's <unk> to the the <unk> <EOS> the said <unk> corp. it"
b"the N yen N debt notes due the the prices the the junk mortgage are <unk> 's have the N"
b"the 's said to comment <EOS> the company of the <unk> agency <EOS> <unk> <unk> who in the the york"
global step: 29200      training ppl: 163.150426041
b'the company of <EOS> the <EOS> the <unk> <unk> <EOS> <EOS> <unk> the <unk> <unk> of <EOS> the company <unk>'
b'the in the <unk> N million $ the own <EOS> N <unk> the N <EOS> the <EOS> <unk> <unk> <unk>'
b'the the <unk> <EOS> to the the to the <unk> of market <EOS> to the <unk> <unk> an <unk> <unk>'
global step: 29400      training ppl: 163.428323357
b'the <unk> <EOS> <EOS> buy at N N million share <EOS> the industries closed at at $ N down N'
b'the the income the first ended sept. N N be N year N <EOS> N fell $ N million or'
b"the said to <unk> of the about the <EOS> the <EOS> the <unk> of the 's <unk> <EOS> <unk> the"
global step: 29600      training ppl: 165.482390792
b"<EOS> <EOS> the <unk> <unk> 's him <unk> at of that with the and the was be the contracts <unk>"
b"<EOS> & 's the the <EOS> who be a be the 's <unk> <EOS> the the of observers say that"
b'<EOS> months <EOS> the d. <unk> analyst at <unk> inc. the <unk> said <unk> is the <unk> of week <EOS>'
global step: 29800      training ppl: 164.765527149
b'the the industrial the a <EOS> the <unk> of share preferred bid <EOS> <EOS> will <unk> to average of <EOS>'
b'the the N a share of from of on the <unk> york <EOS> exchange <EOS> the germany national volume the'
b"the the <EOS> <EOS> the <EOS> be the <unk> of $ <unk> <EOS> the <unk> 's to board is to"
global step: 30000      training ppl: 164.513258734
b"<EOS> <EOS> the 're <unk> for be the <EOS> of the year <EOS> says <EOS> the the <unk> of would"
b"<EOS> <EOS> the the 're be the the of <EOS> <unk> in of the <unk> <unk> <EOS> <unk> <EOS> the"
b"<EOS> the <unk> is n't be <EOS> <EOS> <unk> the makers <EOS> the the up N N to N <EOS>"
epoch 13(Pretrain): learning_rate = 0.000000, train_ppl = 165.291413, valid_ppl = 157.405684, test_ppl = 199.167154

-------------Pretrain Generator----------------
global step: 30200      training ppl: 262.769904871
b'the <unk> <unk> <unk> <unk> <EOS> <EOS> <EOS> <EOS> <EOS> <EOS> <EOS> <EOS> <EOS> <EOS> <EOS> <EOS> <EOS> <EOS> <EOS>'
b'the the be the <EOS> <unk> to the the <EOS> the would be the the <unk> <unk> to <unk> to'
b'the N <EOS> the <unk> stock <EOS> the of the <EOS> <EOS> N N outstanding <EOS> the said <unk> <unk>'
global step: 30400      training ppl: 160.901872285
b"the N the <unk> said the <unk> of the company is a 's <EOS> <EOS> N N N million <EOS>"
b'the <EOS> <EOS> <EOS> <EOS> <unk> market <EOS> the <unk> <EOS> <EOS> the <unk> <EOS> the N <EOS> in of'
b'the the <unk> american <unk> is been <unk> a <unk> N stake market index in the year-earlier quarter ended the'
global step: 30600      training ppl: 169.078486116
b"the of store said <EOS> the is <unk> <unk> <EOS> the that the 's be <EOS> the <unk> the <unk>"
b'the of <EOS> <unk> <unk> <unk> <unk> and <unk> the the company are the of the the of is the'
b"the <unk> <EOS> <unk> <unk> khan <EOS> <unk> <unk> <unk> <EOS> <EOS> <unk> <unk> for the <unk> and <EOS> n't"
global step: 30800      training ppl: 167.72068388
b"the n't <EOS> <unk> the of <EOS> <EOS> as <unk> <EOS> the <unk> <unk> <unk> <EOS> <unk> <unk> the the"
b"the <EOS> the who the <unk> <EOS> <EOS> <EOS> <EOS> <EOS> <EOS> the <unk> 's said the the N the"
b'the the $ to <EOS> the <EOS> by the average <EOS> the be be reached as the <unk> reserve deficit'
global step: 31000      training ppl: 166.383275885
b'the <unk> <unk> <EOS> on the <unk> <EOS> the of <unk> <unk> of <EOS> is the N <unk> <EOS> <unk>'
b"the N N to to N N <EOS> N N N <EOS> than fees from the <unk> 's <EOS> the"
b'the <unk> <EOS> <EOS> <unk> <unk> <unk> <unk> <unk> <EOS> <unk> <EOS> the <EOS> the a the <unk> <EOS> the'
global step: 31200      training ppl: 165.528430539
b'<unk> the <unk> reorganization was is been the <unk> for the and had to be the <unk> <EOS> N <EOS>'
b'<unk> <EOS> the the the <unk> <EOS> <EOS> the that <unk> <unk> <EOS> <unk> the <EOS> the <unk> of said'
b"<unk> of the <unk> <EOS> the <unk> and and the 're they 's be a <EOS> the as the <unk>"
global step: 31400      training ppl: 165.07742547
b'the <EOS> <EOS> <EOS> the <unk> <EOS> the the <unk> the <unk> <unk> <EOS> the the <unk> <EOS> the costs'
b"the 's <unk> to be the <unk> in <EOS> the be be the <unk> of of the <unk> of <EOS>"
b'the the to the <unk> N of the <unk> of the <unk> of the <unk> <EOS> the <unk> the <unk>'
global step: 31600      training ppl: 163.237931701
b'the to to one <unk> <EOS> a being <EOS> <EOS> <EOS> <EOS> <EOS> is <unk> interest the do be the'
b'the the europe <EOS> <unk> <unk> <EOS> it company stock is be the <EOS> the <unk> N stake of the'
b'the the york <EOS> <unk> jersey <unk> been than <unk> and <unk> <unk> than of <EOS> the the <unk> issues'
global step: 31800      training ppl: 164.406178176
b"<unk> 's the <unk> is <unk> the 's to the <unk> <unk> <unk> <EOS> the <unk> the <unk> the <unk>"
b"<unk> the of the germany who to the 's the <unk> bloc <unk> <EOS> the <EOS> on the <unk> on"
b"<unk> <unk> of <unk> of the said n't <EOS> a of than the the <unk> is in <unk> is the"
global step: 32000      training ppl: 166.17689928
b'the year <EOS> far the of <unk> be the <EOS> the <unk> the <unk> <EOS> <EOS> the the <unk> <unk>'
b'the the and N of <EOS> of <EOS> <unk> have <unk> the <unk> <EOS> <unk> the <unk> <unk> of the'
b'the <EOS> the <EOS> the <unk> <EOS> the the <unk> activities <EOS> the <EOS> the the <unk> <EOS> the the'
global step: 32200      training ppl: 165.667604577
b'the be <unk> <unk> & <unk> interview of <EOS> the <unk> said resigned holds been <unk> <unk> of <unk> be'
b'the <unk> <EOS> <EOS> <unk> of the the <unk> <EOS> be <EOS> <EOS> the the are the <unk> <unk> committee'
b'the the <EOS> a in the N <EOS> the <unk> a executive officer of who the & & co. a'
global step: 32400      training ppl: 164.632564533
b'the the and <unk> <EOS> the the are no <EOS> the <unk> <unk> a to the <unk> said the <unk>'
b"the <unk> of <unk> the <unk> the <EOS> of <unk> 's <unk> out <EOS> <unk> than <unk> the <EOS> the"
b"the in the carolina 's the <EOS> be the <unk> <EOS> the carolina and <EOS> the <unk> of the <unk>"
epoch 14(Pretrain): learning_rate = 0.000000, train_ppl = 165.509792, valid_ppl = 157.257321, test_ppl = 248.689616

-------------Pretrain Generator----------------
global step: 32600      training ppl: 177.534427707
b'<EOS> <EOS> than the <unk> more <EOS> <EOS> the <EOS> <EOS> the <unk> is the the the the <unk> N'
b"<EOS> the is is <unk> <unk> <unk> <unk> than <unk> in think to <unk> <EOS> the <EOS> the <unk> 's"
b'<EOS> the is a <unk> to be <unk> <unk> <EOS> <unk> is <EOS> be <unk> of <EOS> the <EOS> of'
global step: 32800      training ppl: 162.90099339
b"<EOS> the the the <unk> <unk> and <unk> <unk> <unk> N million the of the <unk> n't of in <EOS>"
b'<EOS> for the banks <EOS> <EOS> <unk> banks markets <EOS> <EOS> <unk> an <unk> of at the <unk> had from'
b"<EOS> the <unk> of the <unk> of the <unk> government of the <unk> on to <unk> to the the 'm"
global step: 33000      training ppl: 170.137707101
b"<unk> <EOS> n't <unk> first of <EOS> the <unk> brands <EOS> the 's a a to the the <unk> <unk>"
b'<unk> a by the the trading said the the the the <unk> of the <unk> N million contract plan the'
b"<unk> <EOS> the the first of drop n't N million or N cents a share <EOS> $ $ dividend of"
global step: 33200      training ppl: 166.514853824
b"the the the <unk> <EOS> the the <unk> is the bush 's <unk> <unk> a the <unk> N <unk> in"
b"the the <unk> <EOS> <EOS> <unk> to the <unk> <EOS> <EOS> the <unk> <unk> said said said the 's <unk>"
b'the a be able <EOS> the <unk> price <EOS> the company is be the the <unk> <EOS> <EOS> the <EOS>'
global step: 33400      training ppl: 165.301898464
b'the it a <unk> <EOS> the <unk> <EOS> <EOS> <EOS> the is said the <EOS> be a <unk> <unk> <unk>'
b"the the the statement <unk> that 's shares it expects to <unk> to be in the <unk> of the company"
b'the <unk> <unk> been <EOS> the the the <unk> <unk> chairman <unk> <unk> of chief executive officer the company is'
global step: 33600      training ppl: 165.729897408
b"<unk> <unk> <unk> <EOS> n't be the <unk> of <unk> <unk> <EOS> the and the <unk> is a to the"
b"<unk> million the <EOS> the <unk> than to they in be the the <unk> <EOS> the than the are n't"
b"<unk> stephen breeden <unk> has be the <unk> of the be the 's <unk> and <EOS> a the and <unk>"
global step: 33800      training ppl: 163.371760847
b'the <unk> from be the $ N of the N stock outstanding the N million <EOS> the company is a'
b'the <EOS> the <unk> york stock exchange composite the <unk> of $ trading <EOS> <EOS> at $ N million N'
b"the <unk> <EOS> said <EOS> are n't know to the 's be <EOS> to be <EOS> the is be a"
global step: 34000      training ppl: 163.070247708
b"<EOS> the N million of the the <EOS> <EOS> <EOS> the 's the <EOS> be the N N the of"
b'<EOS> N <unk> <EOS> the <unk> meeting <EOS> <unk> <unk> a <unk> <EOS> the months <EOS> the pacific co. N'
b'<EOS> <unk> <unk> by <EOS> <unk> the the <EOS> company <EOS> <unk> the growth <unk> <EOS> the the <EOS> the'
global step: 34200      training ppl: 164.900679369
b'the from $ <unk> the are <unk> <unk> to be a the <unk> in the <unk> of a <unk> of'
b'the bills to be the N million <EOS> the due N due year <EOS> the be the company of the'
b"the of 's <unk> <unk> <EOS> to <unk> the the <unk> <EOS> <unk> <EOS> been to the <unk> spokesman said"
global step: 34400      training ppl: 165.233652632
b'the <unk> <unk> <EOS> the than the the <EOS> analysts are <unk> to <EOS> the the to of the <unk>'
b'the to <EOS> <EOS> <unk> <unk> the the <unk> to <unk> <EOS> <EOS> the <EOS> the <unk> the union <EOS>'
b"the <unk> <unk> <EOS> the the <unk> <unk> <EOS> the and <unk> <EOS> n't the the <unk> <unk> <EOS> the"
global step: 34600      training ppl: 165.224074455
b'the trading <EOS> a <EOS> the <EOS> the the past <EOS> he a. a executive officer of <unk> & &'
b'the <unk> <unk> <unk> the said the the the is the <unk> says the the the <unk> years <unk> the'
b"the in n't the <unk> <unk> <EOS> the <unk> 's said be the <unk> <EOS> <unk> says be the <unk>"
global step: 34800      training ppl: 164.821443207
b"the <EOS> <unk> of the <unk> <unk> <EOS> n't to <unk> to they <unk> with the <unk> <EOS> the <unk>"
b'the and the <unk> said has <unk> the <unk> <unk> <EOS> <EOS> <unk> the the <unk> the <EOS> the <EOS>'
b'the up and cents <unk> <EOS> <EOS> <unk> <EOS> <EOS> <unk> <unk> <unk> <EOS> the <EOS> <EOS> the <unk> said'
epoch 15(Pretrain): learning_rate = 0.000000, train_ppl = 165.335015, valid_ppl = 207.498203, test_ppl = 258.600230

-------------Pretrain Generator----------------
global step: 35000      training ppl: 164.797479175
b'the <unk> been the power <EOS> the N and the N <unk> canadian <EOS> had been to the the <EOS>'
b'the <EOS> the telerate said inc <EOS> the regulators mortgage association of mortgage posted yields in the N mortgage commitments'
b'the the N yen <EOS> N a in the company of the of are is N N to to N'
global step: 35200      training ppl: 168.001532202
b'the <EOS> <EOS> it the <unk> of the <unk> <unk> year price in the company <unk> in the <unk> of'
b"the the <unk> and <EOS> the <unk> 's corp. <EOS> n't be the <unk> to <EOS> the <unk> of the"
b'the of by the <unk> <EOS> <EOS> <EOS> <unk> department <EOS> <EOS> <EOS> the the <unk> the <unk> of <EOS>'
global step: 35400      training ppl: 167.751424492
b"the a by the <EOS> the <unk> 's the <EOS> the the the the in the the 's the <unk>"
b'the the <unk> <EOS> <EOS> the the a N high to of of the this than N the of people'
b"the <unk> of the the <unk> is to <unk> 's to soon the in <unk> <EOS> <EOS> <unk> a <EOS>"
global step: 35600      training ppl: 166.831696845
b'the <unk> guilty to the the <unk> N million <EOS> the <unk> <unk> <unk> N after the <EOS> the <unk>'
b'the that much be the <unk> <unk> <unk> <EOS> the this year the <unk> used <unk> a <unk> york <EOS>'
b'the <EOS> <unk> of the own <EOS> the case <EOS> <unk> said <EOS> <unk> <unk> the to the <unk> <unk>'
global step: 35800      training ppl: 167.043966937
b"<EOS> of <EOS> the company market 's <unk> N N <EOS> the trading <EOS> the <unk> composite index rose N"
b"<EOS> and <EOS> <unk> <unk> to the <unk> than <EOS> the 's the the <EOS> the is <unk> <unk> <EOS>"
b"<EOS> the <unk> co. 's <EOS> the in the pills <unk> been <unk> than <unk> of the <EOS> <unk> pills"
global step: 36000      training ppl: 166.59135739
b'<EOS> the rose N N to $ N million or $ N million <EOS> the company of offset the <unk>'
b'<EOS> <EOS> <EOS> the <unk> N million gain of $ clara calif. <unk> of <unk> <EOS> and bonds fell higher'
b'<EOS> <EOS> the the the are the is been <unk> <unk> <EOS> the the makers are <unk> to <unk> the'
global step: 36200      training ppl: 163.332285091
b"the the <unk> <unk> <EOS> to the <unk> 's the were the prices the N N N be a <EOS>"
b'the <unk> said <EOS> <unk> are the <unk> the the <unk> firms are <EOS> have been <unk> with the <unk>'
b"the <EOS> the the <EOS> <EOS> the the mr. <unk> <unk> <unk> <unk> <unk> of said the 's co. and"
global step: 36400      training ppl: 164.285894202
b'the in the is a a of the of <EOS> <unk> <unk> by the <unk> of with as the <unk>'
b"the N million the <unk> <unk> is been <EOS> the than $ N of the 's <unk> <EOS> the is"
b"the the <EOS> the <unk> <unk> as <unk> <unk> <EOS> <unk> <unk> <unk> the n't <unk> <EOS> <unk> <EOS> <unk>"
global step: 36600      training ppl: 166.009050481
b"<EOS> the <EOS> the <unk> spokesman that that the <unk> said n't <unk> <EOS> the <EOS> the is n't <unk>"
b'<EOS> the <unk> a N of $ N <EOS> in N million <EOS> N been <unk> N <EOS> of $'
b'<EOS> <EOS> <EOS> <EOS> co. <EOS> been for the <unk> of <EOS> the of <unk> <unk> <EOS> <unk> <EOS> the'
global step: 36800      training ppl: 165.528885358
b"the <unk> the 's <unk> development <EOS> <unk> <EOS> <unk> <unk> of the <unk> <EOS> the <unk> <unk> have the"
b'the million yen $ N million <EOS> the company of in to in the the of the year <EOS> N'
b'the sales the u.s. century years <EOS> the <unk> are the loss N in the <unk> york <EOS> the the'
global step: 37000      training ppl: 165.031637375
b'the <unk> <EOS> that <unk> the <unk> <unk> the of the been <unk> <unk> <unk> of the <unk> <unk> <EOS>'
b'the the <EOS> it expect a a <unk> <unk> <unk> <EOS> the a <unk> <EOS> the <unk> of <unk> <unk>'
b'the <EOS> be the commission <EOS> the on the <unk> operations <unk> <EOS> the the of was that the be'
epoch 16(Pretrain): learning_rate = 0.000000, train_ppl = 165.861270, valid_ppl = 188.956365, test_ppl = 297.874668

-------------Pretrain Generator----------------
global step: 37200      training ppl: 181.487644111
b'<EOS> a to the <unk> <unk> <EOS> <unk> to <unk> <unk> the <unk> <EOS> the are the <unk> of <unk>'
b'<EOS> <EOS> the <EOS> <unk> <unk> that <EOS> the <unk> for <unk> <EOS> of be the <EOS> the <EOS> <unk>'
b'<EOS> N <EOS> mortgages adjustable rate mortgages <EOS> the telerate systems inc. <EOS> the bonds mortgage association posted mae N'
global step: 37400      training ppl: 158.997921372
b"<EOS> <EOS> the <unk> <unk> the vice named chairman vice president and the <unk> 's the said <unk> the <EOS>"
b'<EOS> the <unk> the was be the <unk> <unk> to the <EOS> <unk> to <unk> <unk> and the <unk> <EOS>'
b'<EOS> <EOS> the <EOS> <unk> to the would to be a the <unk> <unk> the was a <unk> <unk> you'
global step: 37600      training ppl: 168.475828541
b"<unk> <EOS> the think n't think the <unk> of the of <unk> <EOS> the <unk> <unk> of <unk> <unk> slowdown"
b'<unk> <unk> <unk> <EOS> <unk> <EOS> the <unk> <EOS> <EOS> <unk> <unk> <unk> <unk> a and and of to the'
b'<unk> <unk> up the <unk> wage <EOS> the are that the <unk> of <unk> <unk> <unk> to the the to'
global step: 37800      training ppl: 167.885541774
b"<unk> <unk> <EOS> <unk> <unk> <EOS> the <EOS> the <unk> 's <unk> director of <unk> to be a <unk> to"
b'<unk> that the of the <unk> of of that the on the <unk> of <EOS> the than N N year'
b"<unk> the <unk> <unk> <unk> n't have been <unk> to the that <unk> is <unk> to the <unk> <EOS> the"
global step: 38000      training ppl: 165.533464795
b'the <EOS> of the the says <EOS> was the about the <unk> <unk> <EOS> <EOS> the the <unk> to the'
b'the the own <unk> the <unk> <EOS> the the <unk> the the the <unk> is are be <unk> a in'
b'the N <EOS> <EOS> notes debentures debentures nov. priced to par N the treasury yield six-month treasury of be N'
global step: 38200      training ppl: 165.072474714
b"<unk> and <EOS> the says N N the the <unk> of n't to <unk> <EOS> <unk> the are with the"
b"<unk> offer share for the of the <unk> <EOS> the said the company government agency <unk> to 's the its"
b"<unk> <unk> the <EOS> the <unk> <unk> <EOS> <unk> the <EOS> <unk> <unk> <EOS> <EOS> <EOS> the the n't <unk>"
global step: 38400      training ppl: 164.208234749
b'<unk> <unk> <unk> <unk> <unk> <unk> <unk> <EOS> the the <unk> <unk> of <unk> was a <unk> <EOS> <unk> to'
b'<unk> <unk> managers <EOS> <EOS> the <unk> <unk> of <unk> of the N N <unk> <EOS> the <unk> <unk> <unk>'
b"<unk> <unk> <unk> to <unk> takeover with the <unk> <unk> 's <unk> a <unk> <unk> <EOS> the <EOS> <EOS> <unk>"
global step: 38600      training ppl: 162.895476902
b'the fell been the the company is a <unk> <EOS> it j. a of <unk> company plant reserve bank of'
b"the <unk> company company <EOS> said the <unk> <unk> company <EOS> <unk> on the 's the <unk> said net N"
b"the <unk> <EOS> <unk> years of the <unk> ' the express <EOS> the <unk> are <unk> <unk> in <unk> <unk>"
global step: 38800      training ppl: 164.409365528
b"<EOS> <EOS> the 's a <unk> <unk> <EOS> the <unk> business <EOS> <unk> <unk> a director of the at with"
b'<EOS> the <EOS> <EOS> inc. said the <unk> <EOS> <EOS> N <EOS> the N shares outstanding <EOS> the company N'
b'<EOS> of the <unk> <EOS> <unk> <EOS> the <unk> <unk> be a than the <unk> <EOS> the <unk> <EOS> <unk>'
global step: 39000      training ppl: 165.649764543
b"the the the <unk> of <unk> is the past 's company <unk> was the <unk> <unk> the the when the"
b"the and <EOS> N the company government is the <unk> are the <unk> <unk> marine 's inc. <unk> to the"
b'the the the <unk> <EOS> the <unk> of <unk> <unk> <unk> the the <unk> <unk> <unk> <unk> <unk> the the'
global step: 39200      training ppl: 165.315422983
b'<unk> N N the <unk> ago <EOS> <EOS> <unk> <unk> <EOS> N N million by the <unk> N million $'
b'<unk> the the <unk> said <EOS> the company has be be to the <unk> to N year <EOS> said <EOS>'
b"<unk> the 's makers and <unk> firm and <EOS> been the <unk> 's the of by <unk> from the <unk>"
global step: 39400      training ppl: 164.344811742
b"the the <unk> <unk> <unk> <EOS> <EOS> the is n't the to to the the <unk> <EOS> <unk> said <EOS>"
b'the of the <EOS> <EOS> <unk> <unk> <unk> <unk> <unk> <EOS> the <EOS> <EOS> <EOS> <EOS> <unk> <unk> <EOS> the'
b'the <unk> of the <EOS> <unk> for the to <unk> of <EOS> <EOS> the <EOS> <unk> <unk> <EOS> <unk> <unk>'
epoch 17(Pretrain): learning_rate = 0.000000, train_ppl = 165.365376, valid_ppl = 253.556660, test_ppl = 178.261160

-------------Pretrain Generator----------------
global step: 39600      training ppl: 174.095664177
b'<EOS> <unk> a <unk> unit agency <unk> securities <EOS> the <unk> a said a vice of he is <unk> agency'
b"<EOS> the <unk> <EOS> the <unk> <EOS> <unk> <EOS> year 's the <EOS> the <unk> said the in the <unk>"
b'<EOS> venture with the own <unk> <EOS> a as the jones <unk> average <EOS> <EOS> the <unk> are the jones'
global step: 39800      training ppl: 165.455770203
b'the the company house is it <unk> has to be the and <EOS> the N <EOS> the down from <unk>'
b"the is n't the in of the <unk> in the <EOS> <EOS> the <unk> <unk> in n't by the <unk>"
b"the of n't in the factors countries <EOS> than the the <unk> <EOS> <unk> <EOS> <EOS> the the the officials"
global step: 40000      training ppl: 170.140903388
b'<unk> <unk> of the <EOS> the <unk> is <unk> far <EOS> the the <unk> <unk> of be about the <unk>'
b'<unk> think not the <unk> <EOS> <EOS> a of <EOS> <unk> says <EOS> <unk> <unk> <unk> the own board <unk>'
b'<unk> well <unk> <unk> <EOS> if the the the prices are the <unk> hand N of the company is to'
global step: 40200      training ppl: 167.028344496
b'the the <unk> year <EOS> <EOS> are in the sales <EOS> the and the the <unk> the by the the'
b'the than the <EOS> with the in <EOS> the <unk> of the <unk> <unk> is the <unk> <unk> <EOS> the'
b'the <unk> <unk> for <unk> <EOS> <unk> <unk> in the <unk> <EOS> be the <unk> <unk> <EOS> <EOS> <EOS> <unk>'
global step: 40400      training ppl: 166.218887031
b"the <EOS> in the N the addition 's of the who <unk> of the <unk> <unk> <unk> <unk> in <unk>"
b'the said <unk> <unk> as the <unk> business <EOS> a <unk> of the <unk> <EOS> <EOS> <EOS> the a <unk>'
b"the <unk> mac 's N of the securities <EOS> the 's be be in the <unk> of <unk> <EOS> were"
global step: 40600      training ppl: 166.447165689
b'<unk> of the be been <unk> of the the company <unk> is to a <unk> <EOS> <EOS> the a the'
b'<unk> <unk> <unk> <EOS> the least the the <unk> of the <unk> reserve of <unk> N of the the <unk>'
b'<unk> the of <unk> the <unk> N million N N <EOS> <unk> a <EOS> the <EOS> <unk> the about the'
global step: 40800      training ppl: 163.439787204
b'of the <EOS> of the u.s. currency the are that the of are the the banks markets <EOS> <unk> the'
b"of <unk> 's <unk> and <EOS> the sales sales and rose N N to N N million from $ N"
b"of <unk> of n't <EOS> <EOS> the <EOS> the the <unk> 's <EOS> N <unk> <unk> of <unk> longer <unk>"
global step: 41000      training ppl: 163.902113971
b"<EOS> <EOS> be the the 's a <unk> giant of <EOS> the concern concern <EOS> the <unk> <unk> said the"
b'<EOS> the <unk> <unk> <EOS> the of the <EOS> the <unk> first ended the N N the <unk> drop <unk>'
b"<EOS> <EOS> in the <unk> said the the the <unk> in <unk> a the the <EOS> n't to be the"
global step: 41200      training ppl: 165.692726648
b"the <unk> <EOS> <unk> n't <unk> the of the 's the the the effort <unk> <unk> of <unk> the <unk>"
b'the <unk> <EOS> the and <unk> <EOS> <EOS> been the of the the traders the is the the is a'
b"the the <unk> a the <unk> the <unk> <unk> <unk> rubicam 's <unk> <unk> to the do the is <unk>"
global step: 41400      training ppl: 165.221780416
b'the <unk> <unk> the <unk> <unk> <unk> <unk> is been <unk> to the <unk> <unk> <unk> <unk> N million <unk>'
b"the <unk> 's and <unk> <EOS> <unk> co. <EOS> <EOS> and <unk> & and the is <unk> a <EOS> that"
b"the the 's <unk> <unk> <unk> <EOS> the <unk> N banks are the and as <unk> <unk> <EOS> and <unk>"
global step: 41600      training ppl: 165.156406796
b'N N N the <unk> is the <unk> of wage <EOS> the <unk> <unk> <EOS> the <unk> wage is the'
b"N the <unk> <unk> <EOS> the <unk> <unk> <EOS> the <unk> <EOS> <EOS> the <unk> 's <unk> of <unk> <unk>"
b'N against the <unk> <EOS> the angeles <EOS> the <unk> <EOS> to the $ N million in the <EOS> the'
global step: 41800      training ppl: 165.449331846
b"<EOS> the do n't the the the <unk> term <EOS> of the 's be the in <unk> <unk> for the"
b"<EOS> <unk> <EOS> <unk> said the 're that the be in 's <unk> longer <EOS> says <EOS> the the the"
b"<EOS> <unk> of the <unk> 's the a <unk> the <EOS> the <unk> 's to been been <EOS> <unk> 's"
epoch 18(Pretrain): learning_rate = 0.000000, train_ppl = 165.626957, valid_ppl = 213.965376, test_ppl = 168.143351

-------------Pretrain Generator----------------
global step: 42000      training ppl: 161.299053934
b"the the for the <EOS> <EOS> the carolina <EOS> <unk> 's <EOS> the company is be N of <unk> to"
b'the years <EOS> to the <unk> are be the <EOS> the is is a the the the the <unk> <unk>'
b'the <unk> <EOS> <unk> <unk> <unk> <unk> of the in the <unk> of N N <EOS> the estimated said to'
global step: 42200      training ppl: 168.800689306
b"the of ' <EOS> the the of markets are <EOS> been N <EOS> <EOS> <unk> N N <unk> <unk> N"
b'the <EOS> are will N higher <EOS> <EOS> of the stock <EOS> the the the N <EOS> than the company'
b'the be the <unk> operations <EOS> the <EOS> <unk> <unk> <unk> be that <unk> <unk> khan <EOS> a <unk> <unk>'
global step: 42400      training ppl: 167.023052745
b'the the said the <unk> to <unk> of the <EOS> it <unk> the to <unk> <unk> <unk> <EOS> the <unk>'
b"the much N the <unk> of & of the the <EOS> <EOS> to a been <unk> <unk> than the 's"
b"the <unk> <EOS> said <EOS> the year 's the the 's to buy the <unk> to <unk> the <EOS> <EOS>"
global step: 42600      training ppl: 166.913641328
b'the <unk> <unk> is <unk> and <unk> a of marcos <EOS> a <unk> to the to the the <EOS> <unk>'
b"the <EOS> the 's and corp. is of the <unk> <unk> <EOS> corp. the N million in the bonds trading"
b"the <unk> be a <unk> to <unk> said <EOS> <unk> 's the <unk> <unk> <EOS> to a <unk> <EOS> the"
global step: 42800      training ppl: 166.267657928
b'the of N <EOS> N N N N <EOS> the company companies are the are the the <unk> agreement of'
b'the <EOS> <unk> in for the the N the of $ N million or N N a share from the'
b'the <EOS> <unk> <EOS> of is N <unk> <unk> the of the time of <unk> <unk> <unk> of the express'
global step: 43000      training ppl: 165.337752022
b"of been a that the <unk> 's the are the <unk> <EOS> be the the <unk> <EOS> to the <unk>"
b"of the officials <unk> <unk> <unk> of the 's <unk> <unk> <EOS> the officials said be be be <EOS> the"
b'of the <unk> the <unk> <unk> <unk> <unk> <unk> <EOS> in the year <EOS> the <EOS> <unk> <unk> <unk> to'
global step: 43200      training ppl: 163.392491669
b'<unk> the <unk> crash <unk> are <EOS> in <unk> <EOS> N million <unk> N million <unk> N million the <unk>'
b'<unk> the <unk> the <EOS> <EOS> <EOS> the years <EOS> the <unk> <unk> <unk> the been <unk> <EOS> the <EOS>'
b'<unk> of said <unk> the <unk> <unk> to <EOS> the <unk> to <EOS> <EOS> the <EOS> <unk> to <unk> from'
global step: 43400      training ppl: 164.647082554
b"the be the else the <unk> official <unk> <unk> corp. <unk> executives <EOS> the 're to be the the the"
b'the the to are be $ of the past <unk> <EOS> is be able to <EOS> inc <EOS> the the'
b'the to the countries and and <unk> the be the own <EOS> <unk> <EOS> the the the past <EOS> <EOS>'
global step: 43600      training ppl: 166.499333601
b"<unk> a n't <unk> <EOS> the <EOS> <EOS> <unk> <unk> <unk> <unk> <EOS> <unk> <unk> <EOS> <EOS> <unk> the <EOS>"
b'<unk> said the <unk> N <unk> of the <unk> inc. <unk> to <unk> of the time <EOS> and concern <unk>'
b'<unk> <EOS> the <unk> <unk> <EOS> have <EOS> the the the more the the <unk> <EOS> the is be the'
global step: 43800      training ppl: 165.846467614
b'the the <EOS> N of a <unk> <unk> of the <unk> with N N of the the the <unk> <unk>'
b'the of the executive officer of named to of the executive officer of at the been a <EOS> the <unk>'
b'the <unk> <EOS> the <unk> <EOS> <EOS> the <unk> <unk> to the street journal <unk> in the <unk> <EOS> <EOS>'
global step: 44000      training ppl: 165.059224695
b'the <unk> <EOS> the N N million in N <EOS> of the <unk> jr. ohio <EOS> the <unk> of <unk>'
b'the be <unk> to the the <unk> <EOS> the <unk> of the <EOS> the <unk> the <unk> is the <EOS>'
b'the <unk> to the <unk> <unk> <EOS> the than the than are <EOS> that the market market the the in'
epoch 19(Pretrain): learning_rate = 0.000000, train_ppl = 165.811061, valid_ppl = 161.738031, test_ppl = 260.836530

-------------Pretrain Generator----------------
global step: 44200      training ppl: 177.29811946
b'the <unk> the N million in the <unk> a <unk> <unk> of company <EOS> the in the <unk> <unk> and'
b'the <unk> <EOS> to the <EOS> <unk> <EOS> the far the the <unk> of <EOS> the <EOS> <EOS> the do'
b'the the <EOS> <unk> a the do <unk> that are be <unk> to the <unk> <unk> for the of <EOS>'
global step: 44400      training ppl: 161.644289735
b'the <EOS> to be the <unk> <unk> <EOS> the <unk> <unk> <unk> N <EOS> the <unk> <EOS> the and the'
b'the the <unk> <unk> <EOS> to $ <unk> york <unk> the N million <EOS> year <EOS> the company <unk> $'
b"the <unk> the <unk> of <unk> <unk> the the <unk> 's <unk> the <unk> <unk> the <unk> <EOS> <unk> the"
global step: 44600      training ppl: 169.614134227
b"the of the 's the the the <unk> N stake will in N N it have the than the N"
b'the futures futures market <unk> <unk> of the <EOS> trading <EOS> the the volatility are the futures is <unk> to'
b"the of the company is <unk> be the <unk> 's the on the investors <EOS> is the <unk> <unk> as"
global step: 44800      training ppl: 167.286554183
b'<unk> is is a <unk> <EOS> <unk> the and <EOS> N <EOS> N <unk> <unk> <unk> <EOS> the <unk> <unk>'
b"<unk> <EOS> <unk> chairman <unk> lufkin & jenrette 's <EOS> the company is is of company of the N a"
b'<unk> of to N <EOS> the N ago <EOS> said $ N a or N cents a share up for'
global step: 45000      training ppl: 165.211554145
b"the N <unk> of of the <unk> <EOS> <EOS> the the years of the ' <unk> to the the <unk>"
b"the <EOS> the much be <unk> <unk> <EOS> <EOS> the <unk> <EOS> the <unk> <unk> a vice 's <EOS> president"
b'the <EOS> co. co. japan <EOS> the N million of its <EOS> N N N N the warrants indicating up'
global step: 45200      training ppl: 166.071162934
b'<unk> <unk> gain <EOS> <EOS> the company currency be the <unk> of the regulatory <EOS> the <unk> <EOS> the the'
b'<unk> <unk> of with of of <unk> years <unk> <EOS> the the friday friday <EOS> the next year <EOS> company'
b"<unk> and been in <unk> N million bid <EOS> <EOS> the and the company <unk> <EOS> the 's been <unk>"
global step: 45400      training ppl: 164.365306457
b'the the <EOS> <unk> <unk> of the the and and the <EOS> the group a the <unk> and the to'
b'the been <unk> <unk> <unk> <EOS> the <unk> said that <unk> <unk> <unk> the the that the the are unit'
b'the N million <EOS> the year months ended N N <EOS> the <unk> <unk> <unk> a resigned <unk> the the'
global step: 45600      training ppl: 163.457195465
b"the in <EOS> the <unk> department the 's to be the N million <EOS> the due N <EOS> week <EOS>"
b'the <unk> the <unk> of the of <EOS> the <unk> of the the the <unk> on the <EOS> the things'
b'the <unk> the of the <unk> said been yet a <unk> said said the <unk> of is the be <unk>'
global step: 45800      training ppl: 165.007539637
b'<unk> <EOS> <EOS> <unk> <EOS> the <EOS> the <unk> sales <EOS> <unk> <unk> <unk> of <EOS> the the loans <EOS>'
b'<unk> <unk> <EOS> N N million $ N a the <EOS> the company board said to <unk> N <unk> <EOS>'
b'<unk> <unk> <unk> the the <EOS> the of <EOS> the <unk> <unk> <unk> the <unk> <unk> <EOS> <unk> <EOS> <unk>'
global step: 46000      training ppl: 165.743392016
b'the <unk> of <EOS> the <unk> on the <unk> N plunge the <unk> N the <unk> N N <EOS> N'
b'the it <unk> of of the company of the <unk> <unk> <EOS> the <unk> <unk> <unk> <unk> of the <unk>'
b'the <unk> of the <unk> a <unk> <unk> <unk> <unk> the <unk> <unk> <unk> the <EOS> of the of the'
global step: 46200      training ppl: 165.528051004
b'the <EOS> the of <unk> are the brothers said <unk> stanley and <EOS> said been the <unk> <unk> of $'
b'the <unk> <EOS> the <unk> is in by the <unk> fund <EOS> had <unk> to the <unk> market <EOS> analyst'
b'the <unk> <EOS> is the <unk> <EOS> <unk> <EOS> the <unk> is no years in <EOS> <unk> by the <unk>'
global step: 46400      training ppl: 164.853227793
b"<unk> the <unk> <unk> <unk> <EOS> <unk> and <unk> <EOS> the the <unk> 's is is <unk> <unk> <unk> <EOS>"
b'<unk> <EOS> <unk> the year <EOS> <unk> <EOS> the the said the <unk> <unk> <unk> <unk> the <EOS> be the'
b'<unk> mr. <unk> <unk> <unk> <unk> <EOS> the the N be <unk> <unk> of the to the <unk> was the'
epoch 20(Pretrain): learning_rate = 0.000000, train_ppl = 165.604393, valid_ppl = 204.935160, test_ppl = 255.969146

-------------Generate Negative Samples----------------
------------------ STORING OUTPUT -----------------
len of output: 46460
b'in the latest quarter were up on interest rates <EOS> moscow composite trading friday the new york stock exchange composite'
b'have already almost that would be the hiring N miles in washington but is not so the best ease further'
b'losses soon <EOS> that interest rates was flat instructions <EOS> <unk> said most <unk> as expected a raise $ N'
